Log file open, 01/30/17 19:15:24
LogInit:Display: Running engine for game: PGV
LogPlatformFile: Not using cached read wrapper
LogInit:Display: RandInit(-2064298315) SRandInit(-2064298315).
LogTaskGraph: Started task graph with 5 named threads and 8 total threads with 1 sets of task threads.
LogStats: Stats thread started at 2.704651
LogPluginManager: Loaded Plugin Paper2D, From E:/Programas/Epic Games/4.14/Engine/Plugins/2D/Paper2D/Paper2D.uplugin
LogPluginManager: Loaded Plugin LightPropagationVolume, From E:/Programas/Epic Games/4.14/Engine/Plugins/Blendables/LightPropagationVolume/LightPropagationVolume.uplugin
LogPluginManager: Loaded Plugin BlankPlugin, From E:/Programas/Epic Games/4.14/Engine/Plugins/Developer/BlankPlugin/BlankPlugin.uplugin
LogPluginManager: Loaded Plugin CodeLiteSourceCodeAccess, From E:/Programas/Epic Games/4.14/Engine/Plugins/Developer/CodeLiteSourceCodeAccess/CodeLiteSourceCodeAccess.uplugin
LogPluginManager: Loaded Plugin GitSourceControl, From E:/Programas/Epic Games/4.14/Engine/Plugins/Developer/GitSourceControl/GitSourceControl.uplugin
LogPluginManager: Loaded Plugin KDevelopSourceCodeAccess, From E:/Programas/Epic Games/4.14/Engine/Plugins/Developer/KDevelopSourceCodeAccess/KDevelopSourceCodeAccess.uplugin
LogPluginManager: Loaded Plugin NullSourceCodeAccess, From E:/Programas/Epic Games/4.14/Engine/Plugins/Developer/NullSourceCodeAccess/NullSourceCodeAccess.uplugin
LogPluginManager: Loaded Plugin OneSkyLocalizationService, From E:/Programas/Epic Games/4.14/Engine/Plugins/Developer/OneSkyLocalizationService/OneSkyLocalizationService.uplugin
LogPluginManager: Loaded Plugin PerforceSourceControl, From E:/Programas/Epic Games/4.14/Engine/Plugins/Developer/PerforceSourceControl/PerforceSourceControl.uplugin
LogPluginManager: Loaded Plugin SubversionSourceControl, From E:/Programas/Epic Games/4.14/Engine/Plugins/Developer/SubversionSourceControl/SubversionSourceControl.uplugin
LogPluginManager: Loaded Plugin UObjectPlugin, From E:/Programas/Epic Games/4.14/Engine/Plugins/Developer/UObjectPlugin/UObjectPlugin.uplugin
LogPluginManager: Loaded Plugin VisualStudioSourceCodeAccess, From E:/Programas/Epic Games/4.14/Engine/Plugins/Developer/VisualStudioSourceCodeAccess/VisualStudioSourceCodeAccess.uplugin
LogPluginManager: Loaded Plugin XCodeSourceCodeAccess, From E:/Programas/Epic Games/4.14/Engine/Plugins/Developer/XCodeSourceCodeAccess/XCodeSourceCodeAccess.uplugin
LogPluginManager: Loaded Plugin AudioCapture, From E:/Programas/Epic Games/4.14/Engine/Plugins/Editor/AudioCapture/AudioCapture.uplugin
LogPluginManager: Loaded Plugin EpicSurvey, From E:/Programas/Epic Games/4.14/Engine/Plugins/Editor/EpicSurvey/EpicSurvey.uplugin
LogPluginManager: Loaded Plugin MacGraphicsSwitching, From E:/Programas/Epic Games/4.14/Engine/Plugins/Editor/MacGraphicsSwitching/MacGraphicsSwitching.uplugin
LogPluginManager: Loaded Plugin MobileLauncherProfileWizard, From E:/Programas/Epic Games/4.14/Engine/Plugins/Editor/MobileLauncherProfileWizard/MobileLauncherProfileWizard.uplugin
LogPluginManager: Loaded Plugin PluginBrowser, From E:/Programas/Epic Games/4.14/Engine/Plugins/Editor/PluginBrowser/PluginBrowser.uplugin
LogPluginManager: Loaded Plugin SpeedTreeImporter, From E:/Programas/Epic Games/4.14/Engine/Plugins/Editor/SpeedTreeImporter/SpeedTreeImporter.uplugin
LogPluginManager: Loaded Plugin SuperSearchEditor, From E:/Programas/Epic Games/4.14/Engine/Plugins/Editor/SuperSearchEditor/SuperSearchEditor.uplugin
LogPluginManager: Loaded Plugin AlembicImporter, From E:/Programas/Epic Games/4.14/Engine/Plugins/Experimental/AlembicImporter/AlembicImporter.uplugin
LogPluginManager: Loaded Plugin BlueprintStats, From E:/Programas/Epic Games/4.14/Engine/Plugins/Experimental/BlueprintStats/BlueprintStats.uplugin
LogPluginManager: Loaded Plugin CharacterAI, From E:/Programas/Epic Games/4.14/Engine/Plugins/Experimental/CharacterAI/CharacterAI.uplugin
LogPluginManager: Loaded Plugin CodeEditor, From E:/Programas/Epic Games/4.14/Engine/Plugins/Experimental/CodeEditor/CodeEditor.uplugin
LogPluginManager: Loaded Plugin CodeView, From E:/Programas/Epic Games/4.14/Engine/Plugins/Experimental/CodeView/CodeView.uplugin
LogPluginManager: Loaded Plugin HTML5Networking, From E:/Programas/Epic Games/4.14/Engine/Plugins/Experimental/HTML5Networking/HTML5Networking.uplugin
LogPluginManager: Loaded Plugin OSVR, From E:/Programas/Epic Games/4.14/Engine/Plugins/Experimental/OSVR/OSVR.uplugin
LogPluginManager: Loaded Plugin Phya, From E:/Programas/Epic Games/4.14/Engine/Plugins/Experimental/Phya/Phya.uplugin
LogPluginManager: Loaded Plugin SignificanceManager, From E:/Programas/Epic Games/4.14/Engine/Plugins/Experimental/SignificanceManager/SignificanceManager.uplugin
LogPluginManager: Loaded Plugin SimpleHMD, From E:/Programas/Epic Games/4.14/Engine/Plugins/Experimental/SimpleHMD/SimpleHMD.uplugin
LogPluginManager: Loaded Plugin StereoPanorama, From E:/Programas/Epic Games/4.14/Engine/Plugins/Experimental/StereoPanorama/StereoPanorama.uplugin
LogPluginManager: Loaded Plugin StructBox, From E:/Programas/Epic Games/4.14/Engine/Plugins/Experimental/StructBox/StructBox.uplugin
LogPluginManager: Loaded Plugin AndroidMedia, From E:/Programas/Epic Games/4.14/Engine/Plugins/Media/AndroidMedia/AndroidMedia.uplugin
LogPluginManager: Loaded Plugin AvfMedia, From E:/Programas/Epic Games/4.14/Engine/Plugins/Media/AvfMedia/AvfMedia.uplugin
LogPluginManager: Loaded Plugin MediaPlayerEditor, From E:/Programas/Epic Games/4.14/Engine/Plugins/Media/MediaPlayerEditor/MediaPlayerEditor.uplugin
LogPluginManager: Loaded Plugin WmfMedia, From E:/Programas/Epic Games/4.14/Engine/Plugins/Media/WmfMedia/WmfMedia.uplugin
LogPluginManager: Loaded Plugin MessagingDebugger, From E:/Programas/Epic Games/4.14/Engine/Plugins/Messaging/MessagingDebugger/MessagingDebugger.uplugin
LogPluginManager: Loaded Plugin TcpMessaging, From E:/Programas/Epic Games/4.14/Engine/Plugins/Messaging/TcpMessaging/TcpMessaging.uplugin
LogPluginManager: Loaded Plugin UdpMessaging, From E:/Programas/Epic Games/4.14/Engine/Plugins/Messaging/UdpMessaging/UdpMessaging.uplugin
LogPluginManager: Loaded Plugin LevelSequenceEditor, From E:/Programas/Epic Games/4.14/Engine/Plugins/MovieScene/LevelSequenceEditor/LevelSequenceEditor.uplugin
LogPluginManager: Loaded Plugin MatineeToLevelSequence, From E:/Programas/Epic Games/4.14/Engine/Plugins/MovieScene/MatineeToLevelSequence/MatineeToLevelSequence.uplugin
LogPluginManager: Loaded Plugin NetcodeUnitTest, From E:/Programas/Epic Games/4.14/Engine/Plugins/NetcodeUnitTest/NetcodeUnitTest/NetcodeUnitTest.uplugin
LogPluginManager: Loaded Plugin NUTUnrealEngine4, From E:/Programas/Epic Games/4.14/Engine/Plugins/NetcodeUnitTest/NUTUnrealEngine4/NUTUnrealEngine4.uplugin
LogPluginManager: Loaded Plugin OnlineSubsystemGameCircle, From E:/Programas/Epic Games/4.14/Engine/Plugins/Online/Android/OnlineSubsystemGameCircle/OnlineSubsystemGameCircle.uplugin
LogPluginManager: Loaded Plugin OnlineSubsystemGooglePlay, From E:/Programas/Epic Games/4.14/Engine/Plugins/Online/Android/OnlineSubsystemGooglePlay/OnlineSubsystemGooglePlay.uplugin
LogPluginManager: Loaded Plugin OnlineSubsystemIOS, From E:/Programas/Epic Games/4.14/Engine/Plugins/Online/IOS/OnlineSubsystemIOS/OnlineSubsystemIOS.uplugin
LogPluginManager: Loaded Plugin OnlineFramework, From E:/Programas/Epic Games/4.14/Engine/Plugins/Online/OnlineFramework/OnlineFramework.uplugin
LogPluginManager: Loaded Plugin OnlineSubsystem, From E:/Programas/Epic Games/4.14/Engine/Plugins/Online/OnlineSubsystem/OnlineSubsystem.uplugin
LogPluginManager: Loaded Plugin OnlineSubsystemAmazon, From E:/Programas/Epic Games/4.14/Engine/Plugins/Online/OnlineSubsystemAmazon/OnlineSubsystemAmazon.uplugin
LogPluginManager: Loaded Plugin OnlineSubsystemFacebook, From E:/Programas/Epic Games/4.14/Engine/Plugins/Online/OnlineSubsystemFacebook/OnlineSubsystemFacebook.uplugin
LogPluginManager: Loaded Plugin OnlineSubsystemNull, From E:/Programas/Epic Games/4.14/Engine/Plugins/Online/OnlineSubsystemNull/OnlineSubsystemNull.uplugin
LogPluginManager: Loaded Plugin OnlineSubsystemOculus, From E:/Programas/Epic Games/4.14/Engine/Plugins/Online/OnlineSubsystemOculus/OnlineSubsystemOculus.uplugin
LogPluginManager: Loaded Plugin OnlineSubsystemSteam, From E:/Programas/Epic Games/4.14/Engine/Plugins/Online/OnlineSubsystemSteam/OnlineSubsystemSteam.uplugin
LogPluginManager: Loaded Plugin OnlineSubsystemUtils, From E:/Programas/Epic Games/4.14/Engine/Plugins/Online/OnlineSubsystemUtils/OnlineSubsystemUtils.uplugin
LogPluginManager: Loaded Plugin IOSTapJoy, From E:/Programas/Epic Games/4.14/Engine/Plugins/Runtime/Advertising/IOSTapJoy/IOSTapJoy.uplugin
LogPluginManager: Loaded Plugin AnalyticsBlueprintLibrary, From E:/Programas/Epic Games/4.14/Engine/Plugins/Runtime/Analytics/AnalyticsBlueprintLibrary/AnalyticsBlueprintLibrary.uplugin
LogPluginManager: Loaded Plugin AnalyticsMulticast, From E:/Programas/Epic Games/4.14/Engine/Plugins/Runtime/Analytics/AnalyticsMulticast/AnalyticsMulticast.uplugin
LogPluginManager: Loaded Plugin Apsalar, From E:/Programas/Epic Games/4.14/Engine/Plugins/Runtime/Analytics/Apsalar/Apsalar.uplugin
LogPluginManager: Loaded Plugin FileLogging, From E:/Programas/Epic Games/4.14/Engine/Plugins/Runtime/Analytics/FileLogging/FileLogging.uplugin
LogPluginManager: Loaded Plugin Flurry, From E:/Programas/Epic Games/4.14/Engine/Plugins/Runtime/Analytics/Flurry/Flurry.uplugin
LogPluginManager: Loaded Plugin AndroidDeviceProfileSelector, From E:/Programas/Epic Games/4.14/Engine/Plugins/Runtime/AndroidDeviceProfileSelector/AndroidDeviceProfileSelector.uplugin
LogPluginManager: Loaded Plugin AndroidMoviePlayer, From E:/Programas/Epic Games/4.14/Engine/Plugins/Runtime/AndroidMoviePlayer/AndroidMoviePlayer.uplugin
LogPluginManager: Loaded Plugin AppleMoviePlayer, From E:/Programas/Epic Games/4.14/Engine/Plugins/Runtime/AppleMoviePlayer/AppleMoviePlayer.uplugin
LogPluginManager: Loaded Plugin ArchVisCharacter, From E:/Programas/Epic Games/4.14/Engine/Plugins/Runtime/ArchVisCharacter/ArchVisCharacter.uplugin
LogPluginManager: Loaded Plugin CableComponent, From E:/Programas/Epic Games/4.14/Engine/Plugins/Runtime/CableComponent/CableComponent.uplugin
LogPluginManager: Loaded Plugin CustomMeshComponent, From E:/Programas/Epic Games/4.14/Engine/Plugins/Runtime/CustomMeshComponent/CustomMeshComponent.uplugin
LogPluginManager: Loaded Plugin ExampleDeviceProfileSelector, From E:/Programas/Epic Games/4.14/Engine/Plugins/Runtime/ExampleDeviceProfileSelector/ExampleDeviceProfileSelector.uplugin
LogPluginManager: Loaded Plugin GearVR, From E:/Programas/Epic Games/4.14/Engine/Plugins/Runtime/GearVR/GearVR.uplugin
LogPluginManager: Loaded Plugin GoogleVRController, From E:/Programas/Epic Games/4.14/Engine/Plugins/Runtime/GoogleVR/GoogleVRController/GoogleVRController.uplugin
LogPluginManager: Loaded Plugin GoogleVRHMD, From E:/Programas/Epic Games/4.14/Engine/Plugins/Runtime/GoogleVR/GoogleVRHMD/GoogleVRHMD.uplugin
LogPluginManager: Loaded Plugin IOSDeviceProfileSelector, From E:/Programas/Epic Games/4.14/Engine/Plugins/Runtime/IOSDeviceProfileSelector/IOSDeviceProfileSelector.uplugin
LogPluginManager: Loaded Plugin LeapMotion, From E:/Programas/Epic Games/4.14/Engine/Plugins/Runtime/LeapMotion/LeapMotion.uplugin
LogPluginManager: Loaded Plugin LinuxDeviceProfileSelector, From E:/Programas/Epic Games/4.14/Engine/Plugins/Runtime/LinuxDeviceProfileSelector/LinuxDeviceProfileSelector.uplugin
LogPluginManager: Loaded Plugin MIDIDevice, From E:/Programas/Epic Games/4.14/Engine/Plugins/Runtime/MIDIDevice/MIDIDevice.uplugin
LogPluginManager: Loaded Plugin MobilePatchingUtils, From E:/Programas/Epic Games/4.14/Engine/Plugins/Runtime/MobilePatchingUtils/MobilePatchingUtils.uplugin
LogPluginManager: Loaded Plugin Ansel, From E:/Programas/Epic Games/4.14/Engine/Plugins/Runtime/Nvidia/Ansel/Ansel.uplugin
LogPluginManager: Loaded Plugin OculusAudio, From E:/Programas/Epic Games/4.14/Engine/Plugins/Runtime/OculusAudio/OculusAudio.uplugin
LogPluginManager: Loaded Plugin OculusInput, From E:/Programas/Epic Games/4.14/Engine/Plugins/Runtime/OculusInput/OculusInput.uplugin
LogPluginManager: Loaded Plugin OculusLibrary, From E:/Programas/Epic Games/4.14/Engine/Plugins/Runtime/OculusLibrary/OculusLibrary.uplugin
LogPluginManager: Loaded Plugin OculusRift, From E:/Programas/Epic Games/4.14/Engine/Plugins/Runtime/OculusRift/OculusRift.uplugin
LogPluginManager: Loaded Plugin Oodle, From E:/Programas/Epic Games/4.14/Engine/Plugins/Runtime/PacketHandlers/CompressionComponents/Oodle/Oodle.uplugin
LogPluginManager: Loaded Plugin ProceduralMeshComponent, From E:/Programas/Epic Games/4.14/Engine/Plugins/Runtime/ProceduralMeshComponent/ProceduralMeshComponent.uplugin
LogPluginManager: Loaded Plugin SoundMod, From E:/Programas/Epic Games/4.14/Engine/Plugins/Runtime/SoundMod/SoundMod.uplugin
LogPluginManager: Loaded Plugin SoundVisualizations, From E:/Programas/Epic Games/4.14/Engine/Plugins/Runtime/SoundVisualizations/SoundVisualizations.uplugin
LogPluginManager: Loaded Plugin SteamController, From E:/Programas/Epic Games/4.14/Engine/Plugins/Runtime/Steam/SteamController/SteamController.uplugin
LogPluginManager: Loaded Plugin SteamVR, From E:/Programas/Epic Games/4.14/Engine/Plugins/Runtime/Steam/SteamVR/SteamVR.uplugin
LogPluginManager: Loaded Plugin WebBrowserWidget, From E:/Programas/Epic Games/4.14/Engine/Plugins/Runtime/WebBrowserWidget/WebBrowserWidget.uplugin
LogPluginManager: Loaded Plugin WindowsDeviceProfileSelector, From E:/Programas/Epic Games/4.14/Engine/Plugins/Runtime/WindowsDeviceProfileSelector/WindowsDeviceProfileSelector.uplugin
LogPluginManager: Loaded Plugin WindowsMoviePlayer, From E:/Programas/Epic Games/4.14/Engine/Plugins/Runtime/WindowsMoviePlayer/WindowsMoviePlayer.uplugin
LogPluginManager: Loaded Plugin ScriptPlugin, From E:/Programas/Epic Games/4.14/Engine/Plugins/ScriptPlugin/ScriptPlugin.uplugin
LogPluginManager: Loaded Plugin SlateRemote, From E:/Programas/Epic Games/4.14/Engine/Plugins/Slate/SlateRemote/SlateRemote.uplugin
LogPluginManager: Loaded Plugin EditorTests, From E:/Programas/Epic Games/4.14/Engine/Plugins/Tests/EditorTests/EditorTests.uplugin
LogPluginManager: Loaded Plugin FbxAutomationTestBuilder, From E:/Programas/Epic Games/4.14/Engine/Plugins/Tests/FbxAutomationTestBuilder/FbxAutomationTestBuilder.uplugin
LogPluginManager: Loaded Plugin FunctionalTestingEditor, From E:/Programas/Epic Games/4.14/Engine/Plugins/Tests/FunctionalTestingEditor/FunctionalTestingEditor.uplugin
LogPluginManager: Loaded Plugin RuntimeTests, From E:/Programas/Epic Games/4.14/Engine/Plugins/Tests/RuntimeTests/RuntimeTests.uplugin
LogPluginManager: Loaded Plugin ScreenshotTools, From E:/Programas/Epic Games/4.14/Engine/Plugins/Tests/ScreenshotTools/ScreenshotTools.uplugin
LogInit: Using libcurl 7.47.1
LogInit:  - built for x86_64-pc-win32
LogInit:  - supports SSL with OpenSSL/1.0.2g
LogInit:  - supports HTTP deflate (compression) using libz 1.2.8
LogInit:  - other features:
LogInit:      CURL_VERSION_SSL
LogInit:      CURL_VERSION_LIBZ
LogInit:      CURL_VERSION_IPV6
LogInit:      CURL_VERSION_ASYNCHDNS
LogInit:      CURL_VERSION_LARGEFILE
LogInit:      CURL_VERSION_IDN
LogInit:  CurlRequestOptions (configurable via config and command line):
LogInit:  - bVerifyPeer = false  - Libcurl will NOT verify peer certificate
LogInit:  - bUseHttpProxy = false  - Libcurl will NOT use HTTP proxy
LogInit:  - bDontReuseConnections = false  - Libcurl will reuse connections
LogInit:  - CertBundlePath = nullptr  - Libcurl will use whatever was configured at build time.
LogInit: Build: ++UE4+Release-4.14-CL-3249277
LogInit: Engine Version: 4.14.3-3249277+++UE4+Release-4.14
LogInit: Compatible Engine Version: 4.14.0-3195953+++UE4+Release-4.14
LogInit: Net CL: 3195953
LogDevObjectVersion: Number of dev versions registered: 13
LogDevObjectVersion:   Dev-Blueprints (B0D832E4-1F89-4F0D-ACCF-7EB736FD4AA2): 7
LogDevObjectVersion:   Dev-Build (E1C64328-A22C-4D53-A36C-8E866417BD8C): 0
LogDevObjectVersion:   Dev-Core (375EC13C-06E4-48FB-B500-84F0262A717E): 1
LogDevObjectVersion:   Dev-Editor (E4B068ED-F494-42E9-A231-DA0B2E46BB41): 8
LogDevObjectVersion:   Dev-Framework (CFFC743F-43B0-4480-9391-14DF171D2073): 17
LogDevObjectVersion:   Dev-Mobile (B02B49B5-BB20-44E9-A304-32B752E40360): 0
LogDevObjectVersion:   Dev-Networking (A4E4105C-59A1-49B5-A7C5-40C4547EDFEE): 0
LogDevObjectVersion:   Dev-Online (39C831C9-5AE6-47DC-9A44-9C173E1C8E7C): 0
LogDevObjectVersion:   Dev-Physics (78F01B33-EBEA-4F98-B9B4-84EACCB95AA2): 0
LogDevObjectVersion:   Dev-Platform (6631380F-2D4D-43E0-8009-CF276956A95A): 0
LogDevObjectVersion:   Dev-Rendering (12F88B9F-8875-4AFC-A67C-D90C383ABD29): 12
LogDevObjectVersion:   Dev-Sequencer (7B5AE74C-D270-4C10-A958-57980B212A5A): 1
LogDevObjectVersion:   Dev-VR (D7296918-1DD6-4BDD-9DE2-64A83CC13884): 0
LogInit: Compiled (64-bit): Jan  6 2017 10:49:43
LogInit: Compiled with Visual C++: 19.00.23026.00
LogInit: Build Configuration: Development
LogInit: Branch Name: ++UE4+Release-4.14
LogInit: Command line:  
LogInit: Base directory: E:/Programas/Epic Games/4.14/Engine/Binaries/Win64/
LogInit: Installed Engine Build: 1
LogInit: Presizing for max 8388607 objects, including 0 objects not considered by GC, pre-allocating 0 bytes for permanent pool.
LogInit: Object subsystem initialized
[2017.01.30-18.15.25:768][  0]LogInit: Selected Device Profile: [Windows]
[2017.01.30-18.15.25:768][  0]LogInit: Applying CVar settings loaded from the selected device profile: [Windows]
[2017.01.30-18.15.25:884][  0]LogInit: Computer: DESKTOP-9KADCSO
[2017.01.30-18.15.25:884][  0]LogInit: User: Balti
[2017.01.30-18.15.25:884][  0]LogInit: CPU Page size=65536, Cores=4
[2017.01.30-18.15.25:884][  0]LogInit: High frequency timer resolution =2.531252 MHz
[2017.01.30-18.15.25:900][  0]LogMemory: Memory total: Physical=15.9GB (16GB approx)
[2017.01.30-18.15.25:910][  0]LogMemory: Platform Memory Stats for Windows
[2017.01.30-18.15.25:911][  0]LogMemory: Process Physical Memory: 264.68 MB used, 264.68 MB peak
[2017.01.30-18.15.25:911][  0]LogMemory: Process Virtual Memory: 262.62 MB used, 262.62 MB peak
[2017.01.30-18.15.25:911][  0]LogMemory: Physical Memory: 10686.61 MB used,  5573.93 MB free, 16260.54 MB total
[2017.01.30-18.15.25:911][  0]LogMemory: Virtual Memory: 676.54 MB used,  5573.93 MB free, 134217728.00 MB total
[2017.01.30-18.15.26:744][  0]LogInit: Overriding culture en with editor configuration.
[2017.01.30-18.15.30:401][  0]LogD3D11RHI: D3D11 adapters:
[2017.01.30-18.15.31:101][  0]LogD3D11RHI:    0. 'NVIDIA GeForce GTX 1060' (Feature Level 11_0)
[2017.01.30-18.15.31:101][  0]LogD3D11RHI:       3019/0/8130 MB DedicatedVideo/DedicatedSystem/SharedSystem, Outputs:1, VendorId:0x10de
[2017.01.30-18.15.31:218][  0]LogD3D11RHI:    1. 'Intel(R) HD Graphics 530' (Feature Level 11_0)
[2017.01.30-18.15.31:218][  0]LogD3D11RHI:       128/0/8130 MB DedicatedVideo/DedicatedSystem/SharedSystem, Outputs:0, VendorId:0x8086
[2017.01.30-18.15.31:221][  0]LogD3D11RHI:    2. 'Microsoft Basic Render Driver' (Feature Level 11_0)
[2017.01.30-18.15.31:221][  0]LogD3D11RHI:       0/0/8130 MB DedicatedVideo/DedicatedSystem/SharedSystem, Outputs:0, VendorId:0x1414
[2017.01.30-18.15.31:221][  0]LogD3D11RHI: Chosen D3D11 Adapter: 0
[2017.01.30-18.15.31:239][  0]LogD3D11RHI: Creating new Direct3DDevice
[2017.01.30-18.15.31:239][  0]LogD3D11RHI:     GPU DeviceId: 0x1c20 (for the marketing name, search the web for "GPU Device Id")
[2017.01.30-18.15.31:239][  0]LogWindows: EnumDisplayDevices:
[2017.01.30-18.15.31:239][  0]LogWindows:    0. 'Intel(R) HD Graphics 530' (P:1 D:1)
[2017.01.30-18.15.31:239][  0]LogWindows:    1. 'Intel(R) HD Graphics 530' (P:0 D:0)
[2017.01.30-18.15.31:239][  0]LogWindows:    2. 'Intel(R) HD Graphics 530' (P:0 D:0)
[2017.01.30-18.15.31:239][  0]LogWindows:    3. 'NVIDIA GeForce GTX 1060' (P:0 D:0)
[2017.01.30-18.15.31:240][  0]LogWindows:    4. 'NVIDIA GeForce GTX 1060' (P:0 D:0)
[2017.01.30-18.15.31:240][  0]LogWindows:    5. 'NVIDIA GeForce GTX 1060' (P:0 D:0)
[2017.01.30-18.15.31:240][  0]LogWindows:    6. 'NVIDIA GeForce GTX 1060' (P:0 D:0)
[2017.01.30-18.15.31:240][  0]LogWindows: DebugString: PrimaryIsNotTheChoosenAdapter PrimaryIsNotTheChoosenAdapter PrimaryIsNotTheChoosenAdapter FoundDriverCount:4 
[2017.01.30-18.15.31:240][  0]LogD3D11RHI:     Adapter Name: NVIDIA GeForce GTX 1060
[2017.01.30-18.15.31:241][  0]LogD3D11RHI:   Driver Version: 378.49 (internal:21.21.13.7849, unified:378.49)
[2017.01.30-18.15.31:241][  0]LogD3D11RHI:      Driver Date: 1-20-2017
[2017.01.30-18.15.31:241][  0]LogRHI: Texture pool is 1361 MB (70% of 1945 MB)
[2017.01.30-18.15.31:855][  0]LogD3D11RHI: Async texture creation enabled
[2017.01.30-18.15.32:255][  0]LogD3D11RHI: GPU Timing Frequency: 1000.000000 (Debug: 2 1)
[2017.01.30-18.15.32:354][  0]LogShaderCompilers: Guid format shader working directory is 9 characters bigger than the processId version (C:/Users/Balti/Documents/gitPGVNuevo/Intermediate/Shaders/WorkingDirectory/10816/).
[2017.01.30-18.15.32:354][  0]LogShaderCompilers: Cleaned the shader compiler working directory 'C:/Users/Balti/AppData/Local/Temp/UnrealShaderWorkingDir/8169170C44E5F3D15AC2259EBFD24DC2/'.
[2017.01.30-18.15.32:360][  0]LogShaderCompilers:Display: Using Local Shader Compiler.
[2017.01.30-18.15.36:701][  0]LogTemp:Display: Loaded TP AllDesktopTargetPlatform
[2017.01.30-18.15.36:754][  0]LogTemp:Display: Loaded TP MacClientTargetPlatform
[2017.01.30-18.15.36:803][  0]LogTemp:Display: Loaded TP MacNoEditorTargetPlatform
[2017.01.30-18.15.36:849][  0]LogTemp:Display: Loaded TP MacServerTargetPlatform
[2017.01.30-18.15.36:922][  0]LogTemp:Display: Loaded TP MacTargetPlatform
[2017.01.30-18.15.36:972][  0]LogTemp:Display: Loaded TP WindowsClientTargetPlatform
[2017.01.30-18.15.37:019][  0]LogTemp:Display: Loaded TP WindowsNoEditorTargetPlatform
[2017.01.30-18.15.37:065][  0]LogTemp:Display: Loaded TP WindowsServerTargetPlatform
[2017.01.30-18.15.37:105][  0]LogTemp:Display: Loaded TP WindowsTargetPlatform
[2017.01.30-18.15.37:180][  0]LogTemp:Display: Loaded TP AndroidTargetPlatform
[2017.01.30-18.15.37:245][  0]LogTemp:Display: Loaded TP Android_ASTCTargetPlatform
[2017.01.30-18.15.37:303][  0]LogTemp:Display: Loaded TP Android_ATCTargetPlatform
[2017.01.30-18.15.37:362][  0]LogTemp:Display: Loaded TP Android_DXTTargetPlatform
[2017.01.30-18.15.37:423][  0]LogTemp:Display: Loaded TP Android_ETC1TargetPlatform
[2017.01.30-18.15.37:483][  0]LogTemp:Display: Loaded TP Android_ETC2TargetPlatform
[2017.01.30-18.15.37:601][  0]LogTemp:Display: Loaded TP Android_MultiTargetPlatform
[2017.01.30-18.15.37:601][  0]LogTemp:Display: Loaded TP Android_PVRTCTargetPlatform
[2017.01.30-18.15.37:634][  0]LogTemp:Display: Loaded TP HTML5TargetPlatform
[2017.01.30-18.15.37:788][  0]LogTemp:Display: Loaded TP IOSTargetPlatform
[2017.01.30-18.15.37:822][  0]LogTemp:Display: Loaded TP TVOSTargetPlatform
[2017.01.30-18.15.37:865][  0]LogTemp:Display: Loaded TP LinuxClientTargetPlatform
[2017.01.30-18.15.37:910][  0]LogTemp:Display: Loaded TP LinuxNoEditorTargetPlatform
[2017.01.30-18.15.37:962][  0]LogTemp:Display: Loaded TP LinuxServerTargetPlatform
[2017.01.30-18.15.38:011][  0]LogTemp:Display: Loaded TP LinuxTargetPlatform
[2017.01.30-18.15.38:011][  0]LogTargetPlatformManager:Display: Building Assets For Windows
[2017.01.30-18.15.39:030][  0]LogDerivedDataCache:Display: Max Cache Size: 512 MB
[2017.01.30-18.15.39:280][  0]LogDerivedDataCache: Loaded boot cache 0.25s 50MB C:/Users/Balti/AppData/Local/UnrealEngine/4.14/DerivedDataCache/Boot.ddc.
[2017.01.30-18.15.39:281][  0]LogDerivedDataCache:Display: Loaded Boot cache: C:/Users/Balti/AppData/Local/UnrealEngine/4.14/DerivedDataCache/Boot.ddc
[2017.01.30-18.15.39:281][  0]LogDerivedDataCache: FDerivedDataBackendGraph:  Pak pak cache file C:/Users/Balti/Documents/gitPGVNuevo/DerivedDataCache/DDC.ddp not found, will not use a pak cache.
[2017.01.30-18.15.39:281][  0]LogDerivedDataCache: Unable to find inner node Pak for hierarchical cache Hierarchy.
[2017.01.30-18.15.39:281][  0]LogDerivedDataCache: FDerivedDataBackendGraph:  CompressedPak pak cache file C:/Users/Balti/Documents/gitPGVNuevo/DerivedDataCache/Compressed.ddp not found, will not use a pak cache.
[2017.01.30-18.15.39:281][  0]LogDerivedDataCache: Unable to find inner node CompressedPak for hierarchical cache Hierarchy.
[2017.01.30-18.15.39:352][  0]LogDerivedDataCache:Display: Pak cache opened for reading ../../../Engine/DerivedDataCache/Compressed.ddp.
[2017.01.30-18.15.39:378][  0]LogDerivedDataCache: Using Local data cache path C:/Users/Balti/AppData/Local/UnrealEngine/Common/DerivedDataCache: Writable
[2017.01.30-18.15.48:929][  0]LogInit: Selected Device Profile: [Windows]
[2017.01.30-18.15.49:113][  0]LogContentStreaming: Texture pool size is 0.00 MB
[2017.01.30-18.15.50:254][  0]LogMeshUtilities: Using QuadricMeshReduction for automatic static mesh reduction
[2017.01.30-18.15.50:395][  0]LogSimplygon: Simplygon DLL not present - disabling.
[2017.01.30-18.15.50:458][  0]LogMeshUtilities: Using SimplygonSwarm for distributed automatic mesh merging
[2017.01.30-18.15.50:458][  0]LogMeshUtilities: No automatic skeletal mesh reduction module available
[2017.01.30-18.15.50:458][  0]LogMeshUtilities: No automatic mesh merging module available
[2017.01.30-18.15.56:826][  0]LogNetVersion: GetLocalNetworkVersion: CL: 3195953, ProjectName: pgv, ProjectVersion: , EngineNetworkVersion: 2, GameNetworkVersion: 0, NetworkChecksum: 1597279220
[2017.01.30-18.15.57:074][  0]LogAssetRegistry: FAssetRegistry took 0.0242 seconds to start up
[2017.01.30-18.15.57:271][  0]LogPackageLocalizationCache: Processed 3 localized package path(s) for 1 prioritized culture(s) in 0.125530 seconds
[2017.01.30-18.15.57:294][  0]LogUObjectArray: 31946 objects as part of root set at end of initial load.
[2017.01.30-18.15.57:294][  0]LogUObjectAllocator: 6935848 out of 0 bytes used by permanent object pool.
[2017.01.30-18.15.57:294][  0]LogUObjectArray: CloseDisregardForGC: 0/0 objects in disregard for GC pool
[2017.01.30-18.15.57:403][  0]LogInit: WinSock: version 1.1 (2.2), MaxSocks=32767, MaxUdp=65467
[2017.01.30-18.15.59:660][  0]LogSlate: Using Freetype 2.6.0
[2017.01.30-18.15.59:747][  0]LogSlate: SlateFontCache - WITH_FREETYPE: 1, WITH_HARFBUZZ: 1
[2017.01.30-18.15.59:748][  0]LogSlate: SlateFontCache - WITH_FREETYPE: 1, WITH_HARFBUZZ: 1
[2017.01.30-18.16.06:495][  0]LogTcpMessaging: Initializing TcpMessaging bridge
[2017.01.30-18.16.06:559][  0]LogUdpMessaging: Initializing bridge on interface 0.0.0.0:0 to multicast group 230.0.0.1:6666.
[2017.01.30-18.16.07:783][  0]LogMaterial: Uniform references updated for custom material expression Custom.
[2017.01.30-18.16.08:781][  0]SourceControl: Info Source control is disabled
[2017.01.30-18.16.08:820][  0]SourceControl: Info Source control is disabled
[2017.01.30-18.16.08:913][  0]SourceControl: Info Source control is disabled
[2017.01.30-18.16.08:990][  0]SourceControl: Info Source control is disabled
[2017.01.30-18.16.12:391][  0]LogEngine: Initializing Engine...
[2017.01.30-18.16.12:435][  0]LogHMD: Failed to initialize OpenVR with code 110
[2017.01.30-18.16.13:512][  0]LogAIModule: Creating AISystem for world Untitled
[2017.01.30-18.16.13:808][  0]LogInit: XAudio2 using 'Altavoces (3- Logitech G430 Gaming Headset)' : 8 channels at 48 kHz using 16 bits per sample (channel mask 0x63f)
[2017.01.30-18.16.13:924][  0]LogInit: FAudioDevice initialized.
[2017.01.30-18.16.13:979][  0]LogDerivedDataCache: Saved boot cache 0.04s 50MB C:/Users/Balti/AppData/Local/UnrealEngine/4.14/DerivedDataCache/Boot.ddc.
[2017.01.30-18.16.13:991][  0]LogInit: Texture streaming: Enabled
[2017.01.30-18.16.14:499][  0]LogInit: Transaction tracking system initialized
[2017.01.30-18.16.15:132][  0]BlueprintLog: New page: Editor Load
[2017.01.30-18.16.17:376][  0]LocalizationService: Info Localization service is disabled
[2017.01.30-18.16.18:746][  0]LogConsoleResponse:Display: 
[2017.01.30-18.16.20:644][  0]LogFileCache: Scanning file cache for directory 'C:/Users/Balti/Documents/gitPGVNuevo/Content/' took 0.02s
[2017.01.30-18.16.20:644][  0]LogCook:Display: Max memory allowance for cook 16384mb min free memory 0mb
[2017.01.30-18.16.20:656][  0]LogCook:Display: Mobile HDR setting 1
[2017.01.30-18.16.22:716][  0]SourceControl: Info Source control is disabled
[2017.01.30-18.16.22:757][  0]Cmd: MAP LOAD FILE="C:/Users/Balti/Documents/gitPGVNuevo/Content/TopDownBP/Maps/TopDownExampleMap.umap" TEMPLATE=0 SHOWPROGRESS=1 FEATURELEVEL=3
[2017.01.30-18.16.22:807][  0]LightingResults: New page: Lighting Build
[2017.01.30-18.16.23:166][  0]MapCheck: New page: Map Check
[2017.01.30-18.16.23:166][  0]LightingResults: New page: Lighting Build
[2017.01.30-18.16.25:287][  0]LogLinker:Warning: Can't find file '/Game/KiteDemo/Material/Grass_LayerInfo'
[2017.01.30-18.16.25:287][  0]LogLinker:Warning: Can't find file for asset '/Game/KiteDemo/Material/Grass_LayerInfo' while loading C:/Users/Balti/Documents/gitPGVNuevo/Content/TopDownBP/Maps/TopDownExampleMap.umap.
[2017.01.30-18.16.25:297][  0]LoadErrors:Error: Error /Game/TopDownBP/Maps/TopDownExampleMap : Can't find file for asset. /Game/KiteDemo/Material/Grass_LayerInfo
[2017.01.30-18.16.25:297][  0]LogLinker:Warning: Can't find file '/Game/KiteDemo/Material/Path_LayerInfo'
[2017.01.30-18.16.25:297][  0]LogLinker:Warning: Can't find file for asset '/Game/KiteDemo/Material/Path_LayerInfo' while loading C:/Users/Balti/Documents/gitPGVNuevo/Content/TopDownBP/Maps/TopDownExampleMap.umap.
[2017.01.30-18.16.25:297][  0]LoadErrors:Error: Error /Game/TopDownBP/Maps/TopDownExampleMap : Can't find file for asset. /Game/KiteDemo/Material/Path_LayerInfo
[2017.01.30-18.16.25:546][  0]LogLinker:Warning: Can't find file '/Game/KiteDemo/Material/Landscape_Material'
[2017.01.30-18.16.25:546][  0]LogLinker:Warning: Can't find file for asset '/Game/KiteDemo/Material/Landscape_Material' while loading C:/Users/Balti/Documents/gitPGVNuevo/Content/TopDownBP/Maps/TopDownExampleMap.umap.
[2017.01.30-18.16.25:546][  0]LoadErrors:Error: Error /Game/TopDownBP/Maps/TopDownExampleMap : Can't find file for asset. /Game/KiteDemo/Material/Landscape_Material
[2017.01.30-18.16.25:969][  0]LogLinker:Warning: Can't find file '/Game/KiteDemo/Material/Grass_LayerInfo'
[2017.01.30-18.16.25:969][  0]LogLinker:Warning: Can't find file for asset '/Game/KiteDemo/Material/Grass_LayerInfo' while loading C:/Users/Balti/Documents/gitPGVNuevo/Content/TopDownBP/Maps/TopDownExampleMap.umap.
[2017.01.30-18.16.25:969][  0]LoadErrors:Error: Error /Game/TopDownBP/Maps/TopDownExampleMap : Can't find file for asset. /Game/KiteDemo/Material/Grass_LayerInfo
[2017.01.30-18.16.25:969][  0]LogLinker:Warning: Can't find file '/Game/KiteDemo/Material/Landscape_Material'
[2017.01.30-18.16.25:969][  0]LogLinker:Warning: Can't find file for asset '/Game/KiteDemo/Material/Landscape_Material' while loading C:/Users/Balti/Documents/gitPGVNuevo/Content/TopDownBP/Maps/TopDownExampleMap.umap.
[2017.01.30-18.16.25:969][  0]LoadErrors:Error: Error /Game/TopDownBP/Maps/TopDownExampleMap : Can't find file for asset. /Game/KiteDemo/Material/Landscape_Material
[2017.01.30-18.16.25:969][  0]LogLinker:Warning: Can't find file '/Game/KiteDemo/Material/Path_LayerInfo'
[2017.01.30-18.16.25:970][  0]LogLinker:Warning: Can't find file for asset '/Game/KiteDemo/Material/Path_LayerInfo' while loading C:/Users/Balti/Documents/gitPGVNuevo/Content/TopDownBP/Maps/TopDownExampleMap.umap.
[2017.01.30-18.16.25:970][  0]LoadErrors:Error: Error /Game/TopDownBP/Maps/TopDownExampleMap : Can't find file for asset. /Game/KiteDemo/Material/Path_LayerInfo
[2017.01.30-18.16.25:971][  0]LogLinker:Warning: Can't find file '/Game/KiteDemo/Material/Grass_LayerInfo'
[2017.01.30-18.16.25:971][  0]LogLinker:Warning: Can't find file for asset '/Game/KiteDemo/Material/Grass_LayerInfo' while loading NULL.
[2017.01.30-18.16.25:971][  0]LogLinker:Warning: Can't find file '/Game/KiteDemo/Material/Path_LayerInfo'
[2017.01.30-18.16.25:971][  0]LogLinker:Warning: Can't find file for asset '/Game/KiteDemo/Material/Path_LayerInfo' while loading NULL.
[2017.01.30-18.16.25:972][  0]LogLinker:Warning: Can't find file '/Game/KiteDemo/Material/Landscape_Material'
[2017.01.30-18.16.25:972][  0]LogLinker:Warning: Can't find file for asset '/Game/KiteDemo/Material/Landscape_Material' while loading NULL.
[2017.01.30-18.16.25:972][  0]LogLinker:Warning: Can't find file '/Game/KiteDemo/Material/Grass_LayerInfo'
[2017.01.30-18.16.25:972][  0]LogLinker:Warning: Can't find file for asset '/Game/KiteDemo/Material/Grass_LayerInfo' while loading NULL.
[2017.01.30-18.16.25:972][  0]LogLinker:Warning: Can't find file '/Game/KiteDemo/Material/Landscape_Material'
[2017.01.30-18.16.25:972][  0]LogLinker:Warning: Can't find file for asset '/Game/KiteDemo/Material/Landscape_Material' while loading NULL.
[2017.01.30-18.16.25:972][  0]LogLinker:Warning: Can't find file '/Game/KiteDemo/Material/Path_LayerInfo'
[2017.01.30-18.16.25:972][  0]LogLinker:Warning: Can't find file for asset '/Game/KiteDemo/Material/Path_LayerInfo' while loading NULL.
[2017.01.30-18.16.26:158][  0]LogLinker:Warning: Can't find file '/Game/KiteDemo/Material/Landscape_Material'
[2017.01.30-18.16.26:158][  0]LoadErrors: Info Failed to load /Game/KiteDemo/Material/Landscape_Material.Landscape_Material Referenced by Landscape_2
[2017.01.30-18.16.26:159][  0]LogLinker:Warning: Can't find file for asset '/Game/KiteDemo/Material/Landscape_Material' while loading NULL.
[2017.01.30-18.16.26:159][  0]LoadErrors: Info Failed to load /Game/KiteDemo/Material/Landscape_Material.Landscape_Material Referenced by Landscape_2
[2017.01.30-18.16.26:165][  0]LogLinker:Warning: Can't find file '/Game/KiteDemo/Material/Path_LayerInfo'
[2017.01.30-18.16.26:165][  0]LoadErrors: Info Failed to load /Game/KiteDemo/Material/Path_LayerInfo.Path_LayerInfo Referenced by Landscape_2
[2017.01.30-18.16.26:165][  0]LogLinker:Warning: Can't find file for asset '/Game/KiteDemo/Material/Path_LayerInfo' while loading NULL.
[2017.01.30-18.16.26:165][  0]LoadErrors: Info Failed to load /Game/KiteDemo/Material/Path_LayerInfo.Path_LayerInfo Referenced by Landscape_2
[2017.01.30-18.16.26:165][  0]LogLinker:Warning: Can't find file '/Game/KiteDemo/Material/Grass_LayerInfo'
[2017.01.30-18.16.26:165][  0]LoadErrors: Info Failed to load /Game/KiteDemo/Material/Grass_LayerInfo.Grass_LayerInfo Referenced by Landscape_2
[2017.01.30-18.16.26:165][  0]LogLinker:Warning: Can't find file for asset '/Game/KiteDemo/Material/Grass_LayerInfo' while loading NULL.
[2017.01.30-18.16.26:165][  0]LoadErrors: Info Failed to load /Game/KiteDemo/Material/Grass_LayerInfo.Grass_LayerInfo Referenced by Landscape_2
[2017.01.30-18.16.26:165][  0]LogLinker:Warning: Can't find file '/Game/KiteDemo/Material/Grass_LayerInfo'
[2017.01.30-18.16.26:165][  0]LoadErrors: Info Failed to load /Game/KiteDemo/Material/Grass_LayerInfo.Grass_LayerInfo Referenced by LandscapeComponent_10
[2017.01.30-18.16.26:165][  0]LogLinker:Warning: Can't find file for asset '/Game/KiteDemo/Material/Grass_LayerInfo' while loading NULL.
[2017.01.30-18.16.26:165][  0]LoadErrors: Info Failed to load /Game/KiteDemo/Material/Grass_LayerInfo.Grass_LayerInfo Referenced by LandscapeComponent_10
[2017.01.30-18.16.26:198][  0]LogLinker:Warning: Can't find file '/Game/KiteDemo/Material/Grass_LayerInfo'
[2017.01.30-18.16.26:198][  0]LoadErrors: Info Failed to load /Game/KiteDemo/Material/Grass_LayerInfo.Grass_LayerInfo Referenced by LandscapeComponent_11
[2017.01.30-18.16.26:198][  0]LogLinker:Warning: Can't find file for asset '/Game/KiteDemo/Material/Grass_LayerInfo' while loading NULL.
[2017.01.30-18.16.26:198][  0]LoadErrors: Info Failed to load /Game/KiteDemo/Material/Grass_LayerInfo.Grass_LayerInfo Referenced by LandscapeComponent_11
[2017.01.30-18.16.26:199][  0]LogLinker:Warning: Can't find file '/Game/KiteDemo/Material/Grass_LayerInfo'
[2017.01.30-18.16.26:199][  0]LoadErrors: Info Failed to load /Game/KiteDemo/Material/Grass_LayerInfo.Grass_LayerInfo Referenced by LandscapeComponent_12
[2017.01.30-18.16.26:199][  0]LogLinker:Warning: Can't find file for asset '/Game/KiteDemo/Material/Grass_LayerInfo' while loading NULL.
[2017.01.30-18.16.26:199][  0]LoadErrors: Info Failed to load /Game/KiteDemo/Material/Grass_LayerInfo.Grass_LayerInfo Referenced by LandscapeComponent_12
[2017.01.30-18.16.26:199][  0]LogLinker:Warning: Can't find file '/Game/KiteDemo/Material/Grass_LayerInfo'
[2017.01.30-18.16.26:199][  0]LoadErrors: Info Failed to load /Game/KiteDemo/Material/Grass_LayerInfo.Grass_LayerInfo Referenced by LandscapeComponent_4
[2017.01.30-18.16.26:199][  0]LogLinker:Warning: Can't find file for asset '/Game/KiteDemo/Material/Grass_LayerInfo' while loading NULL.
[2017.01.30-18.16.26:199][  0]LoadErrors: Info Failed to load /Game/KiteDemo/Material/Grass_LayerInfo.Grass_LayerInfo Referenced by LandscapeComponent_4
[2017.01.30-18.16.26:199][  0]LogLinker:Warning: Can't find file '/Game/KiteDemo/Material/Grass_LayerInfo'
[2017.01.30-18.16.26:199][  0]LoadErrors: Info Failed to load /Game/KiteDemo/Material/Grass_LayerInfo.Grass_LayerInfo Referenced by LandscapeComponent_5
[2017.01.30-18.16.26:199][  0]LogLinker:Warning: Can't find file for asset '/Game/KiteDemo/Material/Grass_LayerInfo' while loading NULL.
[2017.01.30-18.16.26:199][  0]LoadErrors: Info Failed to load /Game/KiteDemo/Material/Grass_LayerInfo.Grass_LayerInfo Referenced by LandscapeComponent_5
[2017.01.30-18.16.26:200][  0]LogLinker:Warning: Can't find file '/Game/KiteDemo/Material/Grass_LayerInfo'
[2017.01.30-18.16.26:200][  0]LoadErrors: Info Failed to load /Game/KiteDemo/Material/Grass_LayerInfo.Grass_LayerInfo Referenced by LandscapeComponent_6
[2017.01.30-18.16.26:200][  0]LogLinker:Warning: Can't find file for asset '/Game/KiteDemo/Material/Grass_LayerInfo' while loading NULL.
[2017.01.30-18.16.26:200][  0]LoadErrors: Info Failed to load /Game/KiteDemo/Material/Grass_LayerInfo.Grass_LayerInfo Referenced by LandscapeComponent_6
[2017.01.30-18.16.26:200][  0]LogLinker:Warning: Can't find file '/Game/KiteDemo/Material/Grass_LayerInfo'
[2017.01.30-18.16.26:200][  0]LoadErrors: Info Failed to load /Game/KiteDemo/Material/Grass_LayerInfo.Grass_LayerInfo Referenced by LandscapeComponent_7
[2017.01.30-18.16.26:200][  0]LogLinker:Warning: Can't find file for asset '/Game/KiteDemo/Material/Grass_LayerInfo' while loading NULL.
[2017.01.30-18.16.26:200][  0]LoadErrors: Info Failed to load /Game/KiteDemo/Material/Grass_LayerInfo.Grass_LayerInfo Referenced by LandscapeComponent_7
[2017.01.30-18.16.26:200][  0]LogLinker:Warning: Can't find file '/Game/KiteDemo/Material/Path_LayerInfo'
[2017.01.30-18.16.26:200][  0]LoadErrors: Info Failed to load /Game/KiteDemo/Material/Path_LayerInfo.Path_LayerInfo Referenced by LandscapeComponent_7
[2017.01.30-18.16.26:200][  0]LogLinker:Warning: Can't find file for asset '/Game/KiteDemo/Material/Path_LayerInfo' while loading NULL.
[2017.01.30-18.16.26:200][  0]LoadErrors: Info Failed to load /Game/KiteDemo/Material/Path_LayerInfo.Path_LayerInfo Referenced by LandscapeComponent_7
[2017.01.30-18.16.26:201][  0]LogLinker:Warning: Can't find file '/Game/KiteDemo/Material/Grass_LayerInfo'
[2017.01.30-18.16.26:201][  0]LoadErrors: Info Failed to load /Game/KiteDemo/Material/Grass_LayerInfo.Grass_LayerInfo Referenced by LandscapeComponent_8
[2017.01.30-18.16.26:201][  0]LogLinker:Warning: Can't find file for asset '/Game/KiteDemo/Material/Grass_LayerInfo' while loading NULL.
[2017.01.30-18.16.26:201][  0]LoadErrors: Info Failed to load /Game/KiteDemo/Material/Grass_LayerInfo.Grass_LayerInfo Referenced by LandscapeComponent_8
[2017.01.30-18.16.26:201][  0]LogLinker:Warning: Can't find file '/Game/KiteDemo/Material/Path_LayerInfo'
[2017.01.30-18.16.26:201][  0]LoadErrors: Info Failed to load /Game/KiteDemo/Material/Path_LayerInfo.Path_LayerInfo Referenced by LandscapeComponent_8
[2017.01.30-18.16.26:201][  0]LogLinker:Warning: Can't find file for asset '/Game/KiteDemo/Material/Path_LayerInfo' while loading NULL.
[2017.01.30-18.16.26:201][  0]LoadErrors: Info Failed to load /Game/KiteDemo/Material/Path_LayerInfo.Path_LayerInfo Referenced by LandscapeComponent_8
[2017.01.30-18.16.26:201][  0]LogLinker:Warning: Can't find file '/Game/KiteDemo/Material/Grass_LayerInfo'
[2017.01.30-18.16.26:201][  0]LoadErrors: Info Failed to load /Game/KiteDemo/Material/Grass_LayerInfo.Grass_LayerInfo Referenced by LandscapeComponent_9
[2017.01.30-18.16.26:202][  0]LogLinker:Warning: Can't find file for asset '/Game/KiteDemo/Material/Grass_LayerInfo' while loading NULL.
[2017.01.30-18.16.26:202][  0]LoadErrors: Info Failed to load /Game/KiteDemo/Material/Grass_LayerInfo.Grass_LayerInfo Referenced by LandscapeComponent_9
[2017.01.30-18.16.26:202][  0]LogLinker:Warning: Can't find file '/Game/KiteDemo/Material/Path_LayerInfo'
[2017.01.30-18.16.26:202][  0]LoadErrors: Info Failed to load /Game/KiteDemo/Material/Path_LayerInfo.Path_LayerInfo Referenced by LandscapeComponent_9
[2017.01.30-18.16.26:202][  0]LogLinker:Warning: Can't find file for asset '/Game/KiteDemo/Material/Path_LayerInfo' while loading NULL.
[2017.01.30-18.16.26:202][  0]LoadErrors: Info Failed to load /Game/KiteDemo/Material/Path_LayerInfo.Path_LayerInfo Referenced by LandscapeComponent_9
[2017.01.30-18.16.26:204][  0]LogLinker:Warning: Can't find file '/Game/KiteDemo/Material/Grass_LayerInfo'
[2017.01.30-18.16.26:204][  0]LoadErrors: Info Failed to load /Game/KiteDemo/Material/Grass_LayerInfo.Grass_LayerInfo Referenced by LandscapeHeightfieldCollisionComponent_17
[2017.01.30-18.16.26:204][  0]LogLinker:Warning: Can't find file for asset '/Game/KiteDemo/Material/Grass_LayerInfo' while loading NULL.
[2017.01.30-18.16.26:204][  0]LoadErrors: Info Failed to load /Game/KiteDemo/Material/Grass_LayerInfo.Grass_LayerInfo Referenced by LandscapeHeightfieldCollisionComponent_17
[2017.01.30-18.16.26:205][  0]LogLinker:Warning: Can't find file '/Game/KiteDemo/Material/Grass_LayerInfo'
[2017.01.30-18.16.26:205][  0]LoadErrors: Info Failed to load /Game/KiteDemo/Material/Grass_LayerInfo.Grass_LayerInfo Referenced by LandscapeHeightfieldCollisionComponent_18
[2017.01.30-18.16.26:205][  0]LogLinker:Warning: Can't find file for asset '/Game/KiteDemo/Material/Grass_LayerInfo' while loading NULL.
[2017.01.30-18.16.26:205][  0]LoadErrors: Info Failed to load /Game/KiteDemo/Material/Grass_LayerInfo.Grass_LayerInfo Referenced by LandscapeHeightfieldCollisionComponent_18
[2017.01.30-18.16.26:205][  0]LogLinker:Warning: Can't find file '/Game/KiteDemo/Material/Grass_LayerInfo'
[2017.01.30-18.16.26:205][  0]LoadErrors: Info Failed to load /Game/KiteDemo/Material/Grass_LayerInfo.Grass_LayerInfo Referenced by LandscapeHeightfieldCollisionComponent_19
[2017.01.30-18.16.26:205][  0]LogLinker:Warning: Can't find file for asset '/Game/KiteDemo/Material/Grass_LayerInfo' while loading NULL.
[2017.01.30-18.16.26:205][  0]LoadErrors: Info Failed to load /Game/KiteDemo/Material/Grass_LayerInfo.Grass_LayerInfo Referenced by LandscapeHeightfieldCollisionComponent_19
[2017.01.30-18.16.26:205][  0]LogLinker:Warning: Can't find file '/Game/KiteDemo/Material/Grass_LayerInfo'
[2017.01.30-18.16.26:205][  0]LoadErrors: Info Failed to load /Game/KiteDemo/Material/Grass_LayerInfo.Grass_LayerInfo Referenced by LandscapeHeightfieldCollisionComponent_20
[2017.01.30-18.16.26:205][  0]LogLinker:Warning: Can't find file for asset '/Game/KiteDemo/Material/Grass_LayerInfo' while loading NULL.
[2017.01.30-18.16.26:205][  0]LoadErrors: Info Failed to load /Game/KiteDemo/Material/Grass_LayerInfo.Grass_LayerInfo Referenced by LandscapeHeightfieldCollisionComponent_20
[2017.01.30-18.16.26:205][  0]LogLinker:Warning: Can't find file '/Game/KiteDemo/Material/Path_LayerInfo'
[2017.01.30-18.16.26:205][  0]LoadErrors: Info Failed to load /Game/KiteDemo/Material/Path_LayerInfo.Path_LayerInfo Referenced by LandscapeHeightfieldCollisionComponent_20
[2017.01.30-18.16.26:206][  0]LogLinker:Warning: Can't find file for asset '/Game/KiteDemo/Material/Path_LayerInfo' while loading NULL.
[2017.01.30-18.16.26:206][  0]LoadErrors: Info Failed to load /Game/KiteDemo/Material/Path_LayerInfo.Path_LayerInfo Referenced by LandscapeHeightfieldCollisionComponent_20
[2017.01.30-18.16.26:206][  0]LogLinker:Warning: Can't find file '/Game/KiteDemo/Material/Grass_LayerInfo'
[2017.01.30-18.16.26:206][  0]LoadErrors: Info Failed to load /Game/KiteDemo/Material/Grass_LayerInfo.Grass_LayerInfo Referenced by LandscapeHeightfieldCollisionComponent_21
[2017.01.30-18.16.26:206][  0]LogLinker:Warning: Can't find file for asset '/Game/KiteDemo/Material/Grass_LayerInfo' while loading NULL.
[2017.01.30-18.16.26:206][  0]LoadErrors: Info Failed to load /Game/KiteDemo/Material/Grass_LayerInfo.Grass_LayerInfo Referenced by LandscapeHeightfieldCollisionComponent_21
[2017.01.30-18.16.26:206][  0]LogLinker:Warning: Can't find file '/Game/KiteDemo/Material/Path_LayerInfo'
[2017.01.30-18.16.26:206][  0]LoadErrors: Info Failed to load /Game/KiteDemo/Material/Path_LayerInfo.Path_LayerInfo Referenced by LandscapeHeightfieldCollisionComponent_21
[2017.01.30-18.16.26:206][  0]LogLinker:Warning: Can't find file for asset '/Game/KiteDemo/Material/Path_LayerInfo' while loading NULL.
[2017.01.30-18.16.26:206][  0]LoadErrors: Info Failed to load /Game/KiteDemo/Material/Path_LayerInfo.Path_LayerInfo Referenced by LandscapeHeightfieldCollisionComponent_21
[2017.01.30-18.16.26:206][  0]LogLinker:Warning: Can't find file '/Game/KiteDemo/Material/Grass_LayerInfo'
[2017.01.30-18.16.26:206][  0]LoadErrors: Info Failed to load /Game/KiteDemo/Material/Grass_LayerInfo.Grass_LayerInfo Referenced by LandscapeHeightfieldCollisionComponent_22
[2017.01.30-18.16.26:206][  0]LogLinker:Warning: Can't find file for asset '/Game/KiteDemo/Material/Grass_LayerInfo' while loading NULL.
[2017.01.30-18.16.26:206][  0]LoadErrors: Info Failed to load /Game/KiteDemo/Material/Grass_LayerInfo.Grass_LayerInfo Referenced by LandscapeHeightfieldCollisionComponent_22
[2017.01.30-18.16.26:207][  0]LogLinker:Warning: Can't find file '/Game/KiteDemo/Material/Path_LayerInfo'
[2017.01.30-18.16.26:207][  0]LoadErrors: Info Failed to load /Game/KiteDemo/Material/Path_LayerInfo.Path_LayerInfo Referenced by LandscapeHeightfieldCollisionComponent_22
[2017.01.30-18.16.26:207][  0]LogLinker:Warning: Can't find file for asset '/Game/KiteDemo/Material/Path_LayerInfo' while loading NULL.
[2017.01.30-18.16.26:207][  0]LoadErrors: Info Failed to load /Game/KiteDemo/Material/Path_LayerInfo.Path_LayerInfo Referenced by LandscapeHeightfieldCollisionComponent_22
[2017.01.30-18.16.26:207][  0]LogLinker:Warning: Can't find file '/Game/KiteDemo/Material/Grass_LayerInfo'
[2017.01.30-18.16.26:207][  0]LoadErrors: Info Failed to load /Game/KiteDemo/Material/Grass_LayerInfo.Grass_LayerInfo Referenced by LandscapeHeightfieldCollisionComponent_23
[2017.01.30-18.16.26:207][  0]LogLinker:Warning: Can't find file for asset '/Game/KiteDemo/Material/Grass_LayerInfo' while loading NULL.
[2017.01.30-18.16.26:207][  0]LoadErrors: Info Failed to load /Game/KiteDemo/Material/Grass_LayerInfo.Grass_LayerInfo Referenced by LandscapeHeightfieldCollisionComponent_23
[2017.01.30-18.16.26:207][  0]LogLinker:Warning: Can't find file '/Game/KiteDemo/Material/Grass_LayerInfo'
[2017.01.30-18.16.26:207][  0]LoadErrors: Info Failed to load /Game/KiteDemo/Material/Grass_LayerInfo.Grass_LayerInfo Referenced by LandscapeHeightfieldCollisionComponent_24
[2017.01.30-18.16.26:207][  0]LogLinker:Warning: Can't find file for asset '/Game/KiteDemo/Material/Grass_LayerInfo' while loading NULL.
[2017.01.30-18.16.26:207][  0]LoadErrors: Info Failed to load /Game/KiteDemo/Material/Grass_LayerInfo.Grass_LayerInfo Referenced by LandscapeHeightfieldCollisionComponent_24
[2017.01.30-18.16.26:207][  0]LogLinker:Warning: Can't find file '/Game/KiteDemo/Material/Grass_LayerInfo'
[2017.01.30-18.16.26:207][  0]LoadErrors: Info Failed to load /Game/KiteDemo/Material/Grass_LayerInfo.Grass_LayerInfo Referenced by LandscapeHeightfieldCollisionComponent_25
[2017.01.30-18.16.26:207][  0]LogLinker:Warning: Can't find file for asset '/Game/KiteDemo/Material/Grass_LayerInfo' while loading NULL.
[2017.01.30-18.16.26:207][  0]LoadErrors: Info Failed to load /Game/KiteDemo/Material/Grass_LayerInfo.Grass_LayerInfo Referenced by LandscapeHeightfieldCollisionComponent_25
[2017.01.30-18.16.26:208][  0]LogLinker:Warning: Can't find file '/Game/KiteDemo/Material/Landscape_Material'
[2017.01.30-18.16.26:208][  0]LoadErrors: Info Failed to load /Game/KiteDemo/Material/Landscape_Material.Landscape_Material Referenced by LandscapeMaterialInstanceConstant_18
[2017.01.30-18.16.26:208][  0]LogLinker:Warning: Can't find file for asset '/Game/KiteDemo/Material/Landscape_Material' while loading NULL.
[2017.01.30-18.16.26:208][  0]LoadErrors: Info Failed to load /Game/KiteDemo/Material/Landscape_Material.Landscape_Material Referenced by LandscapeMaterialInstanceConstant_18
[2017.01.30-18.16.26:208][  0]LogLinker:Warning: Can't find file '/Game/KiteDemo/Material/Landscape_Material'
[2017.01.30-18.16.26:208][  0]LoadErrors: Info Failed to load /Game/KiteDemo/Material/Landscape_Material.Landscape_Material Referenced by LandscapeMaterialInstanceConstant_19
[2017.01.30-18.16.26:208][  0]LogLinker:Warning: Can't find file for asset '/Game/KiteDemo/Material/Landscape_Material' while loading NULL.
[2017.01.30-18.16.26:208][  0]LoadErrors: Info Failed to load /Game/KiteDemo/Material/Landscape_Material.Landscape_Material Referenced by LandscapeMaterialInstanceConstant_19
[2017.01.30-18.16.26:297][  0]LogMaterial: Uniform references updated for custom material expression TemporalAA SampleID.
[2017.01.30-18.16.26:298][  0]LogMaterial: Uniform references updated for custom material expression Custom.
[2017.01.30-18.16.26:775][  0]MapCheck:Warning: Warning LandscapeComponent_4 : Fixed up deleted layer weightmap 
[2017.01.30-18.16.27:040][  0]LogMaterial: 0.01 seconds spent updating 1 materials, 1 interfaces, 0 instances, 0 with static permutations.
[2017.01.30-18.16.27:040][  0]MapCheck:Warning: Warning LandscapeComponent_5 : Fixed up deleted layer weightmap 
[2017.01.30-18.16.27:042][  0]LogMaterial: 0.00 seconds spent updating 1 materials, 1 interfaces, 0 instances, 0 with static permutations.
[2017.01.30-18.16.27:042][  0]MapCheck:Warning: Warning LandscapeComponent_6 : Fixed up deleted layer weightmap 
[2017.01.30-18.16.27:042][  0]LogMaterial: 0.00 seconds spent updating 1 materials, 1 interfaces, 0 instances, 0 with static permutations.
[2017.01.30-18.16.27:042][  0]MapCheck:Warning: Warning LandscapeComponent_7 : Fixed up deleted layer weightmap 
[2017.01.30-18.16.27:048][  0]LogMaterial: 0.00 seconds spent updating 1 materials, 1 interfaces, 0 instances, 0 with static permutations.
[2017.01.30-18.16.27:048][  0]LogMaterial: 0.00 seconds spent updating 1 materials, 1 interfaces, 0 instances, 0 with static permutations.
[2017.01.30-18.16.27:049][  0]MapCheck:Warning: Warning LandscapeComponent_8 : Fixed up deleted layer weightmap 
[2017.01.30-18.16.27:051][  0]LogMaterial: 0.00 seconds spent updating 1 materials, 1 interfaces, 0 instances, 0 with static permutations.
[2017.01.30-18.16.27:051][  0]LogMaterial: 0.00 seconds spent updating 1 materials, 1 interfaces, 0 instances, 0 with static permutations.
[2017.01.30-18.16.27:051][  0]MapCheck:Warning: Warning LandscapeComponent_9 : Fixed up deleted layer weightmap 
[2017.01.30-18.16.27:052][  0]LogMaterial: 0.00 seconds spent updating 1 materials, 1 interfaces, 0 instances, 0 with static permutations.
[2017.01.30-18.16.27:053][  0]LogMaterial: 0.00 seconds spent updating 1 materials, 1 interfaces, 0 instances, 0 with static permutations.
[2017.01.30-18.16.27:054][  0]MapCheck:Warning: Warning LandscapeComponent_10 : Fixed up deleted layer weightmap 
[2017.01.30-18.16.27:054][  0]LogMaterial: 0.00 seconds spent updating 1 materials, 1 interfaces, 0 instances, 0 with static permutations.
[2017.01.30-18.16.27:054][  0]MapCheck:Warning: Warning LandscapeComponent_11 : Fixed up deleted layer weightmap 
[2017.01.30-18.16.27:054][  0]LogMaterial: 0.00 seconds spent updating 1 materials, 1 interfaces, 0 instances, 0 with static permutations.
[2017.01.30-18.16.27:054][  0]MapCheck:Warning: Warning LandscapeComponent_12 : Fixed up deleted layer weightmap 
[2017.01.30-18.16.27:055][  0]LogMaterial: 0.00 seconds spent updating 1 materials, 1 interfaces, 0 instances, 0 with static permutations.
[2017.01.30-18.16.27:768][  0]LogMaterial: Missing cached shader map for material M_CustomDepthBillboard, compiling. 
[2017.01.30-18.16.27:812][  0]LogMaterial:Warning: Failed to compile Material /Game/KiteDemo/Environments/Trees/HillTree_02/M_CustomDepthBillboard.M_CustomDepthBillboard for platform PCD3D_SM5, Default Material will be used in game.
[2017.01.30-18.16.27:812][  0]LogMaterial:Warning: 	(Node TransformPosition) input must be a vector (0.00000000: float) or a scalar (if source is Tangent)
[2017.01.30-18.16.27:812][  0]LogMaterial:Warning: 	(Node TransformPosition) input must be a vector (1.00000000: float) or a scalar (if source is Tangent)
[2017.01.30-18.16.28:512][  0]LogAIModule: Creating AISystem for world TopDownExampleMap
[2017.01.30-18.16.30:039][  0]LogEditorServer: Finished looking for orphan Actors (0.001 secs)
[2017.01.30-18.16.30:175][  0]Cmd: MAP CHECKDEP NOCLEARLOG
[2017.01.30-18.16.30:262][  0]MapCheck: Info Map check complete: 0 Error(s), 9 Warning(s), took 84.277ms to complete.
[2017.01.30-18.16.30:512][  0]LogFileHelpers: Loading map 'TopDownExampleMap' took 7.761
[2017.01.30-18.16.31:729][  0]LogWindowsTextInputMethodSystem:Display: IME system now deactivated.
[2017.01.30-18.16.32:787][  0]LogCollectionManager: Loaded 0 collections in 0.001132 seconds
[2017.01.30-18.16.32:981][  0]LogFileCache: Scanning file cache for directory 'C:/Users/Balti/Documents/gitPGVNuevo/Saved/Collections/' took 0.01s
[2017.01.30-18.16.32:981][  0]LogFileCache: Scanning file cache for directory 'C:/Users/Balti/Documents/gitPGVNuevo/Content/Developers/Balti/Collections/' took 0.01s
[2017.01.30-18.16.32:981][  0]LogFileCache: Scanning file cache for directory 'C:/Users/Balti/Documents/gitPGVNuevo/Content/Collections/' took 0.01s
[2017.01.30-18.16.32:981][  0]LogCollectionManager: Rebuilt the GUID cache for 0 collections in 0.000004 seconds
[2017.01.30-18.16.33:005][  0]LogContentBrowser: Native class hierarchy populated in 0.0219 seconds. Added 2190 classes and 428 folders.
[2017.01.30-18.16.33:146][  0]LogStats: UGameplayTagsManager::ConstructGameplayTagTree: Construct from data asset -  0.000 s
[2017.01.30-18.16.33:146][  0]LogStats: UGameplayTagsManager::ConstructGameplayTagTree: GameplayTagTreeChangedEvent.Broadcast -  0.000 s
[2017.01.30-18.16.33:147][  0]LogContentBrowser: Native class hierarchy updated for 'GameplayTags' in 0.0005 seconds. Added 13 classes and 0 folders.
[2017.01.30-18.16.33:218][  0]LogContentBrowser: Native class hierarchy updated for 'WidgetCarousel' in 0.0004 seconds. Added 0 classes and 0 folders.
[2017.01.30-18.16.34:073][  0]LogContentBrowser: Native class hierarchy updated for 'AddContentDialog' in 0.0005 seconds. Added 0 classes and 0 folders.
[2017.01.30-18.16.34:172][  0]LogContentBrowser: Native class hierarchy updated for 'SceneOutliner' in 0.0004 seconds. Added 1 classes and 2 folders.
[2017.01.30-18.16.35:466][  0]LogCrashTracker: Crashtracker disabled due to settings.
[2017.01.30-18.16.35:740][  0]LogUObjectGlobals:Warning: Failed to find object 'Class None.'
[2017.01.30-18.16.35:901][  0]LogContentBrowser: Native class hierarchy updated for 'HierarchicalLODOutliner' in 0.0005 seconds. Added 1 classes and 2 folders.
[2017.01.30-18.16.35:901][  0]LogLoad: (Engine Initialization) Total time: 80.15 seconds
[2017.01.30-18.16.35:901][  0]LogLoad: (Engine Initialization) Total Blueprint compile time: 1.40 seconds
[2017.01.30-18.16.35:918][  0]LogExternalProfiler: Found external profiler: VSPerf
[2017.01.30-18.16.35:918][  0]LogExternalProfiler: Using external profiler: VSPerf
[2017.01.30-18.16.36:060][  0]LogOcInput: OculusInput pre-init called
[2017.01.30-18.16.36:515][  0]LogContentStreaming: Texture pool size now 1000 MB
[2017.01.30-18.16.37:854][  0]LogRenderer: Reallocating scene render targets to support 824x496 NumSamples 1 (Frame:2).
[2017.01.30-18.16.39:251][  5]LogAssetRegistry: Asset discovery search completed in 42.1986 seconds
[2017.01.30-18.16.39:251][  5]LogCollectionManager: Rebuilt the object cache for 0 collections in 0.000000 seconds (found 0 objects)
[2017.01.30-18.16.39:251][  5]LogCollectionManager: Fixed up redirectors for 0 collections in 0.000134 seconds (updated 0 objects)
[2017.01.30-18.17.42:196][402]LogWindowsTextInputMethodSystem:Display: IME system now deactivated.
[2017.01.30-18.17.43:043][403]Cmd: QUIT_EDITOR
[2017.01.30-18.17.43:673][403]LogExit: Preparing to exit.
[2017.01.30-18.17.45:395][403]LogExit: Editor shut down
[2017.01.30-18.17.45:396][403]LogExit: Transaction tracking system shut down
[2017.01.30-18.17.47:129][403]LogObj: Freed 0b from 0 cluster array pools.
[2017.01.30-18.17.47:141][403]LogExit: Object subsystem successfully closed.
[2017.01.30-18.17.47:318][403]LogD3D11RHI: Shutdown
[2017.01.30-18.17.47:318][403]LogD3D11RHI: CleanupD3DDevice
[2017.01.30-18.17.47:738][403]LogD3D11RHI: ~FD3D11DynamicRHI
[2017.01.30-18.17.48:616][403]LogHttp:Display: Http module shutting down, but needs to wait on 1 outstanding Http requests:
[2017.01.30-18.17.48:617][403]LogHttp:Display: 	verb=[POST] url=[https://datarouter.ol.epicgames.com/datarouter/api/v1/public/data?SessionID=%7B0515F08F-4C89-9E1A-BEB5-018740195EC2%7D&AppID=UEEditor.Rocket.Release&AppVersion=4.14.3-3249277%2B%2B%2BUE4%2BRelease-4.14&UserID=a5a2fd0c40363b4f4710acafe8a82a78%7Cad142a8b0dab4a20a1723ec3618fad55%7C7e41f592-b022-493a-9c84-a1ee58d3a858&AppEnvironment=datacollector-binary&UploadType=eteventstream] status=Processing
[2017.01.30-18.17.48:729][403]LogModuleManager: Shutting down and abandoning module HierarchicalLODOutliner (241)
[2017.01.30-18.17.48:738][403]LogModuleManager: Shutting down and abandoning module CrashTracker (240)
[2017.01.30-18.17.48:748][403]LogModuleManager: Shutting down and abandoning module SceneOutliner (239)
[2017.01.30-18.17.48:760][403]LogModuleManager: Shutting down and abandoning module WidgetCarousel (238)
[2017.01.30-18.17.48:760][403]LogModuleManager: Shutting down and abandoning module AddContentDialog (237)
[2017.01.30-18.17.48:789][403]LogDirectoryWatcher: A directory notification for 'E:/Programas/Epic Games/4.14/FeaturePacks/' was aborted.
[2017.01.30-18.17.48:790][403]LogModuleManager: Shutting down and abandoning module GameplayTags (236)
[2017.01.30-18.17.48:790][403]LogModuleManager: Shutting down and abandoning module EditorWidgets (235)
[2017.01.30-18.17.48:790][403]LogModuleManager: Shutting down and abandoning module CollectionManager (234)
[2017.01.30-18.17.48:802][403]LogDirectoryWatcher: A directory notification for 'C:/Users/Balti/Documents/gitPGVNuevo/Content/Collections/' was aborted.
[2017.01.30-18.17.48:802][403]LogDirectoryWatcher: A directory notification for 'C:/Users/Balti/Documents/gitPGVNuevo/Content/Developers/Balti/Collections/' was aborted.
[2017.01.30-18.17.48:802][403]LogDirectoryWatcher: A directory notification for 'C:/Users/Balti/Documents/gitPGVNuevo/Saved/Collections/' was aborted.
[2017.01.30-18.17.48:803][403]LogModuleManager: Shutting down and abandoning module StatsViewer (233)
[2017.01.30-18.17.48:814][403]LogModuleManager: Shutting down and abandoning module FoliageEdit (232)
[2017.01.30-18.17.48:824][403]LogModuleManager: Shutting down and abandoning module LandscapeEditor (231)
[2017.01.30-18.17.48:842][403]LogModuleManager: Shutting down and abandoning module SceneDepthPickerMode (230)
[2017.01.30-18.17.48:842][403]LogModuleManager: Shutting down and abandoning module ActorPickerMode (229)
[2017.01.30-18.17.48:842][403]LogModuleManager: Shutting down and abandoning module GeometryMode (228)
[2017.01.30-18.17.48:842][403]LogModuleManager: Shutting down and abandoning module TextureAlignMode (227)
[2017.01.30-18.17.48:842][403]LogModuleManager: Shutting down and abandoning module BspMode (226)
[2017.01.30-18.17.48:853][403]LogModuleManager: Shutting down and abandoning module HardwareSurvey (225)
[2017.01.30-18.17.48:863][403]LogModuleManager: Shutting down and abandoning module SequenceRecorderSections (224)
[2017.01.30-18.17.48:868][403]LogModuleManager: Shutting down and abandoning module AutomationWorker (223)
[2017.01.30-18.17.48:880][403]LogModuleManager: Shutting down and abandoning module MatineeToLevelSequence (222)
[2017.01.30-18.17.48:888][403]LogModuleManager: Shutting down and abandoning module PlacementMode (221)
[2017.01.30-18.17.48:893][403]LogModuleManager: Shutting down and abandoning module LevelSequenceEditor (220)
[2017.01.30-18.17.48:932][403]LogModuleManager: Shutting down and abandoning module WmfMediaFactory (219)
[2017.01.30-18.17.48:932][403]LogModuleManager: Shutting down and abandoning module WmfMediaEditor (218)
[2017.01.30-18.17.48:932][403]LogModuleManager: Shutting down and abandoning module AvfMediaFactory (217)
[2017.01.30-18.17.48:932][403]LogModuleManager: Shutting down and abandoning module AvfMediaEditor (216)
[2017.01.30-18.17.48:932][403]LogModuleManager: Shutting down and abandoning module Media (215)
[2017.01.30-18.17.48:932][403]LogModuleManager: Shutting down and abandoning module AndroidMediaFactory (214)
[2017.01.30-18.17.48:932][403]LogModuleManager: Shutting down and abandoning module AndroidMediaEditor (213)
[2017.01.30-18.17.48:932][403]LogModuleManager: Shutting down and abandoning module CharacterAI (212)
[2017.01.30-18.17.48:932][403]LogModuleManager: Shutting down and abandoning module SequenceRecorder (211)
[2017.01.30-18.17.48:962][403]LogModuleManager: Shutting down and abandoning module AudioCapture (210)
[2017.01.30-18.17.48:962][403]LogModuleManager: Shutting down and abandoning module SmartSnapping (209)
[2017.01.30-18.17.48:962][403]LogModuleManager: Shutting down and abandoning module SessionServices (208)
[2017.01.30-18.17.48:962][403]LogModuleManager: Shutting down and abandoning module ViewportSnapping (207)
[2017.01.30-18.17.48:962][403]LogModuleManager: Shutting down and abandoning module ViewportInteraction (206)
[2017.01.30-18.17.48:962][403]LogModuleManager: Shutting down and abandoning module LogVisualizer (205)
[2017.01.30-18.17.48:977][403]LogModuleManager: Shutting down and abandoning module GameProjectGeneration (204)
[2017.01.30-18.17.48:990][403]LogModuleManager: Shutting down and abandoning module IntroTutorials (203)
[2017.01.30-18.17.49:010][403]LogModuleManager: Shutting down and abandoning module EditorLiveStreaming (202)
[2017.01.30-18.17.49:010][403]LogModuleManager: Shutting down and abandoning module IOSPlatformEditor (201)
[2017.01.30-18.17.49:017][403]LogModuleManager: Shutting down and abandoning module HTML5PlatformEditor (200)
[2017.01.30-18.17.49:017][403]LogModuleManager: Shutting down and abandoning module AndroidDeviceDetection (199)
[2017.01.30-18.17.50:020][403]LogModuleManager: Shutting down and abandoning module AndroidPlatformEditor (198)
[2017.01.30-18.17.50:064][403]LogModuleManager: Shutting down and abandoning module IOSRuntimeSettings (197)
[2017.01.30-18.17.50:064][403]LogModuleManager: Shutting down and abandoning module AndroidRuntimeSettings (196)
[2017.01.30-18.17.50:064][403]LogModuleManager: Shutting down and abandoning module InputBindingEditor (195)
[2017.01.30-18.17.50:077][403]LogModuleManager: Shutting down and abandoning module NiagaraEditor (194)
[2017.01.30-18.17.50:109][403]LogModuleManager: Shutting down and abandoning module MergeActors (193)
[2017.01.30-18.17.50:116][403]LogModuleManager: Shutting down and abandoning module SizeMap (192)
[2017.01.30-18.17.50:129][403]LogModuleManager: Shutting down and abandoning module TreeMap (191)
[2017.01.30-18.17.50:143][403]LogModuleManager: Shutting down and abandoning module ReferenceViewer (190)
[2017.01.30-18.17.50:143][403]LogModuleManager: Shutting down and abandoning module LocalizationService (189)
[2017.01.30-18.17.50:153][403]LogModuleManager: Shutting down and abandoning module LocalizationDashboard (188)
[2017.01.30-18.17.50:181][403]LogModuleManager: Shutting down and abandoning module HardwareTargeting (187)
[2017.01.30-18.17.50:188][403]LogModuleManager: Shutting down and abandoning module DeviceProfileEditor (186)
[2017.01.30-18.17.50:203][403]LogModuleManager: Shutting down and abandoning module UndoHistory (185)
[2017.01.30-18.17.50:209][403]LogModuleManager: Shutting down and abandoning module UserFeedback (184)
[2017.01.30-18.17.50:209][403]LogModuleManager: Shutting down and abandoning module XmlParser (183)
[2017.01.30-18.17.50:216][403]LogModuleManager: Shutting down and abandoning module Blutility (182)
[2017.01.30-18.17.50:228][403]LogModuleManager: Shutting down and abandoning module ProjectTargetPlatformEditor (181)
[2017.01.30-18.17.50:228][403]LogModuleManager: Shutting down and abandoning module ProjectSettingsViewer (180)
[2017.01.30-18.17.50:228][403]LogModuleManager: Shutting down and abandoning module EditorSettingsViewer (179)
[2017.01.30-18.17.50:228][403]LogModuleManager: Shutting down and abandoning module SettingsEditor (178)
[2017.01.30-18.17.50:244][403]LogModuleManager: Shutting down and abandoning module ProjectLauncher (177)
[2017.01.30-18.17.50:258][403]LogModuleManager: Shutting down and abandoning module SessionFrontend (176)
[2017.01.30-18.17.50:266][403]LogModuleManager: Shutting down and abandoning module ProfilerClient (175)
[2017.01.30-18.17.50:276][403]LogModuleManager: Shutting down and abandoning module TargetDeviceServices (174)
[2017.01.30-18.17.50:283][403]LogModuleManager: Shutting down and abandoning module DeviceManager (173)
[2017.01.30-18.17.50:347][403]LogModuleManager: Shutting down and abandoning module AutomationController (172)
[2017.01.30-18.17.50:359][403]LogModuleManager: Shutting down and abandoning module AutomationWindow (171)
[2017.01.30-18.17.50:375][403]LogModuleManager: Shutting down and abandoning module Layers (170)
[2017.01.30-18.17.50:388][403]LogModuleManager: Shutting down and abandoning module ComponentVisualizers (169)
[2017.01.30-18.17.50:388][403]LogModuleManager: Shutting down and abandoning module DetailCustomizations (168)
[2017.01.30-18.17.50:399][403]LogModuleManager: Shutting down and abandoning module PackagesDialog (167)
[2017.01.30-18.17.50:410][403]LogModuleManager: Shutting down and abandoning module AnimGraph (166)
[2017.01.30-18.17.50:410][403]LogModuleManager: Shutting down and abandoning module Persona (165)
[2017.01.30-18.17.50:436][403]LogModuleManager: Shutting down and abandoning module Kismet (164)
[2017.01.30-18.17.50:455][403]LogModuleManager: Shutting down and abandoning module GraphEditor (163)
[2017.01.30-18.17.50:496][403]LogModuleManager: Shutting down and abandoning module ClassViewer (162)
[2017.01.30-18.17.50:509][403]LogModuleManager: Shutting down and abandoning module Toolbox (161)
[2017.01.30-18.17.50:516][403]LogModuleManager: Shutting down and abandoning module ModuleUI (160)
[2017.01.30-18.17.50:527][403]LogModuleManager: Shutting down and abandoning module MovieSceneTools (159)
[2017.01.30-18.17.50:548][403]LogModuleManager: Shutting down and abandoning module OutputLog (158)
[2017.01.30-18.17.50:562][403]LogModuleManager: Shutting down and abandoning module GammaUI (157)
[2017.01.30-18.17.50:569][403]LogModuleManager: Shutting down and abandoning module Documentation (156)
[2017.01.30-18.17.50:570][403]LogModuleManager: Shutting down and abandoning module Niagara (155)
[2017.01.30-18.17.50:570][403]LogModuleManager: Shutting down and abandoning module StreamingPauseRendering (154)
[2017.01.30-18.17.50:570][403]LogModuleManager: Shutting down and abandoning module AnalyticsET (153)
[2017.01.30-18.17.50:570][403]LogModuleManager: Shutting down and abandoning module PortalServices (152)
[2017.01.30-18.17.50:570][403]LogModuleManager: Shutting down and abandoning module PortalRpc (151)
[2017.01.30-18.17.50:570][403]LogModuleManager: Shutting down and abandoning module MessagingRpc (150)
[2017.01.30-18.17.50:570][403]LogModuleManager: Shutting down and abandoning module GameplayDebugger (149)
[2017.01.30-18.17.50:574][403]LogModuleManager: Shutting down and abandoning module AITestSuite (148)
[2017.01.30-18.17.50:579][403]LogModuleManager: Shutting down and abandoning module AIModule (147)
[2017.01.30-18.17.50:579][403]LogModuleManager: Shutting down and abandoning module ProfilerService (146)
[2017.01.30-18.17.50:793][403]LogModuleManager: Shutting down and abandoning module TaskGraph (145)
[2017.01.30-18.17.50:809][403]LogModuleManager: Shutting down and abandoning module SlateRemote (144)
[2017.01.30-18.17.50:809][403]LogModuleManager: Shutting down and abandoning module SteamVRController (143)
[2017.01.30-18.17.50:809][403]LogModuleManager: Shutting down and abandoning module SteamVR (142)
[2017.01.30-18.17.50:809][403]LogModuleManager: Shutting down and abandoning module ProceduralMeshComponentEditor (141)
[2017.01.30-18.17.50:817][403]LogModuleManager: Shutting down and abandoning module ProceduralMeshComponent (140)
[2017.01.30-18.17.50:830][403]LogModuleManager: Shutting down and abandoning module OculusLibrary (139)
[2017.01.30-18.17.50:830][403]LogModuleManager: Shutting down and abandoning module OculusInput (138)
[2017.01.30-18.17.50:830][403]LogModuleManager: Shutting down and abandoning module MobilePatchingUtils (137)
[2017.01.30-18.17.50:830][403]LogModuleManager: Shutting down and abandoning module CustomMeshComponent (136)
[2017.01.30-18.17.50:830][403]LogModuleManager: Shutting down and abandoning module CableComponent (135)
[2017.01.30-18.17.50:836][403]LogModuleManager: Shutting down and abandoning module ArchVisCharacter (134)
[2017.01.30-18.17.50:836][403]LogModuleManager: Shutting down and abandoning module MediaPlayerEditor (132)
[2017.01.30-18.17.50:854][403]LogModuleManager: Shutting down and abandoning module HTML5Networking (131)
[2017.01.30-18.17.50:854][403]LogModuleManager: Shutting down and abandoning module GeometryCacheEd (130)
[2017.01.30-18.17.50:854][403]LogModuleManager: Shutting down and abandoning module GeometryCache (129)
[2017.01.30-18.17.50:854][403]LogModuleManager: Shutting down and abandoning module AlembicLibrary (128)
[2017.01.30-18.17.50:862][403]LogModuleManager: Shutting down and abandoning module AlembicImporter (127)
[2017.01.30-18.17.50:867][403]LogModuleManager: Shutting down and abandoning module SuperSearch (126)
[2017.01.30-18.17.50:867][403]LogModuleManager: Shutting down and abandoning module SuperSearchEditor (125)
[2017.01.30-18.17.50:867][403]LogModuleManager: Shutting down and abandoning module SpeedTreeImporter (124)
[2017.01.30-18.17.50:867][403]LogModuleManager: Shutting down and abandoning module PluginBrowser (123)
[2017.01.30-18.17.50:886][403]LogModuleManager: Shutting down and abandoning module MobileLauncherProfileWizard (122)
[2017.01.30-18.17.50:899][403]LogModuleManager: Shutting down and abandoning module EpicSurvey (121)
[2017.01.30-18.17.50:903][403]LogModuleManager: Shutting down and abandoning module DesktopPlatform (120)
[2017.01.30-18.17.50:903][403]LogModuleManager: Shutting down and abandoning module VisualStudioSourceCodeAccess (119)
[2017.01.30-18.17.50:912][403]LogModuleManager: Shutting down and abandoning module UObjectPlugin (118)
[2017.01.30-18.17.50:912][403]LogModuleManager: Shutting down and abandoning module SubversionSourceControl (117)
[2017.01.30-18.17.50:917][403]LogModuleManager: Shutting down and abandoning module PerforceSourceControl (116)
[2017.01.30-18.17.50:929][403]LogModuleManager: Shutting down and abandoning module SourceControl (115)
[2017.01.30-18.17.50:941][403]LogModuleManager: Shutting down and abandoning module GitSourceControl (114)
[2017.01.30-18.17.50:952][403]LogModuleManager: Shutting down and abandoning module LightPropagationVolumeEditor (113)
[2017.01.30-18.17.50:952][403]LogModuleManager: Shutting down and abandoning module PaperTiledImporter (112)
[2017.01.30-18.17.50:962][403]LogModuleManager: Shutting down and abandoning module PaperSpriteSheetImporter (111)
[2017.01.30-18.17.50:962][403]LogModuleManager: Shutting down and abandoning module MeshPaint (110)
[2017.01.30-18.17.50:962][403]LogModuleManager: Shutting down and abandoning module PixelInspectorModule (109)
[2017.01.30-18.17.50:974][403]LogModuleManager: Shutting down and abandoning module HotReload (108)
[2017.01.30-18.17.50:992][403]LogModuleManager: Shutting down and abandoning module MainFrame (107)
[2017.01.30-18.17.50:992][403]LogModuleManager: Shutting down and abandoning module LevelEditor (106)
[2017.01.30-18.17.51:013][403]LogModuleManager: Shutting down and abandoning module ContentBrowser (105)
[2017.01.30-18.17.51:014][403]LogModuleManager: Shutting down and abandoning module Paper2DEditor (104)
[2017.01.30-18.17.51:034][403]LogModuleManager: Shutting down and abandoning module UdpMessaging (103)
[2017.01.30-18.17.51:135][403]LogModuleManager: Shutting down and abandoning module TcpMessaging (102)
[2017.01.30-18.17.51:245][403]LogModuleManager: Shutting down and abandoning module LightPropagationVolumeRuntime (101)
[2017.01.30-18.17.51:245][403]LogModuleManager: Shutting down and abandoning module Paper2D (100)
[2017.01.30-18.17.51:252][403]LogModuleManager: Shutting down and abandoning module WindowsMoviePlayer (99)
[2017.01.30-18.17.51:258][403]LogModuleManager: Shutting down and abandoning module WmfMedia (98)
[2017.01.30-18.17.51:271][403]LogModuleManager: Shutting down and abandoning module MediaAssets (97)
[2017.01.30-18.17.51:271][403]LogModuleManager: Shutting down and abandoning module GameLiveStreaming (96)
[2017.01.30-18.17.51:280][403]LogModuleManager: Shutting down and abandoning module GameplayTagsEditor (95)
[2017.01.30-18.17.51:280][403]LogModuleManager: Shutting down and abandoning module VREditor (94)
[2017.01.30-18.17.51:280][403]LogModuleManager: Shutting down and abandoning module GameplayTasksEditor (93)
[2017.01.30-18.17.51:280][403]LogModuleManager: Shutting down and abandoning module BehaviorTreeEditor (92)
[2017.01.30-18.17.51:313][403]LogModuleManager: Shutting down and abandoning module FunctionalTesting (91)
[2017.01.30-18.17.51:323][403]LogModuleManager: Shutting down and abandoning module CollisionAnalyzer (90)
[2017.01.30-18.17.51:333][403]LogModuleManager: Shutting down and abandoning module Sequencer (89)
[2017.01.30-18.17.51:348][403]LogModuleManager: Shutting down and abandoning module WorkspaceMenuStructure (88)
[2017.01.30-18.17.51:348][403]LogModuleManager: Shutting down and abandoning module MessageLog (87)
[2017.01.30-18.17.51:348][403]LogModuleManager: Shutting down and abandoning module AssetTools (86)
[2017.01.30-18.17.51:371][403]LogModuleManager: Shutting down and abandoning module UMGEditor (85)
[2017.01.30-18.17.51:398][403]LogModuleManager: Shutting down and abandoning module UMG (84)
[2017.01.30-18.17.51:416][403]LogModuleManager: Shutting down and abandoning module SlateReflector (83)
[2017.01.30-18.17.51:448][403]LogModuleManager: Shutting down and abandoning module Slate (82)
[2017.01.30-18.17.51:448][403]LogModuleManager: Shutting down and abandoning module EditorStyle (81)
[2017.01.30-18.17.51:459][403]LogModuleManager: Shutting down and abandoning module SourceCodeAccess (80)
[2017.01.30-18.17.51:459][403]LogModuleManager: Shutting down and abandoning module HeadMountedDisplay (79)
[2017.01.30-18.17.51:459][403]LogModuleManager: Shutting down and abandoning module XAudio2 (78)
[2017.01.30-18.17.51:459][403]LogModuleManager: Shutting down and abandoning module Networking (76)
[2017.01.30-18.17.51:459][403]LogModuleManager: Shutting down and abandoning module Core (75)
[2017.01.30-18.17.51:459][403]LogModuleManager: Shutting down and abandoning module DirectoryWatcher (74)
[2017.01.30-18.17.51:460][403]LogDirectoryWatcher: A directory notification for '../../../Engine/Content/' was aborted.
[2017.01.30-18.17.51:460][403]LogDirectoryWatcher: A directory notification for 'C:/Users/Balti/Documents/gitPGVNuevo/Content/' was aborted.
[2017.01.30-18.17.51:460][403]LogDirectoryWatcher: A directory notification for '../../../Engine/Plugins/2D/Paper2D/Content/' was aborted.
[2017.01.30-18.17.51:460][403]LogModuleManager: Shutting down and abandoning module AssetRegistry (73)
[2017.01.30-18.17.51:645][403]LogModuleManager: Shutting down and abandoning module KismetCompiler (72)
[2017.01.30-18.17.51:645][403]LogModuleManager: Shutting down and abandoning module PhysXFormats (71)
[2017.01.30-18.17.51:657][403]LogModuleManager: Shutting down and abandoning module SimplygonSwarm (70)
[2017.01.30-18.17.51:668][403]LogModuleManager: Shutting down and abandoning module SimplygonMeshReduction (69)
[2017.01.30-18.17.51:675][403]LogModuleManager: Shutting down and abandoning module QuadricMeshReduction (68)
[2017.01.30-18.17.51:687][403]LogModuleManager: Shutting down and abandoning module PropertyEditor (67)
[2017.01.30-18.17.51:687][403]LogModuleManager: Shutting down and abandoning module MeshUtilities (66)
[2017.01.30-18.17.51:699][403]LogModuleManager: Shutting down and abandoning module DerivedDataCache (65)
[2017.01.30-18.17.51:789][403]LogDerivedDataCache: Shutdown
[2017.01.30-18.17.51:790][403]LogModuleManager: Shutting down and abandoning module VulkanShaderFormat (64)
[2017.01.30-18.17.51:798][403]LogModuleManager: Shutting down and abandoning module ShaderFormatOpenGL (63)
[2017.01.30-18.17.51:811][403]LogModuleManager: Shutting down and abandoning module ShaderFormatD3D (62)
[2017.01.30-18.17.51:820][403]LogModuleManager: Shutting down and abandoning module MetalShaderFormat (61)
[2017.01.30-18.17.51:830][403]LogModuleManager: Shutting down and abandoning module TextureFormatUncompressed (60)
[2017.01.30-18.17.51:830][403]LogModuleManager: Shutting down and abandoning module TextureFormatPVR (59)
[2017.01.30-18.17.51:842][403]LogModuleManager: Shutting down and abandoning module TextureFormatDXT (58)
[2017.01.30-18.17.51:852][403]LogModuleManager: Shutting down and abandoning module TextureFormatIntelISPCTexComp (57)
[2017.01.30-18.17.51:866][403]LogModuleManager: Shutting down and abandoning module ImageWrapper (56)
[2017.01.30-18.17.51:866][403]LogModuleManager: Shutting down and abandoning module TextureFormatASTC (55)
[2017.01.30-18.17.51:866][403]LogModuleManager: Shutting down and abandoning module TextureFormatAndroid (54)
[2017.01.30-18.17.51:866][403]LogModuleManager: Shutting down and abandoning module AudioFormatOpus (53)
[2017.01.30-18.17.51:878][403]LogModuleManager: Shutting down and abandoning module AudioFormatOgg (52)
[2017.01.30-18.17.51:885][403]LogModuleManager: Shutting down and abandoning module AudioFormatADPCM (51)
[2017.01.30-18.17.51:885][403]LogModuleManager: Shutting down and abandoning module LinuxTargetPlatform (50)
[2017.01.30-18.17.51:885][403]LogModuleManager: Shutting down and abandoning module LinuxServerTargetPlatform (49)
[2017.01.30-18.17.51:893][403]LogModuleManager: Shutting down and abandoning module LinuxNoEditorTargetPlatform (48)
[2017.01.30-18.17.51:909][403]LogModuleManager: Shutting down and abandoning module LinuxClientTargetPlatform (47)
[2017.01.30-18.17.51:914][403]LogModuleManager: Shutting down and abandoning module TVOSTargetPlatform (46)
[2017.01.30-18.17.51:914][403]LogModuleManager: Shutting down and abandoning module Messaging (45)
[2017.01.30-18.17.51:914][403]LogModuleManager: Shutting down and abandoning module IOSTargetPlatform (44)
[2017.01.30-18.17.51:914][403]LogModuleManager: Shutting down and abandoning module HTML5TargetPlatform (43)
[2017.01.30-18.17.51:914][403]LogModuleManager: Shutting down and abandoning module Android_PVRTCTargetPlatform (42)
[2017.01.30-18.17.51:914][403]LogModuleManager: Shutting down and abandoning module Android_MultiTargetPlatform (41)
[2017.01.30-18.17.51:914][403]LogModuleManager: Shutting down and abandoning module Android_ETC2TargetPlatform (40)
[2017.01.30-18.17.51:914][403]LogModuleManager: Shutting down and abandoning module Android_ETC1TargetPlatform (39)
[2017.01.30-18.17.51:914][403]LogModuleManager: Shutting down and abandoning module Android_DXTTargetPlatform (38)
[2017.01.30-18.17.51:914][403]LogModuleManager: Shutting down and abandoning module Android_ATCTargetPlatform (37)
[2017.01.30-18.17.51:914][403]LogModuleManager: Shutting down and abandoning module Android_ASTCTargetPlatform (36)
[2017.01.30-18.17.51:914][403]LogModuleManager: Shutting down and abandoning module AndroidTargetPlatform (35)
[2017.01.30-18.17.51:914][403]LogModuleManager: Shutting down and abandoning module WindowsTargetPlatform (34)
[2017.01.30-18.17.51:914][403]LogModuleManager: Shutting down and abandoning module WindowsServerTargetPlatform (33)
[2017.01.30-18.17.51:920][403]LogModuleManager: Shutting down and abandoning module WindowsNoEditorTargetPlatform (32)
[2017.01.30-18.17.51:932][403]LogModuleManager: Shutting down and abandoning module WindowsClientTargetPlatform (31)
[2017.01.30-18.17.51:938][403]LogModuleManager: Shutting down and abandoning module MacTargetPlatform (30)
[2017.01.30-18.17.51:938][403]LogModuleManager: Shutting down and abandoning module MacServerTargetPlatform (29)
[2017.01.30-18.17.51:938][403]LogModuleManager: Shutting down and abandoning module MacNoEditorTargetPlatform (28)
[2017.01.30-18.17.51:938][403]LogModuleManager: Shutting down and abandoning module MacClientTargetPlatform (27)
[2017.01.30-18.17.51:938][403]LogModuleManager: Shutting down and abandoning module AllDesktopTargetPlatform (26)
[2017.01.30-18.17.51:938][403]LogModuleManager: Shutting down and abandoning module TargetPlatform (25)
[2017.01.30-18.17.51:938][403]LogModuleManager: Shutting down and abandoning module InputCore (24)
[2017.01.30-18.17.51:938][403]LogModuleManager: Shutting down and abandoning module Settings (23)
[2017.01.30-18.17.51:938][403]LogModuleManager: Shutting down and abandoning module OculusRift (22)
[2017.01.30-18.17.51:945][403]LogModuleManager: Shutting down and abandoning module ExampleDeviceProfileSelector (21)
[2017.01.30-18.17.51:945][403]LogModuleManager: Shutting down and abandoning module OnlineBlueprintSupport (20)
[2017.01.30-18.17.51:945][403]LogModuleManager: Shutting down and abandoning module OnlineSubsystem (18)
[2017.01.30-18.17.51:945][403]LogOnline:Display: Unloading online subsystem: NULL
[2017.01.30-18.17.51:963][403]LogModuleManager: Shutting down and abandoning module SSL (17)
[2017.01.30-18.17.51:979][403]LogModuleManager: Shutting down and abandoning module HTTP (16)
[2017.01.30-18.17.51:979][403]LogModuleManager: Shutting down and abandoning module XMPP (15)
[2017.01.30-18.17.51:994][403]LogModuleManager: Shutting down and abandoning module TextureCompressor (14)
[2017.01.30-18.17.52:152][403]LogModuleManager: Shutting down and abandoning module ShaderCore (13)
[2017.01.30-18.17.52:152][403]LogModuleManager: Shutting down and abandoning module Landscape (12)
[2017.01.30-18.17.52:152][403]LogModuleManager: Shutting down and abandoning module SlateRHIRenderer (11)
[2017.01.30-18.17.52:204][403]LogModuleManager: Shutting down and abandoning module OpenGLDrv (10)
[2017.01.30-18.17.52:225][403]LogModuleManager: Shutting down and abandoning module D3D11RHI (9)
[2017.01.30-18.17.52:225][403]LogModuleManager: Shutting down and abandoning module AnimGraphRuntime (8)
[2017.01.30-18.17.52:233][403]LogModuleManager: Shutting down and abandoning module Renderer (7)
[2017.01.30-18.17.52:244][403]LogModuleManager: Shutting down and abandoning module Engine (6)
[2017.01.30-18.17.52:244][403]LogModuleManager: Shutting down and abandoning module CoreUObject (5)
[2017.01.30-18.17.52:244][403]LogModuleManager: Shutting down and abandoning module NetworkFile (4)
[2017.01.30-18.17.52:257][403]LogModuleManager: Shutting down and abandoning module StreamingFile (3)
[2017.01.30-18.17.52:264][403]LogModuleManager: Shutting down and abandoning module SandboxFile (2)
[2017.01.30-18.17.52:271][403]LogModuleManager: Shutting down and abandoning module PakFile (1)
[2017.01.30-18.17.52:286][403]LogExit: Exiting.
[2017.01.30-18.17.52:301][403]Log file closed, 01/30/17 19:17:52
