Log file open, 01/30/17 19:48:26
LogInit:Display: Running engine for game: PGV
LogPlatformFile: Not using cached read wrapper
LogInit:Display: RandInit(-1332761925) SRandInit(-1332761925).
LogTaskGraph: Started task graph with 5 named threads and 8 total threads with 1 sets of task threads.
LogStats: Stats thread started at 0.082090
LogPluginManager: Loaded Plugin Paper2D, From E:/Programas/Epic Games/4.14/Engine/Plugins/2D/Paper2D/Paper2D.uplugin
LogPluginManager: Loaded Plugin LightPropagationVolume, From E:/Programas/Epic Games/4.14/Engine/Plugins/Blendables/LightPropagationVolume/LightPropagationVolume.uplugin
LogPluginManager: Loaded Plugin BlankPlugin, From E:/Programas/Epic Games/4.14/Engine/Plugins/Developer/BlankPlugin/BlankPlugin.uplugin
LogPluginManager: Loaded Plugin CodeLiteSourceCodeAccess, From E:/Programas/Epic Games/4.14/Engine/Plugins/Developer/CodeLiteSourceCodeAccess/CodeLiteSourceCodeAccess.uplugin
LogPluginManager: Loaded Plugin GitSourceControl, From E:/Programas/Epic Games/4.14/Engine/Plugins/Developer/GitSourceControl/GitSourceControl.uplugin
LogPluginManager: Loaded Plugin KDevelopSourceCodeAccess, From E:/Programas/Epic Games/4.14/Engine/Plugins/Developer/KDevelopSourceCodeAccess/KDevelopSourceCodeAccess.uplugin
LogPluginManager: Loaded Plugin NullSourceCodeAccess, From E:/Programas/Epic Games/4.14/Engine/Plugins/Developer/NullSourceCodeAccess/NullSourceCodeAccess.uplugin
LogPluginManager: Loaded Plugin OneSkyLocalizationService, From E:/Programas/Epic Games/4.14/Engine/Plugins/Developer/OneSkyLocalizationService/OneSkyLocalizationService.uplugin
LogPluginManager: Loaded Plugin PerforceSourceControl, From E:/Programas/Epic Games/4.14/Engine/Plugins/Developer/PerforceSourceControl/PerforceSourceControl.uplugin
LogPluginManager: Loaded Plugin SubversionSourceControl, From E:/Programas/Epic Games/4.14/Engine/Plugins/Developer/SubversionSourceControl/SubversionSourceControl.uplugin
LogPluginManager: Loaded Plugin UObjectPlugin, From E:/Programas/Epic Games/4.14/Engine/Plugins/Developer/UObjectPlugin/UObjectPlugin.uplugin
LogPluginManager: Loaded Plugin VisualStudioSourceCodeAccess, From E:/Programas/Epic Games/4.14/Engine/Plugins/Developer/VisualStudioSourceCodeAccess/VisualStudioSourceCodeAccess.uplugin
LogPluginManager: Loaded Plugin XCodeSourceCodeAccess, From E:/Programas/Epic Games/4.14/Engine/Plugins/Developer/XCodeSourceCodeAccess/XCodeSourceCodeAccess.uplugin
LogPluginManager: Loaded Plugin AudioCapture, From E:/Programas/Epic Games/4.14/Engine/Plugins/Editor/AudioCapture/AudioCapture.uplugin
LogPluginManager: Loaded Plugin EpicSurvey, From E:/Programas/Epic Games/4.14/Engine/Plugins/Editor/EpicSurvey/EpicSurvey.uplugin
LogPluginManager: Loaded Plugin MacGraphicsSwitching, From E:/Programas/Epic Games/4.14/Engine/Plugins/Editor/MacGraphicsSwitching/MacGraphicsSwitching.uplugin
LogPluginManager: Loaded Plugin MobileLauncherProfileWizard, From E:/Programas/Epic Games/4.14/Engine/Plugins/Editor/MobileLauncherProfileWizard/MobileLauncherProfileWizard.uplugin
LogPluginManager: Loaded Plugin PluginBrowser, From E:/Programas/Epic Games/4.14/Engine/Plugins/Editor/PluginBrowser/PluginBrowser.uplugin
LogPluginManager: Loaded Plugin SpeedTreeImporter, From E:/Programas/Epic Games/4.14/Engine/Plugins/Editor/SpeedTreeImporter/SpeedTreeImporter.uplugin
LogPluginManager: Loaded Plugin SuperSearchEditor, From E:/Programas/Epic Games/4.14/Engine/Plugins/Editor/SuperSearchEditor/SuperSearchEditor.uplugin
LogPluginManager: Loaded Plugin AlembicImporter, From E:/Programas/Epic Games/4.14/Engine/Plugins/Experimental/AlembicImporter/AlembicImporter.uplugin
LogPluginManager: Loaded Plugin BlueprintStats, From E:/Programas/Epic Games/4.14/Engine/Plugins/Experimental/BlueprintStats/BlueprintStats.uplugin
LogPluginManager: Loaded Plugin CharacterAI, From E:/Programas/Epic Games/4.14/Engine/Plugins/Experimental/CharacterAI/CharacterAI.uplugin
LogPluginManager: Loaded Plugin CodeEditor, From E:/Programas/Epic Games/4.14/Engine/Plugins/Experimental/CodeEditor/CodeEditor.uplugin
LogPluginManager: Loaded Plugin CodeView, From E:/Programas/Epic Games/4.14/Engine/Plugins/Experimental/CodeView/CodeView.uplugin
LogPluginManager: Loaded Plugin HTML5Networking, From E:/Programas/Epic Games/4.14/Engine/Plugins/Experimental/HTML5Networking/HTML5Networking.uplugin
LogPluginManager: Loaded Plugin OSVR, From E:/Programas/Epic Games/4.14/Engine/Plugins/Experimental/OSVR/OSVR.uplugin
LogPluginManager: Loaded Plugin Phya, From E:/Programas/Epic Games/4.14/Engine/Plugins/Experimental/Phya/Phya.uplugin
LogPluginManager: Loaded Plugin SignificanceManager, From E:/Programas/Epic Games/4.14/Engine/Plugins/Experimental/SignificanceManager/SignificanceManager.uplugin
LogPluginManager: Loaded Plugin SimpleHMD, From E:/Programas/Epic Games/4.14/Engine/Plugins/Experimental/SimpleHMD/SimpleHMD.uplugin
LogPluginManager: Loaded Plugin StereoPanorama, From E:/Programas/Epic Games/4.14/Engine/Plugins/Experimental/StereoPanorama/StereoPanorama.uplugin
LogPluginManager: Loaded Plugin StructBox, From E:/Programas/Epic Games/4.14/Engine/Plugins/Experimental/StructBox/StructBox.uplugin
LogPluginManager: Loaded Plugin AndroidMedia, From E:/Programas/Epic Games/4.14/Engine/Plugins/Media/AndroidMedia/AndroidMedia.uplugin
LogPluginManager: Loaded Plugin AvfMedia, From E:/Programas/Epic Games/4.14/Engine/Plugins/Media/AvfMedia/AvfMedia.uplugin
LogPluginManager: Loaded Plugin MediaPlayerEditor, From E:/Programas/Epic Games/4.14/Engine/Plugins/Media/MediaPlayerEditor/MediaPlayerEditor.uplugin
LogPluginManager: Loaded Plugin WmfMedia, From E:/Programas/Epic Games/4.14/Engine/Plugins/Media/WmfMedia/WmfMedia.uplugin
LogPluginManager: Loaded Plugin MessagingDebugger, From E:/Programas/Epic Games/4.14/Engine/Plugins/Messaging/MessagingDebugger/MessagingDebugger.uplugin
LogPluginManager: Loaded Plugin TcpMessaging, From E:/Programas/Epic Games/4.14/Engine/Plugins/Messaging/TcpMessaging/TcpMessaging.uplugin
LogPluginManager: Loaded Plugin UdpMessaging, From E:/Programas/Epic Games/4.14/Engine/Plugins/Messaging/UdpMessaging/UdpMessaging.uplugin
LogPluginManager: Loaded Plugin LevelSequenceEditor, From E:/Programas/Epic Games/4.14/Engine/Plugins/MovieScene/LevelSequenceEditor/LevelSequenceEditor.uplugin
LogPluginManager: Loaded Plugin MatineeToLevelSequence, From E:/Programas/Epic Games/4.14/Engine/Plugins/MovieScene/MatineeToLevelSequence/MatineeToLevelSequence.uplugin
LogPluginManager: Loaded Plugin NetcodeUnitTest, From E:/Programas/Epic Games/4.14/Engine/Plugins/NetcodeUnitTest/NetcodeUnitTest/NetcodeUnitTest.uplugin
LogPluginManager: Loaded Plugin NUTUnrealEngine4, From E:/Programas/Epic Games/4.14/Engine/Plugins/NetcodeUnitTest/NUTUnrealEngine4/NUTUnrealEngine4.uplugin
LogPluginManager: Loaded Plugin OnlineSubsystemGameCircle, From E:/Programas/Epic Games/4.14/Engine/Plugins/Online/Android/OnlineSubsystemGameCircle/OnlineSubsystemGameCircle.uplugin
LogPluginManager: Loaded Plugin OnlineSubsystemGooglePlay, From E:/Programas/Epic Games/4.14/Engine/Plugins/Online/Android/OnlineSubsystemGooglePlay/OnlineSubsystemGooglePlay.uplugin
LogPluginManager: Loaded Plugin OnlineSubsystemIOS, From E:/Programas/Epic Games/4.14/Engine/Plugins/Online/IOS/OnlineSubsystemIOS/OnlineSubsystemIOS.uplugin
LogPluginManager: Loaded Plugin OnlineFramework, From E:/Programas/Epic Games/4.14/Engine/Plugins/Online/OnlineFramework/OnlineFramework.uplugin
LogPluginManager: Loaded Plugin OnlineSubsystem, From E:/Programas/Epic Games/4.14/Engine/Plugins/Online/OnlineSubsystem/OnlineSubsystem.uplugin
LogPluginManager: Loaded Plugin OnlineSubsystemAmazon, From E:/Programas/Epic Games/4.14/Engine/Plugins/Online/OnlineSubsystemAmazon/OnlineSubsystemAmazon.uplugin
LogPluginManager: Loaded Plugin OnlineSubsystemFacebook, From E:/Programas/Epic Games/4.14/Engine/Plugins/Online/OnlineSubsystemFacebook/OnlineSubsystemFacebook.uplugin
LogPluginManager: Loaded Plugin OnlineSubsystemNull, From E:/Programas/Epic Games/4.14/Engine/Plugins/Online/OnlineSubsystemNull/OnlineSubsystemNull.uplugin
LogPluginManager: Loaded Plugin OnlineSubsystemOculus, From E:/Programas/Epic Games/4.14/Engine/Plugins/Online/OnlineSubsystemOculus/OnlineSubsystemOculus.uplugin
LogPluginManager: Loaded Plugin OnlineSubsystemSteam, From E:/Programas/Epic Games/4.14/Engine/Plugins/Online/OnlineSubsystemSteam/OnlineSubsystemSteam.uplugin
LogPluginManager: Loaded Plugin OnlineSubsystemUtils, From E:/Programas/Epic Games/4.14/Engine/Plugins/Online/OnlineSubsystemUtils/OnlineSubsystemUtils.uplugin
LogPluginManager: Loaded Plugin IOSTapJoy, From E:/Programas/Epic Games/4.14/Engine/Plugins/Runtime/Advertising/IOSTapJoy/IOSTapJoy.uplugin
LogPluginManager: Loaded Plugin AnalyticsBlueprintLibrary, From E:/Programas/Epic Games/4.14/Engine/Plugins/Runtime/Analytics/AnalyticsBlueprintLibrary/AnalyticsBlueprintLibrary.uplugin
LogPluginManager: Loaded Plugin AnalyticsMulticast, From E:/Programas/Epic Games/4.14/Engine/Plugins/Runtime/Analytics/AnalyticsMulticast/AnalyticsMulticast.uplugin
LogPluginManager: Loaded Plugin Apsalar, From E:/Programas/Epic Games/4.14/Engine/Plugins/Runtime/Analytics/Apsalar/Apsalar.uplugin
LogPluginManager: Loaded Plugin FileLogging, From E:/Programas/Epic Games/4.14/Engine/Plugins/Runtime/Analytics/FileLogging/FileLogging.uplugin
LogPluginManager: Loaded Plugin Flurry, From E:/Programas/Epic Games/4.14/Engine/Plugins/Runtime/Analytics/Flurry/Flurry.uplugin
LogPluginManager: Loaded Plugin AndroidDeviceProfileSelector, From E:/Programas/Epic Games/4.14/Engine/Plugins/Runtime/AndroidDeviceProfileSelector/AndroidDeviceProfileSelector.uplugin
LogPluginManager: Loaded Plugin AndroidMoviePlayer, From E:/Programas/Epic Games/4.14/Engine/Plugins/Runtime/AndroidMoviePlayer/AndroidMoviePlayer.uplugin
LogPluginManager: Loaded Plugin AppleMoviePlayer, From E:/Programas/Epic Games/4.14/Engine/Plugins/Runtime/AppleMoviePlayer/AppleMoviePlayer.uplugin
LogPluginManager: Loaded Plugin ArchVisCharacter, From E:/Programas/Epic Games/4.14/Engine/Plugins/Runtime/ArchVisCharacter/ArchVisCharacter.uplugin
LogPluginManager: Loaded Plugin CableComponent, From E:/Programas/Epic Games/4.14/Engine/Plugins/Runtime/CableComponent/CableComponent.uplugin
LogPluginManager: Loaded Plugin CustomMeshComponent, From E:/Programas/Epic Games/4.14/Engine/Plugins/Runtime/CustomMeshComponent/CustomMeshComponent.uplugin
LogPluginManager: Loaded Plugin ExampleDeviceProfileSelector, From E:/Programas/Epic Games/4.14/Engine/Plugins/Runtime/ExampleDeviceProfileSelector/ExampleDeviceProfileSelector.uplugin
LogPluginManager: Loaded Plugin GearVR, From E:/Programas/Epic Games/4.14/Engine/Plugins/Runtime/GearVR/GearVR.uplugin
LogPluginManager: Loaded Plugin GoogleVRController, From E:/Programas/Epic Games/4.14/Engine/Plugins/Runtime/GoogleVR/GoogleVRController/GoogleVRController.uplugin
LogPluginManager: Loaded Plugin GoogleVRHMD, From E:/Programas/Epic Games/4.14/Engine/Plugins/Runtime/GoogleVR/GoogleVRHMD/GoogleVRHMD.uplugin
LogPluginManager: Loaded Plugin IOSDeviceProfileSelector, From E:/Programas/Epic Games/4.14/Engine/Plugins/Runtime/IOSDeviceProfileSelector/IOSDeviceProfileSelector.uplugin
LogPluginManager: Loaded Plugin LeapMotion, From E:/Programas/Epic Games/4.14/Engine/Plugins/Runtime/LeapMotion/LeapMotion.uplugin
LogPluginManager: Loaded Plugin LinuxDeviceProfileSelector, From E:/Programas/Epic Games/4.14/Engine/Plugins/Runtime/LinuxDeviceProfileSelector/LinuxDeviceProfileSelector.uplugin
LogPluginManager: Loaded Plugin MIDIDevice, From E:/Programas/Epic Games/4.14/Engine/Plugins/Runtime/MIDIDevice/MIDIDevice.uplugin
LogPluginManager: Loaded Plugin MobilePatchingUtils, From E:/Programas/Epic Games/4.14/Engine/Plugins/Runtime/MobilePatchingUtils/MobilePatchingUtils.uplugin
LogPluginManager: Loaded Plugin Ansel, From E:/Programas/Epic Games/4.14/Engine/Plugins/Runtime/Nvidia/Ansel/Ansel.uplugin
LogPluginManager: Loaded Plugin OculusAudio, From E:/Programas/Epic Games/4.14/Engine/Plugins/Runtime/OculusAudio/OculusAudio.uplugin
LogPluginManager: Loaded Plugin OculusInput, From E:/Programas/Epic Games/4.14/Engine/Plugins/Runtime/OculusInput/OculusInput.uplugin
LogPluginManager: Loaded Plugin OculusLibrary, From E:/Programas/Epic Games/4.14/Engine/Plugins/Runtime/OculusLibrary/OculusLibrary.uplugin
LogPluginManager: Loaded Plugin OculusRift, From E:/Programas/Epic Games/4.14/Engine/Plugins/Runtime/OculusRift/OculusRift.uplugin
LogPluginManager: Loaded Plugin Oodle, From E:/Programas/Epic Games/4.14/Engine/Plugins/Runtime/PacketHandlers/CompressionComponents/Oodle/Oodle.uplugin
LogPluginManager: Loaded Plugin ProceduralMeshComponent, From E:/Programas/Epic Games/4.14/Engine/Plugins/Runtime/ProceduralMeshComponent/ProceduralMeshComponent.uplugin
LogPluginManager: Loaded Plugin SoundMod, From E:/Programas/Epic Games/4.14/Engine/Plugins/Runtime/SoundMod/SoundMod.uplugin
LogPluginManager: Loaded Plugin SoundVisualizations, From E:/Programas/Epic Games/4.14/Engine/Plugins/Runtime/SoundVisualizations/SoundVisualizations.uplugin
LogPluginManager: Loaded Plugin SteamController, From E:/Programas/Epic Games/4.14/Engine/Plugins/Runtime/Steam/SteamController/SteamController.uplugin
LogPluginManager: Loaded Plugin SteamVR, From E:/Programas/Epic Games/4.14/Engine/Plugins/Runtime/Steam/SteamVR/SteamVR.uplugin
LogPluginManager: Loaded Plugin WebBrowserWidget, From E:/Programas/Epic Games/4.14/Engine/Plugins/Runtime/WebBrowserWidget/WebBrowserWidget.uplugin
LogPluginManager: Loaded Plugin WindowsDeviceProfileSelector, From E:/Programas/Epic Games/4.14/Engine/Plugins/Runtime/WindowsDeviceProfileSelector/WindowsDeviceProfileSelector.uplugin
LogPluginManager: Loaded Plugin WindowsMoviePlayer, From E:/Programas/Epic Games/4.14/Engine/Plugins/Runtime/WindowsMoviePlayer/WindowsMoviePlayer.uplugin
LogPluginManager: Loaded Plugin ScriptPlugin, From E:/Programas/Epic Games/4.14/Engine/Plugins/ScriptPlugin/ScriptPlugin.uplugin
LogPluginManager: Loaded Plugin SlateRemote, From E:/Programas/Epic Games/4.14/Engine/Plugins/Slate/SlateRemote/SlateRemote.uplugin
LogPluginManager: Loaded Plugin EditorTests, From E:/Programas/Epic Games/4.14/Engine/Plugins/Tests/EditorTests/EditorTests.uplugin
LogPluginManager: Loaded Plugin FbxAutomationTestBuilder, From E:/Programas/Epic Games/4.14/Engine/Plugins/Tests/FbxAutomationTestBuilder/FbxAutomationTestBuilder.uplugin
LogPluginManager: Loaded Plugin FunctionalTestingEditor, From E:/Programas/Epic Games/4.14/Engine/Plugins/Tests/FunctionalTestingEditor/FunctionalTestingEditor.uplugin
LogPluginManager: Loaded Plugin RuntimeTests, From E:/Programas/Epic Games/4.14/Engine/Plugins/Tests/RuntimeTests/RuntimeTests.uplugin
LogPluginManager: Loaded Plugin ScreenshotTools, From E:/Programas/Epic Games/4.14/Engine/Plugins/Tests/ScreenshotTools/ScreenshotTools.uplugin
LogInit: Using libcurl 7.47.1
LogInit:  - built for x86_64-pc-win32
LogInit:  - supports SSL with OpenSSL/1.0.2g
LogInit:  - supports HTTP deflate (compression) using libz 1.2.8
LogInit:  - other features:
LogInit:      CURL_VERSION_SSL
LogInit:      CURL_VERSION_LIBZ
LogInit:      CURL_VERSION_IPV6
LogInit:      CURL_VERSION_ASYNCHDNS
LogInit:      CURL_VERSION_LARGEFILE
LogInit:      CURL_VERSION_IDN
LogInit:  CurlRequestOptions (configurable via config and command line):
LogInit:  - bVerifyPeer = false  - Libcurl will NOT verify peer certificate
LogInit:  - bUseHttpProxy = false  - Libcurl will NOT use HTTP proxy
LogInit:  - bDontReuseConnections = false  - Libcurl will reuse connections
LogInit:  - CertBundlePath = nullptr  - Libcurl will use whatever was configured at build time.
LogInit: Build: ++UE4+Release-4.14-CL-3249277
LogInit: Engine Version: 4.14.3-3249277+++UE4+Release-4.14
LogInit: Compatible Engine Version: 4.14.0-3195953+++UE4+Release-4.14
LogInit: Net CL: 3195953
LogDevObjectVersion: Number of dev versions registered: 13
LogDevObjectVersion:   Dev-Blueprints (B0D832E4-1F89-4F0D-ACCF-7EB736FD4AA2): 7
LogDevObjectVersion:   Dev-Build (E1C64328-A22C-4D53-A36C-8E866417BD8C): 0
LogDevObjectVersion:   Dev-Core (375EC13C-06E4-48FB-B500-84F0262A717E): 1
LogDevObjectVersion:   Dev-Editor (E4B068ED-F494-42E9-A231-DA0B2E46BB41): 8
LogDevObjectVersion:   Dev-Framework (CFFC743F-43B0-4480-9391-14DF171D2073): 17
LogDevObjectVersion:   Dev-Mobile (B02B49B5-BB20-44E9-A304-32B752E40360): 0
LogDevObjectVersion:   Dev-Networking (A4E4105C-59A1-49B5-A7C5-40C4547EDFEE): 0
LogDevObjectVersion:   Dev-Online (39C831C9-5AE6-47DC-9A44-9C173E1C8E7C): 0
LogDevObjectVersion:   Dev-Physics (78F01B33-EBEA-4F98-B9B4-84EACCB95AA2): 0
LogDevObjectVersion:   Dev-Platform (6631380F-2D4D-43E0-8009-CF276956A95A): 0
LogDevObjectVersion:   Dev-Rendering (12F88B9F-8875-4AFC-A67C-D90C383ABD29): 12
LogDevObjectVersion:   Dev-Sequencer (7B5AE74C-D270-4C10-A958-57980B212A5A): 1
LogDevObjectVersion:   Dev-VR (D7296918-1DD6-4BDD-9DE2-64A83CC13884): 0
LogInit: Compiled (64-bit): Jan  6 2017 10:49:43
LogInit: Compiled with Visual C++: 19.00.23026.00
LogInit: Build Configuration: Development
LogInit: Branch Name: ++UE4+Release-4.14
LogInit: Command line:  
LogInit: Base directory: E:/Programas/Epic Games/4.14/Engine/Binaries/Win64/
LogInit: Installed Engine Build: 1
LogInit: Presizing for max 8388607 objects, including 0 objects not considered by GC, pre-allocating 0 bytes for permanent pool.
LogInit: Object subsystem initialized
[2017.01.30-18.48.26:819][  0]LogInit: Selected Device Profile: [Windows]
[2017.01.30-18.48.26:819][  0]LogInit: Applying CVar settings loaded from the selected device profile: [Windows]
[2017.01.30-18.48.26:869][  0]LogInit: Computer: DESKTOP-9KADCSO
[2017.01.30-18.48.26:869][  0]LogInit: User: Balti
[2017.01.30-18.48.26:869][  0]LogInit: CPU Page size=65536, Cores=4
[2017.01.30-18.48.26:869][  0]LogInit: High frequency timer resolution =2.531252 MHz
[2017.01.30-18.48.26:869][  0]LogMemory: Memory total: Physical=15.9GB (16GB approx)
[2017.01.30-18.48.26:869][  0]LogMemory: Platform Memory Stats for Windows
[2017.01.30-18.48.26:869][  0]LogMemory: Process Physical Memory: 264.66 MB used, 264.66 MB peak
[2017.01.30-18.48.26:869][  0]LogMemory: Process Virtual Memory: 262.66 MB used, 262.66 MB peak
[2017.01.30-18.48.26:869][  0]LogMemory: Physical Memory: 10777.76 MB used,  5482.79 MB free, 16260.54 MB total
[2017.01.30-18.48.26:869][  0]LogMemory: Virtual Memory: 676.54 MB used,  5482.79 MB free, 134217728.00 MB total
[2017.01.30-18.48.27:029][  0]LogInit: Overriding culture en with editor configuration.
[2017.01.30-18.48.30:153][  0]LogD3D11RHI: D3D11 adapters:
[2017.01.30-18.48.30:852][  0]LogD3D11RHI:    0. 'NVIDIA GeForce GTX 1060' (Feature Level 11_0)
[2017.01.30-18.48.30:852][  0]LogD3D11RHI:       3019/0/8130 MB DedicatedVideo/DedicatedSystem/SharedSystem, Outputs:1, VendorId:0x10de
[2017.01.30-18.48.30:861][  0]LogD3D11RHI:    1. 'Intel(R) HD Graphics 530' (Feature Level 11_0)
[2017.01.30-18.48.30:861][  0]LogD3D11RHI:       128/0/8130 MB DedicatedVideo/DedicatedSystem/SharedSystem, Outputs:0, VendorId:0x8086
[2017.01.30-18.48.30:863][  0]LogD3D11RHI:    2. 'Microsoft Basic Render Driver' (Feature Level 11_0)
[2017.01.30-18.48.30:863][  0]LogD3D11RHI:       0/0/8130 MB DedicatedVideo/DedicatedSystem/SharedSystem, Outputs:0, VendorId:0x1414
[2017.01.30-18.48.30:863][  0]LogD3D11RHI: Chosen D3D11 Adapter: 0
[2017.01.30-18.48.30:868][  0]LogD3D11RHI: Creating new Direct3DDevice
[2017.01.30-18.48.30:868][  0]LogD3D11RHI:     GPU DeviceId: 0x1c20 (for the marketing name, search the web for "GPU Device Id")
[2017.01.30-18.48.30:868][  0]LogWindows: EnumDisplayDevices:
[2017.01.30-18.48.30:868][  0]LogWindows:    0. 'Intel(R) HD Graphics 530' (P:1 D:1)
[2017.01.30-18.48.30:868][  0]LogWindows:    1. 'Intel(R) HD Graphics 530' (P:0 D:0)
[2017.01.30-18.48.30:868][  0]LogWindows:    2. 'Intel(R) HD Graphics 530' (P:0 D:0)
[2017.01.30-18.48.30:868][  0]LogWindows:    3. 'NVIDIA GeForce GTX 1060' (P:0 D:0)
[2017.01.30-18.48.30:869][  0]LogWindows:    4. 'NVIDIA GeForce GTX 1060' (P:0 D:0)
[2017.01.30-18.48.30:869][  0]LogWindows:    5. 'NVIDIA GeForce GTX 1060' (P:0 D:0)
[2017.01.30-18.48.30:869][  0]LogWindows:    6. 'NVIDIA GeForce GTX 1060' (P:0 D:0)
[2017.01.30-18.48.30:869][  0]LogWindows: DebugString: PrimaryIsNotTheChoosenAdapter PrimaryIsNotTheChoosenAdapter PrimaryIsNotTheChoosenAdapter FoundDriverCount:4 
[2017.01.30-18.48.30:869][  0]LogD3D11RHI:     Adapter Name: NVIDIA GeForce GTX 1060
[2017.01.30-18.48.30:869][  0]LogD3D11RHI:   Driver Version: 378.49 (internal:21.21.13.7849, unified:378.49)
[2017.01.30-18.48.30:869][  0]LogD3D11RHI:      Driver Date: 1-20-2017
[2017.01.30-18.48.30:869][  0]LogRHI: Texture pool is 1361 MB (70% of 1945 MB)
[2017.01.30-18.48.31:513][  0]LogD3D11RHI: Async texture creation enabled
[2017.01.30-18.48.31:588][  0]LogD3D11RHI: GPU Timing Frequency: 1000.000000 (Debug: 2 1)
[2017.01.30-18.48.31:589][  0]LogShaderCompilers: Guid format shader working directory is 10 characters bigger than the processId version (C:/Users/Balti/Documents/gitPGVNuevo/Intermediate/Shaders/WorkingDirectory/5124/).
[2017.01.30-18.48.31:589][  0]LogShaderCompilers: Cleaned the shader compiler working directory 'C:/Users/Balti/AppData/Local/Temp/UnrealShaderWorkingDir/7B0F5FBA4B8E62D89EE8A1A1BA5700AD/'.
[2017.01.30-18.48.31:589][  0]LogShaderCompilers:Display: Using Local Shader Compiler.
[2017.01.30-18.48.34:703][  0]LogTemp:Display: Loaded TP AllDesktopTargetPlatform
[2017.01.30-18.48.34:762][  0]LogTemp:Display: Loaded TP MacClientTargetPlatform
[2017.01.30-18.48.34:820][  0]LogTemp:Display: Loaded TP MacNoEditorTargetPlatform
[2017.01.30-18.48.34:867][  0]LogTemp:Display: Loaded TP MacServerTargetPlatform
[2017.01.30-18.48.34:937][  0]LogTemp:Display: Loaded TP MacTargetPlatform
[2017.01.30-18.48.34:989][  0]LogTemp:Display: Loaded TP WindowsClientTargetPlatform
[2017.01.30-18.48.35:036][  0]LogTemp:Display: Loaded TP WindowsNoEditorTargetPlatform
[2017.01.30-18.48.35:079][  0]LogTemp:Display: Loaded TP WindowsServerTargetPlatform
[2017.01.30-18.48.35:113][  0]LogTemp:Display: Loaded TP WindowsTargetPlatform
[2017.01.30-18.48.35:174][  0]LogTemp:Display: Loaded TP AndroidTargetPlatform
[2017.01.30-18.48.35:218][  0]LogTemp:Display: Loaded TP Android_ASTCTargetPlatform
[2017.01.30-18.48.35:262][  0]LogTemp:Display: Loaded TP Android_ATCTargetPlatform
[2017.01.30-18.48.35:304][  0]LogTemp:Display: Loaded TP Android_DXTTargetPlatform
[2017.01.30-18.48.35:348][  0]LogTemp:Display: Loaded TP Android_ETC1TargetPlatform
[2017.01.30-18.48.35:393][  0]LogTemp:Display: Loaded TP Android_ETC2TargetPlatform
[2017.01.30-18.48.35:482][  0]LogTemp:Display: Loaded TP Android_MultiTargetPlatform
[2017.01.30-18.48.35:482][  0]LogTemp:Display: Loaded TP Android_PVRTCTargetPlatform
[2017.01.30-18.48.35:514][  0]LogTemp:Display: Loaded TP HTML5TargetPlatform
[2017.01.30-18.48.35:716][  0]LogTemp:Display: Loaded TP IOSTargetPlatform
[2017.01.30-18.48.35:751][  0]LogTemp:Display: Loaded TP TVOSTargetPlatform
[2017.01.30-18.48.35:803][  0]LogTemp:Display: Loaded TP LinuxClientTargetPlatform
[2017.01.30-18.48.35:855][  0]LogTemp:Display: Loaded TP LinuxNoEditorTargetPlatform
[2017.01.30-18.48.35:907][  0]LogTemp:Display: Loaded TP LinuxServerTargetPlatform
[2017.01.30-18.48.35:963][  0]LogTemp:Display: Loaded TP LinuxTargetPlatform
[2017.01.30-18.48.35:964][  0]LogTargetPlatformManager:Display: Building Assets For Windows
[2017.01.30-18.48.36:590][  0]LogDerivedDataCache:Display: Max Cache Size: 512 MB
[2017.01.30-18.48.36:820][  0]LogDerivedDataCache: Loaded boot cache 0.23s 50MB C:/Users/Balti/AppData/Local/UnrealEngine/4.14/DerivedDataCache/Boot.ddc.
[2017.01.30-18.48.36:820][  0]LogDerivedDataCache:Display: Loaded Boot cache: C:/Users/Balti/AppData/Local/UnrealEngine/4.14/DerivedDataCache/Boot.ddc
[2017.01.30-18.48.36:820][  0]LogDerivedDataCache: FDerivedDataBackendGraph:  Pak pak cache file C:/Users/Balti/Documents/gitPGVNuevo/DerivedDataCache/DDC.ddp not found, will not use a pak cache.
[2017.01.30-18.48.36:820][  0]LogDerivedDataCache: Unable to find inner node Pak for hierarchical cache Hierarchy.
[2017.01.30-18.48.36:820][  0]LogDerivedDataCache: FDerivedDataBackendGraph:  CompressedPak pak cache file C:/Users/Balti/Documents/gitPGVNuevo/DerivedDataCache/Compressed.ddp not found, will not use a pak cache.
[2017.01.30-18.48.36:820][  0]LogDerivedDataCache: Unable to find inner node CompressedPak for hierarchical cache Hierarchy.
[2017.01.30-18.48.36:837][  0]LogDerivedDataCache:Display: Pak cache opened for reading ../../../Engine/DerivedDataCache/Compressed.ddp.
[2017.01.30-18.48.36:850][  0]LogDerivedDataCache: Using Local data cache path C:/Users/Balti/AppData/Local/UnrealEngine/Common/DerivedDataCache: Writable
[2017.01.30-18.48.40:427][  0]LogInit: Selected Device Profile: [Windows]
[2017.01.30-18.48.40:431][  0]LogContentStreaming: Texture pool size is 0.00 MB
[2017.01.30-18.48.40:682][  0]LogMeshUtilities: Using QuadricMeshReduction for automatic static mesh reduction
[2017.01.30-18.48.40:734][  0]LogSimplygon: Simplygon DLL not present - disabling.
[2017.01.30-18.48.40:785][  0]LogMeshUtilities: Using SimplygonSwarm for distributed automatic mesh merging
[2017.01.30-18.48.40:785][  0]LogMeshUtilities: No automatic skeletal mesh reduction module available
[2017.01.30-18.48.40:785][  0]LogMeshUtilities: No automatic mesh merging module available
[2017.01.30-18.48.41:459][  0]LogNetVersion: GetLocalNetworkVersion: CL: 3195953, ProjectName: pgv, ProjectVersion: , EngineNetworkVersion: 2, GameNetworkVersion: 0, NetworkChecksum: 1597279220
[2017.01.30-18.48.41:525][  0]LogAssetRegistry: FAssetRegistry took 0.0219 seconds to start up
[2017.01.30-18.48.41:557][  0]LogPackageLocalizationCache: Processed 3 localized package path(s) for 1 prioritized culture(s) in 0.015347 seconds
[2017.01.30-18.48.41:562][  0]LogUObjectArray: 31946 objects as part of root set at end of initial load.
[2017.01.30-18.48.41:563][  0]LogUObjectAllocator: 6935848 out of 0 bytes used by permanent object pool.
[2017.01.30-18.48.41:563][  0]LogUObjectArray: CloseDisregardForGC: 0/0 objects in disregard for GC pool
[2017.01.30-18.48.41:628][  0]LogInit: WinSock: version 1.1 (2.2), MaxSocks=32767, MaxUdp=65467
[2017.01.30-18.48.42:680][  0]LogSlate: Using Freetype 2.6.0
[2017.01.30-18.48.42:700][  0]LogSlate: SlateFontCache - WITH_FREETYPE: 1, WITH_HARFBUZZ: 1
[2017.01.30-18.48.42:700][  0]LogSlate: SlateFontCache - WITH_FREETYPE: 1, WITH_HARFBUZZ: 1
[2017.01.30-18.48.48:536][  0]LogTcpMessaging: Initializing TcpMessaging bridge
[2017.01.30-18.48.48:572][  0]LogUdpMessaging: Initializing bridge on interface 0.0.0.0:0 to multicast group 230.0.0.1:6666.
[2017.01.30-18.48.48:962][  0]LogMaterial: Uniform references updated for custom material expression Custom.
[2017.01.30-18.48.49:299][  0]SourceControl: Info Source control is disabled
[2017.01.30-18.48.49:341][  0]SourceControl: Info Source control is disabled
[2017.01.30-18.48.49:398][  0]SourceControl: Info Source control is disabled
[2017.01.30-18.48.49:459][  0]SourceControl: Info Source control is disabled
[2017.01.30-18.48.50:917][  0]LogEngine: Initializing Engine...
[2017.01.30-18.48.50:917][  0]LogHMD: Failed to initialize OpenVR with code 110
[2017.01.30-18.48.51:144][  0]LogAIModule: Creating AISystem for world Untitled
[2017.01.30-18.48.51:152][  0]LogInit: XAudio2 using 'Altavoces (3- Logitech G430 Gaming Headset)' : 8 channels at 48 kHz using 16 bits per sample (channel mask 0x63f)
[2017.01.30-18.48.51:171][  0]LogInit: FAudioDevice initialized.
[2017.01.30-18.48.51:197][  0]LogDerivedDataCache: Saved boot cache 0.03s 50MB C:/Users/Balti/AppData/Local/UnrealEngine/4.14/DerivedDataCache/Boot.ddc.
[2017.01.30-18.48.51:206][  0]LogInit: Texture streaming: Enabled
[2017.01.30-18.48.51:391][  0]LogInit: Transaction tracking system initialized
[2017.01.30-18.48.51:691][  0]BlueprintLog: New page: Editor Load
[2017.01.30-18.48.52:605][  0]LocalizationService: Info Localization service is disabled
[2017.01.30-18.48.53:321][  0]LogConsoleResponse:Display: 
[2017.01.30-18.48.53:736][  0]LogCook:Display: Max memory allowance for cook 16384mb min free memory 0mb
[2017.01.30-18.48.53:736][  0]LogCook:Display: Mobile HDR setting 1
[2017.01.30-18.48.53:828][  0]LogFileCache: Scanning file cache for directory 'C:/Users/Balti/Documents/gitPGVNuevo/Content/' took 0.02s
[2017.01.30-18.48.54:977][  0]SourceControl: Info Source control is disabled
[2017.01.30-18.48.54:977][  0]Cmd: MAP LOAD FILE="C:/Users/Balti/Documents/gitPGVNuevo/Content/TopDownBP/Maps/TopDownExampleMap.umap" TEMPLATE=0 SHOWPROGRESS=1 FEATURELEVEL=3
[2017.01.30-18.48.54:978][  0]LightingResults: New page: Lighting Build
[2017.01.30-18.48.55:007][  0]MapCheck: New page: Map Check
[2017.01.30-18.48.55:007][  0]LightingResults: New page: Lighting Build
[2017.01.30-18.48.55:478][  0]LogMaterial: Uniform references updated for custom material expression TemporalAA SampleID.
[2017.01.30-18.48.55:478][  0]LogMaterial: Uniform references updated for custom material expression Custom.
[2017.01.30-18.48.56:636][  0]LogMaterial: Missing cached shader map for material M_CustomDepthBillboard, compiling. 
[2017.01.30-18.48.56:639][  0]LogMaterial:Warning: Failed to compile Material /Game/KiteDemo/Environments/Trees/HillTree_02/M_CustomDepthBillboard.M_CustomDepthBillboard for platform PCD3D_SM5, Default Material will be used in game.
[2017.01.30-18.48.56:639][  0]LogMaterial:Warning: 	(Node TransformPosition) input must be a vector (0.00000000: float) or a scalar (if source is Tangent)
[2017.01.30-18.48.56:639][  0]LogMaterial:Warning: 	(Node TransformPosition) input must be a vector (1.00000000: float) or a scalar (if source is Tangent)
[2017.01.30-18.48.56:670][  0]LogAIModule: Creating AISystem for world TopDownExampleMap
[2017.01.30-18.48.56:948][  0]LogEditorServer: Finished looking for orphan Actors (0.000 secs)
[2017.01.30-18.48.56:953][  0]Cmd: MAP CHECKDEP NOCLEARLOG
[2017.01.30-18.48.56:997][  0]MapCheck: Info Map check complete: 0 Error(s), 0 Warning(s), took 44.089ms to complete.
[2017.01.30-18.48.56:997][  0]LogFileHelpers: Loading map 'TopDownExampleMap' took 2.019
[2017.01.30-18.48.57:243][  0]LogCollectionManager: Loaded 0 collections in 0.001293 seconds
[2017.01.30-18.48.57:308][  0]LogFileCache: Scanning file cache for directory 'C:/Users/Balti/Documents/gitPGVNuevo/Saved/Collections/' took 0.01s
[2017.01.30-18.48.57:308][  0]LogFileCache: Scanning file cache for directory 'C:/Users/Balti/Documents/gitPGVNuevo/Content/Developers/Balti/Collections/' took 0.01s
[2017.01.30-18.48.57:308][  0]LogFileCache: Scanning file cache for directory 'C:/Users/Balti/Documents/gitPGVNuevo/Content/Collections/' took 0.01s
[2017.01.30-18.48.57:308][  0]LogCollectionManager: Rebuilt the GUID cache for 0 collections in 0.000002 seconds
[2017.01.30-18.48.57:317][  0]LogContentBrowser: Native class hierarchy populated in 0.0089 seconds. Added 2190 classes and 428 folders.
[2017.01.30-18.48.57:347][  0]LogStats: UGameplayTagsManager::ConstructGameplayTagTree: Construct from data asset -  0.000 s
[2017.01.30-18.48.57:347][  0]LogStats: UGameplayTagsManager::ConstructGameplayTagTree: GameplayTagTreeChangedEvent.Broadcast -  0.000 s
[2017.01.30-18.48.57:348][  0]LogContentBrowser: Native class hierarchy updated for 'GameplayTags' in 0.0006 seconds. Added 13 classes and 0 folders.
[2017.01.30-18.48.57:391][  0]LogContentBrowser: Native class hierarchy updated for 'WidgetCarousel' in 0.0004 seconds. Added 0 classes and 0 folders.
[2017.01.30-18.48.58:150][  0]LogContentBrowser: Native class hierarchy updated for 'AddContentDialog' in 0.0004 seconds. Added 0 classes and 0 folders.
[2017.01.30-18.48.58:196][  0]LogContentBrowser: Native class hierarchy updated for 'SceneOutliner' in 0.0005 seconds. Added 1 classes and 2 folders.
[2017.01.30-18.48.58:312][  0]LogCrashTracker: Crashtracker disabled due to settings.
[2017.01.30-18.48.58:320][  0]LogUObjectGlobals:Warning: Failed to find object 'Class None.'
[2017.01.30-18.48.58:381][  0]LogContentBrowser: Native class hierarchy updated for 'HierarchicalLODOutliner' in 0.0005 seconds. Added 1 classes and 2 folders.
[2017.01.30-18.48.58:381][  0]LogLoad: (Engine Initialization) Total time: 34.27 seconds
[2017.01.30-18.48.58:381][  0]LogLoad: (Engine Initialization) Total Blueprint compile time: 0.32 seconds
[2017.01.30-18.48.58:381][  0]LogExternalProfiler: Found external profiler: VSPerf
[2017.01.30-18.48.58:381][  0]LogExternalProfiler: Using external profiler: VSPerf
[2017.01.30-18.48.58:721][  0]LogOcInput: OculusInput pre-init called
[2017.01.30-18.48.58:741][  0]LogContentStreaming: Texture pool size now 1000 MB
[2017.01.30-18.48.59:012][  0]LogRenderer: Reallocating scene render targets to support 824x460 NumSamples 1 (Frame:2).
[2017.01.30-18.48.59:432][  2]LogAssetRegistry: Asset discovery search completed in 17.9292 seconds
[2017.01.30-18.48.59:432][  2]LogCollectionManager: Rebuilt the object cache for 0 collections in 0.000001 seconds (found 0 objects)
[2017.01.30-18.48.59:432][  2]LogCollectionManager: Fixed up redirectors for 0 collections in 0.000042 seconds (updated 0 objects)
[2017.01.30-18.49.48:954][785]LogTexture:Display: Building textures: T_Creature_Spider02a_D (AutoDXT)
[2017.01.30-18.49.49:325][785]LogTexture:Display: Building textures: T_Creature_Spider02_N (AutoDXT)
[2017.01.30-18.49.51:524][785]LogTexture:Display: Building textures: T_Creature_Spider02a_M (AutoDXT)
[2017.01.30-18.49.51:587][785]LogMaterial: Missing cached shader map for material CharM_Creature_Spider, compiling. 
[2017.01.30-18.49.54:619][785]LogRenderer: Reallocating scene render targets to support 912x672 NumSamples 1 (Frame:2775).
[2017.01.30-18.50.35:487][  5]LogEditorViewport: Clicking on Actor (LMB): Landscape (Landscape)
[2017.01.30-18.50.50:137][871]LogEditorViewport: Clicking on Actor (LMB): SkeletalMeshActor (SK_EXO_Creature_Spider02)
[2017.01.30-18.51.24:554][867]LogTexture:Display: Building textures: T_Creature_Spider_FireBaby_D (AutoDXT)
[2017.01.30-18.51.25:046][867]LogTexture:Display: Building textures: T_Creature_Spider_FireBaby_N (BC5)
[2017.01.30-18.51.25:182][867]LogTexture:Display: Building textures: T_Creature_Spider_Fire (AutoDXT)
[2017.01.30-18.51.25:520][867]LogMaterial: Missing cached shader map for material CharM_Creature_Spider_Fire, compiling. 
[2017.01.30-18.51.31:272][206]LogEditorViewport: Clicking on Actor (LMB): BP_Sky_Sphere_C (SkySphereBlueprint)
[2017.01.30-18.53.11:801][376]LogTexture:Display: Building textures: T_Forge_King_Weapon_D (AutoDXT)
[2017.01.30-18.53.14:154][376]LogTexture:Display: Building textures: T_Forge_King_Weapon_M (AutoDXT)
[2017.01.30-18.53.15:126][376]LogTexture:Display: Building textures: T_Forge_King_Weapon_N (BC5)
[2017.01.30-18.53.15:503][376]LogMaterial: Missing cached shader map for material Weapon, compiling. 
[2017.01.30-18.53.16:415][376]LogTexture:Display: Building textures: T_Forge_King_M (AutoDXT)
[2017.01.30-18.53.21:323][376]LogTexture:Display: Building textures: T_Forge_King_N (BC5)
[2017.01.30-18.53.23:186][376]LogTexture:Display: Building textures: T_Forge_King_E (AutoDXT)
[2017.01.30-18.53.25:267][376]LogTexture:Display: Building textures: T_Forge_King_D (AutoDXT)
[2017.01.30-18.53.33:960][376]LogMaterial: Missing cached shader map for material M_Enemy_Forge_King, compiling. 
[2017.01.30-18.53.53:106][436]LogTexture:Display: Building textures: T_Enemy_Spiderling_Magma_D (AutoDXT)
[2017.01.30-18.53.53:591][436]LogTexture:Display: Building textures: T_Enemy_Spiderling_Magma_M (AutoDXT)
[2017.01.30-18.53.53:836][436]LogTexture:Display: Building textures: T_Enemy_Spiderling_N (BC5)
[2017.01.30-18.53.53:859][436]LogMaterial: Missing cached shader map for material CharM_Spiderling_Magma, compiling. 
[2017.01.30-18.54.16:661][764]LogEditorViewport: Clicking on Actor (LMB): BP_Sky_Sphere_C (SkySphereBlueprint)
[2017.01.30-18.54.24:611][238]LogEditorViewport: Clicking on Actor (LMB): SkeletalMeshActor (SK_Spiderling)
[2017.01.30-18.54.29:147][505]LogTexture:Display: Building textures: T_Enemy_Spiderling_D (AutoDXT)
[2017.01.30-18.54.29:769][505]LogTexture:Display: Building textures: T_Enemy_Spiderling_M (AutoDXT)
[2017.01.30-18.54.29:983][505]LogMaterial: Missing cached shader map for material CharM_Spiderling_redish, compiling. 
[2017.01.30-18.54.33:855][734]LogEditorViewport: Clicking on Actor (LMB): BP_Sky_Sphere_C (SkySphereBlueprint)
[2017.01.30-18.54.40:975][160]Cmd: TRANSACTION UNDO
[2017.01.30-18.54.41:265][160]LogEditorTransaction: Undo Clicking on Actors
[2017.01.30-18.54.44:670][358]Cmd: TRANSACTION UNDO
[2017.01.30-18.54.44:671][358]LogEditorTransaction: Undo Replace component used material
[2017.01.30-18.54.46:546][470]LogEditorViewport: Clicking on Actor (LMB): BP_Sky_Sphere_C (SkySphereBlueprint)
[2017.01.30-18.55.06:792][670]LogTexture:Display: Building textures: T_Enemy_GreaterSpider_Fire_D (AutoDXT)
[2017.01.30-18.55.09:001][670]LogTexture:Display: Building textures: T_Enemy_GreaterSpider_Fire_N (BC5)
[2017.01.30-18.55.09:437][670]LogTexture:Display: Building textures: T_Enemy_GreaterSpider_Fire_M (AutoDXT)
[2017.01.30-18.55.09:763][670]LogMaterial: Missing cached shader map for material CharM_Greater_Spider, compiling. 
[2017.01.30-18.55.26:241][621]LogEditorViewport: Clicking on Actor (LMB): BP_Sky_Sphere_C (SkySphereBlueprint)
[2017.01.30-18.56.19:674][679]LogEditorViewport: Clicking on Actor (LMB): SkeletalMeshActor (SK_Greater_Spider)
[2017.01.30-18.56.25:467][  9]LogTexture:Display: Building textures: T_Enemy_GreaterSpider_Ice_D (AutoDXT)
[2017.01.30-18.56.27:531][  9]LogMaterial: Missing cached shader map for material CharM_Greater_Spider_Ice, compiling. 
[2017.01.30-18.56.29:932][149]LogEditorViewport: Clicking on Actor (LMB): BP_Sky_Sphere_C (SkySphereBlueprint)
[2017.01.30-18.56.42:200][883]Cmd: TRANSACTION UNDO
[2017.01.30-18.56.42:200][883]LogEditorTransaction: Undo Clicking on Actors
[2017.01.30-18.56.43:251][944]Cmd: TRANSACTION UNDO
[2017.01.30-18.56.43:251][944]LogEditorTransaction: Undo Replace component used material
[2017.01.30-18.56.44:570][ 23]LogEditorViewport: Clicking on Actor (LMB): BP_Sky_Sphere_C (SkySphereBlueprint)
[2017.01.30-18.56.56:367][706]LogTexture:Display: Building textures: T_Enemy_SpiderBoss_Poison_Emissive (AutoDXT)
[2017.01.30-18.56.56:726][706]LogTexture:Display: Building textures: T_Enemy_SpiderBoss_Poison_M (AutoDXT)
[2017.01.30-18.56.57:324][706]LogTexture:Display: Building textures: T_Enemy_SpiderBoss_Poison_D (AutoDXT)
[2017.01.30-18.56.59:400][706]LogTexture:Display: Building textures: LowResBlurredNoise (G8)
[2017.01.30-18.56.59:599][706]LogTexture:Display: Building textures: T_Enemy_SpiderBoss_Fire_N (BC5)
[2017.01.30-18.56.59:966][706]LogMaterial: Missing cached shader map for material CharM_Greater_Spider_Boss, compiling. 
[2017.01.30-18.57.10:231][272]LogTexture:Display: Building textures: T_Enemy_SpiderBoss_Fire_M (AutoDXT)
[2017.01.30-18.57.10:794][272]LogTexture:Display: Building textures: T_Enemy_SpiderBoss_Fire_D (AutoDXT)
[2017.01.30-18.57.12:992][272]LogTexture:Display: Building textures: T_Enemy_SpiderBoss_E (AutoDXT)
[2017.01.30-18.57.13:367][272]LogMaterial: Missing cached shader map for material CharM_Greater_Spider_BossFire, compiling. 
[2017.01.30-18.57.31:261][288]LogEditorViewport: Clicking on Actor (LMB): BP_Sky_Sphere_C (SkySphereBlueprint)
[2017.01.30-18.57.42:346][952]LogEditorViewport: Clicking on Actor (LMB): SkeletalMeshActor (SK_EXO_Creature_Spider02)
[2017.01.30-18.57.47:996][266]LogEditorViewport: Clicking on Actor (LMB): SkeletalMeshActor (SK_Spiderling)
[2017.01.30-18.57.52:029][506]LogEditorViewport: Clicking on Actor (LMB): SkeletalMeshActor (SK_EXO_Creature_Spider02)
[2017.01.30-18.57.56:742][787]LogEditorViewport: Clicking on Actor (LMB): PostProcessVolume (PostProcessVolume)
[2017.01.30-18.58.00:215][969]LogEditorViewport: Clicking on Actor (LMB): SkeletalMeshActor (SK_EXO_Creature_Spider02)
[2017.01.30-18.58.06:845][345]LogEditorViewport: Clicking on Actor (LMB): SkeletalMeshActor (SK_Greater_Spider_Boss_Cine)
[2017.01.30-18.58.13:087][688]Cmd: TRANSACTION UNDO
[2017.01.30-18.58.13:087][688]LogEditorTransaction: Undo Snap Actors To Floor
[2017.01.30-18.58.13:766][726]Cmd: TRANSACTION UNDO
[2017.01.30-18.58.13:766][726]LogEditorTransaction: Undo Move Actors
[2017.01.30-18.58.14:399][764]Cmd: TRANSACTION UNDO
[2017.01.30-18.58.14:400][764]LogEditorTransaction: Undo Move Actors
[2017.01.30-18.58.26:246][437]LogEditorViewport: Clicking on Actor (LMB): SkeletalMeshActor (SK_EXO_Creature_Spider02)
[2017.01.30-18.58.27:542][513]LogEditorViewport: Clicking on Actor (LMB): BP_Sky_Sphere_C (SkySphereBlueprint)
[2017.01.30-18.59.02:342][314]LogEditorViewport: Clicking on Actor (LMB): Landscape (Landscape)
[2017.01.30-18.59.09:471][699]LogEditorViewport: Clicking on Actor (LMB): Landscape (Landscape)
[2017.01.30-18.59.59:435][553]LogSavePackage: Save=571.95ms
[2017.01.30-18.59.59:435][553]LogSavePackage: Moving 'C:/Users/Balti/Documents/gitPGVNuevo/Saved/TopDownExampleMap_Auto18CFDF87F46799B89FABEA4B09456610D.tmp' to 'C:/Users/Balti/Documents/gitPGVNuevo/Saved/Autosaves/Game/TopDownBP/Maps/TopDownExampleMap_Auto1.umap'
[2017.01.30-18.59.59:436][553]LogSavePackage:Display: Finished SavePackage C:/Users/Balti/Documents/gitPGVNuevo/Saved/Autosaves/Game/TopDownBP/Maps/TopDownExampleMap_Auto1.umap
[2017.01.30-18.59.59:464][553]LogFileHelpers: Editor autosave (incl. sublevels) for '/Game/TopDownBP/Maps/TopDownExampleMap' took 0.677
[2017.01.30-18.59.59:464][553]LogFileHelpers: Editor autosave (incl. sublevels) for all levels took 0.677
[2017.01.30-19.00.06:053][947]LogEditorViewport: Clicking on Actor (LMB): BP_Sky_Sphere_C (SkySphereBlueprint)
[2017.01.30-19.03.52:355][982]Cmd: OBJ SAVEPACKAGE PACKAGE="/Game/TopDownBP/Maps/TopDownExampleMap" FILE="C:/Users/Balti/Documents/gitPGVNuevo/Content/TopDownBP/Maps/TopDownExampleMap.umap" SILENT=true AUTOSAVING=false KEEPDIRTY=false
[2017.01.30-19.03.52:732][982]LogSavePackage: Save=361.71ms
[2017.01.30-19.03.52:732][982]LogSavePackage: Moving 'C:/Users/Balti/Documents/gitPGVNuevo/Saved/TopDownExampleMap4398EA974970472C106B7D8D8F1CFCC1.tmp' to 'C:/Users/Balti/Documents/gitPGVNuevo/Content/TopDownBP/Maps/TopDownExampleMap.umap'
[2017.01.30-19.03.52:742][982]LogSavePackage:Display: Finished SavePackage C:/Users/Balti/Documents/gitPGVNuevo/Content/TopDownBP/Maps/TopDownExampleMap.umap
[2017.01.30-19.03.53:054][982]LogFileHelpers: Saving map 'TopDownExampleMap' took 0.768
