Log file open, 01/30/17 19:40:40
LogInit:Display: Running engine for game: PGV
LogPlatformFile: Not using cached read wrapper
LogInit:Display: RandInit(-1832681490) SRandInit(-1832681490).
LogTaskGraph: Started task graph with 5 named threads and 8 total threads with 1 sets of task threads.
LogStats: Stats thread started at 0.077998
LogPluginManager: Loaded Plugin Paper2D, From F:/unreal/Epic Games/UE_4.14/Engine/Plugins/2D/Paper2D/Paper2D.uplugin
LogPluginManager: Loaded Plugin LightPropagationVolume, From F:/unreal/Epic Games/UE_4.14/Engine/Plugins/Blendables/LightPropagationVolume/LightPropagationVolume.uplugin
LogPluginManager: Loaded Plugin BlankPlugin, From F:/unreal/Epic Games/UE_4.14/Engine/Plugins/Developer/BlankPlugin/BlankPlugin.uplugin
LogPluginManager: Loaded Plugin CodeLiteSourceCodeAccess, From F:/unreal/Epic Games/UE_4.14/Engine/Plugins/Developer/CodeLiteSourceCodeAccess/CodeLiteSourceCodeAccess.uplugin
LogPluginManager: Loaded Plugin GitSourceControl, From F:/unreal/Epic Games/UE_4.14/Engine/Plugins/Developer/GitSourceControl/GitSourceControl.uplugin
LogPluginManager: Loaded Plugin KDevelopSourceCodeAccess, From F:/unreal/Epic Games/UE_4.14/Engine/Plugins/Developer/KDevelopSourceCodeAccess/KDevelopSourceCodeAccess.uplugin
LogPluginManager: Loaded Plugin NullSourceCodeAccess, From F:/unreal/Epic Games/UE_4.14/Engine/Plugins/Developer/NullSourceCodeAccess/NullSourceCodeAccess.uplugin
LogPluginManager: Loaded Plugin OneSkyLocalizationService, From F:/unreal/Epic Games/UE_4.14/Engine/Plugins/Developer/OneSkyLocalizationService/OneSkyLocalizationService.uplugin
LogPluginManager: Loaded Plugin PerforceSourceControl, From F:/unreal/Epic Games/UE_4.14/Engine/Plugins/Developer/PerforceSourceControl/PerforceSourceControl.uplugin
LogPluginManager: Loaded Plugin SubversionSourceControl, From F:/unreal/Epic Games/UE_4.14/Engine/Plugins/Developer/SubversionSourceControl/SubversionSourceControl.uplugin
LogPluginManager: Loaded Plugin UObjectPlugin, From F:/unreal/Epic Games/UE_4.14/Engine/Plugins/Developer/UObjectPlugin/UObjectPlugin.uplugin
LogPluginManager: Loaded Plugin VisualStudioSourceCodeAccess, From F:/unreal/Epic Games/UE_4.14/Engine/Plugins/Developer/VisualStudioSourceCodeAccess/VisualStudioSourceCodeAccess.uplugin
LogPluginManager: Loaded Plugin XCodeSourceCodeAccess, From F:/unreal/Epic Games/UE_4.14/Engine/Plugins/Developer/XCodeSourceCodeAccess/XCodeSourceCodeAccess.uplugin
LogPluginManager: Loaded Plugin AudioCapture, From F:/unreal/Epic Games/UE_4.14/Engine/Plugins/Editor/AudioCapture/AudioCapture.uplugin
LogPluginManager: Loaded Plugin EpicSurvey, From F:/unreal/Epic Games/UE_4.14/Engine/Plugins/Editor/EpicSurvey/EpicSurvey.uplugin
LogPluginManager: Loaded Plugin MacGraphicsSwitching, From F:/unreal/Epic Games/UE_4.14/Engine/Plugins/Editor/MacGraphicsSwitching/MacGraphicsSwitching.uplugin
LogPluginManager: Loaded Plugin MobileLauncherProfileWizard, From F:/unreal/Epic Games/UE_4.14/Engine/Plugins/Editor/MobileLauncherProfileWizard/MobileLauncherProfileWizard.uplugin
LogPluginManager: Loaded Plugin PluginBrowser, From F:/unreal/Epic Games/UE_4.14/Engine/Plugins/Editor/PluginBrowser/PluginBrowser.uplugin
LogPluginManager: Loaded Plugin SpeedTreeImporter, From F:/unreal/Epic Games/UE_4.14/Engine/Plugins/Editor/SpeedTreeImporter/SpeedTreeImporter.uplugin
LogPluginManager: Loaded Plugin SuperSearchEditor, From F:/unreal/Epic Games/UE_4.14/Engine/Plugins/Editor/SuperSearchEditor/SuperSearchEditor.uplugin
LogPluginManager: Loaded Plugin AlembicImporter, From F:/unreal/Epic Games/UE_4.14/Engine/Plugins/Experimental/AlembicImporter/AlembicImporter.uplugin
LogPluginManager: Loaded Plugin BlueprintStats, From F:/unreal/Epic Games/UE_4.14/Engine/Plugins/Experimental/BlueprintStats/BlueprintStats.uplugin
LogPluginManager: Loaded Plugin CharacterAI, From F:/unreal/Epic Games/UE_4.14/Engine/Plugins/Experimental/CharacterAI/CharacterAI.uplugin
LogPluginManager: Loaded Plugin CodeEditor, From F:/unreal/Epic Games/UE_4.14/Engine/Plugins/Experimental/CodeEditor/CodeEditor.uplugin
LogPluginManager: Loaded Plugin CodeView, From F:/unreal/Epic Games/UE_4.14/Engine/Plugins/Experimental/CodeView/CodeView.uplugin
LogPluginManager: Loaded Plugin HTML5Networking, From F:/unreal/Epic Games/UE_4.14/Engine/Plugins/Experimental/HTML5Networking/HTML5Networking.uplugin
LogPluginManager: Loaded Plugin OSVR, From F:/unreal/Epic Games/UE_4.14/Engine/Plugins/Experimental/OSVR/OSVR.uplugin
LogPluginManager: Loaded Plugin Phya, From F:/unreal/Epic Games/UE_4.14/Engine/Plugins/Experimental/Phya/Phya.uplugin
LogPluginManager: Loaded Plugin SignificanceManager, From F:/unreal/Epic Games/UE_4.14/Engine/Plugins/Experimental/SignificanceManager/SignificanceManager.uplugin
LogPluginManager: Loaded Plugin SimpleHMD, From F:/unreal/Epic Games/UE_4.14/Engine/Plugins/Experimental/SimpleHMD/SimpleHMD.uplugin
LogPluginManager: Loaded Plugin StereoPanorama, From F:/unreal/Epic Games/UE_4.14/Engine/Plugins/Experimental/StereoPanorama/StereoPanorama.uplugin
LogPluginManager: Loaded Plugin StructBox, From F:/unreal/Epic Games/UE_4.14/Engine/Plugins/Experimental/StructBox/StructBox.uplugin
LogPluginManager: Loaded Plugin AndroidMedia, From F:/unreal/Epic Games/UE_4.14/Engine/Plugins/Media/AndroidMedia/AndroidMedia.uplugin
LogPluginManager: Loaded Plugin AvfMedia, From F:/unreal/Epic Games/UE_4.14/Engine/Plugins/Media/AvfMedia/AvfMedia.uplugin
LogPluginManager: Loaded Plugin MediaPlayerEditor, From F:/unreal/Epic Games/UE_4.14/Engine/Plugins/Media/MediaPlayerEditor/MediaPlayerEditor.uplugin
LogPluginManager: Loaded Plugin WmfMedia, From F:/unreal/Epic Games/UE_4.14/Engine/Plugins/Media/WmfMedia/WmfMedia.uplugin
LogPluginManager: Loaded Plugin MessagingDebugger, From F:/unreal/Epic Games/UE_4.14/Engine/Plugins/Messaging/MessagingDebugger/MessagingDebugger.uplugin
LogPluginManager: Loaded Plugin TcpMessaging, From F:/unreal/Epic Games/UE_4.14/Engine/Plugins/Messaging/TcpMessaging/TcpMessaging.uplugin
LogPluginManager: Loaded Plugin UdpMessaging, From F:/unreal/Epic Games/UE_4.14/Engine/Plugins/Messaging/UdpMessaging/UdpMessaging.uplugin
LogPluginManager: Loaded Plugin LevelSequenceEditor, From F:/unreal/Epic Games/UE_4.14/Engine/Plugins/MovieScene/LevelSequenceEditor/LevelSequenceEditor.uplugin
LogPluginManager: Loaded Plugin MatineeToLevelSequence, From F:/unreal/Epic Games/UE_4.14/Engine/Plugins/MovieScene/MatineeToLevelSequence/MatineeToLevelSequence.uplugin
LogPluginManager: Loaded Plugin NetcodeUnitTest, From F:/unreal/Epic Games/UE_4.14/Engine/Plugins/NetcodeUnitTest/NetcodeUnitTest/NetcodeUnitTest.uplugin
LogPluginManager: Loaded Plugin NUTUnrealEngine4, From F:/unreal/Epic Games/UE_4.14/Engine/Plugins/NetcodeUnitTest/NUTUnrealEngine4/NUTUnrealEngine4.uplugin
LogPluginManager: Loaded Plugin OnlineSubsystemGameCircle, From F:/unreal/Epic Games/UE_4.14/Engine/Plugins/Online/Android/OnlineSubsystemGameCircle/OnlineSubsystemGameCircle.uplugin
LogPluginManager: Loaded Plugin OnlineSubsystemGooglePlay, From F:/unreal/Epic Games/UE_4.14/Engine/Plugins/Online/Android/OnlineSubsystemGooglePlay/OnlineSubsystemGooglePlay.uplugin
LogPluginManager: Loaded Plugin OnlineSubsystemIOS, From F:/unreal/Epic Games/UE_4.14/Engine/Plugins/Online/IOS/OnlineSubsystemIOS/OnlineSubsystemIOS.uplugin
LogPluginManager: Loaded Plugin OnlineFramework, From F:/unreal/Epic Games/UE_4.14/Engine/Plugins/Online/OnlineFramework/OnlineFramework.uplugin
LogPluginManager: Loaded Plugin OnlineSubsystem, From F:/unreal/Epic Games/UE_4.14/Engine/Plugins/Online/OnlineSubsystem/OnlineSubsystem.uplugin
LogPluginManager: Loaded Plugin OnlineSubsystemAmazon, From F:/unreal/Epic Games/UE_4.14/Engine/Plugins/Online/OnlineSubsystemAmazon/OnlineSubsystemAmazon.uplugin
LogPluginManager: Loaded Plugin OnlineSubsystemFacebook, From F:/unreal/Epic Games/UE_4.14/Engine/Plugins/Online/OnlineSubsystemFacebook/OnlineSubsystemFacebook.uplugin
LogPluginManager: Loaded Plugin OnlineSubsystemNull, From F:/unreal/Epic Games/UE_4.14/Engine/Plugins/Online/OnlineSubsystemNull/OnlineSubsystemNull.uplugin
LogPluginManager: Loaded Plugin OnlineSubsystemOculus, From F:/unreal/Epic Games/UE_4.14/Engine/Plugins/Online/OnlineSubsystemOculus/OnlineSubsystemOculus.uplugin
LogPluginManager: Loaded Plugin OnlineSubsystemSteam, From F:/unreal/Epic Games/UE_4.14/Engine/Plugins/Online/OnlineSubsystemSteam/OnlineSubsystemSteam.uplugin
LogPluginManager: Loaded Plugin OnlineSubsystemUtils, From F:/unreal/Epic Games/UE_4.14/Engine/Plugins/Online/OnlineSubsystemUtils/OnlineSubsystemUtils.uplugin
LogPluginManager: Loaded Plugin IOSTapJoy, From F:/unreal/Epic Games/UE_4.14/Engine/Plugins/Runtime/Advertising/IOSTapJoy/IOSTapJoy.uplugin
LogPluginManager: Loaded Plugin AnalyticsBlueprintLibrary, From F:/unreal/Epic Games/UE_4.14/Engine/Plugins/Runtime/Analytics/AnalyticsBlueprintLibrary/AnalyticsBlueprintLibrary.uplugin
LogPluginManager: Loaded Plugin AnalyticsMulticast, From F:/unreal/Epic Games/UE_4.14/Engine/Plugins/Runtime/Analytics/AnalyticsMulticast/AnalyticsMulticast.uplugin
LogPluginManager: Loaded Plugin Apsalar, From F:/unreal/Epic Games/UE_4.14/Engine/Plugins/Runtime/Analytics/Apsalar/Apsalar.uplugin
LogPluginManager: Loaded Plugin FileLogging, From F:/unreal/Epic Games/UE_4.14/Engine/Plugins/Runtime/Analytics/FileLogging/FileLogging.uplugin
LogPluginManager: Loaded Plugin Flurry, From F:/unreal/Epic Games/UE_4.14/Engine/Plugins/Runtime/Analytics/Flurry/Flurry.uplugin
LogPluginManager: Loaded Plugin AndroidDeviceProfileSelector, From F:/unreal/Epic Games/UE_4.14/Engine/Plugins/Runtime/AndroidDeviceProfileSelector/AndroidDeviceProfileSelector.uplugin
LogPluginManager: Loaded Plugin AndroidMoviePlayer, From F:/unreal/Epic Games/UE_4.14/Engine/Plugins/Runtime/AndroidMoviePlayer/AndroidMoviePlayer.uplugin
LogPluginManager: Loaded Plugin AppleMoviePlayer, From F:/unreal/Epic Games/UE_4.14/Engine/Plugins/Runtime/AppleMoviePlayer/AppleMoviePlayer.uplugin
LogPluginManager: Loaded Plugin ArchVisCharacter, From F:/unreal/Epic Games/UE_4.14/Engine/Plugins/Runtime/ArchVisCharacter/ArchVisCharacter.uplugin
LogPluginManager: Loaded Plugin CableComponent, From F:/unreal/Epic Games/UE_4.14/Engine/Plugins/Runtime/CableComponent/CableComponent.uplugin
LogPluginManager: Loaded Plugin CustomMeshComponent, From F:/unreal/Epic Games/UE_4.14/Engine/Plugins/Runtime/CustomMeshComponent/CustomMeshComponent.uplugin
LogPluginManager: Loaded Plugin ExampleDeviceProfileSelector, From F:/unreal/Epic Games/UE_4.14/Engine/Plugins/Runtime/ExampleDeviceProfileSelector/ExampleDeviceProfileSelector.uplugin
LogPluginManager: Loaded Plugin GearVR, From F:/unreal/Epic Games/UE_4.14/Engine/Plugins/Runtime/GearVR/GearVR.uplugin
LogPluginManager: Loaded Plugin GoogleVRController, From F:/unreal/Epic Games/UE_4.14/Engine/Plugins/Runtime/GoogleVR/GoogleVRController/GoogleVRController.uplugin
LogPluginManager: Loaded Plugin GoogleVRHMD, From F:/unreal/Epic Games/UE_4.14/Engine/Plugins/Runtime/GoogleVR/GoogleVRHMD/GoogleVRHMD.uplugin
LogPluginManager: Loaded Plugin IOSDeviceProfileSelector, From F:/unreal/Epic Games/UE_4.14/Engine/Plugins/Runtime/IOSDeviceProfileSelector/IOSDeviceProfileSelector.uplugin
LogPluginManager: Loaded Plugin LeapMotion, From F:/unreal/Epic Games/UE_4.14/Engine/Plugins/Runtime/LeapMotion/LeapMotion.uplugin
LogPluginManager: Loaded Plugin LinuxDeviceProfileSelector, From F:/unreal/Epic Games/UE_4.14/Engine/Plugins/Runtime/LinuxDeviceProfileSelector/LinuxDeviceProfileSelector.uplugin
LogPluginManager: Loaded Plugin MIDIDevice, From F:/unreal/Epic Games/UE_4.14/Engine/Plugins/Runtime/MIDIDevice/MIDIDevice.uplugin
LogPluginManager: Loaded Plugin MobilePatchingUtils, From F:/unreal/Epic Games/UE_4.14/Engine/Plugins/Runtime/MobilePatchingUtils/MobilePatchingUtils.uplugin
LogPluginManager: Loaded Plugin Ansel, From F:/unreal/Epic Games/UE_4.14/Engine/Plugins/Runtime/Nvidia/Ansel/Ansel.uplugin
LogPluginManager: Loaded Plugin OculusAudio, From F:/unreal/Epic Games/UE_4.14/Engine/Plugins/Runtime/OculusAudio/OculusAudio.uplugin
LogPluginManager: Loaded Plugin OculusInput, From F:/unreal/Epic Games/UE_4.14/Engine/Plugins/Runtime/OculusInput/OculusInput.uplugin
LogPluginManager: Loaded Plugin OculusLibrary, From F:/unreal/Epic Games/UE_4.14/Engine/Plugins/Runtime/OculusLibrary/OculusLibrary.uplugin
LogPluginManager: Loaded Plugin OculusRift, From F:/unreal/Epic Games/UE_4.14/Engine/Plugins/Runtime/OculusRift/OculusRift.uplugin
LogPluginManager: Loaded Plugin Oodle, From F:/unreal/Epic Games/UE_4.14/Engine/Plugins/Runtime/PacketHandlers/CompressionComponents/Oodle/Oodle.uplugin
LogPluginManager: Loaded Plugin ProceduralMeshComponent, From F:/unreal/Epic Games/UE_4.14/Engine/Plugins/Runtime/ProceduralMeshComponent/ProceduralMeshComponent.uplugin
LogPluginManager: Loaded Plugin SoundMod, From F:/unreal/Epic Games/UE_4.14/Engine/Plugins/Runtime/SoundMod/SoundMod.uplugin
LogPluginManager: Loaded Plugin SoundVisualizations, From F:/unreal/Epic Games/UE_4.14/Engine/Plugins/Runtime/SoundVisualizations/SoundVisualizations.uplugin
LogPluginManager: Loaded Plugin SteamController, From F:/unreal/Epic Games/UE_4.14/Engine/Plugins/Runtime/Steam/SteamController/SteamController.uplugin
LogPluginManager: Loaded Plugin SteamVR, From F:/unreal/Epic Games/UE_4.14/Engine/Plugins/Runtime/Steam/SteamVR/SteamVR.uplugin
LogPluginManager: Loaded Plugin WebBrowserWidget, From F:/unreal/Epic Games/UE_4.14/Engine/Plugins/Runtime/WebBrowserWidget/WebBrowserWidget.uplugin
LogPluginManager: Loaded Plugin WindowsDeviceProfileSelector, From F:/unreal/Epic Games/UE_4.14/Engine/Plugins/Runtime/WindowsDeviceProfileSelector/WindowsDeviceProfileSelector.uplugin
LogPluginManager: Loaded Plugin WindowsMoviePlayer, From F:/unreal/Epic Games/UE_4.14/Engine/Plugins/Runtime/WindowsMoviePlayer/WindowsMoviePlayer.uplugin
LogPluginManager: Loaded Plugin ScriptPlugin, From F:/unreal/Epic Games/UE_4.14/Engine/Plugins/ScriptPlugin/ScriptPlugin.uplugin
LogPluginManager: Loaded Plugin SlateRemote, From F:/unreal/Epic Games/UE_4.14/Engine/Plugins/Slate/SlateRemote/SlateRemote.uplugin
LogPluginManager: Loaded Plugin EditorTests, From F:/unreal/Epic Games/UE_4.14/Engine/Plugins/Tests/EditorTests/EditorTests.uplugin
LogPluginManager: Loaded Plugin FbxAutomationTestBuilder, From F:/unreal/Epic Games/UE_4.14/Engine/Plugins/Tests/FbxAutomationTestBuilder/FbxAutomationTestBuilder.uplugin
LogPluginManager: Loaded Plugin FunctionalTestingEditor, From F:/unreal/Epic Games/UE_4.14/Engine/Plugins/Tests/FunctionalTestingEditor/FunctionalTestingEditor.uplugin
LogPluginManager: Loaded Plugin RuntimeTests, From F:/unreal/Epic Games/UE_4.14/Engine/Plugins/Tests/RuntimeTests/RuntimeTests.uplugin
LogPluginManager: Loaded Plugin ScreenshotTools, From F:/unreal/Epic Games/UE_4.14/Engine/Plugins/Tests/ScreenshotTools/ScreenshotTools.uplugin
LogInit: Using libcurl 7.47.1
LogInit:  - built for x86_64-pc-win32
LogInit:  - supports SSL with OpenSSL/1.0.2g
LogInit:  - supports HTTP deflate (compression) using libz 1.2.8
LogInit:  - other features:
LogInit:      CURL_VERSION_SSL
LogInit:      CURL_VERSION_LIBZ
LogInit:      CURL_VERSION_IPV6
LogInit:      CURL_VERSION_ASYNCHDNS
LogInit:      CURL_VERSION_LARGEFILE
LogInit:      CURL_VERSION_IDN
LogInit:  CurlRequestOptions (configurable via config and command line):
LogInit:  - bVerifyPeer = false  - Libcurl will NOT verify peer certificate
LogInit:  - bUseHttpProxy = false  - Libcurl will NOT use HTTP proxy
LogInit:  - bDontReuseConnections = false  - Libcurl will reuse connections
LogInit:  - CertBundlePath = nullptr  - Libcurl will use whatever was configured at build time.
LogInit: Build: ++UE4+Release-4.14-CL-3249277
LogInit: Engine Version: 4.14.3-3249277+++UE4+Release-4.14
LogInit: Compatible Engine Version: 4.14.0-3195953+++UE4+Release-4.14
LogInit: Net CL: 3195953
LogDevObjectVersion: Number of dev versions registered: 13
LogDevObjectVersion:   Dev-Blueprints (B0D832E4-1F89-4F0D-ACCF-7EB736FD4AA2): 7
LogDevObjectVersion:   Dev-Build (E1C64328-A22C-4D53-A36C-8E866417BD8C): 0
LogDevObjectVersion:   Dev-Core (375EC13C-06E4-48FB-B500-84F0262A717E): 1
LogDevObjectVersion:   Dev-Editor (E4B068ED-F494-42E9-A231-DA0B2E46BB41): 8
LogDevObjectVersion:   Dev-Framework (CFFC743F-43B0-4480-9391-14DF171D2073): 17
LogDevObjectVersion:   Dev-Mobile (B02B49B5-BB20-44E9-A304-32B752E40360): 0
LogDevObjectVersion:   Dev-Networking (A4E4105C-59A1-49B5-A7C5-40C4547EDFEE): 0
LogDevObjectVersion:   Dev-Online (39C831C9-5AE6-47DC-9A44-9C173E1C8E7C): 0
LogDevObjectVersion:   Dev-Physics (78F01B33-EBEA-4F98-B9B4-84EACCB95AA2): 0
LogDevObjectVersion:   Dev-Platform (6631380F-2D4D-43E0-8009-CF276956A95A): 0
LogDevObjectVersion:   Dev-Rendering (12F88B9F-8875-4AFC-A67C-D90C383ABD29): 12
LogDevObjectVersion:   Dev-Sequencer (7B5AE74C-D270-4C10-A958-57980B212A5A): 1
LogDevObjectVersion:   Dev-VR (D7296918-1DD6-4BDD-9DE2-64A83CC13884): 0
LogInit: Compiled (64-bit): Jan  6 2017 10:49:43
LogInit: Compiled with Visual C++: 19.00.23026.00
LogInit: Build Configuration: Development
LogInit: Branch Name: ++UE4+Release-4.14
LogInit: Command line: -EpicPortal 
LogInit: Base directory: F:/unreal/Epic Games/UE_4.14/Engine/Binaries/Win64/
LogInit: Installed Engine Build: 1
LogInit: Presizing for max 8388607 objects, including 0 objects not considered by GC, pre-allocating 0 bytes for permanent pool.
LogInit: Object subsystem initialized
[2017.01.30-18.40.40:711][  0]LogInit: Selected Device Profile: [Windows]
[2017.01.30-18.40.40:711][  0]LogInit: Applying CVar settings loaded from the selected device profile: [Windows]
[2017.01.30-18.40.40:761][  0]LogInit: Computer: LOGAN
[2017.01.30-18.40.40:761][  0]LogInit: User: Logan
[2017.01.30-18.40.40:761][  0]LogInit: CPU Page size=65536, Cores=4
[2017.01.30-18.40.40:761][  0]LogInit: High frequency timer resolution =3.320336 MHz
[2017.01.30-18.40.40:762][  0]LogMemory: Memory total: Physical=7.9GB (8GB approx)
[2017.01.30-18.40.40:762][  0]LogMemory: Platform Memory Stats for Windows
[2017.01.30-18.40.40:762][  0]LogMemory: Process Physical Memory: 264.05 MB used, 264.05 MB peak
[2017.01.30-18.40.40:762][  0]LogMemory: Process Virtual Memory: 262.72 MB used, 262.72 MB peak
[2017.01.30-18.40.40:762][  0]LogMemory: Physical Memory: 6154.54 MB used,  1923.17 MB free, 8077.71 MB total
[2017.01.30-18.40.40:762][  0]LogMemory: Virtual Memory: 661.61 MB used,  1923.17 MB free, 134217728.00 MB total
[2017.01.30-18.40.40:802][  0]LogTextLocalizationManager: No specific translations for ('es-ES') exist, so ('es') translations will be used.
[2017.01.30-18.40.41:223][  0]LogD3D11RHI: D3D11 adapters:
[2017.01.30-18.40.41:736][  0]LogD3D11RHI:    0. 'NVIDIA GeForce GTX 960' (Feature Level 11_0)
[2017.01.30-18.40.41:736][  0]LogD3D11RHI:       4061/0/4038 MB DedicatedVideo/DedicatedSystem/SharedSystem, Outputs:1, VendorId:0x10de
[2017.01.30-18.40.41:740][  0]LogD3D11RHI:    1. 'Intel(R) HD Graphics 4000' (Feature Level 11_0)
[2017.01.30-18.40.41:740][  0]LogD3D11RHI:       32/0/1760 MB DedicatedVideo/DedicatedSystem/SharedSystem, Outputs:0, VendorId:0x8086
[2017.01.30-18.40.41:741][  0]LogD3D11RHI:    2. 'Microsoft Basic Render Driver' (Feature Level 11_0)
[2017.01.30-18.40.41:741][  0]LogD3D11RHI:       0/0/4038 MB DedicatedVideo/DedicatedSystem/SharedSystem, Outputs:0, VendorId:0x1414
[2017.01.30-18.40.41:741][  0]LogD3D11RHI: Chosen D3D11 Adapter: 0
[2017.01.30-18.40.41:746][  0]LogD3D11RHI: Creating new Direct3DDevice
[2017.01.30-18.40.41:746][  0]LogD3D11RHI:     GPU DeviceId: 0x1401 (for the marketing name, search the web for "GPU Device Id")
[2017.01.30-18.40.41:746][  0]LogWindows: EnumDisplayDevices:
[2017.01.30-18.40.41:747][  0]LogWindows:    0. 'NVIDIA GeForce GTX 960' (P:1 D:1)
[2017.01.30-18.40.41:747][  0]LogWindows:    1. 'NVIDIA GeForce GTX 960' (P:0 D:0)
[2017.01.30-18.40.41:747][  0]LogWindows:    2. 'NVIDIA GeForce GTX 960' (P:0 D:0)
[2017.01.30-18.40.41:747][  0]LogWindows:    3. 'NVIDIA GeForce GTX 960' (P:0 D:0)
[2017.01.30-18.40.41:747][  0]LogWindows:    4. 'Intel(R) HD Graphics 4000' (P:0 D:0)
[2017.01.30-18.40.41:748][  0]LogWindows:    5. 'Intel(R) HD Graphics 4000' (P:0 D:0)
[2017.01.30-18.40.41:748][  0]LogWindows:    6. 'Intel(R) HD Graphics 4000' (P:0 D:0)
[2017.01.30-18.40.41:748][  0]LogWindows: DebugString: PrimaryIsNotTheChoosenAdapter PrimaryIsNotTheChoosenAdapter PrimaryIsNotTheChoosenAdapter FoundDriverCount:4 
[2017.01.30-18.40.41:748][  0]LogD3D11RHI:     Adapter Name: NVIDIA GeForce GTX 960
[2017.01.30-18.40.41:748][  0]LogD3D11RHI:   Driver Version: 375.95 (internal:21.21.13.7595, unified:375.95)
[2017.01.30-18.40.41:748][  0]LogD3D11RHI:      Driver Date: 11-16-2016
[2017.01.30-18.40.41:748][  0]LogRHI: Texture pool is 1361 MB (70% of 1945 MB)
[2017.01.30-18.40.42:232][  0]LogD3D11RHI: Async texture creation enabled
[2017.01.30-18.40.42:270][  0]LogD3D11RHI: GPU Timing Frequency: 1000.000000 (Debug: 2 1)
[2017.01.30-18.40.42:271][  0]LogShaderCompilers: Guid format shader working directory is 24 characters bigger than the processId version (../../../../../PGV/PGV/Intermediate/Shaders/WorkingDirectory/7024/).
[2017.01.30-18.40.42:271][  0]LogShaderCompilers: Cleaned the shader compiler working directory 'C:/Users/Logan/AppData/Local/Temp/UnrealShaderWorkingDir/435AA5CD4C216B6213BE728848037A5B/'.
[2017.01.30-18.40.42:271][  0]LogShaderCompilers:Display: Using Local Shader Compiler.
[2017.01.30-18.40.43:345][  0]LogTemp:Display: Loaded TP AllDesktopTargetPlatform
[2017.01.30-18.40.43:405][  0]LogTemp:Display: Loaded TP MacClientTargetPlatform
[2017.01.30-18.40.43:460][  0]LogTemp:Display: Loaded TP MacNoEditorTargetPlatform
[2017.01.30-18.40.43:518][  0]LogTemp:Display: Loaded TP MacServerTargetPlatform
[2017.01.30-18.40.43:571][  0]LogTemp:Display: Loaded TP MacTargetPlatform
[2017.01.30-18.40.43:625][  0]LogTemp:Display: Loaded TP WindowsClientTargetPlatform
[2017.01.30-18.40.43:688][  0]LogTemp:Display: Loaded TP WindowsNoEditorTargetPlatform
[2017.01.30-18.40.43:757][  0]LogTemp:Display: Loaded TP WindowsServerTargetPlatform
[2017.01.30-18.40.43:798][  0]LogTemp:Display: Loaded TP WindowsTargetPlatform
[2017.01.30-18.40.43:860][  0]LogTemp:Display: Loaded TP AndroidTargetPlatform
[2017.01.30-18.40.43:914][  0]LogTemp:Display: Loaded TP Android_ASTCTargetPlatform
[2017.01.30-18.40.43:971][  0]LogTemp:Display: Loaded TP Android_ATCTargetPlatform
[2017.01.30-18.40.44:020][  0]LogTemp:Display: Loaded TP Android_DXTTargetPlatform
[2017.01.30-18.40.44:069][  0]LogTemp:Display: Loaded TP Android_ETC1TargetPlatform
[2017.01.30-18.40.44:117][  0]LogTemp:Display: Loaded TP Android_ETC2TargetPlatform
[2017.01.30-18.40.44:215][  0]LogTemp:Display: Loaded TP Android_MultiTargetPlatform
[2017.01.30-18.40.44:215][  0]LogTemp:Display: Loaded TP Android_PVRTCTargetPlatform
[2017.01.30-18.40.44:248][  0]LogTemp:Display: Loaded TP HTML5TargetPlatform
[2017.01.30-18.40.44:326][  0]LogTemp:Display: Loaded TP IOSTargetPlatform
[2017.01.30-18.40.44:359][  0]LogTemp:Display: Loaded TP TVOSTargetPlatform
[2017.01.30-18.40.44:408][  0]LogTemp:Display: Loaded TP LinuxClientTargetPlatform
[2017.01.30-18.40.44:461][  0]LogTemp:Display: Loaded TP LinuxNoEditorTargetPlatform
[2017.01.30-18.40.44:511][  0]LogTemp:Display: Loaded TP LinuxServerTargetPlatform
[2017.01.30-18.40.44:562][  0]LogTemp:Display: Loaded TP LinuxTargetPlatform
[2017.01.30-18.40.44:562][  0]LogTargetPlatformManager:Display: Building Assets For Windows
[2017.01.30-18.40.44:926][  0]LogDerivedDataCache:Display: Max Cache Size: 512 MB
[2017.01.30-18.40.44:972][  0]LogDerivedDataCache: Loaded boot cache 0.05s 50MB C:/Users/Logan/AppData/Local/UnrealEngine/4.14/DerivedDataCache/Boot.ddc.
[2017.01.30-18.40.44:972][  0]LogDerivedDataCache:Display: Loaded Boot cache: C:/Users/Logan/AppData/Local/UnrealEngine/4.14/DerivedDataCache/Boot.ddc
[2017.01.30-18.40.44:972][  0]LogDerivedDataCache: FDerivedDataBackendGraph:  Pak pak cache file ../../../../../PGV/PGV/DerivedDataCache/DDC.ddp not found, will not use a pak cache.
[2017.01.30-18.40.44:973][  0]LogDerivedDataCache: Unable to find inner node Pak for hierarchical cache Hierarchy.
[2017.01.30-18.40.44:973][  0]LogDerivedDataCache: FDerivedDataBackendGraph:  CompressedPak pak cache file ../../../../../PGV/PGV/DerivedDataCache/Compressed.ddp not found, will not use a pak cache.
[2017.01.30-18.40.44:973][  0]LogDerivedDataCache: Unable to find inner node CompressedPak for hierarchical cache Hierarchy.
[2017.01.30-18.40.44:995][  0]LogDerivedDataCache:Display: Pak cache opened for reading ../../../Engine/DerivedDataCache/Compressed.ddp.
[2017.01.30-18.40.45:008][  0]LogDerivedDataCache: Using Local data cache path C:/Users/Logan/AppData/Local/UnrealEngine/Common/DerivedDataCache: Writable
[2017.01.30-18.40.45:237][  0]LogInit: Selected Device Profile: [Windows]
[2017.01.30-18.40.45:242][  0]LogContentStreaming: Texture pool size is 0.00 MB
[2017.01.30-18.40.45:433][  0]LogMeshUtilities: Using QuadricMeshReduction for automatic static mesh reduction
[2017.01.30-18.40.45:472][  0]LogSimplygon: Simplygon DLL not present - disabling.
[2017.01.30-18.40.45:511][  0]LogMeshUtilities: Using SimplygonSwarm for distributed automatic mesh merging
[2017.01.30-18.40.45:511][  0]LogMeshUtilities: No automatic skeletal mesh reduction module available
[2017.01.30-18.40.45:511][  0]LogMeshUtilities: No automatic mesh merging module available
[2017.01.30-18.40.46:110][  0]LogNetVersion: GetLocalNetworkVersion: CL: 3195953, ProjectName: pgv, ProjectVersion: , EngineNetworkVersion: 2, GameNetworkVersion: 0, NetworkChecksum: 1597279220
[2017.01.30-18.40.46:163][  0]LogAssetRegistry: FAssetRegistry took 0.0213 seconds to start up
[2017.01.30-18.40.46:279][  0]LogPackageLocalizationCache: Processed 3 localized package path(s) for 2 prioritized culture(s) in 0.099007 seconds
[2017.01.30-18.40.46:284][  0]LogUObjectArray: 31946 objects as part of root set at end of initial load.
[2017.01.30-18.40.46:285][  0]LogUObjectAllocator: 6935848 out of 0 bytes used by permanent object pool.
[2017.01.30-18.40.46:285][  0]LogUObjectArray: CloseDisregardForGC: 0/0 objects in disregard for GC pool
[2017.01.30-18.40.46:337][  0]LogInit: WinSock: version 1.1 (2.2), MaxSocks=32767, MaxUdp=65467
[2017.01.30-18.40.47:374][  0]LogSlate: Using Freetype 2.6.0
[2017.01.30-18.40.47:375][  0]LogSlate: SlateFontCache - WITH_FREETYPE: 1, WITH_HARFBUZZ: 1
[2017.01.30-18.40.47:375][  0]LogSlate: SlateFontCache - WITH_FREETYPE: 1, WITH_HARFBUZZ: 1
[2017.01.30-18.40.48:136][  0]LogTcpMessaging: Initializing TcpMessaging bridge
[2017.01.30-18.40.48:171][  0]LogUdpMessaging: Initializing bridge on interface 0.0.0.0:0 to multicast group 230.0.0.1:6666.
[2017.01.30-18.40.48:688][  0]LogMaterial: Uniform references updated for custom material expression Custom.
[2017.01.30-18.40.49:981][  0]SourceControl: Información El control de código fuente está desactivado
[2017.01.30-18.40.49:982][  0]SourceControl: Información El control de código fuente está desactivado
[2017.01.30-18.40.50:024][  0]SourceControl: Información El control de código fuente está desactivado
[2017.01.30-18.40.50:067][  0]SourceControl: Información El control de código fuente está desactivado
[2017.01.30-18.40.51:456][  0]LogEngine: Initializing Engine...
[2017.01.30-18.40.51:458][  0]LogHMD: Failed to initialize OpenVR with code 110
[2017.01.30-18.40.51:757][  0]LogAIModule: Creating AISystem for world Untitled
[2017.01.30-18.40.51:774][  0]LogInit: XAudio2 using 'Altavoces (B)' : 2 channels at 44.1 kHz using 16 bits per sample (channel mask 0x3)
[2017.01.30-18.40.51:785][  0]LogInit: FAudioDevice initialized.
[2017.01.30-18.40.51:811][  0]LogDerivedDataCache: Saved boot cache 0.03s 50MB C:/Users/Logan/AppData/Local/UnrealEngine/4.14/DerivedDataCache/Boot.ddc.
[2017.01.30-18.40.51:816][  0]LogInit: Texture streaming: Enabled
[2017.01.30-18.40.52:147][  0]LogInit: Transaction tracking system initialized
[2017.01.30-18.40.52:462][  0]BlueprintLog: New page: Cargar el editor
[2017.01.30-18.40.53:489][  0]LocalizationService: Información Localization service is disabled
[2017.01.30-18.40.54:216][  0]LogConsoleResponse:Display: 
[2017.01.30-18.40.54:653][  0]LogCook:Display: Max memory allowance for cook 16384mb min free memory 0mb
[2017.01.30-18.40.54:653][  0]LogCook:Display: Mobile HDR setting 1
[2017.01.30-18.40.55:678][  0]LogFileCache: Scanning file cache for directory 'F:/unreal/PGV/PGV/Content/' took 0.12s
[2017.01.30-18.40.56:320][  0]SourceControl: Información El control de código fuente está desactivado
[2017.01.30-18.40.56:320][  0]Cmd: MAP LOAD FILE="../../../../../PGV/PGV/Content/TopDownBP/Maps/TopDownExampleMap.umap" TEMPLATE=0 SHOWPROGRESS=1 FEATURELEVEL=3
[2017.01.30-18.40.56:321][  0]LightingResults: New page: Diseñar la iluminación
[2017.01.30-18.40.56:354][  0]MapCheck: New page: Revisión del mapa
[2017.01.30-18.40.56:354][  0]LightingResults: New page: Diseñar la iluminación
[2017.01.30-18.41.00:311][  0]LogLinker:Warning: No puede encontrar el archivo '/Game/KiteDemo/Material/Grass_LayerInfo'
[2017.01.30-18.41.00:311][  0]LogLinker:Warning: No puede encontrar el archivo para el activo '/Game/KiteDemo/Material/Grass_LayerInfo' mientras carga ../../../../../PGV/PGV/Content/TopDownBP/Maps/TopDownExampleMap.umap.
[2017.01.30-18.41.00:339][  0]LoadErrors:Error: Error /Game/TopDownBP/Maps/TopDownExampleMap : No puede encontrar el archivo para el activo. /Game/KiteDemo/Material/Grass_LayerInfo
[2017.01.30-18.41.00:339][  0]LogLinker:Warning: No puede encontrar el archivo '/Game/KiteDemo/Material/Path_LayerInfo'
[2017.01.30-18.41.00:339][  0]LogLinker:Warning: No puede encontrar el archivo para el activo '/Game/KiteDemo/Material/Path_LayerInfo' mientras carga ../../../../../PGV/PGV/Content/TopDownBP/Maps/TopDownExampleMap.umap.
[2017.01.30-18.41.00:339][  0]LoadErrors:Error: Error /Game/TopDownBP/Maps/TopDownExampleMap : No puede encontrar el archivo para el activo. /Game/KiteDemo/Material/Path_LayerInfo
[2017.01.30-18.41.00:341][  0]LogLinker:Warning: No puede encontrar el archivo '/Game/KiteDemo/Material/Landscape_Material'
[2017.01.30-18.41.00:341][  0]LogLinker:Warning: No puede encontrar el archivo para el activo '/Game/KiteDemo/Material/Landscape_Material' mientras carga ../../../../../PGV/PGV/Content/TopDownBP/Maps/TopDownExampleMap.umap.
[2017.01.30-18.41.00:341][  0]LoadErrors:Error: Error /Game/TopDownBP/Maps/TopDownExampleMap : No puede encontrar el archivo para el activo. /Game/KiteDemo/Material/Landscape_Material
[2017.01.30-18.41.02:508][  0]LogLinker:Warning: No puede encontrar el archivo '/Game/KiteDemo/Material/Grass_LayerInfo'
[2017.01.30-18.41.02:508][  0]LogLinker:Warning: No puede encontrar el archivo para el activo '/Game/KiteDemo/Material/Grass_LayerInfo' mientras carga ../../../../../PGV/PGV/Content/TopDownBP/Maps/TopDownExampleMap.umap.
[2017.01.30-18.41.02:508][  0]LoadErrors:Error: Error /Game/TopDownBP/Maps/TopDownExampleMap : No puede encontrar el archivo para el activo. /Game/KiteDemo/Material/Grass_LayerInfo
[2017.01.30-18.41.02:508][  0]LogLinker:Warning: No puede encontrar el archivo '/Game/KiteDemo/Material/Landscape_Material'
[2017.01.30-18.41.02:508][  0]LogLinker:Warning: No puede encontrar el archivo para el activo '/Game/KiteDemo/Material/Landscape_Material' mientras carga ../../../../../PGV/PGV/Content/TopDownBP/Maps/TopDownExampleMap.umap.
[2017.01.30-18.41.02:508][  0]LoadErrors:Error: Error /Game/TopDownBP/Maps/TopDownExampleMap : No puede encontrar el archivo para el activo. /Game/KiteDemo/Material/Landscape_Material
[2017.01.30-18.41.02:508][  0]LogLinker:Warning: No puede encontrar el archivo '/Game/KiteDemo/Material/Path_LayerInfo'
[2017.01.30-18.41.02:508][  0]LogLinker:Warning: No puede encontrar el archivo para el activo '/Game/KiteDemo/Material/Path_LayerInfo' mientras carga ../../../../../PGV/PGV/Content/TopDownBP/Maps/TopDownExampleMap.umap.
[2017.01.30-18.41.02:508][  0]LoadErrors:Error: Error /Game/TopDownBP/Maps/TopDownExampleMap : No puede encontrar el archivo para el activo. /Game/KiteDemo/Material/Path_LayerInfo
[2017.01.30-18.41.02:511][  0]LogLinker:Warning: No puede encontrar el archivo '/Game/KiteDemo/Material/Grass_LayerInfo'
[2017.01.30-18.41.02:511][  0]LogLinker:Warning: No puede encontrar el archivo para el activo '/Game/KiteDemo/Material/Grass_LayerInfo' mientras carga NULL.
[2017.01.30-18.41.02:511][  0]LogLinker:Warning: No puede encontrar el archivo '/Game/KiteDemo/Material/Path_LayerInfo'
[2017.01.30-18.41.02:511][  0]LogLinker:Warning: No puede encontrar el archivo para el activo '/Game/KiteDemo/Material/Path_LayerInfo' mientras carga NULL.
[2017.01.30-18.41.02:511][  0]LogLinker:Warning: No puede encontrar el archivo '/Game/KiteDemo/Material/Landscape_Material'
[2017.01.30-18.41.02:511][  0]LogLinker:Warning: No puede encontrar el archivo para el activo '/Game/KiteDemo/Material/Landscape_Material' mientras carga NULL.
[2017.01.30-18.41.02:511][  0]LogLinker:Warning: No puede encontrar el archivo '/Game/KiteDemo/Material/Grass_LayerInfo'
[2017.01.30-18.41.02:511][  0]LogLinker:Warning: No puede encontrar el archivo para el activo '/Game/KiteDemo/Material/Grass_LayerInfo' mientras carga NULL.
[2017.01.30-18.41.02:511][  0]LogLinker:Warning: No puede encontrar el archivo '/Game/KiteDemo/Material/Landscape_Material'
[2017.01.30-18.41.02:511][  0]LogLinker:Warning: No puede encontrar el archivo para el activo '/Game/KiteDemo/Material/Landscape_Material' mientras carga NULL.
[2017.01.30-18.41.02:511][  0]LogLinker:Warning: No puede encontrar el archivo '/Game/KiteDemo/Material/Path_LayerInfo'
[2017.01.30-18.41.02:511][  0]LogLinker:Warning: No puede encontrar el archivo para el activo '/Game/KiteDemo/Material/Path_LayerInfo' mientras carga NULL.
[2017.01.30-18.41.02:860][  0]LogMaterial: Uniform references updated for custom material expression TemporalAA SampleID.
[2017.01.30-18.41.02:860][  0]LogMaterial: Uniform references updated for custom material expression Custom.
[2017.01.30-18.41.04:014][  0]LogLinker:Warning: No puede encontrar el archivo '/Game/KiteDemo/Material/Landscape_Material'
[2017.01.30-18.41.04:014][  0]LoadErrors: Información Error al cargar /Game/KiteDemo/Material/Landscape_Material.Landscape_Material Referenciado por Landscape_2
[2017.01.30-18.41.04:014][  0]LogLinker:Warning: No puede encontrar el archivo para el activo '/Game/KiteDemo/Material/Landscape_Material' mientras carga NULL.
[2017.01.30-18.41.04:014][  0]LoadErrors: Información Error al cargar /Game/KiteDemo/Material/Landscape_Material.Landscape_Material Referenciado por Landscape_2
[2017.01.30-18.41.04:054][  0]LogLinker:Warning: No puede encontrar el archivo '/Game/KiteDemo/Material/Path_LayerInfo'
[2017.01.30-18.41.04:054][  0]LoadErrors: Información Error al cargar /Game/KiteDemo/Material/Path_LayerInfo.Path_LayerInfo Referenciado por Landscape_2
[2017.01.30-18.41.04:054][  0]LogLinker:Warning: No puede encontrar el archivo para el activo '/Game/KiteDemo/Material/Path_LayerInfo' mientras carga NULL.
[2017.01.30-18.41.04:055][  0]LoadErrors: Información Error al cargar /Game/KiteDemo/Material/Path_LayerInfo.Path_LayerInfo Referenciado por Landscape_2
[2017.01.30-18.41.04:055][  0]LogLinker:Warning: No puede encontrar el archivo '/Game/KiteDemo/Material/Grass_LayerInfo'
[2017.01.30-18.41.04:055][  0]LoadErrors: Información Error al cargar /Game/KiteDemo/Material/Grass_LayerInfo.Grass_LayerInfo Referenciado por Landscape_2
[2017.01.30-18.41.04:055][  0]LogLinker:Warning: No puede encontrar el archivo para el activo '/Game/KiteDemo/Material/Grass_LayerInfo' mientras carga NULL.
[2017.01.30-18.41.04:055][  0]LoadErrors: Información Error al cargar /Game/KiteDemo/Material/Grass_LayerInfo.Grass_LayerInfo Referenciado por Landscape_2
[2017.01.30-18.41.04:055][  0]LogLinker:Warning: No puede encontrar el archivo '/Game/KiteDemo/Material/Grass_LayerInfo'
[2017.01.30-18.41.04:055][  0]LoadErrors: Información Error al cargar /Game/KiteDemo/Material/Grass_LayerInfo.Grass_LayerInfo Referenciado por LandscapeComponent_10
[2017.01.30-18.41.04:055][  0]LogLinker:Warning: No puede encontrar el archivo para el activo '/Game/KiteDemo/Material/Grass_LayerInfo' mientras carga NULL.
[2017.01.30-18.41.04:055][  0]LoadErrors: Información Error al cargar /Game/KiteDemo/Material/Grass_LayerInfo.Grass_LayerInfo Referenciado por LandscapeComponent_10
[2017.01.30-18.41.04:110][  0]LogLinker:Warning: No puede encontrar el archivo '/Game/KiteDemo/Material/Grass_LayerInfo'
[2017.01.30-18.41.04:110][  0]LoadErrors: Información Error al cargar /Game/KiteDemo/Material/Grass_LayerInfo.Grass_LayerInfo Referenciado por LandscapeComponent_11
[2017.01.30-18.41.04:110][  0]LogLinker:Warning: No puede encontrar el archivo para el activo '/Game/KiteDemo/Material/Grass_LayerInfo' mientras carga NULL.
[2017.01.30-18.41.04:110][  0]LoadErrors: Información Error al cargar /Game/KiteDemo/Material/Grass_LayerInfo.Grass_LayerInfo Referenciado por LandscapeComponent_11
[2017.01.30-18.41.04:110][  0]LogLinker:Warning: No puede encontrar el archivo '/Game/KiteDemo/Material/Grass_LayerInfo'
[2017.01.30-18.41.04:110][  0]LoadErrors: Información Error al cargar /Game/KiteDemo/Material/Grass_LayerInfo.Grass_LayerInfo Referenciado por LandscapeComponent_12
[2017.01.30-18.41.04:111][  0]LogLinker:Warning: No puede encontrar el archivo para el activo '/Game/KiteDemo/Material/Grass_LayerInfo' mientras carga NULL.
[2017.01.30-18.41.04:111][  0]LoadErrors: Información Error al cargar /Game/KiteDemo/Material/Grass_LayerInfo.Grass_LayerInfo Referenciado por LandscapeComponent_12
[2017.01.30-18.41.04:111][  0]LogLinker:Warning: No puede encontrar el archivo '/Game/KiteDemo/Material/Grass_LayerInfo'
[2017.01.30-18.41.04:111][  0]LoadErrors: Información Error al cargar /Game/KiteDemo/Material/Grass_LayerInfo.Grass_LayerInfo Referenciado por LandscapeComponent_4
[2017.01.30-18.41.04:111][  0]LogLinker:Warning: No puede encontrar el archivo para el activo '/Game/KiteDemo/Material/Grass_LayerInfo' mientras carga NULL.
[2017.01.30-18.41.04:111][  0]LoadErrors: Información Error al cargar /Game/KiteDemo/Material/Grass_LayerInfo.Grass_LayerInfo Referenciado por LandscapeComponent_4
[2017.01.30-18.41.04:111][  0]LogLinker:Warning: No puede encontrar el archivo '/Game/KiteDemo/Material/Grass_LayerInfo'
[2017.01.30-18.41.04:111][  0]LoadErrors: Información Error al cargar /Game/KiteDemo/Material/Grass_LayerInfo.Grass_LayerInfo Referenciado por LandscapeComponent_5
[2017.01.30-18.41.04:111][  0]LogLinker:Warning: No puede encontrar el archivo para el activo '/Game/KiteDemo/Material/Grass_LayerInfo' mientras carga NULL.
[2017.01.30-18.41.04:111][  0]LoadErrors: Información Error al cargar /Game/KiteDemo/Material/Grass_LayerInfo.Grass_LayerInfo Referenciado por LandscapeComponent_5
[2017.01.30-18.41.04:111][  0]LogLinker:Warning: No puede encontrar el archivo '/Game/KiteDemo/Material/Grass_LayerInfo'
[2017.01.30-18.41.04:111][  0]LoadErrors: Información Error al cargar /Game/KiteDemo/Material/Grass_LayerInfo.Grass_LayerInfo Referenciado por LandscapeComponent_6
[2017.01.30-18.41.04:111][  0]LogLinker:Warning: No puede encontrar el archivo para el activo '/Game/KiteDemo/Material/Grass_LayerInfo' mientras carga NULL.
[2017.01.30-18.41.04:111][  0]LoadErrors: Información Error al cargar /Game/KiteDemo/Material/Grass_LayerInfo.Grass_LayerInfo Referenciado por LandscapeComponent_6
[2017.01.30-18.41.04:112][  0]LogLinker:Warning: No puede encontrar el archivo '/Game/KiteDemo/Material/Grass_LayerInfo'
[2017.01.30-18.41.04:112][  0]LoadErrors: Información Error al cargar /Game/KiteDemo/Material/Grass_LayerInfo.Grass_LayerInfo Referenciado por LandscapeComponent_7
[2017.01.30-18.41.04:112][  0]LogLinker:Warning: No puede encontrar el archivo para el activo '/Game/KiteDemo/Material/Grass_LayerInfo' mientras carga NULL.
[2017.01.30-18.41.04:112][  0]LoadErrors: Información Error al cargar /Game/KiteDemo/Material/Grass_LayerInfo.Grass_LayerInfo Referenciado por LandscapeComponent_7
[2017.01.30-18.41.04:112][  0]LogLinker:Warning: No puede encontrar el archivo '/Game/KiteDemo/Material/Path_LayerInfo'
[2017.01.30-18.41.04:112][  0]LoadErrors: Información Error al cargar /Game/KiteDemo/Material/Path_LayerInfo.Path_LayerInfo Referenciado por LandscapeComponent_7
[2017.01.30-18.41.04:112][  0]LogLinker:Warning: No puede encontrar el archivo para el activo '/Game/KiteDemo/Material/Path_LayerInfo' mientras carga NULL.
[2017.01.30-18.41.04:112][  0]LoadErrors: Información Error al cargar /Game/KiteDemo/Material/Path_LayerInfo.Path_LayerInfo Referenciado por LandscapeComponent_7
[2017.01.30-18.41.04:112][  0]LogLinker:Warning: No puede encontrar el archivo '/Game/KiteDemo/Material/Grass_LayerInfo'
[2017.01.30-18.41.04:112][  0]LoadErrors: Información Error al cargar /Game/KiteDemo/Material/Grass_LayerInfo.Grass_LayerInfo Referenciado por LandscapeComponent_8
[2017.01.30-18.41.04:112][  0]LogLinker:Warning: No puede encontrar el archivo para el activo '/Game/KiteDemo/Material/Grass_LayerInfo' mientras carga NULL.
[2017.01.30-18.41.04:112][  0]LoadErrors: Información Error al cargar /Game/KiteDemo/Material/Grass_LayerInfo.Grass_LayerInfo Referenciado por LandscapeComponent_8
[2017.01.30-18.41.04:112][  0]LogLinker:Warning: No puede encontrar el archivo '/Game/KiteDemo/Material/Path_LayerInfo'
[2017.01.30-18.41.04:112][  0]LoadErrors: Información Error al cargar /Game/KiteDemo/Material/Path_LayerInfo.Path_LayerInfo Referenciado por LandscapeComponent_8
[2017.01.30-18.41.04:113][  0]LogLinker:Warning: No puede encontrar el archivo para el activo '/Game/KiteDemo/Material/Path_LayerInfo' mientras carga NULL.
[2017.01.30-18.41.04:113][  0]LoadErrors: Información Error al cargar /Game/KiteDemo/Material/Path_LayerInfo.Path_LayerInfo Referenciado por LandscapeComponent_8
[2017.01.30-18.41.04:113][  0]LogLinker:Warning: No puede encontrar el archivo '/Game/KiteDemo/Material/Grass_LayerInfo'
[2017.01.30-18.41.04:113][  0]LoadErrors: Información Error al cargar /Game/KiteDemo/Material/Grass_LayerInfo.Grass_LayerInfo Referenciado por LandscapeComponent_9
[2017.01.30-18.41.04:113][  0]LogLinker:Warning: No puede encontrar el archivo para el activo '/Game/KiteDemo/Material/Grass_LayerInfo' mientras carga NULL.
[2017.01.30-18.41.04:113][  0]LoadErrors: Información Error al cargar /Game/KiteDemo/Material/Grass_LayerInfo.Grass_LayerInfo Referenciado por LandscapeComponent_9
[2017.01.30-18.41.04:113][  0]LogLinker:Warning: No puede encontrar el archivo '/Game/KiteDemo/Material/Path_LayerInfo'
[2017.01.30-18.41.04:113][  0]LoadErrors: Información Error al cargar /Game/KiteDemo/Material/Path_LayerInfo.Path_LayerInfo Referenciado por LandscapeComponent_9
[2017.01.30-18.41.04:113][  0]LogLinker:Warning: No puede encontrar el archivo para el activo '/Game/KiteDemo/Material/Path_LayerInfo' mientras carga NULL.
[2017.01.30-18.41.04:113][  0]LoadErrors: Información Error al cargar /Game/KiteDemo/Material/Path_LayerInfo.Path_LayerInfo Referenciado por LandscapeComponent_9
[2017.01.30-18.41.04:116][  0]LogLinker:Warning: No puede encontrar el archivo '/Game/KiteDemo/Material/Grass_LayerInfo'
[2017.01.30-18.41.04:116][  0]LoadErrors: Información Error al cargar /Game/KiteDemo/Material/Grass_LayerInfo.Grass_LayerInfo Referenciado por LandscapeHeightfieldCollisionComponent_17
[2017.01.30-18.41.04:116][  0]LogLinker:Warning: No puede encontrar el archivo para el activo '/Game/KiteDemo/Material/Grass_LayerInfo' mientras carga NULL.
[2017.01.30-18.41.04:116][  0]LoadErrors: Información Error al cargar /Game/KiteDemo/Material/Grass_LayerInfo.Grass_LayerInfo Referenciado por LandscapeHeightfieldCollisionComponent_17
[2017.01.30-18.41.04:116][  0]LogLinker:Warning: No puede encontrar el archivo '/Game/KiteDemo/Material/Grass_LayerInfo'
[2017.01.30-18.41.04:116][  0]LoadErrors: Información Error al cargar /Game/KiteDemo/Material/Grass_LayerInfo.Grass_LayerInfo Referenciado por LandscapeHeightfieldCollisionComponent_18
[2017.01.30-18.41.04:116][  0]LogLinker:Warning: No puede encontrar el archivo para el activo '/Game/KiteDemo/Material/Grass_LayerInfo' mientras carga NULL.
[2017.01.30-18.41.04:116][  0]LoadErrors: Información Error al cargar /Game/KiteDemo/Material/Grass_LayerInfo.Grass_LayerInfo Referenciado por LandscapeHeightfieldCollisionComponent_18
[2017.01.30-18.41.04:116][  0]LogLinker:Warning: No puede encontrar el archivo '/Game/KiteDemo/Material/Grass_LayerInfo'
[2017.01.30-18.41.04:117][  0]LoadErrors: Información Error al cargar /Game/KiteDemo/Material/Grass_LayerInfo.Grass_LayerInfo Referenciado por LandscapeHeightfieldCollisionComponent_19
[2017.01.30-18.41.04:117][  0]LogLinker:Warning: No puede encontrar el archivo para el activo '/Game/KiteDemo/Material/Grass_LayerInfo' mientras carga NULL.
[2017.01.30-18.41.04:117][  0]LoadErrors: Información Error al cargar /Game/KiteDemo/Material/Grass_LayerInfo.Grass_LayerInfo Referenciado por LandscapeHeightfieldCollisionComponent_19
[2017.01.30-18.41.04:117][  0]LogLinker:Warning: No puede encontrar el archivo '/Game/KiteDemo/Material/Grass_LayerInfo'
[2017.01.30-18.41.04:117][  0]LoadErrors: Información Error al cargar /Game/KiteDemo/Material/Grass_LayerInfo.Grass_LayerInfo Referenciado por LandscapeHeightfieldCollisionComponent_20
[2017.01.30-18.41.04:117][  0]LogLinker:Warning: No puede encontrar el archivo para el activo '/Game/KiteDemo/Material/Grass_LayerInfo' mientras carga NULL.
[2017.01.30-18.41.04:117][  0]LoadErrors: Información Error al cargar /Game/KiteDemo/Material/Grass_LayerInfo.Grass_LayerInfo Referenciado por LandscapeHeightfieldCollisionComponent_20
[2017.01.30-18.41.04:117][  0]LogLinker:Warning: No puede encontrar el archivo '/Game/KiteDemo/Material/Path_LayerInfo'
[2017.01.30-18.41.04:117][  0]LoadErrors: Información Error al cargar /Game/KiteDemo/Material/Path_LayerInfo.Path_LayerInfo Referenciado por LandscapeHeightfieldCollisionComponent_20
[2017.01.30-18.41.04:117][  0]LogLinker:Warning: No puede encontrar el archivo para el activo '/Game/KiteDemo/Material/Path_LayerInfo' mientras carga NULL.
[2017.01.30-18.41.04:117][  0]LoadErrors: Información Error al cargar /Game/KiteDemo/Material/Path_LayerInfo.Path_LayerInfo Referenciado por LandscapeHeightfieldCollisionComponent_20
[2017.01.30-18.41.04:117][  0]LogLinker:Warning: No puede encontrar el archivo '/Game/KiteDemo/Material/Grass_LayerInfo'
[2017.01.30-18.41.04:117][  0]LoadErrors: Información Error al cargar /Game/KiteDemo/Material/Grass_LayerInfo.Grass_LayerInfo Referenciado por LandscapeHeightfieldCollisionComponent_21
[2017.01.30-18.41.04:117][  0]LogLinker:Warning: No puede encontrar el archivo para el activo '/Game/KiteDemo/Material/Grass_LayerInfo' mientras carga NULL.
[2017.01.30-18.41.04:117][  0]LoadErrors: Información Error al cargar /Game/KiteDemo/Material/Grass_LayerInfo.Grass_LayerInfo Referenciado por LandscapeHeightfieldCollisionComponent_21
[2017.01.30-18.41.04:118][  0]LogLinker:Warning: No puede encontrar el archivo '/Game/KiteDemo/Material/Path_LayerInfo'
[2017.01.30-18.41.04:118][  0]LoadErrors: Información Error al cargar /Game/KiteDemo/Material/Path_LayerInfo.Path_LayerInfo Referenciado por LandscapeHeightfieldCollisionComponent_21
[2017.01.30-18.41.04:118][  0]LogLinker:Warning: No puede encontrar el archivo para el activo '/Game/KiteDemo/Material/Path_LayerInfo' mientras carga NULL.
[2017.01.30-18.41.04:118][  0]LoadErrors: Información Error al cargar /Game/KiteDemo/Material/Path_LayerInfo.Path_LayerInfo Referenciado por LandscapeHeightfieldCollisionComponent_21
[2017.01.30-18.41.04:118][  0]LogLinker:Warning: No puede encontrar el archivo '/Game/KiteDemo/Material/Grass_LayerInfo'
[2017.01.30-18.41.04:118][  0]LoadErrors: Información Error al cargar /Game/KiteDemo/Material/Grass_LayerInfo.Grass_LayerInfo Referenciado por LandscapeHeightfieldCollisionComponent_22
[2017.01.30-18.41.04:118][  0]LogLinker:Warning: No puede encontrar el archivo para el activo '/Game/KiteDemo/Material/Grass_LayerInfo' mientras carga NULL.
[2017.01.30-18.41.04:118][  0]LoadErrors: Información Error al cargar /Game/KiteDemo/Material/Grass_LayerInfo.Grass_LayerInfo Referenciado por LandscapeHeightfieldCollisionComponent_22
[2017.01.30-18.41.04:118][  0]LogLinker:Warning: No puede encontrar el archivo '/Game/KiteDemo/Material/Path_LayerInfo'
[2017.01.30-18.41.04:118][  0]LoadErrors: Información Error al cargar /Game/KiteDemo/Material/Path_LayerInfo.Path_LayerInfo Referenciado por LandscapeHeightfieldCollisionComponent_22
[2017.01.30-18.41.04:118][  0]LogLinker:Warning: No puede encontrar el archivo para el activo '/Game/KiteDemo/Material/Path_LayerInfo' mientras carga NULL.
[2017.01.30-18.41.04:118][  0]LoadErrors: Información Error al cargar /Game/KiteDemo/Material/Path_LayerInfo.Path_LayerInfo Referenciado por LandscapeHeightfieldCollisionComponent_22
[2017.01.30-18.41.04:118][  0]LogLinker:Warning: No puede encontrar el archivo '/Game/KiteDemo/Material/Grass_LayerInfo'
[2017.01.30-18.41.04:118][  0]LoadErrors: Información Error al cargar /Game/KiteDemo/Material/Grass_LayerInfo.Grass_LayerInfo Referenciado por LandscapeHeightfieldCollisionComponent_23
[2017.01.30-18.41.04:118][  0]LogLinker:Warning: No puede encontrar el archivo para el activo '/Game/KiteDemo/Material/Grass_LayerInfo' mientras carga NULL.
[2017.01.30-18.41.04:119][  0]LoadErrors: Información Error al cargar /Game/KiteDemo/Material/Grass_LayerInfo.Grass_LayerInfo Referenciado por LandscapeHeightfieldCollisionComponent_23
[2017.01.30-18.41.04:119][  0]LogLinker:Warning: No puede encontrar el archivo '/Game/KiteDemo/Material/Grass_LayerInfo'
[2017.01.30-18.41.04:119][  0]LoadErrors: Información Error al cargar /Game/KiteDemo/Material/Grass_LayerInfo.Grass_LayerInfo Referenciado por LandscapeHeightfieldCollisionComponent_24
[2017.01.30-18.41.04:119][  0]LogLinker:Warning: No puede encontrar el archivo para el activo '/Game/KiteDemo/Material/Grass_LayerInfo' mientras carga NULL.
[2017.01.30-18.41.04:119][  0]LoadErrors: Información Error al cargar /Game/KiteDemo/Material/Grass_LayerInfo.Grass_LayerInfo Referenciado por LandscapeHeightfieldCollisionComponent_24
[2017.01.30-18.41.04:119][  0]LogLinker:Warning: No puede encontrar el archivo '/Game/KiteDemo/Material/Grass_LayerInfo'
[2017.01.30-18.41.04:119][  0]LoadErrors: Información Error al cargar /Game/KiteDemo/Material/Grass_LayerInfo.Grass_LayerInfo Referenciado por LandscapeHeightfieldCollisionComponent_25
[2017.01.30-18.41.04:119][  0]LogLinker:Warning: No puede encontrar el archivo para el activo '/Game/KiteDemo/Material/Grass_LayerInfo' mientras carga NULL.
[2017.01.30-18.41.04:119][  0]LoadErrors: Información Error al cargar /Game/KiteDemo/Material/Grass_LayerInfo.Grass_LayerInfo Referenciado por LandscapeHeightfieldCollisionComponent_25
[2017.01.30-18.41.04:119][  0]LogLinker:Warning: No puede encontrar el archivo '/Game/KiteDemo/Material/Landscape_Material'
[2017.01.30-18.41.04:120][  0]LoadErrors: Información Error al cargar /Game/KiteDemo/Material/Landscape_Material.Landscape_Material Referenciado por LandscapeMaterialInstanceConstant_18
[2017.01.30-18.41.04:120][  0]LogLinker:Warning: No puede encontrar el archivo para el activo '/Game/KiteDemo/Material/Landscape_Material' mientras carga NULL.
[2017.01.30-18.41.04:120][  0]LoadErrors: Información Error al cargar /Game/KiteDemo/Material/Landscape_Material.Landscape_Material Referenciado por LandscapeMaterialInstanceConstant_18
[2017.01.30-18.41.04:120][  0]LogLinker:Warning: No puede encontrar el archivo '/Game/KiteDemo/Material/Landscape_Material'
[2017.01.30-18.41.04:120][  0]LoadErrors: Información Error al cargar /Game/KiteDemo/Material/Landscape_Material.Landscape_Material Referenciado por LandscapeMaterialInstanceConstant_19
[2017.01.30-18.41.04:120][  0]LogLinker:Warning: No puede encontrar el archivo para el activo '/Game/KiteDemo/Material/Landscape_Material' mientras carga NULL.
[2017.01.30-18.41.04:120][  0]LoadErrors: Información Error al cargar /Game/KiteDemo/Material/Landscape_Material.Landscape_Material Referenciado por LandscapeMaterialInstanceConstant_19
[2017.01.30-18.41.05:194][  0]LogTexture:Display: Generando texturas: T_HeatherBranch4_D (AutoDXT)
[2017.01.30-18.41.08:948][  0]LogTexture:Display: Generando texturas: T_Ice_Noise (AutoDXT)
[2017.01.30-18.41.10:404][  0]LogTexture:Display: Generando texturas: T_HeatherBranch4_N (BC5)
[2017.01.30-18.41.11:018][  0]LogTexture:Display: Generando texturas: T_HeatherBranch4_Mask2 (AutoDXT)
[2017.01.30-18.41.11:175][  0]LogTexture:Display: Generando texturas: T_Water_Screen_Noise_Soft (AutoDXT)
[2017.01.30-18.41.11:589][  0]LogMaterial: Missing cached shader map for material M_HeatherNew_Master, compiling. 
[2017.01.30-18.41.12:098][  0]LogStaticMesh: Generando la malla estática SM_Heather_Mesh_Clumps2...
[2017.01.30-18.41.12:142][  0]LogMeshUtilities: Invalid vertex normals found for mesh. Forcing recomputation of vertex normals for MikkTSpace. Fix mesh or disable "Use MikkTSpace Tangent Space" to avoid forced recomputation of normals.
[2017.01.30-18.41.12:143][  0]LogMeshUtilities: Invalid vertex normals found for mesh. Forcing recomputation of vertex normals for MikkTSpace. Fix mesh or disable "Use MikkTSpace Tangent Space" to avoid forced recomputation of normals.
[2017.01.30-18.41.12:242][  0]LogStaticMesh: Built static mesh [0.14s] /Game/KiteDemo/Environments/Foliage/Flowers/Heather/SM_Heather_Mesh_Clumps2.SM_Heather_Mesh_Clumps2
[2017.01.30-18.41.12:376][  0]LogTexture:Display: Generando texturas: T_GDC_TilingRocks_01_DispMask (AutoDXT)
[2017.01.30-18.41.12:718][  0]LogMaterial: Missing cached shader map for material M_HeatherNew_Master, compiling. 
[2017.01.30-18.41.12:799][  0]LogTexture:Display: Generando texturas: HQ_Lightmap0_1 (AutoDXT)
[2017.01.30-18.41.12:879][  0]LogTexture:Display: Generando texturas: HQ_Lightmap0_2 (AutoDXT)
[2017.01.30-18.41.12:886][  0]LogTexture:Display: Generando texturas: LQ_Lightmap_0_1 (DXT1)
[2017.01.30-18.41.12:926][  0]LogTexture:Display: Generando texturas: LQ_Lightmap_0_2 (DXT1)
[2017.01.30-18.41.12:935][  0]LogTexture:Display: Generando texturas: SkyOcclusion0_1 (AutoDXT)
[2017.01.30-18.41.12:980][  0]LogTexture:Display: Generando texturas: SkyOcclusion0_2 (AutoDXT)
[2017.01.30-18.41.12:984][  0]LogTexture:Display: Generando texturas: ShadowMapTexture2D_4 (G8)
[2017.01.30-18.41.13:000][  0]LogTexture:Display: Generando texturas: ShadowMapTexture2D_5 (G8)
[2017.01.30-18.41.14:483][  0]LogStaticMesh: Generando la malla estática HillTree_Tall_02...
[2017.01.30-18.46.23:809][  0]LogStaticMesh: Built static mesh [309.33s] /Game/KiteDemo/Environments/Trees/HillTree_Tall_02/HillTree_Tall_02.HillTree_Tall_02
[2017.01.30-18.46.24:433][  0]LogTexture:Display: Generando texturas: T_HillTreeBillboard_01_SSS (AutoDXT)
[2017.01.30-18.46.27:014][  0]LogTexture:Display: Generando texturas: T_HillTreeBillboard_01_S_R (AutoDXT)
[2017.01.30-18.46.29:093][  0]LogTexture:Display: Generando texturas: T_HillTreeBillboard_01_N (AutoDXT)
[2017.01.30-18.46.40:933][  0]LogTexture:Display: Generando texturas: T_HillTreeBillboard_01_Depth (AutoDXT)
[2017.01.30-18.46.41:477][  0]LogTexture:Display: Generando texturas: T_HillTreeBillboard_01 (AutoDXT)
[2017.01.30-18.46.50:906][  0]LogTexture:Display: Generando texturas: SphereRenderMask (AutoDXT)
[2017.01.30-18.46.50:952][  0]LogMaterial: Missing cached shader map for material M_CustomDepthBillboard, compiling. 
[2017.01.30-18.46.50:970][  0]LogMaterial:Warning: Failed to compile Material /Game/KiteDemo/Environments/Trees/HillTree_02/M_CustomDepthBillboard.M_CustomDepthBillboard for platform PCD3D_SM5, Default Material will be used in game.
[2017.01.30-18.46.50:970][  0]LogMaterial:Warning: 	(Node TransformPosition) input must be a vector (0.00000000: float) or a scalar (if source is Tangent)
[2017.01.30-18.46.50:971][  0]LogMaterial:Warning: 	(Node TransformPosition) input must be a vector (1.00000000: float) or a scalar (if source is Tangent)
[2017.01.30-18.46.51:468][  0]LogTexture:Display: Generando texturas: HillTree_01_Atlas_Tex (AutoDXT)
[2017.01.30-18.47.01:874][  0]LogTexture:Display: Generando texturas: HillTree_01_Atlas_Specular_Tex (AutoDXT)
[2017.01.30-18.47.11:266][  0]LogTexture:Display: Generando texturas: HillTree_01_Atlas_Normal_Tex (BC5)
[2017.01.30-18.47.13:546][  0]LogMaterial: Missing cached shader map for material HillTree_01_Leaves_Mat, compiling. 
[2017.01.30-18.47.14:102][  0]LogTexture:Display: Generando texturas: T_Craghead_Oak_LimbTile_02_D_Tex (AutoDXT)
[2017.01.30-18.47.20:685][  0]LogTexture:Display: Generando texturas: T_Craghead_Oak_LimbTile_02_N_Tex (BC5)
[2017.01.30-18.47.21:435][  0]LogMaterial: Missing cached shader map for material HillTree_01_Fronds_Mat, compiling. 
[2017.01.30-18.47.22:142][  0]LogTexture:Display: Generando texturas: T_Craghead_Oak_TileMoss_01_D_Tex (AutoDXT)
[2017.01.30-18.47.33:798][  0]LogTexture:Display: Generando texturas: T_Craghead_Oak_Tile_01_N_Tex (BC5)
[2017.01.30-18.47.35:768][  0]LogTexture:Display: Generando texturas: T_Craghead_Oak_Tile_01_D_Tex (AutoDXT)
[2017.01.30-18.47.48:159][  0]LogMaterial: Missing cached shader map for material HillTree_01_Branches_Mat, compiling. 
[2017.01.30-18.47.48:316][  0]LogMaterial: Missing cached shader map for material HillTree_01_Branches_2_Mat, compiling. 
[2017.01.30-18.47.48:624][  0]LogTexture:Display: Generando texturas: HillTree_01_Atlas_Billboards_Tex (AutoDXT)
[2017.01.30-18.47.51:785][  0]LogTexture:Display: Generando texturas: HillTree_01_Atlas_Billboards_Normal_Tex (BC5)
[2017.01.30-18.47.52:333][  0]LogMaterial: Missing cached shader map for material HillTree_01_Billboard_Mat, compiling. 
[2017.01.30-18.47.52:672][  0]LogStaticMesh: Generando la malla estática HillTree_02...
[2017.01.30-19.10.49:179][  0]LogMeshUtilities: Invalid vertex normals found for mesh. Forcing recomputation of vertex normals for MikkTSpace. Fix mesh or disable "Use MikkTSpace Tangent Space" to avoid forced recomputation of normals.
[2017.01.30-19.10.51:619][  0]LogStaticMesh: Built static mesh [85.41s] /Game/KiteDemo/Environments/Trees/HillTree_02/HillTree_02.HillTree_02
[2017.01.30-19.10.55:212][  0]LogTexture:Display: Generando texturas: T_MountainRock_Closed_N (BC5)
[2017.01.30-19.11.15:439][  0]LogTexture:Display: Generando texturas: T_MountainRock_Closed_D2 (AutoDXT)
[2017.01.30-19.12.26:454][  0]LogTexture:Display: Generando texturas: T_CliffRock_03_N (BC5)
[2017.01.30-19.12.29:659][  0]LogTexture:Display: Generando texturas: T_CliffRockTile_03_D (AutoDXT)
[2017.01.30-19.12.36:828][  0]LogMaterial: Missing cached shader map for material M_Photoscan_Master, compiling. 
[2017.01.30-19.12.37:568][  0]LogMaterial: Missing cached shader map for material M_Photoscan_Master, compiling. 
[2017.01.30-19.12.38:304][  0]LogStaticMesh: Generando la malla estática SM_MountainRock_Closed...
[2017.01.30-19.12.38:777][  0]LogStaticMesh: Built static mesh [0.55s] /Game/KiteDemo/Environments/Rocks/Mountain_RockFace_002/SM_MountainRock_Closed.SM_MountainRock_Closed
[2017.01.30-19.12.42:944][  0]LogTexture:Display: Generando texturas: Medium_Boulder_002_N_4096 (BC5)
[2017.01.30-19.12.48:019][  0]LogTexture:Display: Generando texturas: Medium_Boulder_002_D_CC_R (AutoDXT)
[2017.01.30-19.13.05:213][  0]LogStaticMesh: Generando la malla estática Medium_Boulder_LowPoly...
[2017.01.30-19.13.05:326][  0]LogStaticMesh: Built static mesh [0.11s] /Game/KiteDemo/Environments/Rocks/Medium_Boulder_002/Medium_Boulder_LowPoly.Medium_Boulder_LowPoly
[2017.01.30-19.13.06:031][  0]LogTexture:Display: Generando texturas: T_DeadLeavesAtlasTop_01_D (AutoDXT)
[2017.01.30-19.13.20:844][  0]LogTexture:Display: Generando texturas: T_DeadLeavesAtlas_01_N (BC5)
[2017.01.30-19.13.24:049][  0]LogTexture:Display: Generando texturas: T_DeadLeavesAtlas_01_D (AutoDXT)
[2017.01.30-19.13.42:676][  0]LogMaterial: Missing cached shader map for material M_DeadLeaves, compiling. 
[2017.01.30-19.13.42:819][  0]LogStaticMesh: Generando la malla estática SM_DeadLeaves...
[2017.01.30-19.13.42:826][  0]LogMeshUtilities: Invalid vertex normals found for mesh. Forcing recomputation of vertex normals for MikkTSpace. Fix mesh or disable "Use MikkTSpace Tangent Space" to avoid forced recomputation of normals.
[2017.01.30-19.13.42:928][  0]LogMeshUtilities: Invalid vertex normals found for mesh. Forcing recomputation of vertex normals for MikkTSpace. Fix mesh or disable "Use MikkTSpace Tangent Space" to avoid forced recomputation of normals.
[2017.01.30-19.13.43:013][  0]LogMeshUtilities: Invalid vertex normals found for mesh. Forcing recomputation of vertex normals for MikkTSpace. Fix mesh or disable "Use MikkTSpace Tangent Space" to avoid forced recomputation of normals.
[2017.01.30-19.13.43:085][  0]LogStaticMesh: Built static mesh [0.27s] /Game/KiteDemo/Environments/Foliage/Leaves/SM_DeadLeaves.SM_DeadLeaves
[2017.01.30-19.13.43:173][  0]LogTexture:Display: Generando texturas: T_FieldGrass_01_D (AutoDXT)
[2017.01.30-19.13.44:829][  0]LogTexture:Display: Generando texturas: T_FieldGrass_02_M (AutoDXT)
[2017.01.30-19.13.45:704][  0]LogMaterial: Missing cached shader map for material M_FieldGrass_01, compiling. 
[2017.01.30-19.13.45:789][  0]LogMaterial: Missing cached shader map for material M_FieldGrass_01, compiling. 
[2017.01.30-19.13.45:870][  0]LogMaterial: Missing cached shader map for material M_FieldGrass_01, compiling. 
[2017.01.30-19.13.45:974][  0]LogStaticMesh: Generando la malla estática SM_FieldGrass_01...
[2017.01.30-19.13.46:016][  0]LogStaticMesh: Built static mesh [0.04s] /Game/KiteDemo/Environments/Foliage/Grass/FieldGrass/SM_FieldGrass_01.SM_FieldGrass_01
[2017.01.30-19.13.46:172][  0]LogTexture:Display: Generando texturas: ScotsPineTall_01_Atlas_Billboards_Tex (AutoDXT)
[2017.01.30-19.13.49:275][  0]LogTexture:Display: Generando texturas: ScotsPineTall_01_Atlas_Billboards_Normal_Tex (BC5)
[2017.01.30-19.13.49:835][  0]LogMaterial: Missing cached shader map for material ScotsPineTall_01_Billboard_Mat, compiling. 
[2017.01.30-19.13.50:329][  0]LogTexture:Display: Generando texturas: ScotsPine_01_Atlas_Tex (AutoDXT)
[2017.01.30-19.13.59:831][  0]LogTexture:Display: Generando texturas: ScotsPine_01_Atlas_Specular_Tex (AutoDXT)
[2017.01.30-19.14.02:983][  0]LogTexture:Display: Generando texturas: ScotsPine_01_Atlas_Normal_Tex (BC5)
[2017.01.30-19.14.05:190][  0]LogMaterial: Missing cached shader map for material ScotsPine_01_Leaves_Mat, compiling. 
[2017.01.30-19.14.05:406][  0]LogTexture:Display: Generando texturas: T_ScotsPine_Bark_03_D_Tex (AutoDXT)
[2017.01.30-19.14.08:357][  0]LogTexture:Display: Generando texturas: T_ScotsPine_Bark_03_N (BC5)
[2017.01.30-19.14.08:751][  0]LogMaterial: Missing cached shader map for material ScotsPine_01_Fronds_Mat, compiling. 
[2017.01.30-19.14.09:409][  0]LogTexture:Display: Generando texturas: T_ScotsPine_Bark_01_Tex (AutoDXT)
[2017.01.30-19.14.22:644][  0]LogTexture:Display: Generando texturas: T_ScotsPine_Bark_01_N_Tex (BC5)
[2017.01.30-19.14.24:167][  0]LogMaterial: Missing cached shader map for material ScotsPine_01_Branches_Mat, compiling. 
[2017.01.30-19.14.24:224][  0]LogMaterial: Missing cached shader map for material ScotsPine_01_Branches_2_Mat, compiling. 
[2017.01.30-19.14.24:492][  0]LogStaticMesh: Generando la malla estática ScotsPineTall_01...
[2017.01.30-19.15.49:875][  0]LogStaticMesh: Built static mesh [85.38s] /Game/KiteDemo/Environments/Trees/ScotsPineTall_01/ScotsPineTall_01.ScotsPineTall_01
[2017.01.30-19.15.50:149][  0]LogTexture:Display: Generando texturas: HillTree_Tall_01_Atlas_Billboards_Tex (AutoDXT)
[2017.01.30-19.15.53:719][  0]LogTexture:Display: Generando texturas: HillTree_Tall_01_Atlas_Billboards_Normal_Tex (BC5)
[2017.01.30-19.15.54:282][  0]LogMaterial: Missing cached shader map for material HillTree_Tall_01_Billboard_Mat, compiling. 
[2017.01.30-19.15.54:369][  0]LogMaterial: Missing cached shader map for material HillTree_01_Leaves_Mat2, compiling. 
[2017.01.30-19.15.58:593][  0]LogTexture:Display: Generando texturas: Texture2D_6 (BGRA8)
[2017.01.30-19.15.58:668][  0]MapCheck:Warning: Aviso LandscapeComponent_4 : restaurado el weightmap de la capa eliminada 
[2017.01.30-19.15.58:826][  0]LogMaterial: Missing cached shader map for material WorldGridMaterial, compiling. Is special engine material.
[2017.01.30-19.16.09:444][  0]LogMaterial: 0.03 seconds spent updating 1 materials, 1 interfaces, 0 instances, 0 with static permutations.
[2017.01.30-19.16.09:473][  0]LogTexture:Display: Generando texturas: Texture2D_5 (BGRA8)
[2017.01.30-19.16.09:474][  0]MapCheck:Warning: Aviso LandscapeComponent_5 : restaurado el weightmap de la capa eliminada 
[2017.01.30-19.16.09:474][  0]LogMaterial: 0.00 seconds spent updating 1 materials, 1 interfaces, 0 instances, 0 with static permutations.
[2017.01.30-19.16.09:474][  0]MapCheck:Warning: Aviso LandscapeComponent_6 : restaurado el weightmap de la capa eliminada 
[2017.01.30-19.16.09:474][  0]LogMaterial: 0.00 seconds spent updating 1 materials, 1 interfaces, 0 instances, 0 with static permutations.
[2017.01.30-19.16.09:474][  0]MapCheck:Warning: Aviso LandscapeComponent_7 : restaurado el weightmap de la capa eliminada 
[2017.01.30-19.16.09:498][  0]LogMaterial: 0.00 seconds spent updating 1 materials, 1 interfaces, 0 instances, 0 with static permutations.
[2017.01.30-19.16.09:498][  0]LogMaterial: 0.00 seconds spent updating 1 materials, 1 interfaces, 0 instances, 0 with static permutations.
[2017.01.30-19.16.09:501][  0]LogTexture:Display: Generando texturas: Texture2D_4 (BGRA8)
[2017.01.30-19.16.09:501][  0]MapCheck:Warning: Aviso LandscapeComponent_8 : restaurado el weightmap de la capa eliminada 
[2017.01.30-19.16.09:502][  0]LogMaterial: 0.00 seconds spent updating 1 materials, 1 interfaces, 0 instances, 0 with static permutations.
[2017.01.30-19.16.09:502][  0]LogMaterial: 0.00 seconds spent updating 1 materials, 1 interfaces, 0 instances, 0 with static permutations.
[2017.01.30-19.16.09:502][  0]LogTexture:Display: Generando texturas: Texture2D_11 (BGRA8)
[2017.01.30-19.16.09:503][  0]MapCheck:Warning: Aviso LandscapeComponent_9 : restaurado el weightmap de la capa eliminada 
[2017.01.30-19.16.09:504][  0]LogMaterial: 0.00 seconds spent updating 1 materials, 1 interfaces, 0 instances, 0 with static permutations.
[2017.01.30-19.16.09:504][  0]LogMaterial: 0.00 seconds spent updating 1 materials, 1 interfaces, 0 instances, 0 with static permutations.
[2017.01.30-19.16.09:504][  0]MapCheck:Warning: Aviso LandscapeComponent_10 : restaurado el weightmap de la capa eliminada 
[2017.01.30-19.16.09:504][  0]LogMaterial: 0.00 seconds spent updating 1 materials, 1 interfaces, 0 instances, 0 with static permutations.
[2017.01.30-19.16.09:504][  0]MapCheck:Warning: Aviso LandscapeComponent_11 : restaurado el weightmap de la capa eliminada 
[2017.01.30-19.16.09:504][  0]LogMaterial: 0.00 seconds spent updating 1 materials, 1 interfaces, 0 instances, 0 with static permutations.
[2017.01.30-19.16.09:505][  0]MapCheck:Warning: Aviso LandscapeComponent_12 : restaurado el weightmap de la capa eliminada 
[2017.01.30-19.16.09:505][  0]LogMaterial: 0.00 seconds spent updating 1 materials, 1 interfaces, 0 instances, 0 with static permutations.
[2017.01.30-19.16.09:506][  0]LogTexture:Display: Generando texturas: Texture2D_3 (BGRA8)
[2017.01.30-19.16.10:785][  0]LogAIModule: Creating AISystem for world TopDownExampleMap
[2017.01.30-19.16.15:366][  0]LogEditorServer: Finished looking for orphan Actors (0.022 secs)
[2017.01.30-19.16.15:769][  0]Cmd: MAP CHECKDEP NOCLEARLOG
[2017.01.30-19.16.22:017][  0]MapCheck: Información Map check complete: 0 Error(s), 9 Warning(s), took 6.202,15ms to complete.
[2017.01.30-19.16.22:639][  0]LogFileHelpers: Loading map 'TopDownExampleMap' took 2126.318
[2017.01.30-19.16.29:665][  0]LogWindowsTextInputMethodSystem:Display: IME system now deactivated.
[2017.01.30-19.16.32:298][  0]LogCollectionManager: Loaded 0 collections in 0.044127 seconds
[2017.01.30-19.16.34:780][  0]LogFileCache: Scanning file cache for directory 'F:/unreal/PGV/PGV/Saved/Collections/' took 0.02s
[2017.01.30-19.16.34:780][  0]LogFileCache: Scanning file cache for directory 'F:/unreal/PGV/PGV/Content/Developers/Logan/Collections/' took 0.01s
[2017.01.30-19.16.34:780][  0]LogFileCache: Scanning file cache for directory 'F:/unreal/PGV/PGV/Content/Collections/' took 0.01s
[2017.01.30-19.16.34:780][  0]LogCollectionManager: Rebuilt the GUID cache for 0 collections in 0.000002 seconds
[2017.01.30-19.16.34:855][  0]LogContentBrowser: Native class hierarchy populated in 0.0608 seconds. Added 2190 classes and 428 folders.
[2017.01.30-19.16.35:313][  0]LogStats: UGameplayTagsManager::ConstructGameplayTagTree: Construct from data asset -  0.000 s
[2017.01.30-19.16.35:313][  0]LogStats: UGameplayTagsManager::ConstructGameplayTagTree: GameplayTagTreeChangedEvent.Broadcast -  0.000 s
[2017.01.30-19.16.35:315][  0]LogContentBrowser: Native class hierarchy updated for 'GameplayTags' in 0.0007 seconds. Added 13 classes and 0 folders.
[2017.01.30-19.16.35:453][  0]LogContentBrowser: Native class hierarchy updated for 'WidgetCarousel' in 0.0005 seconds. Added 0 classes and 0 folders.
[2017.01.30-19.16.37:049][  0]LogContentBrowser: Native class hierarchy updated for 'AddContentDialog' in 0.0005 seconds. Added 0 classes and 0 folders.
[2017.01.30-19.16.37:508][  0]LogContentBrowser: Native class hierarchy updated for 'SceneOutliner' in 0.0006 seconds. Added 1 classes and 2 folders.
[2017.01.30-19.16.38:694][  0]LogCrashTracker: Crashtracker disabled due to settings.
[2017.01.30-19.16.39:090][  0]LogUObjectGlobals:Warning: Error al encontrar el objeto 'Class Ninguno.'
[2017.01.30-19.16.39:504][  0]LogContentBrowser: Native class hierarchy updated for 'HierarchicalLODOutliner' in 0.0005 seconds. Added 1 classes and 2 folders.
[2017.01.30-19.16.39:535][  0]LogLoad: (Engine Initialization) Total time: 2160.95 seconds
[2017.01.30-19.16.39:535][  0]LogLoad: (Engine Initialization) Total Blueprint compile time: 1.12 seconds
[2017.01.30-19.16.39:556][  0]LogExternalProfiler: Found external profiler: VSPerf
[2017.01.30-19.16.39:556][  0]LogExternalProfiler: Using external profiler: VSPerf
[2017.01.30-19.16.40:149][  0]LogOcInput: OculusInput pre-init called
[2017.01.30-19.16.40:789][  0]LogContentStreaming: Texture pool size now 1000 MB
[2017.01.30-19.16.45:075][  0]LogRenderer: Reallocating scene render targets to support 1004x456 NumSamples 1 (Frame:2).
[2017.01.30-19.16.48:010][  6]LogAssetRegistry: Asset discovery search completed in 2161.8682 seconds
[2017.01.30-19.16.48:010][  6]LogCollectionManager: Rebuilt the object cache for 0 collections in 0.000001 seconds (found 0 objects)
[2017.01.30-19.16.48:010][  6]LogCollectionManager: Fixed up redirectors for 0 collections in 0.000019 seconds (updated 0 objects)
[2017.01.30-19.17.21:395][622]LogEditorViewport: Clicking on Actor (LMB): SphereReflectionCapture (SphereReflectionCapture)
[2017.01.30-19.17.44:076][896]LogWindowsTextInputMethodSystem:Display: IME system now deactivated.
[2017.01.30-19.17.44:734][897]Cmd: QUIT_EDITOR
[2017.01.30-19.17.45:294][897]LogExit: Preparing to exit.
[2017.01.30-19.17.46:991][897]LogDirectoryWatcher: A directory notification for 'F:/unreal/PGV/PGV/Content/' was aborted.
[2017.01.30-19.17.47:368][897]LogExit: Editor shut down
[2017.01.30-19.17.47:369][897]LogExit: Transaction tracking system shut down
[2017.01.30-19.17.50:508][897]LogObj: Freed 0b from 0 cluster array pools.
[2017.01.30-19.17.50:521][897]LogExit: Object subsystem successfully closed.
[2017.01.30-19.17.50:812][897]LogD3D11RHI: Shutdown
[2017.01.30-19.17.50:812][897]LogD3D11RHI: CleanupD3DDevice
[2017.01.30-19.17.51:022][897]LogD3D11RHI: ~FD3D11DynamicRHI
[2017.01.30-19.17.52:303][897]LogHttp:Display: Http module shutting down, but needs to wait on 1 outstanding Http requests:
[2017.01.30-19.17.52:303][897]LogHttp:Display: 	verb=[POST] url=[https://datarouter.ol.epicgames.com/datarouter/api/v1/public/data?SessionID=%7B14BAADDF-4322-8278-C738-C286BAB3D24E%7D&AppID=UEEditor.Rocket.Release&AppVersion=4.14.3-3249277%2B%2B%2BUE4%2BRelease-4.14&UserID=6cbbfa89458a36c1da19f996eb2d3cd5%7Ce59ac96c144144909005c3f5be4b2fa9%7Cbd7b1d42-3a7e-40dc-bdaa-6ac648713546&AppEnvironment=datacollector-binary&UploadType=eteventstream] status=Processing
[2017.01.30-19.17.52:378][897]LogModuleManager: Shutting down and abandoning module HierarchicalLODOutliner (241)
[2017.01.30-19.17.52:431][897]LogModuleManager: Shutting down and abandoning module CrashTracker (240)
[2017.01.30-19.17.52:431][897]LogModuleManager: Shutting down and abandoning module SceneOutliner (239)
[2017.01.30-19.17.52:431][897]LogModuleManager: Shutting down and abandoning module WidgetCarousel (238)
[2017.01.30-19.17.52:431][897]LogModuleManager: Shutting down and abandoning module AddContentDialog (237)
[2017.01.30-19.17.52:431][897]LogDirectoryWatcher: A directory notification for 'F:/unreal/Epic Games/UE_4.14/FeaturePacks/' was aborted.
[2017.01.30-19.17.52:432][897]LogModuleManager: Shutting down and abandoning module GameplayTags (236)
[2017.01.30-19.17.52:432][897]LogModuleManager: Shutting down and abandoning module EditorWidgets (235)
[2017.01.30-19.17.52:432][897]LogModuleManager: Shutting down and abandoning module CollectionManager (234)
[2017.01.30-19.17.52:432][897]LogDirectoryWatcher: A directory notification for 'F:/unreal/PGV/PGV/Content/Collections/' was aborted.
[2017.01.30-19.17.52:432][897]LogDirectoryWatcher: A directory notification for 'F:/unreal/PGV/PGV/Content/Developers/Logan/Collections/' was aborted.
[2017.01.30-19.17.52:432][897]LogDirectoryWatcher: A directory notification for 'F:/unreal/PGV/PGV/Saved/Collections/' was aborted.
[2017.01.30-19.17.52:432][897]LogModuleManager: Shutting down and abandoning module StatsViewer (233)
[2017.01.30-19.17.52:456][897]LogModuleManager: Shutting down and abandoning module FoliageEdit (232)
[2017.01.30-19.17.52:456][897]LogModuleManager: Shutting down and abandoning module LandscapeEditor (231)
[2017.01.30-19.17.52:510][897]LogModuleManager: Shutting down and abandoning module SceneDepthPickerMode (230)
[2017.01.30-19.17.52:510][897]LogModuleManager: Shutting down and abandoning module ActorPickerMode (229)
[2017.01.30-19.17.52:510][897]LogModuleManager: Shutting down and abandoning module GeometryMode (228)
[2017.01.30-19.17.52:510][897]LogModuleManager: Shutting down and abandoning module TextureAlignMode (227)
[2017.01.30-19.17.52:510][897]LogModuleManager: Shutting down and abandoning module BspMode (226)
[2017.01.30-19.17.52:539][897]LogModuleManager: Shutting down and abandoning module HardwareSurvey (225)
[2017.01.30-19.17.52:552][897]LogModuleManager: Shutting down and abandoning module SequenceRecorderSections (224)
[2017.01.30-19.17.52:574][897]LogModuleManager: Shutting down and abandoning module AutomationWorker (223)
[2017.01.30-19.17.52:602][897]LogModuleManager: Shutting down and abandoning module MatineeToLevelSequence (222)
[2017.01.30-19.17.52:643][897]LogModuleManager: Shutting down and abandoning module PlacementMode (221)
[2017.01.30-19.17.52:686][897]LogModuleManager: Shutting down and abandoning module LevelSequenceEditor (220)
[2017.01.30-19.17.52:745][897]LogModuleManager: Shutting down and abandoning module WmfMediaFactory (219)
[2017.01.30-19.17.52:745][897]LogModuleManager: Shutting down and abandoning module WmfMediaEditor (218)
[2017.01.30-19.17.52:745][897]LogModuleManager: Shutting down and abandoning module AvfMediaFactory (217)
[2017.01.30-19.17.52:745][897]LogModuleManager: Shutting down and abandoning module AvfMediaEditor (216)
[2017.01.30-19.17.52:745][897]LogModuleManager: Shutting down and abandoning module Media (215)
[2017.01.30-19.17.52:745][897]LogModuleManager: Shutting down and abandoning module AndroidMediaFactory (214)
[2017.01.30-19.17.52:745][897]LogModuleManager: Shutting down and abandoning module AndroidMediaEditor (213)
[2017.01.30-19.17.52:745][897]LogModuleManager: Shutting down and abandoning module CharacterAI (212)
[2017.01.30-19.17.52:746][897]LogModuleManager: Shutting down and abandoning module SequenceRecorder (211)
[2017.01.30-19.17.52:789][897]LogModuleManager: Shutting down and abandoning module AudioCapture (210)
[2017.01.30-19.17.52:805][897]LogModuleManager: Shutting down and abandoning module SmartSnapping (209)
[2017.01.30-19.17.52:805][897]LogModuleManager: Shutting down and abandoning module SessionServices (208)
[2017.01.30-19.17.52:805][897]LogModuleManager: Shutting down and abandoning module ViewportSnapping (207)
[2017.01.30-19.17.52:805][897]LogModuleManager: Shutting down and abandoning module ViewportInteraction (206)
[2017.01.30-19.17.52:805][897]LogModuleManager: Shutting down and abandoning module LogVisualizer (205)
[2017.01.30-19.17.52:841][897]LogModuleManager: Shutting down and abandoning module GameProjectGeneration (204)
[2017.01.30-19.17.52:870][897]LogModuleManager: Shutting down and abandoning module IntroTutorials (203)
[2017.01.30-19.17.52:870][897]LogModuleManager: Shutting down and abandoning module EditorLiveStreaming (202)
[2017.01.30-19.17.52:889][897]LogModuleManager: Shutting down and abandoning module IOSPlatformEditor (201)
[2017.01.30-19.17.52:916][897]LogModuleManager: Shutting down and abandoning module HTML5PlatformEditor (200)
[2017.01.30-19.17.52:916][897]LogModuleManager: Shutting down and abandoning module AndroidDeviceDetection (199)
[2017.01.30-19.17.53:362][897]LogModuleManager: Shutting down and abandoning module AndroidPlatformEditor (198)
[2017.01.30-19.17.53:381][897]LogModuleManager: Shutting down and abandoning module IOSRuntimeSettings (197)
[2017.01.30-19.17.53:381][897]LogModuleManager: Shutting down and abandoning module AndroidRuntimeSettings (196)
[2017.01.30-19.17.53:381][897]LogModuleManager: Shutting down and abandoning module InputBindingEditor (195)
[2017.01.30-19.17.53:398][897]LogModuleManager: Shutting down and abandoning module NiagaraEditor (194)
[2017.01.30-19.17.53:443][897]LogModuleManager: Shutting down and abandoning module MergeActors (193)
[2017.01.30-19.17.53:455][897]LogModuleManager: Shutting down and abandoning module SizeMap (192)
[2017.01.30-19.17.53:469][897]LogModuleManager: Shutting down and abandoning module TreeMap (191)
[2017.01.30-19.17.53:475][897]LogModuleManager: Shutting down and abandoning module ReferenceViewer (190)
[2017.01.30-19.17.53:475][897]LogModuleManager: Shutting down and abandoning module LocalizationService (189)
[2017.01.30-19.17.53:484][897]LogModuleManager: Shutting down and abandoning module LocalizationDashboard (188)
[2017.01.30-19.17.53:504][897]LogModuleManager: Shutting down and abandoning module HardwareTargeting (187)
[2017.01.30-19.17.53:504][897]LogModuleManager: Shutting down and abandoning module DeviceProfileEditor (186)
[2017.01.30-19.17.53:541][897]LogModuleManager: Shutting down and abandoning module UndoHistory (185)
[2017.01.30-19.17.53:555][897]LogModuleManager: Shutting down and abandoning module UserFeedback (184)
[2017.01.30-19.17.53:555][897]LogModuleManager: Shutting down and abandoning module XmlParser (183)
[2017.01.30-19.17.53:562][897]LogModuleManager: Shutting down and abandoning module Blutility (182)
[2017.01.30-19.17.53:562][897]LogModuleManager: Shutting down and abandoning module ProjectTargetPlatformEditor (181)
[2017.01.30-19.17.53:588][897]LogModuleManager: Shutting down and abandoning module ProjectSettingsViewer (180)
[2017.01.30-19.17.53:606][897]LogModuleManager: Shutting down and abandoning module EditorSettingsViewer (179)
[2017.01.30-19.17.53:607][897]LogModuleManager: Shutting down and abandoning module SettingsEditor (178)
[2017.01.30-19.17.53:636][897]LogModuleManager: Shutting down and abandoning module ProjectLauncher (177)
[2017.01.30-19.17.53:677][897]LogModuleManager: Shutting down and abandoning module SessionFrontend (176)
[2017.01.30-19.17.53:703][897]LogModuleManager: Shutting down and abandoning module ProfilerClient (175)
[2017.01.30-19.17.53:714][897]LogModuleManager: Shutting down and abandoning module TargetDeviceServices (174)
[2017.01.30-19.17.53:715][897]LogModuleManager: Shutting down and abandoning module DeviceManager (173)
[2017.01.30-19.17.53:783][897]LogModuleManager: Shutting down and abandoning module AutomationController (172)
[2017.01.30-19.17.53:806][897]LogModuleManager: Shutting down and abandoning module AutomationWindow (171)
[2017.01.30-19.17.53:841][897]LogModuleManager: Shutting down and abandoning module Layers (170)
[2017.01.30-19.17.53:871][897]LogModuleManager: Shutting down and abandoning module ComponentVisualizers (169)
[2017.01.30-19.17.53:893][897]LogModuleManager: Shutting down and abandoning module DetailCustomizations (168)
[2017.01.30-19.17.53:893][897]LogModuleManager: Shutting down and abandoning module PackagesDialog (167)
[2017.01.30-19.17.53:908][897]LogModuleManager: Shutting down and abandoning module AnimGraph (166)
[2017.01.30-19.17.53:908][897]LogModuleManager: Shutting down and abandoning module Persona (165)
[2017.01.30-19.17.53:946][897]LogModuleManager: Shutting down and abandoning module Kismet (164)
[2017.01.30-19.17.53:947][897]LogModuleManager: Shutting down and abandoning module GraphEditor (163)
[2017.01.30-19.17.54:031][897]LogModuleManager: Shutting down and abandoning module ClassViewer (162)
[2017.01.30-19.17.54:049][897]LogModuleManager: Shutting down and abandoning module Toolbox (161)
[2017.01.30-19.17.54:050][897]LogModuleManager: Shutting down and abandoning module ModuleUI (160)
[2017.01.30-19.17.54:060][897]LogModuleManager: Shutting down and abandoning module MovieSceneTools (159)
[2017.01.30-19.17.54:169][897]LogModuleManager: Shutting down and abandoning module OutputLog (158)
[2017.01.30-19.17.54:181][897]LogModuleManager: Shutting down and abandoning module GammaUI (157)
[2017.01.30-19.17.54:194][897]LogModuleManager: Shutting down and abandoning module Documentation (156)
[2017.01.30-19.17.54:194][897]LogModuleManager: Shutting down and abandoning module Niagara (155)
[2017.01.30-19.17.54:201][897]LogModuleManager: Shutting down and abandoning module StreamingPauseRendering (154)
[2017.01.30-19.17.54:212][897]LogModuleManager: Shutting down and abandoning module AnalyticsET (153)
[2017.01.30-19.17.54:212][897]LogModuleManager: Shutting down and abandoning module PortalServices (152)
[2017.01.30-19.17.54:213][897]LogModuleManager: Shutting down and abandoning module PortalRpc (151)
[2017.01.30-19.17.54:213][897]LogModuleManager: Shutting down and abandoning module MessagingRpc (150)
[2017.01.30-19.17.54:213][897]LogModuleManager: Shutting down and abandoning module GameplayDebugger (149)
[2017.01.30-19.17.54:242][897]LogModuleManager: Shutting down and abandoning module AITestSuite (148)
[2017.01.30-19.17.54:256][897]LogModuleManager: Shutting down and abandoning module AIModule (147)
[2017.01.30-19.17.54:267][897]LogModuleManager: Shutting down and abandoning module ProfilerService (146)
[2017.01.30-19.17.54:452][897]LogModuleManager: Shutting down and abandoning module TaskGraph (145)
[2017.01.30-19.17.54:489][897]LogModuleManager: Shutting down and abandoning module SlateRemote (144)
[2017.01.30-19.17.54:489][897]LogModuleManager: Shutting down and abandoning module SteamVRController (143)
[2017.01.30-19.17.54:489][897]LogModuleManager: Shutting down and abandoning module SteamVR (142)
[2017.01.30-19.17.54:489][897]LogModuleManager: Shutting down and abandoning module ProceduralMeshComponentEditor (141)
[2017.01.30-19.17.54:502][897]LogModuleManager: Shutting down and abandoning module ProceduralMeshComponent (140)
[2017.01.30-19.17.54:502][897]LogModuleManager: Shutting down and abandoning module OculusLibrary (139)
[2017.01.30-19.17.54:502][897]LogModuleManager: Shutting down and abandoning module OculusInput (138)
[2017.01.30-19.17.54:502][897]LogModuleManager: Shutting down and abandoning module MobilePatchingUtils (137)
[2017.01.30-19.17.54:514][897]LogModuleManager: Shutting down and abandoning module CustomMeshComponent (136)
[2017.01.30-19.17.54:542][897]LogModuleManager: Shutting down and abandoning module CableComponent (135)
[2017.01.30-19.17.54:559][897]LogModuleManager: Shutting down and abandoning module ArchVisCharacter (134)
[2017.01.30-19.17.54:560][897]LogModuleManager: Shutting down and abandoning module MediaPlayerEditor (132)
[2017.01.30-19.17.54:622][897]LogModuleManager: Shutting down and abandoning module HTML5Networking (131)
[2017.01.30-19.17.54:622][897]LogModuleManager: Shutting down and abandoning module GeometryCacheEd (130)
[2017.01.30-19.17.54:622][897]LogModuleManager: Shutting down and abandoning module GeometryCache (129)
[2017.01.30-19.17.54:622][897]LogModuleManager: Shutting down and abandoning module AlembicLibrary (128)
[2017.01.30-19.17.54:640][897]LogModuleManager: Shutting down and abandoning module AlembicImporter (127)
[2017.01.30-19.17.54:650][897]LogModuleManager: Shutting down and abandoning module SuperSearch (126)
[2017.01.30-19.17.54:650][897]LogModuleManager: Shutting down and abandoning module SuperSearchEditor (125)
[2017.01.30-19.17.54:650][897]LogModuleManager: Shutting down and abandoning module SpeedTreeImporter (124)
[2017.01.30-19.17.54:650][897]LogModuleManager: Shutting down and abandoning module PluginBrowser (123)
[2017.01.30-19.17.54:666][897]LogModuleManager: Shutting down and abandoning module MobileLauncherProfileWizard (122)
[2017.01.30-19.17.54:689][897]LogModuleManager: Shutting down and abandoning module EpicSurvey (121)
[2017.01.30-19.17.54:689][897]LogModuleManager: Shutting down and abandoning module DesktopPlatform (120)
[2017.01.30-19.17.54:689][897]LogModuleManager: Shutting down and abandoning module VisualStudioSourceCodeAccess (119)
[2017.01.30-19.17.54:689][897]LogModuleManager: Shutting down and abandoning module UObjectPlugin (118)
[2017.01.30-19.17.54:689][897]LogModuleManager: Shutting down and abandoning module SubversionSourceControl (117)
[2017.01.30-19.17.54:720][897]LogModuleManager: Shutting down and abandoning module PerforceSourceControl (116)
[2017.01.30-19.17.54:741][897]LogModuleManager: Shutting down and abandoning module SourceControl (115)
[2017.01.30-19.17.54:770][897]LogModuleManager: Shutting down and abandoning module GitSourceControl (114)
[2017.01.30-19.17.54:794][897]LogModuleManager: Shutting down and abandoning module LightPropagationVolumeEditor (113)
[2017.01.30-19.17.54:807][897]LogModuleManager: Shutting down and abandoning module PaperTiledImporter (112)
[2017.01.30-19.17.54:831][897]LogModuleManager: Shutting down and abandoning module PaperSpriteSheetImporter (111)
[2017.01.30-19.17.54:838][897]LogModuleManager: Shutting down and abandoning module MeshPaint (110)
[2017.01.30-19.17.54:838][897]LogModuleManager: Shutting down and abandoning module PixelInspectorModule (109)
[2017.01.30-19.17.54:856][897]LogModuleManager: Shutting down and abandoning module HotReload (108)
[2017.01.30-19.17.54:911][897]LogModuleManager: Shutting down and abandoning module MainFrame (107)
[2017.01.30-19.17.54:911][897]LogModuleManager: Shutting down and abandoning module LevelEditor (106)
[2017.01.30-19.17.54:912][897]LogModuleManager: Shutting down and abandoning module ContentBrowser (105)
[2017.01.30-19.17.54:913][897]LogModuleManager: Shutting down and abandoning module Paper2DEditor (104)
[2017.01.30-19.17.54:936][897]LogModuleManager: Shutting down and abandoning module UdpMessaging (103)
[2017.01.30-19.17.55:036][897]LogModuleManager: Shutting down and abandoning module TcpMessaging (102)
[2017.01.30-19.17.55:137][897]LogModuleManager: Shutting down and abandoning module LightPropagationVolumeRuntime (101)
[2017.01.30-19.17.55:137][897]LogModuleManager: Shutting down and abandoning module Paper2D (100)
[2017.01.30-19.17.55:139][897]LogModuleManager: Shutting down and abandoning module WindowsMoviePlayer (99)
[2017.01.30-19.17.55:149][897]LogModuleManager: Shutting down and abandoning module WmfMedia (98)
[2017.01.30-19.17.55:166][897]LogModuleManager: Shutting down and abandoning module MediaAssets (97)
[2017.01.30-19.17.55:166][897]LogModuleManager: Shutting down and abandoning module GameLiveStreaming (96)
[2017.01.30-19.17.55:196][897]LogModuleManager: Shutting down and abandoning module GameplayTagsEditor (95)
[2017.01.30-19.17.55:196][897]LogModuleManager: Shutting down and abandoning module VREditor (94)
[2017.01.30-19.17.55:196][897]LogModuleManager: Shutting down and abandoning module GameplayTasksEditor (93)
[2017.01.30-19.17.55:196][897]LogModuleManager: Shutting down and abandoning module BehaviorTreeEditor (92)
[2017.01.30-19.17.55:279][897]LogModuleManager: Shutting down and abandoning module FunctionalTesting (91)
[2017.01.30-19.17.55:302][897]LogModuleManager: Shutting down and abandoning module CollisionAnalyzer (90)
[2017.01.30-19.17.55:328][897]LogModuleManager: Shutting down and abandoning module Sequencer (89)
[2017.01.30-19.17.55:376][897]LogModuleManager: Shutting down and abandoning module WorkspaceMenuStructure (88)
[2017.01.30-19.17.55:430][897]LogModuleManager: Shutting down and abandoning module MessageLog (87)
[2017.01.30-19.17.55:430][897]LogModuleManager: Shutting down and abandoning module AssetTools (86)
[2017.01.30-19.17.55:488][897]LogModuleManager: Shutting down and abandoning module UMGEditor (85)
[2017.01.30-19.17.55:587][897]LogModuleManager: Shutting down and abandoning module UMG (84)
[2017.01.30-19.17.55:605][897]LogModuleManager: Shutting down and abandoning module SlateReflector (83)
[2017.01.30-19.17.55:798][897]LogModuleManager: Shutting down and abandoning module Slate (82)
[2017.01.30-19.17.55:798][897]LogModuleManager: Shutting down and abandoning module EditorStyle (81)
[2017.01.30-19.17.55:920][897]LogModuleManager: Shutting down and abandoning module SourceCodeAccess (80)
[2017.01.30-19.17.55:943][897]LogModuleManager: Shutting down and abandoning module HeadMountedDisplay (79)
[2017.01.30-19.17.55:943][897]LogModuleManager: Shutting down and abandoning module XAudio2 (78)
[2017.01.30-19.17.55:943][897]LogModuleManager: Shutting down and abandoning module Networking (76)
[2017.01.30-19.17.55:943][897]LogModuleManager: Shutting down and abandoning module Core (75)
[2017.01.30-19.17.55:943][897]LogModuleManager: Shutting down and abandoning module DirectoryWatcher (74)
[2017.01.30-19.17.55:943][897]LogDirectoryWatcher: A directory notification for '../../../Engine/Content/' was aborted.
[2017.01.30-19.17.55:948][897]LogDirectoryWatcher: A directory notification for '../../../../../PGV/PGV/Content/' was aborted.
[2017.01.30-19.17.55:950][897]LogDirectoryWatcher: A directory notification for '../../../Engine/Plugins/2D/Paper2D/Content/' was aborted.
[2017.01.30-19.17.55:952][897]LogModuleManager: Shutting down and abandoning module AssetRegistry (73)
[2017.01.30-19.17.56:469][897]LogModuleManager: Shutting down and abandoning module KismetCompiler (72)
[2017.01.30-19.17.56:469][897]LogModuleManager: Shutting down and abandoning module PhysXFormats (71)
[2017.01.30-19.17.56:535][897]LogModuleManager: Shutting down and abandoning module SimplygonSwarm (70)
[2017.01.30-19.17.56:599][897]LogModuleManager: Shutting down and abandoning module SimplygonMeshReduction (69)
[2017.01.30-19.17.56:607][897]LogModuleManager: Shutting down and abandoning module QuadricMeshReduction (68)
[2017.01.30-19.17.56:713][897]LogModuleManager: Shutting down and abandoning module PropertyEditor (67)
[2017.01.30-19.17.56:814][897]LogModuleManager: Shutting down and abandoning module MeshUtilities (66)
[2017.01.30-19.17.56:881][897]LogModuleManager: Shutting down and abandoning module DerivedDataCache (65)
[2017.01.30-19.17.56:908][897]LogDerivedDataCache: Shutdown
[2017.01.30-19.17.56:908][897]LogModuleManager: Shutting down and abandoning module VulkanShaderFormat (64)
[2017.01.30-19.17.56:930][897]LogModuleManager: Shutting down and abandoning module ShaderFormatOpenGL (63)
[2017.01.30-19.17.56:958][897]LogModuleManager: Shutting down and abandoning module ShaderFormatD3D (62)
[2017.01.30-19.17.56:967][897]LogModuleManager: Shutting down and abandoning module MetalShaderFormat (61)
[2017.01.30-19.17.57:060][897]LogModuleManager: Shutting down and abandoning module TextureFormatUncompressed (60)
[2017.01.30-19.17.57:060][897]LogModuleManager: Shutting down and abandoning module TextureFormatPVR (59)
[2017.01.30-19.17.57:060][897]LogModuleManager: Shutting down and abandoning module TextureFormatDXT (58)
[2017.01.30-19.17.57:060][897]LogModuleManager: Shutting down and abandoning module TextureFormatIntelISPCTexComp (57)
[2017.01.30-19.17.57:090][897]LogModuleManager: Shutting down and abandoning module ImageWrapper (56)
[2017.01.30-19.17.57:090][897]LogModuleManager: Shutting down and abandoning module TextureFormatASTC (55)
[2017.01.30-19.17.57:101][897]LogModuleManager: Shutting down and abandoning module TextureFormatAndroid (54)
[2017.01.30-19.17.57:102][897]LogModuleManager: Shutting down and abandoning module AudioFormatOpus (53)
[2017.01.30-19.17.57:102][897]LogModuleManager: Shutting down and abandoning module AudioFormatOgg (52)
[2017.01.30-19.17.57:102][897]LogModuleManager: Shutting down and abandoning module AudioFormatADPCM (51)
[2017.01.30-19.17.57:102][897]LogModuleManager: Shutting down and abandoning module LinuxTargetPlatform (50)
[2017.01.30-19.17.57:102][897]LogModuleManager: Shutting down and abandoning module LinuxServerTargetPlatform (49)
[2017.01.30-19.17.57:118][897]LogModuleManager: Shutting down and abandoning module LinuxNoEditorTargetPlatform (48)
[2017.01.30-19.17.57:118][897]LogModuleManager: Shutting down and abandoning module LinuxClientTargetPlatform (47)
[2017.01.30-19.17.57:118][897]LogModuleManager: Shutting down and abandoning module TVOSTargetPlatform (46)
[2017.01.30-19.17.57:118][897]LogModuleManager: Shutting down and abandoning module Messaging (45)
[2017.01.30-19.17.57:118][897]LogModuleManager: Shutting down and abandoning module IOSTargetPlatform (44)
[2017.01.30-19.17.57:118][897]LogModuleManager: Shutting down and abandoning module HTML5TargetPlatform (43)
[2017.01.30-19.17.57:118][897]LogModuleManager: Shutting down and abandoning module Android_PVRTCTargetPlatform (42)
[2017.01.30-19.17.57:118][897]LogModuleManager: Shutting down and abandoning module Android_MultiTargetPlatform (41)
[2017.01.30-19.17.57:118][897]LogModuleManager: Shutting down and abandoning module Android_ETC2TargetPlatform (40)
[2017.01.30-19.17.57:118][897]LogModuleManager: Shutting down and abandoning module Android_ETC1TargetPlatform (39)
[2017.01.30-19.17.57:118][897]LogModuleManager: Shutting down and abandoning module Android_DXTTargetPlatform (38)
[2017.01.30-19.17.57:118][897]LogModuleManager: Shutting down and abandoning module Android_ATCTargetPlatform (37)
[2017.01.30-19.17.57:118][897]LogModuleManager: Shutting down and abandoning module Android_ASTCTargetPlatform (36)
[2017.01.30-19.17.57:118][897]LogModuleManager: Shutting down and abandoning module AndroidTargetPlatform (35)
[2017.01.30-19.17.57:118][897]LogModuleManager: Shutting down and abandoning module WindowsTargetPlatform (34)
[2017.01.30-19.17.57:118][897]LogModuleManager: Shutting down and abandoning module WindowsServerTargetPlatform (33)
[2017.01.30-19.17.57:119][897]LogModuleManager: Shutting down and abandoning module WindowsNoEditorTargetPlatform (32)
[2017.01.30-19.17.57:119][897]LogModuleManager: Shutting down and abandoning module WindowsClientTargetPlatform (31)
[2017.01.30-19.17.57:119][897]LogModuleManager: Shutting down and abandoning module MacTargetPlatform (30)
[2017.01.30-19.17.57:119][897]LogModuleManager: Shutting down and abandoning module MacServerTargetPlatform (29)
[2017.01.30-19.17.57:119][897]LogModuleManager: Shutting down and abandoning module MacNoEditorTargetPlatform (28)
[2017.01.30-19.17.57:119][897]LogModuleManager: Shutting down and abandoning module MacClientTargetPlatform (27)
[2017.01.30-19.17.57:119][897]LogModuleManager: Shutting down and abandoning module AllDesktopTargetPlatform (26)
[2017.01.30-19.17.57:119][897]LogModuleManager: Shutting down and abandoning module TargetPlatform (25)
[2017.01.30-19.17.57:142][897]LogModuleManager: Shutting down and abandoning module InputCore (24)
[2017.01.30-19.17.57:142][897]LogModuleManager: Shutting down and abandoning module Settings (23)
[2017.01.30-19.17.57:149][897]LogModuleManager: Shutting down and abandoning module OculusRift (22)
[2017.01.30-19.17.57:226][897]LogModuleManager: Shutting down and abandoning module ExampleDeviceProfileSelector (21)
[2017.01.30-19.17.57:226][897]LogModuleManager: Shutting down and abandoning module OnlineBlueprintSupport (20)
[2017.01.30-19.17.57:226][897]LogModuleManager: Shutting down and abandoning module OnlineSubsystem (18)
[2017.01.30-19.17.57:292][897]LogOnline:Display: Unloading online subsystem: NULL
[2017.01.30-19.17.57:362][897]LogModuleManager: Shutting down and abandoning module SSL (17)
[2017.01.30-19.17.57:418][897]LogModuleManager: Shutting down and abandoning module HTTP (16)
[2017.01.30-19.17.57:418][897]LogModuleManager: Shutting down and abandoning module XMPP (15)
[2017.01.30-19.17.57:584][897]LogModuleManager: Shutting down and abandoning module TextureCompressor (14)
[2017.01.30-19.17.57:584][897]LogModuleManager: Shutting down and abandoning module ShaderCore (13)
[2017.01.30-19.17.57:584][897]LogModuleManager: Shutting down and abandoning module Landscape (12)
[2017.01.30-19.17.57:584][897]LogModuleManager: Shutting down and abandoning module SlateRHIRenderer (11)
[2017.01.30-19.17.57:653][897]LogModuleManager: Shutting down and abandoning module OpenGLDrv (10)
[2017.01.30-19.17.57:669][897]LogModuleManager: Shutting down and abandoning module D3D11RHI (9)
[2017.01.30-19.17.57:669][897]LogModuleManager: Shutting down and abandoning module AnimGraphRuntime (8)
[2017.01.30-19.17.57:669][897]LogModuleManager: Shutting down and abandoning module Renderer (7)
[2017.01.30-19.17.57:669][897]LogModuleManager: Shutting down and abandoning module Engine (6)
[2017.01.30-19.17.57:669][897]LogModuleManager: Shutting down and abandoning module CoreUObject (5)
[2017.01.30-19.17.57:669][897]LogModuleManager: Shutting down and abandoning module NetworkFile (4)
[2017.01.30-19.17.57:681][897]LogModuleManager: Shutting down and abandoning module StreamingFile (3)
[2017.01.30-19.17.57:692][897]LogModuleManager: Shutting down and abandoning module SandboxFile (2)
[2017.01.30-19.17.57:693][897]LogModuleManager: Shutting down and abandoning module PakFile (1)
[2017.01.30-19.17.57:732][897]LogExit: Exiting.
[2017.01.30-19.17.57:742][897]Log file closed, 01/30/17 20:17:57
