Log file open, 02/01/17 19:49:38
LogInit:Display: Running engine for game: PGV
LogPlatformFile: Not using cached read wrapper
LogInit:Display: RandInit(46073934) SRandInit(46073934).
LogTaskGraph: Started task graph with 5 named threads and 8 total threads with 1 sets of task threads.
LogStats: Stats thread started at 0.078610
LogPluginManager: Loaded Plugin Paper2D, From E:/Programas/Epic Games/4.14/Engine/Plugins/2D/Paper2D/Paper2D.uplugin
LogPluginManager: Loaded Plugin LightPropagationVolume, From E:/Programas/Epic Games/4.14/Engine/Plugins/Blendables/LightPropagationVolume/LightPropagationVolume.uplugin
LogPluginManager: Loaded Plugin BlankPlugin, From E:/Programas/Epic Games/4.14/Engine/Plugins/Developer/BlankPlugin/BlankPlugin.uplugin
LogPluginManager: Loaded Plugin CodeLiteSourceCodeAccess, From E:/Programas/Epic Games/4.14/Engine/Plugins/Developer/CodeLiteSourceCodeAccess/CodeLiteSourceCodeAccess.uplugin
LogPluginManager: Loaded Plugin GitSourceControl, From E:/Programas/Epic Games/4.14/Engine/Plugins/Developer/GitSourceControl/GitSourceControl.uplugin
LogPluginManager: Loaded Plugin KDevelopSourceCodeAccess, From E:/Programas/Epic Games/4.14/Engine/Plugins/Developer/KDevelopSourceCodeAccess/KDevelopSourceCodeAccess.uplugin
LogPluginManager: Loaded Plugin NullSourceCodeAccess, From E:/Programas/Epic Games/4.14/Engine/Plugins/Developer/NullSourceCodeAccess/NullSourceCodeAccess.uplugin
LogPluginManager: Loaded Plugin OneSkyLocalizationService, From E:/Programas/Epic Games/4.14/Engine/Plugins/Developer/OneSkyLocalizationService/OneSkyLocalizationService.uplugin
LogPluginManager: Loaded Plugin PerforceSourceControl, From E:/Programas/Epic Games/4.14/Engine/Plugins/Developer/PerforceSourceControl/PerforceSourceControl.uplugin
LogPluginManager: Loaded Plugin SubversionSourceControl, From E:/Programas/Epic Games/4.14/Engine/Plugins/Developer/SubversionSourceControl/SubversionSourceControl.uplugin
LogPluginManager: Loaded Plugin UObjectPlugin, From E:/Programas/Epic Games/4.14/Engine/Plugins/Developer/UObjectPlugin/UObjectPlugin.uplugin
LogPluginManager: Loaded Plugin VisualStudioSourceCodeAccess, From E:/Programas/Epic Games/4.14/Engine/Plugins/Developer/VisualStudioSourceCodeAccess/VisualStudioSourceCodeAccess.uplugin
LogPluginManager: Loaded Plugin XCodeSourceCodeAccess, From E:/Programas/Epic Games/4.14/Engine/Plugins/Developer/XCodeSourceCodeAccess/XCodeSourceCodeAccess.uplugin
LogPluginManager: Loaded Plugin AudioCapture, From E:/Programas/Epic Games/4.14/Engine/Plugins/Editor/AudioCapture/AudioCapture.uplugin
LogPluginManager: Loaded Plugin EpicSurvey, From E:/Programas/Epic Games/4.14/Engine/Plugins/Editor/EpicSurvey/EpicSurvey.uplugin
LogPluginManager: Loaded Plugin MacGraphicsSwitching, From E:/Programas/Epic Games/4.14/Engine/Plugins/Editor/MacGraphicsSwitching/MacGraphicsSwitching.uplugin
LogPluginManager: Loaded Plugin MobileLauncherProfileWizard, From E:/Programas/Epic Games/4.14/Engine/Plugins/Editor/MobileLauncherProfileWizard/MobileLauncherProfileWizard.uplugin
LogPluginManager: Loaded Plugin PluginBrowser, From E:/Programas/Epic Games/4.14/Engine/Plugins/Editor/PluginBrowser/PluginBrowser.uplugin
LogPluginManager: Loaded Plugin SpeedTreeImporter, From E:/Programas/Epic Games/4.14/Engine/Plugins/Editor/SpeedTreeImporter/SpeedTreeImporter.uplugin
LogPluginManager: Loaded Plugin SuperSearchEditor, From E:/Programas/Epic Games/4.14/Engine/Plugins/Editor/SuperSearchEditor/SuperSearchEditor.uplugin
LogPluginManager: Loaded Plugin AlembicImporter, From E:/Programas/Epic Games/4.14/Engine/Plugins/Experimental/AlembicImporter/AlembicImporter.uplugin
LogPluginManager: Loaded Plugin BlueprintStats, From E:/Programas/Epic Games/4.14/Engine/Plugins/Experimental/BlueprintStats/BlueprintStats.uplugin
LogPluginManager: Loaded Plugin CharacterAI, From E:/Programas/Epic Games/4.14/Engine/Plugins/Experimental/CharacterAI/CharacterAI.uplugin
LogPluginManager: Loaded Plugin CodeEditor, From E:/Programas/Epic Games/4.14/Engine/Plugins/Experimental/CodeEditor/CodeEditor.uplugin
LogPluginManager: Loaded Plugin CodeView, From E:/Programas/Epic Games/4.14/Engine/Plugins/Experimental/CodeView/CodeView.uplugin
LogPluginManager: Loaded Plugin HTML5Networking, From E:/Programas/Epic Games/4.14/Engine/Plugins/Experimental/HTML5Networking/HTML5Networking.uplugin
LogPluginManager: Loaded Plugin OSVR, From E:/Programas/Epic Games/4.14/Engine/Plugins/Experimental/OSVR/OSVR.uplugin
LogPluginManager: Loaded Plugin Phya, From E:/Programas/Epic Games/4.14/Engine/Plugins/Experimental/Phya/Phya.uplugin
LogPluginManager: Loaded Plugin SignificanceManager, From E:/Programas/Epic Games/4.14/Engine/Plugins/Experimental/SignificanceManager/SignificanceManager.uplugin
LogPluginManager: Loaded Plugin SimpleHMD, From E:/Programas/Epic Games/4.14/Engine/Plugins/Experimental/SimpleHMD/SimpleHMD.uplugin
LogPluginManager: Loaded Plugin StereoPanorama, From E:/Programas/Epic Games/4.14/Engine/Plugins/Experimental/StereoPanorama/StereoPanorama.uplugin
LogPluginManager: Loaded Plugin StructBox, From E:/Programas/Epic Games/4.14/Engine/Plugins/Experimental/StructBox/StructBox.uplugin
LogPluginManager: Loaded Plugin AndroidMedia, From E:/Programas/Epic Games/4.14/Engine/Plugins/Media/AndroidMedia/AndroidMedia.uplugin
LogPluginManager: Loaded Plugin AvfMedia, From E:/Programas/Epic Games/4.14/Engine/Plugins/Media/AvfMedia/AvfMedia.uplugin
LogPluginManager: Loaded Plugin MediaPlayerEditor, From E:/Programas/Epic Games/4.14/Engine/Plugins/Media/MediaPlayerEditor/MediaPlayerEditor.uplugin
LogPluginManager: Loaded Plugin WmfMedia, From E:/Programas/Epic Games/4.14/Engine/Plugins/Media/WmfMedia/WmfMedia.uplugin
LogPluginManager: Loaded Plugin MessagingDebugger, From E:/Programas/Epic Games/4.14/Engine/Plugins/Messaging/MessagingDebugger/MessagingDebugger.uplugin
LogPluginManager: Loaded Plugin TcpMessaging, From E:/Programas/Epic Games/4.14/Engine/Plugins/Messaging/TcpMessaging/TcpMessaging.uplugin
LogPluginManager: Loaded Plugin UdpMessaging, From E:/Programas/Epic Games/4.14/Engine/Plugins/Messaging/UdpMessaging/UdpMessaging.uplugin
LogPluginManager: Loaded Plugin LevelSequenceEditor, From E:/Programas/Epic Games/4.14/Engine/Plugins/MovieScene/LevelSequenceEditor/LevelSequenceEditor.uplugin
LogPluginManager: Loaded Plugin MatineeToLevelSequence, From E:/Programas/Epic Games/4.14/Engine/Plugins/MovieScene/MatineeToLevelSequence/MatineeToLevelSequence.uplugin
LogPluginManager: Loaded Plugin NetcodeUnitTest, From E:/Programas/Epic Games/4.14/Engine/Plugins/NetcodeUnitTest/NetcodeUnitTest/NetcodeUnitTest.uplugin
LogPluginManager: Loaded Plugin NUTUnrealEngine4, From E:/Programas/Epic Games/4.14/Engine/Plugins/NetcodeUnitTest/NUTUnrealEngine4/NUTUnrealEngine4.uplugin
LogPluginManager: Loaded Plugin OnlineSubsystemGameCircle, From E:/Programas/Epic Games/4.14/Engine/Plugins/Online/Android/OnlineSubsystemGameCircle/OnlineSubsystemGameCircle.uplugin
LogPluginManager: Loaded Plugin OnlineSubsystemGooglePlay, From E:/Programas/Epic Games/4.14/Engine/Plugins/Online/Android/OnlineSubsystemGooglePlay/OnlineSubsystemGooglePlay.uplugin
LogPluginManager: Loaded Plugin OnlineSubsystemIOS, From E:/Programas/Epic Games/4.14/Engine/Plugins/Online/IOS/OnlineSubsystemIOS/OnlineSubsystemIOS.uplugin
LogPluginManager: Loaded Plugin OnlineFramework, From E:/Programas/Epic Games/4.14/Engine/Plugins/Online/OnlineFramework/OnlineFramework.uplugin
LogPluginManager: Loaded Plugin OnlineSubsystem, From E:/Programas/Epic Games/4.14/Engine/Plugins/Online/OnlineSubsystem/OnlineSubsystem.uplugin
LogPluginManager: Loaded Plugin OnlineSubsystemAmazon, From E:/Programas/Epic Games/4.14/Engine/Plugins/Online/OnlineSubsystemAmazon/OnlineSubsystemAmazon.uplugin
LogPluginManager: Loaded Plugin OnlineSubsystemFacebook, From E:/Programas/Epic Games/4.14/Engine/Plugins/Online/OnlineSubsystemFacebook/OnlineSubsystemFacebook.uplugin
LogPluginManager: Loaded Plugin OnlineSubsystemNull, From E:/Programas/Epic Games/4.14/Engine/Plugins/Online/OnlineSubsystemNull/OnlineSubsystemNull.uplugin
LogPluginManager: Loaded Plugin OnlineSubsystemOculus, From E:/Programas/Epic Games/4.14/Engine/Plugins/Online/OnlineSubsystemOculus/OnlineSubsystemOculus.uplugin
LogPluginManager: Loaded Plugin OnlineSubsystemSteam, From E:/Programas/Epic Games/4.14/Engine/Plugins/Online/OnlineSubsystemSteam/OnlineSubsystemSteam.uplugin
LogPluginManager: Loaded Plugin OnlineSubsystemUtils, From E:/Programas/Epic Games/4.14/Engine/Plugins/Online/OnlineSubsystemUtils/OnlineSubsystemUtils.uplugin
LogPluginManager: Loaded Plugin IOSTapJoy, From E:/Programas/Epic Games/4.14/Engine/Plugins/Runtime/Advertising/IOSTapJoy/IOSTapJoy.uplugin
LogPluginManager: Loaded Plugin AnalyticsBlueprintLibrary, From E:/Programas/Epic Games/4.14/Engine/Plugins/Runtime/Analytics/AnalyticsBlueprintLibrary/AnalyticsBlueprintLibrary.uplugin
LogPluginManager: Loaded Plugin AnalyticsMulticast, From E:/Programas/Epic Games/4.14/Engine/Plugins/Runtime/Analytics/AnalyticsMulticast/AnalyticsMulticast.uplugin
LogPluginManager: Loaded Plugin Apsalar, From E:/Programas/Epic Games/4.14/Engine/Plugins/Runtime/Analytics/Apsalar/Apsalar.uplugin
LogPluginManager: Loaded Plugin FileLogging, From E:/Programas/Epic Games/4.14/Engine/Plugins/Runtime/Analytics/FileLogging/FileLogging.uplugin
LogPluginManager: Loaded Plugin Flurry, From E:/Programas/Epic Games/4.14/Engine/Plugins/Runtime/Analytics/Flurry/Flurry.uplugin
LogPluginManager: Loaded Plugin AndroidDeviceProfileSelector, From E:/Programas/Epic Games/4.14/Engine/Plugins/Runtime/AndroidDeviceProfileSelector/AndroidDeviceProfileSelector.uplugin
LogPluginManager: Loaded Plugin AndroidMoviePlayer, From E:/Programas/Epic Games/4.14/Engine/Plugins/Runtime/AndroidMoviePlayer/AndroidMoviePlayer.uplugin
LogPluginManager: Loaded Plugin AppleMoviePlayer, From E:/Programas/Epic Games/4.14/Engine/Plugins/Runtime/AppleMoviePlayer/AppleMoviePlayer.uplugin
LogPluginManager: Loaded Plugin ArchVisCharacter, From E:/Programas/Epic Games/4.14/Engine/Plugins/Runtime/ArchVisCharacter/ArchVisCharacter.uplugin
LogPluginManager: Loaded Plugin CableComponent, From E:/Programas/Epic Games/4.14/Engine/Plugins/Runtime/CableComponent/CableComponent.uplugin
LogPluginManager: Loaded Plugin CustomMeshComponent, From E:/Programas/Epic Games/4.14/Engine/Plugins/Runtime/CustomMeshComponent/CustomMeshComponent.uplugin
LogPluginManager: Loaded Plugin ExampleDeviceProfileSelector, From E:/Programas/Epic Games/4.14/Engine/Plugins/Runtime/ExampleDeviceProfileSelector/ExampleDeviceProfileSelector.uplugin
LogPluginManager: Loaded Plugin GearVR, From E:/Programas/Epic Games/4.14/Engine/Plugins/Runtime/GearVR/GearVR.uplugin
LogPluginManager: Loaded Plugin GoogleVRController, From E:/Programas/Epic Games/4.14/Engine/Plugins/Runtime/GoogleVR/GoogleVRController/GoogleVRController.uplugin
LogPluginManager: Loaded Plugin GoogleVRHMD, From E:/Programas/Epic Games/4.14/Engine/Plugins/Runtime/GoogleVR/GoogleVRHMD/GoogleVRHMD.uplugin
LogPluginManager: Loaded Plugin IOSDeviceProfileSelector, From E:/Programas/Epic Games/4.14/Engine/Plugins/Runtime/IOSDeviceProfileSelector/IOSDeviceProfileSelector.uplugin
LogPluginManager: Loaded Plugin LeapMotion, From E:/Programas/Epic Games/4.14/Engine/Plugins/Runtime/LeapMotion/LeapMotion.uplugin
LogPluginManager: Loaded Plugin LinuxDeviceProfileSelector, From E:/Programas/Epic Games/4.14/Engine/Plugins/Runtime/LinuxDeviceProfileSelector/LinuxDeviceProfileSelector.uplugin
LogPluginManager: Loaded Plugin MIDIDevice, From E:/Programas/Epic Games/4.14/Engine/Plugins/Runtime/MIDIDevice/MIDIDevice.uplugin
LogPluginManager: Loaded Plugin MobilePatchingUtils, From E:/Programas/Epic Games/4.14/Engine/Plugins/Runtime/MobilePatchingUtils/MobilePatchingUtils.uplugin
LogPluginManager: Loaded Plugin Ansel, From E:/Programas/Epic Games/4.14/Engine/Plugins/Runtime/Nvidia/Ansel/Ansel.uplugin
LogPluginManager: Loaded Plugin OculusAudio, From E:/Programas/Epic Games/4.14/Engine/Plugins/Runtime/OculusAudio/OculusAudio.uplugin
LogPluginManager: Loaded Plugin OculusInput, From E:/Programas/Epic Games/4.14/Engine/Plugins/Runtime/OculusInput/OculusInput.uplugin
LogPluginManager: Loaded Plugin OculusLibrary, From E:/Programas/Epic Games/4.14/Engine/Plugins/Runtime/OculusLibrary/OculusLibrary.uplugin
LogPluginManager: Loaded Plugin OculusRift, From E:/Programas/Epic Games/4.14/Engine/Plugins/Runtime/OculusRift/OculusRift.uplugin
LogPluginManager: Loaded Plugin Oodle, From E:/Programas/Epic Games/4.14/Engine/Plugins/Runtime/PacketHandlers/CompressionComponents/Oodle/Oodle.uplugin
LogPluginManager: Loaded Plugin ProceduralMeshComponent, From E:/Programas/Epic Games/4.14/Engine/Plugins/Runtime/ProceduralMeshComponent/ProceduralMeshComponent.uplugin
LogPluginManager: Loaded Plugin SoundMod, From E:/Programas/Epic Games/4.14/Engine/Plugins/Runtime/SoundMod/SoundMod.uplugin
LogPluginManager: Loaded Plugin SoundVisualizations, From E:/Programas/Epic Games/4.14/Engine/Plugins/Runtime/SoundVisualizations/SoundVisualizations.uplugin
LogPluginManager: Loaded Plugin SteamController, From E:/Programas/Epic Games/4.14/Engine/Plugins/Runtime/Steam/SteamController/SteamController.uplugin
LogPluginManager: Loaded Plugin SteamVR, From E:/Programas/Epic Games/4.14/Engine/Plugins/Runtime/Steam/SteamVR/SteamVR.uplugin
LogPluginManager: Loaded Plugin WebBrowserWidget, From E:/Programas/Epic Games/4.14/Engine/Plugins/Runtime/WebBrowserWidget/WebBrowserWidget.uplugin
LogPluginManager: Loaded Plugin WindowsDeviceProfileSelector, From E:/Programas/Epic Games/4.14/Engine/Plugins/Runtime/WindowsDeviceProfileSelector/WindowsDeviceProfileSelector.uplugin
LogPluginManager: Loaded Plugin WindowsMoviePlayer, From E:/Programas/Epic Games/4.14/Engine/Plugins/Runtime/WindowsMoviePlayer/WindowsMoviePlayer.uplugin
LogPluginManager: Loaded Plugin ScriptPlugin, From E:/Programas/Epic Games/4.14/Engine/Plugins/ScriptPlugin/ScriptPlugin.uplugin
LogPluginManager: Loaded Plugin SlateRemote, From E:/Programas/Epic Games/4.14/Engine/Plugins/Slate/SlateRemote/SlateRemote.uplugin
LogPluginManager: Loaded Plugin EditorTests, From E:/Programas/Epic Games/4.14/Engine/Plugins/Tests/EditorTests/EditorTests.uplugin
LogPluginManager: Loaded Plugin FbxAutomationTestBuilder, From E:/Programas/Epic Games/4.14/Engine/Plugins/Tests/FbxAutomationTestBuilder/FbxAutomationTestBuilder.uplugin
LogPluginManager: Loaded Plugin FunctionalTestingEditor, From E:/Programas/Epic Games/4.14/Engine/Plugins/Tests/FunctionalTestingEditor/FunctionalTestingEditor.uplugin
LogPluginManager: Loaded Plugin RuntimeTests, From E:/Programas/Epic Games/4.14/Engine/Plugins/Tests/RuntimeTests/RuntimeTests.uplugin
LogPluginManager: Loaded Plugin ScreenshotTools, From E:/Programas/Epic Games/4.14/Engine/Plugins/Tests/ScreenshotTools/ScreenshotTools.uplugin
LogInit: Using libcurl 7.47.1
LogInit:  - built for x86_64-pc-win32
LogInit:  - supports SSL with OpenSSL/1.0.2g
LogInit:  - supports HTTP deflate (compression) using libz 1.2.8
LogInit:  - other features:
LogInit:      CURL_VERSION_SSL
LogInit:      CURL_VERSION_LIBZ
LogInit:      CURL_VERSION_IPV6
LogInit:      CURL_VERSION_ASYNCHDNS
LogInit:      CURL_VERSION_LARGEFILE
LogInit:      CURL_VERSION_IDN
LogInit:  CurlRequestOptions (configurable via config and command line):
LogInit:  - bVerifyPeer = false  - Libcurl will NOT verify peer certificate
LogInit:  - bUseHttpProxy = false  - Libcurl will NOT use HTTP proxy
LogInit:  - bDontReuseConnections = false  - Libcurl will reuse connections
LogInit:  - CertBundlePath = nullptr  - Libcurl will use whatever was configured at build time.
LogInit: Build: ++UE4+Release-4.14-CL-3249277
LogInit: Engine Version: 4.14.3-3249277+++UE4+Release-4.14
LogInit: Compatible Engine Version: 4.14.0-3195953+++UE4+Release-4.14
LogInit: Net CL: 3195953
LogDevObjectVersion: Number of dev versions registered: 13
LogDevObjectVersion:   Dev-Blueprints (B0D832E4-1F89-4F0D-ACCF-7EB736FD4AA2): 7
LogDevObjectVersion:   Dev-Build (E1C64328-A22C-4D53-A36C-8E866417BD8C): 0
LogDevObjectVersion:   Dev-Core (375EC13C-06E4-48FB-B500-84F0262A717E): 1
LogDevObjectVersion:   Dev-Editor (E4B068ED-F494-42E9-A231-DA0B2E46BB41): 8
LogDevObjectVersion:   Dev-Framework (CFFC743F-43B0-4480-9391-14DF171D2073): 17
LogDevObjectVersion:   Dev-Mobile (B02B49B5-BB20-44E9-A304-32B752E40360): 0
LogDevObjectVersion:   Dev-Networking (A4E4105C-59A1-49B5-A7C5-40C4547EDFEE): 0
LogDevObjectVersion:   Dev-Online (39C831C9-5AE6-47DC-9A44-9C173E1C8E7C): 0
LogDevObjectVersion:   Dev-Physics (78F01B33-EBEA-4F98-B9B4-84EACCB95AA2): 0
LogDevObjectVersion:   Dev-Platform (6631380F-2D4D-43E0-8009-CF276956A95A): 0
LogDevObjectVersion:   Dev-Rendering (12F88B9F-8875-4AFC-A67C-D90C383ABD29): 12
LogDevObjectVersion:   Dev-Sequencer (7B5AE74C-D270-4C10-A958-57980B212A5A): 1
LogDevObjectVersion:   Dev-VR (D7296918-1DD6-4BDD-9DE2-64A83CC13884): 0
LogInit: Compiled (64-bit): Jan  6 2017 10:49:43
LogInit: Compiled with Visual C++: 19.00.23026.00
LogInit: Build Configuration: Development
LogInit: Branch Name: ++UE4+Release-4.14
LogInit: Command line:  
LogInit: Base directory: E:/Programas/Epic Games/4.14/Engine/Binaries/Win64/
LogInit: Installed Engine Build: 1
LogInit: Presizing for max 8388607 objects, including 0 objects not considered by GC, pre-allocating 0 bytes for permanent pool.
LogInit: Object subsystem initialized
[2017.02.01-18.49.39:219][  0]LogInit: Selected Device Profile: [Windows]
[2017.02.01-18.49.39:219][  0]LogInit: Applying CVar settings loaded from the selected device profile: [Windows]
[2017.02.01-18.49.39:231][  0]LogInit: Computer: DESKTOP-9KADCSO
[2017.02.01-18.49.39:231][  0]LogInit: User: Balti
[2017.02.01-18.49.39:231][  0]LogInit: CPU Page size=65536, Cores=4
[2017.02.01-18.49.39:231][  0]LogInit: High frequency timer resolution =2.531252 MHz
[2017.02.01-18.49.39:231][  0]LogMemory: Memory total: Physical=15.9GB (16GB approx)
[2017.02.01-18.49.39:231][  0]LogMemory: Platform Memory Stats for Windows
[2017.02.01-18.49.39:231][  0]LogMemory: Process Physical Memory: 264.00 MB used, 264.00 MB peak
[2017.02.01-18.49.39:231][  0]LogMemory: Process Virtual Memory: 262.80 MB used, 262.80 MB peak
[2017.02.01-18.49.39:231][  0]LogMemory: Physical Memory: 4528.11 MB used,  11732.44 MB free, 16260.54 MB total
[2017.02.01-18.49.39:231][  0]LogMemory: Virtual Memory: 676.54 MB used,  11732.44 MB free, 134217728.00 MB total
[2017.02.01-18.49.39:260][  0]LogInit: Overriding culture en with editor configuration.
[2017.02.01-18.49.39:935][  0]LogD3D11RHI: D3D11 adapters:
[2017.02.01-18.49.40:564][  0]LogD3D11RHI:    0. 'NVIDIA GeForce GTX 1060' (Feature Level 11_0)
[2017.02.01-18.49.40:564][  0]LogD3D11RHI:       3019/0/8130 MB DedicatedVideo/DedicatedSystem/SharedSystem, Outputs:1, VendorId:0x10de
[2017.02.01-18.49.40:572][  0]LogD3D11RHI:    1. 'Intel(R) HD Graphics 530' (Feature Level 11_0)
[2017.02.01-18.49.40:572][  0]LogD3D11RHI:       128/0/8130 MB DedicatedVideo/DedicatedSystem/SharedSystem, Outputs:0, VendorId:0x8086
[2017.02.01-18.49.40:573][  0]LogD3D11RHI:    2. 'Microsoft Basic Render Driver' (Feature Level 11_0)
[2017.02.01-18.49.40:573][  0]LogD3D11RHI:       0/0/8130 MB DedicatedVideo/DedicatedSystem/SharedSystem, Outputs:0, VendorId:0x1414
[2017.02.01-18.49.40:573][  0]LogD3D11RHI: Chosen D3D11 Adapter: 0
[2017.02.01-18.49.40:578][  0]LogD3D11RHI: Creating new Direct3DDevice
[2017.02.01-18.49.40:578][  0]LogD3D11RHI:     GPU DeviceId: 0x1c20 (for the marketing name, search the web for "GPU Device Id")
[2017.02.01-18.49.40:578][  0]LogWindows: EnumDisplayDevices:
[2017.02.01-18.49.40:578][  0]LogWindows:    0. 'Intel(R) HD Graphics 530' (P:1 D:1)
[2017.02.01-18.49.40:578][  0]LogWindows:    1. 'Intel(R) HD Graphics 530' (P:0 D:0)
[2017.02.01-18.49.40:578][  0]LogWindows:    2. 'Intel(R) HD Graphics 530' (P:0 D:0)
[2017.02.01-18.49.40:578][  0]LogWindows:    3. 'NVIDIA GeForce GTX 1060' (P:0 D:0)
[2017.02.01-18.49.40:578][  0]LogWindows:    4. 'NVIDIA GeForce GTX 1060' (P:0 D:0)
[2017.02.01-18.49.40:578][  0]LogWindows:    5. 'NVIDIA GeForce GTX 1060' (P:0 D:0)
[2017.02.01-18.49.40:578][  0]LogWindows:    6. 'NVIDIA GeForce GTX 1060' (P:0 D:0)
[2017.02.01-18.49.40:579][  0]LogWindows: DebugString: PrimaryIsNotTheChoosenAdapter PrimaryIsNotTheChoosenAdapter PrimaryIsNotTheChoosenAdapter FoundDriverCount:4 
[2017.02.01-18.49.40:579][  0]LogD3D11RHI:     Adapter Name: NVIDIA GeForce GTX 1060
[2017.02.01-18.49.40:579][  0]LogD3D11RHI:   Driver Version: 378.49 (internal:21.21.13.7849, unified:378.49)
[2017.02.01-18.49.40:579][  0]LogD3D11RHI:      Driver Date: 1-20-2017
[2017.02.01-18.49.40:579][  0]LogRHI: Texture pool is 1361 MB (70% of 1945 MB)
[2017.02.01-18.49.41:237][  0]LogD3D11RHI: Async texture creation enabled
[2017.02.01-18.49.41:304][  0]LogD3D11RHI: GPU Timing Frequency: 1000.000000 (Debug: 2 1)
[2017.02.01-18.49.41:305][  0]LogShaderCompilers: Guid format shader working directory is 10 characters bigger than the processId version (C:/Users/Balti/Documents/gitPGVNuevo/Intermediate/Shaders/WorkingDirectory/6688/).
[2017.02.01-18.49.41:305][  0]LogShaderCompilers: Cleaned the shader compiler working directory 'C:/Users/Balti/AppData/Local/Temp/UnrealShaderWorkingDir/1B4C305F4E30DF39D67B088CBBCE1945/'.
[2017.02.01-18.49.41:305][  0]LogShaderCompilers:Display: Using Local Shader Compiler.
[2017.02.01-18.49.42:395][  0]LogTemp:Display: Loaded TP AllDesktopTargetPlatform
[2017.02.01-18.49.42:441][  0]LogTemp:Display: Loaded TP MacClientTargetPlatform
[2017.02.01-18.49.42:484][  0]LogTemp:Display: Loaded TP MacNoEditorTargetPlatform
[2017.02.01-18.49.42:531][  0]LogTemp:Display: Loaded TP MacServerTargetPlatform
[2017.02.01-18.49.42:584][  0]LogTemp:Display: Loaded TP MacTargetPlatform
[2017.02.01-18.49.42:628][  0]LogTemp:Display: Loaded TP WindowsClientTargetPlatform
[2017.02.01-18.49.42:672][  0]LogTemp:Display: Loaded TP WindowsNoEditorTargetPlatform
[2017.02.01-18.49.42:718][  0]LogTemp:Display: Loaded TP WindowsServerTargetPlatform
[2017.02.01-18.49.42:763][  0]LogTemp:Display: Loaded TP WindowsTargetPlatform
[2017.02.01-18.49.42:809][  0]LogTemp:Display: Loaded TP AndroidTargetPlatform
[2017.02.01-18.49.42:852][  0]LogTemp:Display: Loaded TP Android_ASTCTargetPlatform
[2017.02.01-18.49.42:896][  0]LogTemp:Display: Loaded TP Android_ATCTargetPlatform
[2017.02.01-18.49.42:944][  0]LogTemp:Display: Loaded TP Android_DXTTargetPlatform
[2017.02.01-18.49.42:992][  0]LogTemp:Display: Loaded TP Android_ETC1TargetPlatform
[2017.02.01-18.49.43:035][  0]LogTemp:Display: Loaded TP Android_ETC2TargetPlatform
[2017.02.01-18.49.43:127][  0]LogTemp:Display: Loaded TP Android_MultiTargetPlatform
[2017.02.01-18.49.43:127][  0]LogTemp:Display: Loaded TP Android_PVRTCTargetPlatform
[2017.02.01-18.49.43:161][  0]LogTemp:Display: Loaded TP HTML5TargetPlatform
[2017.02.01-18.49.43:233][  0]LogTemp:Display: Loaded TP IOSTargetPlatform
[2017.02.01-18.49.43:266][  0]LogTemp:Display: Loaded TP TVOSTargetPlatform
[2017.02.01-18.49.43:313][  0]LogTemp:Display: Loaded TP LinuxClientTargetPlatform
[2017.02.01-18.49.43:363][  0]LogTemp:Display: Loaded TP LinuxNoEditorTargetPlatform
[2017.02.01-18.49.43:410][  0]LogTemp:Display: Loaded TP LinuxServerTargetPlatform
[2017.02.01-18.49.43:452][  0]LogTemp:Display: Loaded TP LinuxTargetPlatform
[2017.02.01-18.49.43:452][  0]LogTargetPlatformManager:Display: Building Assets For Windows
[2017.02.01-18.49.43:771][  0]LogDerivedDataCache:Display: Max Cache Size: 512 MB
[2017.02.01-18.49.43:827][  0]LogDerivedDataCache: Loaded boot cache 0.06s 50MB C:/Users/Balti/AppData/Local/UnrealEngine/4.14/DerivedDataCache/Boot.ddc.
[2017.02.01-18.49.43:827][  0]LogDerivedDataCache:Display: Loaded Boot cache: C:/Users/Balti/AppData/Local/UnrealEngine/4.14/DerivedDataCache/Boot.ddc
[2017.02.01-18.49.43:827][  0]LogDerivedDataCache: FDerivedDataBackendGraph:  Pak pak cache file C:/Users/Balti/Documents/gitPGVNuevo/DerivedDataCache/DDC.ddp not found, will not use a pak cache.
[2017.02.01-18.49.43:827][  0]LogDerivedDataCache: Unable to find inner node Pak for hierarchical cache Hierarchy.
[2017.02.01-18.49.43:827][  0]LogDerivedDataCache: FDerivedDataBackendGraph:  CompressedPak pak cache file C:/Users/Balti/Documents/gitPGVNuevo/DerivedDataCache/Compressed.ddp not found, will not use a pak cache.
[2017.02.01-18.49.43:827][  0]LogDerivedDataCache: Unable to find inner node CompressedPak for hierarchical cache Hierarchy.
[2017.02.01-18.49.43:846][  0]LogDerivedDataCache:Display: Pak cache opened for reading ../../../Engine/DerivedDataCache/Compressed.ddp.
[2017.02.01-18.49.43:857][  0]LogDerivedDataCache: Using Local data cache path C:/Users/Balti/AppData/Local/UnrealEngine/Common/DerivedDataCache: Writable
[2017.02.01-18.49.44:061][  0]LogInit: Selected Device Profile: [Windows]
[2017.02.01-18.49.44:064][  0]LogContentStreaming: Texture pool size is 0.00 MB
[2017.02.01-18.49.44:257][  0]LogMeshUtilities: Using QuadricMeshReduction for automatic static mesh reduction
[2017.02.01-18.49.44:290][  0]LogSimplygon: Simplygon DLL not present - disabling.
[2017.02.01-18.49.44:328][  0]LogMeshUtilities: Using SimplygonSwarm for distributed automatic mesh merging
[2017.02.01-18.49.44:328][  0]LogMeshUtilities: No automatic skeletal mesh reduction module available
[2017.02.01-18.49.44:328][  0]LogMeshUtilities: No automatic mesh merging module available
[2017.02.01-18.49.44:847][  0]LogNetVersion: GetLocalNetworkVersion: CL: 3195953, ProjectName: pgv, ProjectVersion: , EngineNetworkVersion: 2, GameNetworkVersion: 0, NetworkChecksum: 1597279220
[2017.02.01-18.49.44:899][  0]LogAssetRegistry: FAssetRegistry took 0.0215 seconds to start up
[2017.02.01-18.49.44:932][  0]LogPackageLocalizationCache: Processed 3 localized package path(s) for 1 prioritized culture(s) in 0.016286 seconds
[2017.02.01-18.49.44:938][  0]LogUObjectArray: 31946 objects as part of root set at end of initial load.
[2017.02.01-18.49.44:938][  0]LogUObjectAllocator: 6935848 out of 0 bytes used by permanent object pool.
[2017.02.01-18.49.44:938][  0]LogUObjectArray: CloseDisregardForGC: 0/0 objects in disregard for GC pool
[2017.02.01-18.49.44:990][  0]LogInit: WinSock: version 1.1 (2.2), MaxSocks=32767, MaxUdp=65467
[2017.02.01-18.49.45:563][  0]LogSlate: Using Freetype 2.6.0
[2017.02.01-18.49.45:563][  0]LogSlate: SlateFontCache - WITH_FREETYPE: 1, WITH_HARFBUZZ: 1
[2017.02.01-18.49.45:563][  0]LogSlate: SlateFontCache - WITH_FREETYPE: 1, WITH_HARFBUZZ: 1
[2017.02.01-18.49.46:301][  0]LogTcpMessaging: Initializing TcpMessaging bridge
[2017.02.01-18.49.46:332][  0]LogUdpMessaging: Initializing bridge on interface 0.0.0.0:0 to multicast group 230.0.0.1:6666.
[2017.02.01-18.49.46:596][  0]LogMaterial: Uniform references updated for custom material expression Custom.
[2017.02.01-18.49.46:904][  0]SourceControl: Info Source control is disabled
[2017.02.01-18.49.46:938][  0]SourceControl: Info Source control is disabled
[2017.02.01-18.49.46:978][  0]SourceControl: Info Source control is disabled
[2017.02.01-18.49.47:013][  0]SourceControl: Info Source control is disabled
[2017.02.01-18.49.48:029][  0]LogEngine: Initializing Engine...
[2017.02.01-18.49.48:029][  0]LogHMD: Failed to initialize OpenVR with code 110
[2017.02.01-18.49.48:262][  0]LogAIModule: Creating AISystem for world Untitled
[2017.02.01-18.49.48:270][  0]LogInit: XAudio2 using 'Altavoces (3- Logitech G430 Gaming Headset)' : 8 channels at 48 kHz using 16 bits per sample (channel mask 0x63f)
[2017.02.01-18.49.48:278][  0]LogInit: FAudioDevice initialized.
[2017.02.01-18.49.48:309][  0]LogDerivedDataCache: Saved boot cache 0.03s 50MB C:/Users/Balti/AppData/Local/UnrealEngine/4.14/DerivedDataCache/Boot.ddc.
[2017.02.01-18.49.48:316][  0]LogInit: Texture streaming: Enabled
[2017.02.01-18.49.48:461][  0]LogInit: Transaction tracking system initialized
[2017.02.01-18.49.48:722][  0]BlueprintLog: New page: Editor Load
[2017.02.01-18.49.49:441][  0]LocalizationService: Info Localization service is disabled
[2017.02.01-18.49.49:959][  0]LogConsoleResponse:Display: 
[2017.02.01-18.49.50:096][  0]LogCook:Display: Max memory allowance for cook 16384mb min free memory 0mb
[2017.02.01-18.49.50:096][  0]LogCook:Display: Mobile HDR setting 1
[2017.02.01-18.49.50:525][  0]LogFileCache: Scanning file cache for directory 'C:/Users/Balti/Documents/gitPGVNuevo/Content/' took 0.02s
[2017.02.01-18.49.50:828][  0]SourceControl: Info Source control is disabled
[2017.02.01-18.49.50:828][  0]Cmd: MAP LOAD FILE="C:/Users/Balti/Documents/gitPGVNuevo/Content/Menu/Menu.umap" TEMPLATE=0 SHOWPROGRESS=1 FEATURELEVEL=3
[2017.02.01-18.49.50:829][  0]LightingResults: New page: Lighting Build
[2017.02.01-18.49.50:860][  0]MapCheck: New page: Map Check
[2017.02.01-18.49.50:860][  0]LightingResults: New page: Lighting Build
[2017.02.01-18.49.50:930][  0]LogAIModule: Creating AISystem for world Menu
[2017.02.01-18.49.50:932][  0]LogEditorServer: Finished looking for orphan Actors (0.000 secs)
[2017.02.01-18.49.50:932][  0]Cmd: MAP CHECKDEP NOCLEARLOG
[2017.02.01-18.49.50:960][  0]MapCheck: Info Map check complete: 0 Error(s), 0 Warning(s), took 27.445ms to complete.
[2017.02.01-18.49.50:960][  0]LogFileHelpers: Loading map 'Menu' took 0.131
[2017.02.01-18.49.51:022][  0]LogWindowsTextInputMethodSystem:Display: IME system now deactivated.
[2017.02.01-18.49.51:092][  0]LogCollectionManager: Loaded 0 collections in 0.001189 seconds
[2017.02.01-18.49.51:160][  0]LogFileCache: Scanning file cache for directory 'C:/Users/Balti/Documents/gitPGVNuevo/Saved/Collections/' took 0.01s
[2017.02.01-18.49.51:160][  0]LogFileCache: Scanning file cache for directory 'C:/Users/Balti/Documents/gitPGVNuevo/Content/Developers/Balti/Collections/' took 0.01s
[2017.02.01-18.49.51:160][  0]LogFileCache: Scanning file cache for directory 'C:/Users/Balti/Documents/gitPGVNuevo/Content/Collections/' took 0.01s
[2017.02.01-18.49.51:160][  0]LogCollectionManager: Rebuilt the GUID cache for 0 collections in 0.000002 seconds
[2017.02.01-18.49.51:172][  0]LogContentBrowser: Native class hierarchy populated in 0.0111 seconds. Added 2190 classes and 428 folders.
[2017.02.01-18.49.51:211][  0]LogStats: UGameplayTagsManager::ConstructGameplayTagTree: Construct from data asset -  0.000 s
[2017.02.01-18.49.51:211][  0]LogStats: UGameplayTagsManager::ConstructGameplayTagTree: GameplayTagTreeChangedEvent.Broadcast -  0.000 s
[2017.02.01-18.49.51:212][  0]LogContentBrowser: Native class hierarchy updated for 'GameplayTags' in 0.0006 seconds. Added 13 classes and 0 folders.
[2017.02.01-18.49.51:258][  0]LogContentBrowser: Native class hierarchy updated for 'WidgetCarousel' in 0.0004 seconds. Added 0 classes and 0 folders.
[2017.02.01-18.49.51:293][  0]LogContentBrowser: Native class hierarchy updated for 'AddContentDialog' in 0.0004 seconds. Added 0 classes and 0 folders.
[2017.02.01-18.49.51:328][  0]LogContentBrowser: Native class hierarchy updated for 'SceneOutliner' in 0.0005 seconds. Added 1 classes and 2 folders.
[2017.02.01-18.49.51:404][  0]LogCrashTracker: Crashtracker disabled due to settings.
[2017.02.01-18.49.51:411][  0]LogUObjectGlobals:Warning: Failed to find object 'Class None.'
[2017.02.01-18.49.51:468][  0]LogContentBrowser: Native class hierarchy updated for 'HierarchicalLODOutliner' in 0.0005 seconds. Added 1 classes and 2 folders.
[2017.02.01-18.49.51:468][  0]LogLoad: (Engine Initialization) Total time: 13.51 seconds
[2017.02.01-18.49.51:468][  0]LogLoad: (Engine Initialization) Total Blueprint compile time: 0.07 seconds
[2017.02.01-18.49.51:468][  0]LogExternalProfiler: Found external profiler: VSPerf
[2017.02.01-18.49.51:468][  0]LogExternalProfiler: Using external profiler: VSPerf
[2017.02.01-18.49.51:485][  0]LogOcInput: OculusInput pre-init called
[2017.02.01-18.49.51:506][  0]LogContentStreaming: Texture pool size now 1000 MB
[2017.02.01-18.49.51:664][  0]LogRenderer: Reallocating scene render targets to support 920x476 NumSamples 1 (Frame:2).
[2017.02.01-18.49.51:771][  2]LogAssetRegistry: Asset discovery search completed in 6.8939 seconds
[2017.02.01-18.49.51:771][  2]LogCollectionManager: Rebuilt the object cache for 0 collections in 0.000001 seconds (found 0 objects)
[2017.02.01-18.49.51:771][  2]LogCollectionManager: Fixed up redirectors for 0 collections in 0.000022 seconds (updated 0 objects)
[2017.02.01-18.49.55:740][198]LogContentBrowser: Native class hierarchy updated for 'BlueprintGraph' in 0.0008 seconds. Added 111 classes and 0 folders.
[2017.02.01-18.49.56:451][198]LogLinker:Warning: Can't resolve asset name
[2017.02.01-18.49.56:676][198]LogSkeletalMesh: InitArticulated: Bodies already created (/Engine/Transient.DebugSkelMeshComponent_0) - call TermArticulated first.
[2017.02.01-18.49.56:872][198]LogRenderer: Reallocating scene render targets to support 920x672 NumSamples 1 (Frame:197).
[2017.02.01-18.50.05:948][689]LogMaterial: Uniform references updated for custom material expression TemporalAA SampleID.
[2017.02.01-18.50.05:948][689]LogMaterial: Uniform references updated for custom material expression Custom.
[2017.02.01-18.50.06:818][689]LogMaterial: Missing cached shader map for material M_CustomDepthBillboard, compiling. 
[2017.02.01-18.50.06:820][689]LogMaterial:Warning: Failed to compile Material /Game/KiteDemo/Environments/Trees/HillTree_02/M_CustomDepthBillboard.M_CustomDepthBillboard for platform PCD3D_SM5, Default Material will be used in game.
[2017.02.01-18.50.06:820][689]LogMaterial:Warning: 	(Node TransformPosition) input must be a vector (0.00000000: float) or a scalar (if source is Tangent)
[2017.02.01-18.50.06:820][689]LogMaterial:Warning: 	(Node TransformPosition) input must be a vector (1.00000000: float) or a scalar (if source is Tangent)
[2017.02.01-18.50.06:836][689]LogAIModule: Creating AISystem for world TopDownExampleMap
[2017.02.01-18.50.06:951][689]Cmd: MAP LOAD FILE="C:/Users/Balti/Documents/gitPGVNuevo/Content/TopDownBP/Maps/TopDownExampleMap.umap" TEMPLATE=0 SHOWPROGRESS=1 FEATURELEVEL=3
[2017.02.01-18.50.06:951][689]LightingResults: New page: Lighting Build
[2017.02.01-18.50.06:952][689]LoadErrors: New page: Loading map: TopDownExampleMap.umap
[2017.02.01-18.50.06:952][689]MapCheck: New page: Map Check
[2017.02.01-18.50.06:952][689]LightingResults: New page: Lighting Build
[2017.02.01-18.50.07:058][689]LogEditorServer: Finished looking for orphan Actors (0.000 secs)
[2017.02.01-18.50.07:091][689]Cmd: MAP CHECKDEP NOCLEARLOG
[2017.02.01-18.50.07:149][689]MapCheck: Info Map check complete: 0 Error(s), 0 Warning(s), took 57.996ms to complete.
[2017.02.01-18.50.07:150][689]LogFileHelpers: Loading map 'TopDownExampleMap' took 0.200
[2017.02.01-18.50.17:743][318]LogTemp: Repeting last play command: Selected Viewport
[2017.02.01-18.50.17:770][318]LogBlueprintUserMessages: Early PlayInEditor Detection: Level '/Game/TopDownBP/Maps/TopDownExampleMap.TopDownExampleMap:PersistentLevel' has LevelScriptBlueprint '/Game/TopDownBP/Maps/TopDownExampleMap.TopDownExampleMap:PersistentLevel.TopDownExampleMap' with GeneratedClass '/Game/TopDownBP/Maps/TopDownExampleMap.TopDownExampleMap_C' with ClassGeneratedBy '/Game/TopDownBP/Maps/TopDownExampleMap.TopDownExampleMap:PersistentLevel.TopDownExampleMap'
[2017.02.01-18.50.17:770][318]LogPlayLevel: PlayLevel: No blueprints needed recompiling
[2017.02.01-18.50.17:771][318]PIE: New page: PIE session: TopDownExampleMap (Feb 1, 2017, 8:50:17 PM)
[2017.02.01-18.50.17:771][318]LogPlayLevel: Creating play world package: /Game/TopDownBP/Maps/UEDPIE_0_TopDownExampleMap
[2017.02.01-18.50.17:816][318]LogPlayLevel: PIE: StaticDuplicateObject took: (0.045287s)
[2017.02.01-18.50.17:817][318]LogAIModule: Creating AISystem for world TopDownExampleMap
[2017.02.01-18.50.17:817][318]LogPlayLevel: PIE: World Init took: (0.000969s)
[2017.02.01-18.50.17:817][318]LogPlayLevel: PIE: Created PIE world by copying editor world from /Game/TopDownBP/Maps/TopDownExampleMap.TopDownExampleMap to /Game/TopDownBP/Maps/UEDPIE_0_TopDownExampleMap.TopDownExampleMap (0.046620s)
[2017.02.01-18.50.17:841][318]LogInit: XAudio2 using 'Altavoces (3- Logitech G430 Gaming Headset)' : 8 channels at 48 kHz using 16 bits per sample (channel mask 0x63f)
[2017.02.01-18.50.17:846][318]LogInit: FAudioDevice initialized.
[2017.02.01-18.50.17:899][318]LogLoad: Game class is 'TopDownGameMode_C'
[2017.02.01-18.50.17:906][318]LogWorld: Bringing World /Game/TopDownBP/Maps/UEDPIE_0_TopDownExampleMap.TopDownExampleMap up for play (max tick rate 60) at 2017.02.01-19.50.17
[2017.02.01-18.50.17:907][318]LogWorld: Bringing up level for play took: 0.006291
[2017.02.01-18.50.17:943][318]LogContentBrowser: Native class hierarchy updated for 'MovieSceneCapture' in 0.0008 seconds. Added 11 classes and 0 folders.
[2017.02.01-18.50.17:945][318]PIE: Info Play in editor start time for /Game/TopDownBP/Maps/UEDPIE_0_TopDownExampleMap 1.017
[2017.02.01-18.50.17:945][318]LogBlueprintUserMessages: Late PlayInEditor Detection: Level '/Game/TopDownBP/Maps/TopDownExampleMap.TopDownExampleMap:PersistentLevel' has LevelScriptBlueprint '/Game/TopDownBP/Maps/TopDownExampleMap.TopDownExampleMap:PersistentLevel.TopDownExampleMap' with GeneratedClass '/Game/TopDownBP/Maps/TopDownExampleMap.TopDownExampleMap_C' with ClassGeneratedBy '/Game/TopDownBP/Maps/TopDownExampleMap.TopDownExampleMap:PersistentLevel.TopDownExampleMap'
[2017.02.01-18.51.09:046][347]LogBlueprintUserMessages: Early EndPlayMap Detection: Level '/Game/TopDownBP/Maps/TopDownExampleMap.TopDownExampleMap:PersistentLevel' has LevelScriptBlueprint '/Game/TopDownBP/Maps/TopDownExampleMap.TopDownExampleMap:PersistentLevel.TopDownExampleMap' with GeneratedClass '/Game/TopDownBP/Maps/TopDownExampleMap.TopDownExampleMap_C' with ClassGeneratedBy '/Game/TopDownBP/Maps/TopDownExampleMap.TopDownExampleMap:PersistentLevel.TopDownExampleMap'
[2017.02.01-18.51.09:091][347]LogBlueprintUserMessages: Late EndPlayMap Detection: Level '/Game/TopDownBP/Maps/TopDownExampleMap.TopDownExampleMap:PersistentLevel' has LevelScriptBlueprint '/Game/TopDownBP/Maps/TopDownExampleMap.TopDownExampleMap:PersistentLevel.TopDownExampleMap' with GeneratedClass '/Game/TopDownBP/Maps/TopDownExampleMap.TopDownExampleMap_C' with ClassGeneratedBy '/Game/TopDownBP/Maps/TopDownExampleMap.TopDownExampleMap:PersistentLevel.TopDownExampleMap'
[2017.02.01-18.51.16:421][779]LogSkeletalMesh: InitArticulated: Bodies already created (/Engine/Transient.DebugSkelMeshComponent_1) - call TermArticulated first.
[2017.02.01-18.51.26:576][374]LogSavePackage: Save=23.47ms
[2017.02.01-18.51.26:576][374]LogSavePackage: Moving 'C:/Users/Balti/Documents/gitPGVNuevo/Saved/SK_Greater_Spider2981A91042F11B083DD369A86DE3708C.tmp' to 'C:/Users/Balti/Documents/gitPGVNuevo/Content/InfinityBladeAdversaries/Enemy/Enemy_Great_Spider/SK_Greater_Spider.uasset'
[2017.02.01-18.51.26:580][374]LogSavePackage:Display: Finished SavePackage C:/Users/Balti/Documents/gitPGVNuevo/Content/InfinityBladeAdversaries/Enemy/Enemy_Great_Spider/SK_Greater_Spider.uasset
[2017.02.01-18.51.29:385][534]LogContentBrowser: Native class hierarchy updated for 'PhAT' in 0.0004 seconds. Added 1 classes and 2 folders.
[2017.02.01-18.51.29:512][534]LogRenderer: Reallocating scene render targets to support 920x708 NumSamples 1 (Frame:7196).
[2017.02.01-18.51.46:824][768]LogObjectTools:Warning: ForceReplaceReferences replaced references for a transient object 'PhATEdSkeletalMeshComponent_0' or package '/Engine/Transient'.
[2017.02.01-18.51.57:519][392]LogTemp: Repeting last play command: Selected Viewport
[2017.02.01-18.51.57:539][392]LogBlueprintUserMessages: Early PlayInEditor Detection: Level '/Game/TopDownBP/Maps/TopDownExampleMap.TopDownExampleMap:PersistentLevel' has LevelScriptBlueprint '/Game/TopDownBP/Maps/TopDownExampleMap.TopDownExampleMap:PersistentLevel.TopDownExampleMap' with GeneratedClass '/Game/TopDownBP/Maps/TopDownExampleMap.TopDownExampleMap_C' with ClassGeneratedBy '/Game/TopDownBP/Maps/TopDownExampleMap.TopDownExampleMap:PersistentLevel.TopDownExampleMap'
[2017.02.01-18.51.57:539][392]LogPlayLevel: PlayLevel: No blueprints needed recompiling
[2017.02.01-18.51.57:540][392]PIE: New page: PIE session: TopDownExampleMap (Feb 1, 2017, 8:51:57 PM)
[2017.02.01-18.51.57:540][392]LogPlayLevel: Creating play world package: /Game/TopDownBP/Maps/UEDPIE_0_TopDownExampleMap
[2017.02.01-18.51.57:582][392]LogPlayLevel: PIE: StaticDuplicateObject took: (0.042101s)
[2017.02.01-18.51.57:582][392]LogAIModule: Creating AISystem for world TopDownExampleMap
[2017.02.01-18.51.57:583][392]LogPlayLevel: PIE: World Init took: (0.001070s)
[2017.02.01-18.51.57:583][392]LogPlayLevel: PIE: Created PIE world by copying editor world from /Game/TopDownBP/Maps/TopDownExampleMap.TopDownExampleMap to /Game/TopDownBP/Maps/UEDPIE_0_TopDownExampleMap.TopDownExampleMap (0.043552s)
[2017.02.01-18.51.57:603][392]LogInit: XAudio2 using 'Altavoces (3- Logitech G430 Gaming Headset)' : 8 channels at 48 kHz using 16 bits per sample (channel mask 0x63f)
[2017.02.01-18.51.57:608][392]LogInit: FAudioDevice initialized.
[2017.02.01-18.51.57:641][392]LogLoad: Game class is 'TopDownGameMode_C'
[2017.02.01-18.51.57:652][392]LogWorld: Bringing World /Game/TopDownBP/Maps/UEDPIE_0_TopDownExampleMap.TopDownExampleMap up for play (max tick rate 60) at 2017.02.01-19.51.57
[2017.02.01-18.51.57:653][392]LogWorld: Bringing up level for play took: 0.010129
[2017.02.01-18.51.57:655][392]PIE: Info Play in editor start time for /Game/TopDownBP/Maps/UEDPIE_0_TopDownExampleMap 0.726
[2017.02.01-18.51.57:655][392]LogBlueprintUserMessages: Late PlayInEditor Detection: Level '/Game/TopDownBP/Maps/TopDownExampleMap.TopDownExampleMap:PersistentLevel' has LevelScriptBlueprint '/Game/TopDownBP/Maps/TopDownExampleMap.TopDownExampleMap:PersistentLevel.TopDownExampleMap' with GeneratedClass '/Game/TopDownBP/Maps/TopDownExampleMap.TopDownExampleMap_C' with ClassGeneratedBy '/Game/TopDownBP/Maps/TopDownExampleMap.TopDownExampleMap:PersistentLevel.TopDownExampleMap'
[2017.02.01-18.53.26:813][738]LogBlueprintUserMessages: Early EndPlayMap Detection: Level '/Game/TopDownBP/Maps/TopDownExampleMap.TopDownExampleMap:PersistentLevel' has LevelScriptBlueprint '/Game/TopDownBP/Maps/TopDownExampleMap.TopDownExampleMap:PersistentLevel.TopDownExampleMap' with GeneratedClass '/Game/TopDownBP/Maps/TopDownExampleMap.TopDownExampleMap_C' with ClassGeneratedBy '/Game/TopDownBP/Maps/TopDownExampleMap.TopDownExampleMap:PersistentLevel.TopDownExampleMap'
[2017.02.01-18.53.26:854][738]LogBlueprintUserMessages: Late EndPlayMap Detection: Level '/Game/TopDownBP/Maps/TopDownExampleMap.TopDownExampleMap:PersistentLevel' has LevelScriptBlueprint '/Game/TopDownBP/Maps/TopDownExampleMap.TopDownExampleMap:PersistentLevel.TopDownExampleMap' with GeneratedClass '/Game/TopDownBP/Maps/TopDownExampleMap.TopDownExampleMap_C' with ClassGeneratedBy '/Game/TopDownBP/Maps/TopDownExampleMap.TopDownExampleMap:PersistentLevel.TopDownExampleMap'
[2017.02.01-19.03.20:207][335]LogTemp: Repeting last play command: Selected Viewport
[2017.02.01-19.03.20:222][335]LogBlueprintUserMessages: Early PlayInEditor Detection: Level '/Game/TopDownBP/Maps/TopDownExampleMap.TopDownExampleMap:PersistentLevel' has LevelScriptBlueprint '/Game/TopDownBP/Maps/TopDownExampleMap.TopDownExampleMap:PersistentLevel.TopDownExampleMap' with GeneratedClass '/Game/TopDownBP/Maps/TopDownExampleMap.TopDownExampleMap_C' with ClassGeneratedBy '/Game/TopDownBP/Maps/TopDownExampleMap.TopDownExampleMap:PersistentLevel.TopDownExampleMap'
[2017.02.01-19.03.20:222][335]LogPlayLevel: PlayLevel: No blueprints needed recompiling
[2017.02.01-19.03.20:223][335]PIE: New page: PIE session: TopDownExampleMap (Feb 1, 2017, 9:03:20 PM)
[2017.02.01-19.03.20:223][335]LogPlayLevel: Creating play world package: /Game/TopDownBP/Maps/UEDPIE_0_TopDownExampleMap
[2017.02.01-19.03.20:268][335]LogPlayLevel: PIE: StaticDuplicateObject took: (0.045250s)
[2017.02.01-19.03.20:269][335]LogAIModule: Creating AISystem for world TopDownExampleMap
[2017.02.01-19.03.20:270][335]LogPlayLevel: PIE: World Init took: (0.001284s)
[2017.02.01-19.03.20:270][335]LogPlayLevel: PIE: Created PIE world by copying editor world from /Game/TopDownBP/Maps/TopDownExampleMap.TopDownExampleMap to /Game/TopDownBP/Maps/UEDPIE_0_TopDownExampleMap.TopDownExampleMap (0.047286s)
[2017.02.01-19.03.20:298][335]LogInit: XAudio2 using 'Altavoces (3- Logitech G430 Gaming Headset)' : 8 channels at 48 kHz using 16 bits per sample (channel mask 0x63f)
[2017.02.01-19.03.20:302][335]LogInit: FAudioDevice initialized.
[2017.02.01-19.03.20:333][335]LogLoad: Game class is 'TopDownGameMode_C'
[2017.02.01-19.03.20:343][335]LogWorld: Bringing World /Game/TopDownBP/Maps/UEDPIE_0_TopDownExampleMap.TopDownExampleMap up for play (max tick rate 60) at 2017.02.01-20.03.20
[2017.02.01-19.03.20:343][335]LogWorld: Bringing up level for play took: 0.008328
[2017.02.01-19.03.20:346][335]PIE: Info Play in editor start time for /Game/TopDownBP/Maps/UEDPIE_0_TopDownExampleMap -0.583
[2017.02.01-19.03.20:346][335]LogBlueprintUserMessages: Late PlayInEditor Detection: Level '/Game/TopDownBP/Maps/TopDownExampleMap.TopDownExampleMap:PersistentLevel' has LevelScriptBlueprint '/Game/TopDownBP/Maps/TopDownExampleMap.TopDownExampleMap:PersistentLevel.TopDownExampleMap' with GeneratedClass '/Game/TopDownBP/Maps/TopDownExampleMap.TopDownExampleMap_C' with ClassGeneratedBy '/Game/TopDownBP/Maps/TopDownExampleMap.TopDownExampleMap:PersistentLevel.TopDownExampleMap'
[2017.02.01-19.03.24:265][568]LogBlueprintUserMessages: Early EndPlayMap Detection: Level '/Game/TopDownBP/Maps/TopDownExampleMap.TopDownExampleMap:PersistentLevel' has LevelScriptBlueprint '/Game/TopDownBP/Maps/TopDownExampleMap.TopDownExampleMap:PersistentLevel.TopDownExampleMap' with GeneratedClass '/Game/TopDownBP/Maps/TopDownExampleMap.TopDownExampleMap_C' with ClassGeneratedBy '/Game/TopDownBP/Maps/TopDownExampleMap.TopDownExampleMap:PersistentLevel.TopDownExampleMap'
[2017.02.01-19.03.24:308][568]LogBlueprintUserMessages: Late EndPlayMap Detection: Level '/Game/TopDownBP/Maps/TopDownExampleMap.TopDownExampleMap:PersistentLevel' has LevelScriptBlueprint '/Game/TopDownBP/Maps/TopDownExampleMap.TopDownExampleMap:PersistentLevel.TopDownExampleMap' with GeneratedClass '/Game/TopDownBP/Maps/TopDownExampleMap.TopDownExampleMap_C' with ClassGeneratedBy '/Game/TopDownBP/Maps/TopDownExampleMap.TopDownExampleMap:PersistentLevel.TopDownExampleMap'
[2017.02.01-19.08.14:483][596]LogTemp: Repeting last play command: Selected Viewport
[2017.02.01-19.08.14:500][596]LogBlueprintUserMessages: Early PlayInEditor Detection: Level '/Game/TopDownBP/Maps/TopDownExampleMap.TopDownExampleMap:PersistentLevel' has LevelScriptBlueprint '/Game/TopDownBP/Maps/TopDownExampleMap.TopDownExampleMap:PersistentLevel.TopDownExampleMap' with GeneratedClass '/Game/TopDownBP/Maps/TopDownExampleMap.TopDownExampleMap_C' with ClassGeneratedBy '/Game/TopDownBP/Maps/TopDownExampleMap.TopDownExampleMap:PersistentLevel.TopDownExampleMap'
[2017.02.01-19.08.14:500][596]LogPlayLevel: PlayLevel: No blueprints needed recompiling
[2017.02.01-19.08.14:500][596]PIE: New page: PIE session: TopDownExampleMap (Feb 1, 2017, 9:08:14 PM)
[2017.02.01-19.08.14:500][596]LogPlayLevel: Creating play world package: /Game/TopDownBP/Maps/UEDPIE_0_TopDownExampleMap
[2017.02.01-19.08.14:549][596]LogPlayLevel: PIE: StaticDuplicateObject took: (0.048352s)
[2017.02.01-19.08.14:550][596]LogAIModule: Creating AISystem for world TopDownExampleMap
[2017.02.01-19.08.14:550][596]LogPlayLevel: PIE: World Init took: (0.001328s)
[2017.02.01-19.08.14:550][596]LogPlayLevel: PIE: Created PIE world by copying editor world from /Game/TopDownBP/Maps/TopDownExampleMap.TopDownExampleMap to /Game/TopDownBP/Maps/UEDPIE_0_TopDownExampleMap.TopDownExampleMap (0.050113s)
[2017.02.01-19.08.14:581][596]LogInit: XAudio2 using 'Altavoces (3- Logitech G430 Gaming Headset)' : 8 channels at 48 kHz using 16 bits per sample (channel mask 0x63f)
[2017.02.01-19.08.14:588][596]LogInit: FAudioDevice initialized.
[2017.02.01-19.08.14:619][596]LogLoad: Game class is 'TopDownGameMode_C'
[2017.02.01-19.08.14:627][596]LogWorld: Bringing World /Game/TopDownBP/Maps/UEDPIE_0_TopDownExampleMap.TopDownExampleMap up for play (max tick rate 60) at 2017.02.01-20.08.14
[2017.02.01-19.08.14:628][596]LogWorld: Bringing up level for play took: 0.007324
[2017.02.01-19.08.14:629][596]PIE: Info Play in editor start time for /Game/TopDownBP/Maps/UEDPIE_0_TopDownExampleMap -0.299
[2017.02.01-19.08.14:630][596]LogBlueprintUserMessages: Late PlayInEditor Detection: Level '/Game/TopDownBP/Maps/TopDownExampleMap.TopDownExampleMap:PersistentLevel' has LevelScriptBlueprint '/Game/TopDownBP/Maps/TopDownExampleMap.TopDownExampleMap:PersistentLevel.TopDownExampleMap' with GeneratedClass '/Game/TopDownBP/Maps/TopDownExampleMap.TopDownExampleMap_C' with ClassGeneratedBy '/Game/TopDownBP/Maps/TopDownExampleMap.TopDownExampleMap:PersistentLevel.TopDownExampleMap'
[2017.02.01-19.08.55:663][ 55]LogBlueprintUserMessages: Early EndPlayMap Detection: Level '/Game/TopDownBP/Maps/TopDownExampleMap.TopDownExampleMap:PersistentLevel' has LevelScriptBlueprint '/Game/TopDownBP/Maps/TopDownExampleMap.TopDownExampleMap:PersistentLevel.TopDownExampleMap' with GeneratedClass '/Game/TopDownBP/Maps/TopDownExampleMap.TopDownExampleMap_C' with ClassGeneratedBy '/Game/TopDownBP/Maps/TopDownExampleMap.TopDownExampleMap:PersistentLevel.TopDownExampleMap'
[2017.02.01-19.08.55:702][ 55]LogBlueprintUserMessages: Late EndPlayMap Detection: Level '/Game/TopDownBP/Maps/TopDownExampleMap.TopDownExampleMap:PersistentLevel' has LevelScriptBlueprint '/Game/TopDownBP/Maps/TopDownExampleMap.TopDownExampleMap:PersistentLevel.TopDownExampleMap' with GeneratedClass '/Game/TopDownBP/Maps/TopDownExampleMap.TopDownExampleMap_C' with ClassGeneratedBy '/Game/TopDownBP/Maps/TopDownExampleMap.TopDownExampleMap:PersistentLevel.TopDownExampleMap'
[2017.02.01-19.09.01:625][408]LogEditorViewport: Clicking on Actor (LMB): StaticMeshActor (Medium_Boulder_LowPoly5)
[2017.02.01-19.09.08:002][785]LogEditorViewport: Clicking on Actor (LMB): BP_Sky_Sphere_C (SkySphereBlueprint)
[2017.02.01-19.09.09:422][868]LogTemp: Repeting last play command: Selected Viewport
[2017.02.01-19.09.09:438][868]LogBlueprintUserMessages: Early PlayInEditor Detection: Level '/Game/TopDownBP/Maps/TopDownExampleMap.TopDownExampleMap:PersistentLevel' has LevelScriptBlueprint '/Game/TopDownBP/Maps/TopDownExampleMap.TopDownExampleMap:PersistentLevel.TopDownExampleMap' with GeneratedClass '/Game/TopDownBP/Maps/TopDownExampleMap.TopDownExampleMap_C' with ClassGeneratedBy '/Game/TopDownBP/Maps/TopDownExampleMap.TopDownExampleMap:PersistentLevel.TopDownExampleMap'
[2017.02.01-19.09.09:438][868]LogPlayLevel: PlayLevel: No blueprints needed recompiling
[2017.02.01-19.09.09:439][868]PIE: New page: PIE session: TopDownExampleMap (Feb 1, 2017, 9:09:09 PM)
[2017.02.01-19.09.09:439][868]LogPlayLevel: Creating play world package: /Game/TopDownBP/Maps/UEDPIE_0_TopDownExampleMap
[2017.02.01-19.09.09:477][868]LogPlayLevel: PIE: StaticDuplicateObject took: (0.038324s)
[2017.02.01-19.09.09:478][868]LogAIModule: Creating AISystem for world TopDownExampleMap
[2017.02.01-19.09.09:478][868]LogPlayLevel: PIE: World Init took: (0.000905s)
[2017.02.01-19.09.09:478][868]LogPlayLevel: PIE: Created PIE world by copying editor world from /Game/TopDownBP/Maps/TopDownExampleMap.TopDownExampleMap to /Game/TopDownBP/Maps/UEDPIE_0_TopDownExampleMap.TopDownExampleMap (0.039548s)
[2017.02.01-19.09.09:500][868]LogInit: XAudio2 using 'Altavoces (3- Logitech G430 Gaming Headset)' : 8 channels at 48 kHz using 16 bits per sample (channel mask 0x63f)
[2017.02.01-19.09.09:504][868]LogInit: FAudioDevice initialized.
[2017.02.01-19.09.09:534][868]LogLoad: Game class is 'TopDownGameMode_C'
[2017.02.01-19.09.09:541][868]LogWorld: Bringing World /Game/TopDownBP/Maps/UEDPIE_0_TopDownExampleMap.TopDownExampleMap up for play (max tick rate 60) at 2017.02.01-20.09.09
[2017.02.01-19.09.09:542][868]LogWorld: Bringing up level for play took: 0.006197
[2017.02.01-19.09.09:543][868]PIE: Info Play in editor start time for /Game/TopDownBP/Maps/UEDPIE_0_TopDownExampleMap 0.615
[2017.02.01-19.09.09:544][868]LogBlueprintUserMessages: Late PlayInEditor Detection: Level '/Game/TopDownBP/Maps/TopDownExampleMap.TopDownExampleMap:PersistentLevel' has LevelScriptBlueprint '/Game/TopDownBP/Maps/TopDownExampleMap.TopDownExampleMap:PersistentLevel.TopDownExampleMap' with GeneratedClass '/Game/TopDownBP/Maps/TopDownExampleMap.TopDownExampleMap_C' with ClassGeneratedBy '/Game/TopDownBP/Maps/TopDownExampleMap.TopDownExampleMap:PersistentLevel.TopDownExampleMap'
[2017.02.01-19.09.23:109][679]LogBlueprintUserMessages: Early EndPlayMap Detection: Level '/Game/TopDownBP/Maps/TopDownExampleMap.TopDownExampleMap:PersistentLevel' has LevelScriptBlueprint '/Game/TopDownBP/Maps/TopDownExampleMap.TopDownExampleMap:PersistentLevel.TopDownExampleMap' with GeneratedClass '/Game/TopDownBP/Maps/TopDownExampleMap.TopDownExampleMap_C' with ClassGeneratedBy '/Game/TopDownBP/Maps/TopDownExampleMap.TopDownExampleMap:PersistentLevel.TopDownExampleMap'
[2017.02.01-19.09.23:151][679]LogBlueprintUserMessages: Late EndPlayMap Detection: Level '/Game/TopDownBP/Maps/TopDownExampleMap.TopDownExampleMap:PersistentLevel' has LevelScriptBlueprint '/Game/TopDownBP/Maps/TopDownExampleMap.TopDownExampleMap:PersistentLevel.TopDownExampleMap' with GeneratedClass '/Game/TopDownBP/Maps/TopDownExampleMap.TopDownExampleMap_C' with ClassGeneratedBy '/Game/TopDownBP/Maps/TopDownExampleMap.TopDownExampleMap:PersistentLevel.TopDownExampleMap'
[2017.02.01-19.09.24:435][754]LogEditorViewport: Clicking on Actor (LMB): StaticMeshActor (Medium_Boulder_LowPoly7)
[2017.02.01-19.09.25:189][797]Cmd: DELETE
[2017.02.01-19.09.25:189][797]Cmd: ACTOR DELETE
[2017.02.01-19.09.25:190][797]LogEditorActor: Deleted Actor: StaticMeshActor
[2017.02.01-19.09.25:208][797]LogEditorActor: Deleted 1 Actors (0.019 secs)
[2017.02.01-19.09.26:668][885]LogEditorViewport: Clicking on Actor (LMB): BP_Sky_Sphere_C (SkySphereBlueprint)
[2017.02.01-19.09.31:119][143]Cmd: OBJ SAVEPACKAGE PACKAGE="/Game/TopDownBP/Maps/TopDownExampleMap" FILE="C:/Users/Balti/Documents/gitPGVNuevo/Content/TopDownBP/Maps/TopDownExampleMap.umap" SILENT=true AUTOSAVING=false KEEPDIRTY=false
[2017.02.01-19.09.31:565][143]LogSavePackage: Save=413.57ms
[2017.02.01-19.09.31:565][143]LogSavePackage: Moving 'C:/Users/Balti/Documents/gitPGVNuevo/Saved/TopDownExampleMap6C7E918644DBC4C9E4C3C493BB98B96B.tmp' to 'C:/Users/Balti/Documents/gitPGVNuevo/Content/TopDownBP/Maps/TopDownExampleMap.umap'
[2017.02.01-19.09.31:570][143]LogSavePackage:Display: Finished SavePackage C:/Users/Balti/Documents/gitPGVNuevo/Content/TopDownBP/Maps/TopDownExampleMap.umap
[2017.02.01-19.09.31:601][143]LogFileHelpers: Saving map 'TopDownExampleMap' took 0.542
[2017.02.01-19.16.39:930][ 56]LogSkeletalMesh: UPhysicsAssetInstance::InitInstance : Could not find root physics body: PhATEdSkeletalMeshComponent_2
[2017.02.01-19.16.39:930][ 56]LogSkeletalMesh: UPhysicsAssetInstance::InitInstance : Could not find root physics body: SkeletalMeshComponent0
[2017.02.01-19.16.39:930][ 56]LogSkeletalMesh: UPhysicsAssetInstance::InitInstance : Could not find root physics body: SkeletalMeshComponent0
[2017.02.01-19.16.39:930][ 56]LogSkeletalMesh: UPhysicsAssetInstance::InitInstance : Could not find root physics body: PhATEdSkeletalMeshComponent_0
[2017.02.01-19.18.20:274][888]LogSkeletalMesh: InitArticulated: Bodies already created (/Engine/Transient.DebugSkelMeshComponent_2) - call TermArticulated first.
[2017.02.01-19.18.31:125][520]LogSkeletalMesh: InitArticulated: Bodies already created (/Engine/Transient.DebugSkelMeshComponent_3) - call TermArticulated first.
[2017.02.01-19.18.33:302][641]LogSavePackage: Save=8.36ms
[2017.02.01-19.18.33:302][641]LogSavePackage: Moving 'C:/Users/Balti/Documents/gitPGVNuevo/Saved/SK_Greater_SpiderA5C271634C365BF05BA963B91A174548.tmp' to 'C:/Users/Balti/Documents/gitPGVNuevo/Content/InfinityBladeAdversaries/Enemy/Enemy_Great_Spider/SK_Greater_Spider.uasset'
[2017.02.01-19.18.33:306][641]LogSavePackage:Display: Finished SavePackage C:/Users/Balti/Documents/gitPGVNuevo/Content/InfinityBladeAdversaries/Enemy/Enemy_Great_Spider/SK_Greater_Spider.uasset
[2017.02.01-19.18.33:320][641]LogSavePackage: Save=7.99ms
[2017.02.01-19.18.33:320][641]LogSavePackage: Moving 'C:/Users/Balti/Documents/gitPGVNuevo/Saved/SK_Greater_Spider_PhysicsD89830AF40663AEDDC593D9AB25E3C3C.tmp' to 'C:/Users/Balti/Documents/gitPGVNuevo/Content/InfinityBladeAdversaries/Enemy/Enemy_Great_Spider/SK_Greater_Spider_Physics.uasset'
[2017.02.01-19.18.33:322][641]LogSavePackage:Display: Finished SavePackage C:/Users/Balti/Documents/gitPGVNuevo/Content/InfinityBladeAdversaries/Enemy/Enemy_Great_Spider/SK_Greater_Spider_Physics.uasset
[2017.02.01-19.18.53:189][824]LogEditorViewport: Clicking on Actor (LMB): StaticMeshActor (Medium_Boulder_LowPoly5)
[2017.02.01-19.19.01:230][296]LogTemp: Repeting last play command: Selected Viewport
[2017.02.01-19.19.01:247][296]LogBlueprintUserMessages: Early PlayInEditor Detection: Level '/Game/TopDownBP/Maps/TopDownExampleMap.TopDownExampleMap:PersistentLevel' has LevelScriptBlueprint '/Game/TopDownBP/Maps/TopDownExampleMap.TopDownExampleMap:PersistentLevel.TopDownExampleMap' with GeneratedClass '/Game/TopDownBP/Maps/TopDownExampleMap.TopDownExampleMap_C' with ClassGeneratedBy '/Game/TopDownBP/Maps/TopDownExampleMap.TopDownExampleMap:PersistentLevel.TopDownExampleMap'
[2017.02.01-19.19.01:247][296]LogPlayLevel: PlayLevel: No blueprints needed recompiling
[2017.02.01-19.19.01:247][296]PIE: New page: PIE session: TopDownExampleMap (Feb 1, 2017, 9:19:01 PM)
[2017.02.01-19.19.01:247][296]LogPlayLevel: Creating play world package: /Game/TopDownBP/Maps/UEDPIE_0_TopDownExampleMap
[2017.02.01-19.19.01:288][296]LogPlayLevel: PIE: StaticDuplicateObject took: (0.040215s)
[2017.02.01-19.19.01:289][296]LogAIModule: Creating AISystem for world TopDownExampleMap
[2017.02.01-19.19.01:289][296]LogPlayLevel: PIE: World Init took: (0.000840s)
[2017.02.01-19.19.01:289][296]LogPlayLevel: PIE: Created PIE world by copying editor world from /Game/TopDownBP/Maps/TopDownExampleMap.TopDownExampleMap to /Game/TopDownBP/Maps/UEDPIE_0_TopDownExampleMap.TopDownExampleMap (0.041371s)
[2017.02.01-19.19.01:314][296]LogInit: XAudio2 using 'Altavoces (3- Logitech G430 Gaming Headset)' : 8 channels at 48 kHz using 16 bits per sample (channel mask 0x63f)
[2017.02.01-19.19.01:318][296]LogInit: FAudioDevice initialized.
[2017.02.01-19.19.01:354][296]LogLoad: Game class is 'TopDownGameMode_C'
[2017.02.01-19.19.01:363][296]LogWorld: Bringing World /Game/TopDownBP/Maps/UEDPIE_0_TopDownExampleMap.TopDownExampleMap up for play (max tick rate 60) at 2017.02.01-20.19.01
[2017.02.01-19.19.01:364][296]LogWorld: Bringing up level for play took: 0.007828
[2017.02.01-19.19.01:366][296]PIE: Info Play in editor start time for /Game/TopDownBP/Maps/UEDPIE_0_TopDownExampleMap 0.438
[2017.02.01-19.19.01:367][296]LogBlueprintUserMessages: Late PlayInEditor Detection: Level '/Game/TopDownBP/Maps/TopDownExampleMap.TopDownExampleMap:PersistentLevel' has LevelScriptBlueprint '/Game/TopDownBP/Maps/TopDownExampleMap.TopDownExampleMap:PersistentLevel.TopDownExampleMap' with GeneratedClass '/Game/TopDownBP/Maps/TopDownExampleMap.TopDownExampleMap_C' with ClassGeneratedBy '/Game/TopDownBP/Maps/TopDownExampleMap.TopDownExampleMap:PersistentLevel.TopDownExampleMap'
[2017.02.01-19.19.14:959][109]LogBlueprintUserMessages: Early EndPlayMap Detection: Level '/Game/TopDownBP/Maps/TopDownExampleMap.TopDownExampleMap:PersistentLevel' has LevelScriptBlueprint '/Game/TopDownBP/Maps/TopDownExampleMap.TopDownExampleMap:PersistentLevel.TopDownExampleMap' with GeneratedClass '/Game/TopDownBP/Maps/TopDownExampleMap.TopDownExampleMap_C' with ClassGeneratedBy '/Game/TopDownBP/Maps/TopDownExampleMap.TopDownExampleMap:PersistentLevel.TopDownExampleMap'
[2017.02.01-19.19.15:014][109]LogBlueprintUserMessages: Late EndPlayMap Detection: Level '/Game/TopDownBP/Maps/TopDownExampleMap.TopDownExampleMap:PersistentLevel' has LevelScriptBlueprint '/Game/TopDownBP/Maps/TopDownExampleMap.TopDownExampleMap:PersistentLevel.TopDownExampleMap' with GeneratedClass '/Game/TopDownBP/Maps/TopDownExampleMap.TopDownExampleMap_C' with ClassGeneratedBy '/Game/TopDownBP/Maps/TopDownExampleMap.TopDownExampleMap:PersistentLevel.TopDownExampleMap'
[2017.02.01-19.19.16:778][213]Cmd: DELETE
[2017.02.01-19.19.16:778][213]Cmd: ACTOR DELETE
[2017.02.01-19.19.16:779][213]LogEditorActor: Deleted Actor: StaticMeshActor
[2017.02.01-19.19.16:793][213]LogEditorActor: Deleted 1 Actors (0.015 secs)
[2017.02.01-19.20.14:138][644]Cmd: OBJ SAVEPACKAGE PACKAGE="/Game/TopDownBP/Maps/TopDownExampleMap" FILE="C:/Users/Balti/Documents/gitPGVNuevo/Content/TopDownBP/Maps/TopDownExampleMap.umap" SILENT=true AUTOSAVING=false KEEPDIRTY=false
[2017.02.01-19.20.14:575][644]LogSavePackage: Save=405.49ms
[2017.02.01-19.20.14:575][644]LogSavePackage: Moving 'C:/Users/Balti/Documents/gitPGVNuevo/Saved/TopDownExampleMap23F5D4864CAB7BB7536076B1184A2AEA.tmp' to 'C:/Users/Balti/Documents/gitPGVNuevo/Content/TopDownBP/Maps/TopDownExampleMap.umap'
[2017.02.01-19.20.14:579][644]LogSavePackage:Display: Finished SavePackage C:/Users/Balti/Documents/gitPGVNuevo/Content/TopDownBP/Maps/TopDownExampleMap.umap
[2017.02.01-19.20.14:606][644]LogFileHelpers: Saving map 'TopDownExampleMap' took 0.536
[2017.02.01-19.21.40:907][815]LogWindowsTextInputMethodSystem:Display: IME system now deactivated.
[2017.02.01-19.21.41:133][816]Cmd: QUIT_EDITOR
[2017.02.01-19.21.41:782][816]LogExit: Preparing to exit.
[2017.02.01-19.21.42:174][816]LogExit: Editor shut down
[2017.02.01-19.21.42:174][816]LogExit: Transaction tracking system shut down
[2017.02.01-19.21.42:525][816]LogObj: Freed 0b from 0 cluster array pools.
[2017.02.01-19.21.42:525][816]LogExit: Object subsystem successfully closed.
[2017.02.01-19.21.42:543][816]LogD3D11RHI: Shutdown
[2017.02.01-19.21.42:543][816]LogD3D11RHI: CleanupD3DDevice
[2017.02.01-19.21.42:666][816]LogD3D11RHI: ~FD3D11DynamicRHI
[2017.02.01-19.21.42:673][816]LogHttp:Display: Http module shutting down, but needs to wait on 1 outstanding Http requests:
[2017.02.01-19.21.42:673][816]LogHttp:Display: 	verb=[POST] url=[https://datarouter.ol.epicgames.com/datarouter/api/v1/public/data?SessionID=%7BD8CFA9FD-4627-C2F8-65D4-ADBBF21C343C%7D&AppID=UEEditor.Rocket.Release&AppVersion=4.14.3-3249277%2B%2B%2BUE4%2BRelease-4.14&UserID=a5a2fd0c40363b4f4710acafe8a82a78%7Cad142a8b0dab4a20a1723ec3618fad55%7C7e41f592-b022-493a-9c84-a1ee58d3a858&AppEnvironment=datacollector-binary&UploadType=eteventstream] status=Processing
[2017.02.01-19.21.42:684][816]LogModuleManager: Shutting down and abandoning module PhAT (247)
[2017.02.01-19.21.42:684][816]LogModuleManager: Shutting down and abandoning module MovieSceneCapture (246)
[2017.02.01-19.21.42:684][816]LogModuleManager: Shutting down and abandoning module SkeletonEditor (245)
[2017.02.01-19.21.42:684][816]LogModuleManager: Shutting down and abandoning module SkeletalMeshEditor (244)
[2017.02.01-19.21.42:684][816]LogModuleManager: Shutting down and abandoning module BlueprintGraph (243)
[2017.02.01-19.21.42:684][816]LogModuleManager: Shutting down and abandoning module BlueprintProfiler (242)
[2017.02.01-19.21.42:684][816]LogModuleManager: Shutting down and abandoning module HierarchicalLODOutliner (241)
[2017.02.01-19.21.42:684][816]LogModuleManager: Shutting down and abandoning module CrashTracker (240)
[2017.02.01-19.21.42:684][816]LogModuleManager: Shutting down and abandoning module SceneOutliner (239)
[2017.02.01-19.21.42:684][816]LogModuleManager: Shutting down and abandoning module WidgetCarousel (238)
[2017.02.01-19.21.42:685][816]LogModuleManager: Shutting down and abandoning module AddContentDialog (237)
[2017.02.01-19.21.42:685][816]LogDirectoryWatcher: A directory notification for 'E:/Programas/Epic Games/4.14/FeaturePacks/' was aborted.
[2017.02.01-19.21.42:686][816]LogModuleManager: Shutting down and abandoning module GameplayTags (236)
[2017.02.01-19.21.42:686][816]LogModuleManager: Shutting down and abandoning module EditorWidgets (235)
[2017.02.01-19.21.42:686][816]LogModuleManager: Shutting down and abandoning module CollectionManager (234)
[2017.02.01-19.21.42:686][816]LogDirectoryWatcher: A directory notification for 'C:/Users/Balti/Documents/gitPGVNuevo/Content/Collections/' was aborted.
[2017.02.01-19.21.42:686][816]LogDirectoryWatcher: A directory notification for 'C:/Users/Balti/Documents/gitPGVNuevo/Content/Developers/Balti/Collections/' was aborted.
[2017.02.01-19.21.42:686][816]LogDirectoryWatcher: A directory notification for 'C:/Users/Balti/Documents/gitPGVNuevo/Saved/Collections/' was aborted.
[2017.02.01-19.21.42:686][816]LogModuleManager: Shutting down and abandoning module StatsViewer (233)
[2017.02.01-19.21.42:686][816]LogModuleManager: Shutting down and abandoning module FoliageEdit (232)
[2017.02.01-19.21.42:686][816]LogModuleManager: Shutting down and abandoning module LandscapeEditor (231)
[2017.02.01-19.21.42:687][816]LogModuleManager: Shutting down and abandoning module SceneDepthPickerMode (230)
[2017.02.01-19.21.42:687][816]LogModuleManager: Shutting down and abandoning module ActorPickerMode (229)
[2017.02.01-19.21.42:687][816]LogModuleManager: Shutting down and abandoning module GeometryMode (228)
[2017.02.01-19.21.42:687][816]LogModuleManager: Shutting down and abandoning module TextureAlignMode (227)
[2017.02.01-19.21.42:687][816]LogModuleManager: Shutting down and abandoning module BspMode (226)
[2017.02.01-19.21.42:687][816]LogModuleManager: Shutting down and abandoning module HardwareSurvey (225)
[2017.02.01-19.21.42:687][816]LogModuleManager: Shutting down and abandoning module SequenceRecorderSections (224)
[2017.02.01-19.21.42:687][816]LogModuleManager: Shutting down and abandoning module AutomationWorker (223)
[2017.02.01-19.21.42:687][816]LogModuleManager: Shutting down and abandoning module MatineeToLevelSequence (222)
[2017.02.01-19.21.42:687][816]LogModuleManager: Shutting down and abandoning module PlacementMode (221)
[2017.02.01-19.21.42:687][816]LogModuleManager: Shutting down and abandoning module LevelSequenceEditor (220)
[2017.02.01-19.21.42:687][816]LogModuleManager: Shutting down and abandoning module WmfMediaFactory (219)
[2017.02.01-19.21.42:687][816]LogModuleManager: Shutting down and abandoning module WmfMediaEditor (218)
[2017.02.01-19.21.42:687][816]LogModuleManager: Shutting down and abandoning module AvfMediaFactory (217)
[2017.02.01-19.21.42:687][816]LogModuleManager: Shutting down and abandoning module AvfMediaEditor (216)
[2017.02.01-19.21.42:687][816]LogModuleManager: Shutting down and abandoning module Media (215)
[2017.02.01-19.21.42:687][816]LogModuleManager: Shutting down and abandoning module AndroidMediaFactory (214)
[2017.02.01-19.21.42:687][816]LogModuleManager: Shutting down and abandoning module AndroidMediaEditor (213)
[2017.02.01-19.21.42:687][816]LogModuleManager: Shutting down and abandoning module CharacterAI (212)
[2017.02.01-19.21.42:687][816]LogModuleManager: Shutting down and abandoning module SequenceRecorder (211)
[2017.02.01-19.21.42:687][816]LogModuleManager: Shutting down and abandoning module AudioCapture (210)
[2017.02.01-19.21.42:687][816]LogModuleManager: Shutting down and abandoning module SmartSnapping (209)
[2017.02.01-19.21.42:687][816]LogModuleManager: Shutting down and abandoning module SessionServices (208)
[2017.02.01-19.21.42:687][816]LogModuleManager: Shutting down and abandoning module ViewportSnapping (207)
[2017.02.01-19.21.42:687][816]LogModuleManager: Shutting down and abandoning module ViewportInteraction (206)
[2017.02.01-19.21.42:687][816]LogModuleManager: Shutting down and abandoning module LogVisualizer (205)
[2017.02.01-19.21.42:687][816]LogModuleManager: Shutting down and abandoning module GameProjectGeneration (204)
[2017.02.01-19.21.42:687][816]LogModuleManager: Shutting down and abandoning module IntroTutorials (203)
[2017.02.01-19.21.42:687][816]LogModuleManager: Shutting down and abandoning module EditorLiveStreaming (202)
[2017.02.01-19.21.42:687][816]LogModuleManager: Shutting down and abandoning module IOSPlatformEditor (201)
[2017.02.01-19.21.42:687][816]LogModuleManager: Shutting down and abandoning module HTML5PlatformEditor (200)
[2017.02.01-19.21.42:687][816]LogModuleManager: Shutting down and abandoning module AndroidDeviceDetection (199)
[2017.02.01-19.21.43:487][816]LogModuleManager: Shutting down and abandoning module AndroidPlatformEditor (198)
[2017.02.01-19.21.43:487][816]LogModuleManager: Shutting down and abandoning module IOSRuntimeSettings (197)
[2017.02.01-19.21.43:487][816]LogModuleManager: Shutting down and abandoning module AndroidRuntimeSettings (196)
[2017.02.01-19.21.43:487][816]LogModuleManager: Shutting down and abandoning module InputBindingEditor (195)
[2017.02.01-19.21.43:487][816]LogModuleManager: Shutting down and abandoning module NiagaraEditor (194)
[2017.02.01-19.21.43:487][816]LogModuleManager: Shutting down and abandoning module MergeActors (193)
[2017.02.01-19.21.43:487][816]LogModuleManager: Shutting down and abandoning module SizeMap (192)
[2017.02.01-19.21.43:487][816]LogModuleManager: Shutting down and abandoning module TreeMap (191)
[2017.02.01-19.21.43:487][816]LogModuleManager: Shutting down and abandoning module ReferenceViewer (190)
[2017.02.01-19.21.43:487][816]LogModuleManager: Shutting down and abandoning module LocalizationService (189)
[2017.02.01-19.21.43:487][816]LogModuleManager: Shutting down and abandoning module LocalizationDashboard (188)
[2017.02.01-19.21.43:487][816]LogModuleManager: Shutting down and abandoning module HardwareTargeting (187)
[2017.02.01-19.21.43:487][816]LogModuleManager: Shutting down and abandoning module DeviceProfileEditor (186)
[2017.02.01-19.21.43:487][816]LogModuleManager: Shutting down and abandoning module UndoHistory (185)
[2017.02.01-19.21.43:487][816]LogModuleManager: Shutting down and abandoning module UserFeedback (184)
[2017.02.01-19.21.43:487][816]LogModuleManager: Shutting down and abandoning module XmlParser (183)
[2017.02.01-19.21.43:487][816]LogModuleManager: Shutting down and abandoning module Blutility (182)
[2017.02.01-19.21.43:487][816]LogModuleManager: Shutting down and abandoning module ProjectTargetPlatformEditor (181)
[2017.02.01-19.21.43:487][816]LogModuleManager: Shutting down and abandoning module ProjectSettingsViewer (180)
[2017.02.01-19.21.43:487][816]LogModuleManager: Shutting down and abandoning module EditorSettingsViewer (179)
[2017.02.01-19.21.43:487][816]LogModuleManager: Shutting down and abandoning module SettingsEditor (178)
[2017.02.01-19.21.43:487][816]LogModuleManager: Shutting down and abandoning module ProjectLauncher (177)
[2017.02.01-19.21.43:487][816]LogModuleManager: Shutting down and abandoning module SessionFrontend (176)
[2017.02.01-19.21.43:487][816]LogModuleManager: Shutting down and abandoning module ProfilerClient (175)
[2017.02.01-19.21.43:487][816]LogModuleManager: Shutting down and abandoning module TargetDeviceServices (174)
[2017.02.01-19.21.43:487][816]LogModuleManager: Shutting down and abandoning module DeviceManager (173)
[2017.02.01-19.21.43:540][816]LogModuleManager: Shutting down and abandoning module AutomationController (172)
[2017.02.01-19.21.43:540][816]LogModuleManager: Shutting down and abandoning module AutomationWindow (171)
[2017.02.01-19.21.43:540][816]LogModuleManager: Shutting down and abandoning module Layers (170)
[2017.02.01-19.21.43:540][816]LogModuleManager: Shutting down and abandoning module ComponentVisualizers (169)
[2017.02.01-19.21.43:540][816]LogModuleManager: Shutting down and abandoning module DetailCustomizations (168)
[2017.02.01-19.21.43:540][816]LogModuleManager: Shutting down and abandoning module PackagesDialog (167)
[2017.02.01-19.21.43:540][816]LogModuleManager: Shutting down and abandoning module AnimGraph (166)
[2017.02.01-19.21.43:540][816]LogModuleManager: Shutting down and abandoning module Persona (165)
[2017.02.01-19.21.43:540][816]LogModuleManager: Shutting down and abandoning module Kismet (164)
[2017.02.01-19.21.43:546][816]LogModuleManager: Shutting down and abandoning module GraphEditor (163)
[2017.02.01-19.21.43:546][816]LogModuleManager: Shutting down and abandoning module ClassViewer (162)
[2017.02.01-19.21.43:546][816]LogModuleManager: Shutting down and abandoning module Toolbox (161)
[2017.02.01-19.21.43:546][816]LogModuleManager: Shutting down and abandoning module ModuleUI (160)
[2017.02.01-19.21.43:546][816]LogModuleManager: Shutting down and abandoning module MovieSceneTools (159)
[2017.02.01-19.21.43:546][816]LogModuleManager: Shutting down and abandoning module OutputLog (158)
[2017.02.01-19.21.43:546][816]LogModuleManager: Shutting down and abandoning module GammaUI (157)
[2017.02.01-19.21.43:546][816]LogModuleManager: Shutting down and abandoning module Documentation (156)
[2017.02.01-19.21.43:546][816]LogModuleManager: Shutting down and abandoning module Niagara (155)
[2017.02.01-19.21.43:546][816]LogModuleManager: Shutting down and abandoning module StreamingPauseRendering (154)
[2017.02.01-19.21.43:546][816]LogModuleManager: Shutting down and abandoning module AnalyticsET (153)
[2017.02.01-19.21.43:546][816]LogModuleManager: Shutting down and abandoning module PortalServices (152)
[2017.02.01-19.21.43:546][816]LogModuleManager: Shutting down and abandoning module PortalRpc (151)
[2017.02.01-19.21.43:546][816]LogModuleManager: Shutting down and abandoning module MessagingRpc (150)
[2017.02.01-19.21.43:546][816]LogModuleManager: Shutting down and abandoning module GameplayDebugger (149)
[2017.02.01-19.21.43:546][816]LogModuleManager: Shutting down and abandoning module AITestSuite (148)
[2017.02.01-19.21.43:546][816]LogModuleManager: Shutting down and abandoning module AIModule (147)
[2017.02.01-19.21.43:546][816]LogModuleManager: Shutting down and abandoning module ProfilerService (146)
[2017.02.01-19.21.43:699][816]LogModuleManager: Shutting down and abandoning module TaskGraph (145)
[2017.02.01-19.21.43:699][816]LogModuleManager: Shutting down and abandoning module SlateRemote (144)
[2017.02.01-19.21.43:699][816]LogModuleManager: Shutting down and abandoning module SteamVRController (143)
[2017.02.01-19.21.43:699][816]LogModuleManager: Shutting down and abandoning module SteamVR (142)
[2017.02.01-19.21.43:699][816]LogModuleManager: Shutting down and abandoning module ProceduralMeshComponentEditor (141)
[2017.02.01-19.21.43:699][816]LogModuleManager: Shutting down and abandoning module ProceduralMeshComponent (140)
[2017.02.01-19.21.43:699][816]LogModuleManager: Shutting down and abandoning module OculusLibrary (139)
[2017.02.01-19.21.43:699][816]LogModuleManager: Shutting down and abandoning module OculusInput (138)
[2017.02.01-19.21.43:699][816]LogModuleManager: Shutting down and abandoning module MobilePatchingUtils (137)
[2017.02.01-19.21.43:699][816]LogModuleManager: Shutting down and abandoning module CustomMeshComponent (136)
[2017.02.01-19.21.43:699][816]LogModuleManager: Shutting down and abandoning module CableComponent (135)
[2017.02.01-19.21.43:699][816]LogModuleManager: Shutting down and abandoning module ArchVisCharacter (134)
[2017.02.01-19.21.43:699][816]LogModuleManager: Shutting down and abandoning module MediaPlayerEditor (132)
[2017.02.01-19.21.43:699][816]LogModuleManager: Shutting down and abandoning module HTML5Networking (131)
[2017.02.01-19.21.43:699][816]LogModuleManager: Shutting down and abandoning module GeometryCacheEd (130)
[2017.02.01-19.21.43:699][816]LogModuleManager: Shutting down and abandoning module GeometryCache (129)
[2017.02.01-19.21.43:699][816]LogModuleManager: Shutting down and abandoning module AlembicLibrary (128)
[2017.02.01-19.21.43:699][816]LogModuleManager: Shutting down and abandoning module AlembicImporter (127)
[2017.02.01-19.21.43:699][816]LogModuleManager: Shutting down and abandoning module SuperSearch (126)
[2017.02.01-19.21.43:699][816]LogModuleManager: Shutting down and abandoning module SuperSearchEditor (125)
[2017.02.01-19.21.43:699][816]LogModuleManager: Shutting down and abandoning module SpeedTreeImporter (124)
[2017.02.01-19.21.43:699][816]LogModuleManager: Shutting down and abandoning module PluginBrowser (123)
[2017.02.01-19.21.43:699][816]LogModuleManager: Shutting down and abandoning module MobileLauncherProfileWizard (122)
[2017.02.01-19.21.43:699][816]LogModuleManager: Shutting down and abandoning module EpicSurvey (121)
[2017.02.01-19.21.43:699][816]LogModuleManager: Shutting down and abandoning module DesktopPlatform (120)
[2017.02.01-19.21.43:699][816]LogModuleManager: Shutting down and abandoning module VisualStudioSourceCodeAccess (119)
[2017.02.01-19.21.43:699][816]LogModuleManager: Shutting down and abandoning module UObjectPlugin (118)
[2017.02.01-19.21.43:699][816]LogModuleManager: Shutting down and abandoning module SubversionSourceControl (117)
[2017.02.01-19.21.43:699][816]LogModuleManager: Shutting down and abandoning module PerforceSourceControl (116)
[2017.02.01-19.21.43:699][816]LogModuleManager: Shutting down and abandoning module SourceControl (115)
[2017.02.01-19.21.43:699][816]LogModuleManager: Shutting down and abandoning module GitSourceControl (114)
[2017.02.01-19.21.43:699][816]LogModuleManager: Shutting down and abandoning module LightPropagationVolumeEditor (113)
[2017.02.01-19.21.43:699][816]LogModuleManager: Shutting down and abandoning module PaperTiledImporter (112)
[2017.02.01-19.21.43:699][816]LogModuleManager: Shutting down and abandoning module PaperSpriteSheetImporter (111)
[2017.02.01-19.21.43:699][816]LogModuleManager: Shutting down and abandoning module MeshPaint (110)
[2017.02.01-19.21.43:699][816]LogModuleManager: Shutting down and abandoning module PixelInspectorModule (109)
[2017.02.01-19.21.43:699][816]LogModuleManager: Shutting down and abandoning module HotReload (108)
[2017.02.01-19.21.43:700][816]LogModuleManager: Shutting down and abandoning module MainFrame (107)
[2017.02.01-19.21.43:700][816]LogModuleManager: Shutting down and abandoning module LevelEditor (106)
[2017.02.01-19.21.43:700][816]LogModuleManager: Shutting down and abandoning module ContentBrowser (105)
[2017.02.01-19.21.43:701][816]LogModuleManager: Shutting down and abandoning module Paper2DEditor (104)
[2017.02.01-19.21.43:701][816]LogModuleManager: Shutting down and abandoning module UdpMessaging (103)
[2017.02.01-19.21.43:802][816]LogModuleManager: Shutting down and abandoning module TcpMessaging (102)
[2017.02.01-19.21.43:902][816]LogModuleManager: Shutting down and abandoning module LightPropagationVolumeRuntime (101)
[2017.02.01-19.21.43:902][816]LogModuleManager: Shutting down and abandoning module Paper2D (100)
[2017.02.01-19.21.43:902][816]LogModuleManager: Shutting down and abandoning module WindowsMoviePlayer (99)
[2017.02.01-19.21.43:902][816]LogModuleManager: Shutting down and abandoning module WmfMedia (98)
[2017.02.01-19.21.43:902][816]LogModuleManager: Shutting down and abandoning module MediaAssets (97)
[2017.02.01-19.21.43:903][816]LogModuleManager: Shutting down and abandoning module GameLiveStreaming (96)
[2017.02.01-19.21.43:903][816]LogModuleManager: Shutting down and abandoning module GameplayTagsEditor (95)
[2017.02.01-19.21.43:903][816]LogModuleManager: Shutting down and abandoning module VREditor (94)
[2017.02.01-19.21.43:903][816]LogModuleManager: Shutting down and abandoning module GameplayTasksEditor (93)
[2017.02.01-19.21.43:903][816]LogModuleManager: Shutting down and abandoning module BehaviorTreeEditor (92)
[2017.02.01-19.21.43:903][816]LogModuleManager: Shutting down and abandoning module FunctionalTesting (91)
[2017.02.01-19.21.43:903][816]LogModuleManager: Shutting down and abandoning module CollisionAnalyzer (90)
[2017.02.01-19.21.43:903][816]LogModuleManager: Shutting down and abandoning module Sequencer (89)
[2017.02.01-19.21.43:903][816]LogModuleManager: Shutting down and abandoning module WorkspaceMenuStructure (88)
[2017.02.01-19.21.43:903][816]LogModuleManager: Shutting down and abandoning module MessageLog (87)
[2017.02.01-19.21.43:903][816]LogModuleManager: Shutting down and abandoning module AssetTools (86)
[2017.02.01-19.21.43:903][816]LogModuleManager: Shutting down and abandoning module UMGEditor (85)
[2017.02.01-19.21.43:903][816]LogModuleManager: Shutting down and abandoning module UMG (84)
[2017.02.01-19.21.43:903][816]LogModuleManager: Shutting down and abandoning module SlateReflector (83)
[2017.02.01-19.21.43:903][816]LogModuleManager: Shutting down and abandoning module Slate (82)
[2017.02.01-19.21.43:903][816]LogModuleManager: Shutting down and abandoning module EditorStyle (81)
[2017.02.01-19.21.43:905][816]LogModuleManager: Shutting down and abandoning module SourceCodeAccess (80)
[2017.02.01-19.21.43:905][816]LogModuleManager: Shutting down and abandoning module HeadMountedDisplay (79)
[2017.02.01-19.21.43:905][816]LogModuleManager: Shutting down and abandoning module XAudio2 (78)
[2017.02.01-19.21.43:905][816]LogModuleManager: Shutting down and abandoning module Networking (76)
[2017.02.01-19.21.43:905][816]LogModuleManager: Shutting down and abandoning module Core (75)
[2017.02.01-19.21.43:905][816]LogModuleManager: Shutting down and abandoning module DirectoryWatcher (74)
[2017.02.01-19.21.43:905][816]LogDirectoryWatcher: A directory notification for '../../../Engine/Content/' was aborted.
[2017.02.01-19.21.43:905][816]LogDirectoryWatcher: A directory notification for 'C:/Users/Balti/Documents/gitPGVNuevo/Content/' was aborted.
[2017.02.01-19.21.43:905][816]LogDirectoryWatcher: A directory notification for '../../../Engine/Plugins/2D/Paper2D/Content/' was aborted.
[2017.02.01-19.21.43:906][816]LogModuleManager: Shutting down and abandoning module AssetRegistry (73)
[2017.02.01-19.21.44:047][816]LogModuleManager: Shutting down and abandoning module KismetCompiler (72)
[2017.02.01-19.21.44:047][816]LogModuleManager: Shutting down and abandoning module PhysXFormats (71)
[2017.02.01-19.21.44:047][816]LogModuleManager: Shutting down and abandoning module SimplygonSwarm (70)
[2017.02.01-19.21.44:047][816]LogModuleManager: Shutting down and abandoning module SimplygonMeshReduction (69)
[2017.02.01-19.21.44:047][816]LogModuleManager: Shutting down and abandoning module QuadricMeshReduction (68)
[2017.02.01-19.21.44:047][816]LogModuleManager: Shutting down and abandoning module PropertyEditor (67)
[2017.02.01-19.21.44:047][816]LogModuleManager: Shutting down and abandoning module MeshUtilities (66)
[2017.02.01-19.21.44:047][816]LogModuleManager: Shutting down and abandoning module DerivedDataCache (65)
[2017.02.01-19.21.44:088][816]LogDerivedDataCache: Shutdown
[2017.02.01-19.21.44:088][816]LogModuleManager: Shutting down and abandoning module VulkanShaderFormat (64)
[2017.02.01-19.21.44:088][816]LogModuleManager: Shutting down and abandoning module ShaderFormatOpenGL (63)
[2017.02.01-19.21.44:088][816]LogModuleManager: Shutting down and abandoning module ShaderFormatD3D (62)
[2017.02.01-19.21.44:088][816]LogModuleManager: Shutting down and abandoning module MetalShaderFormat (61)
[2017.02.01-19.21.44:088][816]LogModuleManager: Shutting down and abandoning module TextureFormatUncompressed (60)
[2017.02.01-19.21.44:088][816]LogModuleManager: Shutting down and abandoning module TextureFormatPVR (59)
[2017.02.01-19.21.44:088][816]LogModuleManager: Shutting down and abandoning module TextureFormatDXT (58)
[2017.02.01-19.21.44:088][816]LogModuleManager: Shutting down and abandoning module TextureFormatIntelISPCTexComp (57)
[2017.02.01-19.21.44:088][816]LogModuleManager: Shutting down and abandoning module ImageWrapper (56)
[2017.02.01-19.21.44:088][816]LogModuleManager: Shutting down and abandoning module TextureFormatASTC (55)
[2017.02.01-19.21.44:088][816]LogModuleManager: Shutting down and abandoning module TextureFormatAndroid (54)
[2017.02.01-19.21.44:088][816]LogModuleManager: Shutting down and abandoning module AudioFormatOpus (53)
[2017.02.01-19.21.44:088][816]LogModuleManager: Shutting down and abandoning module AudioFormatOgg (52)
[2017.02.01-19.21.44:088][816]LogModuleManager: Shutting down and abandoning module AudioFormatADPCM (51)
[2017.02.01-19.21.44:088][816]LogModuleManager: Shutting down and abandoning module LinuxTargetPlatform (50)
[2017.02.01-19.21.44:088][816]LogModuleManager: Shutting down and abandoning module LinuxServerTargetPlatform (49)
[2017.02.01-19.21.44:088][816]LogModuleManager: Shutting down and abandoning module LinuxNoEditorTargetPlatform (48)
[2017.02.01-19.21.44:088][816]LogModuleManager: Shutting down and abandoning module LinuxClientTargetPlatform (47)
[2017.02.01-19.21.44:088][816]LogModuleManager: Shutting down and abandoning module TVOSTargetPlatform (46)
[2017.02.01-19.21.44:089][816]LogModuleManager: Shutting down and abandoning module Messaging (45)
[2017.02.01-19.21.44:089][816]LogModuleManager: Shutting down and abandoning module IOSTargetPlatform (44)
[2017.02.01-19.21.44:089][816]LogModuleManager: Shutting down and abandoning module HTML5TargetPlatform (43)
[2017.02.01-19.21.44:089][816]LogModuleManager: Shutting down and abandoning module Android_PVRTCTargetPlatform (42)
[2017.02.01-19.21.44:089][816]LogModuleManager: Shutting down and abandoning module Android_MultiTargetPlatform (41)
[2017.02.01-19.21.44:089][816]LogModuleManager: Shutting down and abandoning module Android_ETC2TargetPlatform (40)
[2017.02.01-19.21.44:089][816]LogModuleManager: Shutting down and abandoning module Android_ETC1TargetPlatform (39)
[2017.02.01-19.21.44:089][816]LogModuleManager: Shutting down and abandoning module Android_DXTTargetPlatform (38)
[2017.02.01-19.21.44:089][816]LogModuleManager: Shutting down and abandoning module Android_ATCTargetPlatform (37)
[2017.02.01-19.21.44:089][816]LogModuleManager: Shutting down and abandoning module Android_ASTCTargetPlatform (36)
[2017.02.01-19.21.44:089][816]LogModuleManager: Shutting down and abandoning module AndroidTargetPlatform (35)
[2017.02.01-19.21.44:089][816]LogModuleManager: Shutting down and abandoning module WindowsTargetPlatform (34)
[2017.02.01-19.21.44:089][816]LogModuleManager: Shutting down and abandoning module WindowsServerTargetPlatform (33)
[2017.02.01-19.21.44:089][816]LogModuleManager: Shutting down and abandoning module WindowsNoEditorTargetPlatform (32)
[2017.02.01-19.21.44:089][816]LogModuleManager: Shutting down and abandoning module WindowsClientTargetPlatform (31)
[2017.02.01-19.21.44:089][816]LogModuleManager: Shutting down and abandoning module MacTargetPlatform (30)
[2017.02.01-19.21.44:089][816]LogModuleManager: Shutting down and abandoning module MacServerTargetPlatform (29)
[2017.02.01-19.21.44:089][816]LogModuleManager: Shutting down and abandoning module MacNoEditorTargetPlatform (28)
[2017.02.01-19.21.44:089][816]LogModuleManager: Shutting down and abandoning module MacClientTargetPlatform (27)
[2017.02.01-19.21.44:089][816]LogModuleManager: Shutting down and abandoning module AllDesktopTargetPlatform (26)
[2017.02.01-19.21.44:089][816]LogModuleManager: Shutting down and abandoning module TargetPlatform (25)
[2017.02.01-19.21.44:089][816]LogModuleManager: Shutting down and abandoning module InputCore (24)
[2017.02.01-19.21.44:089][816]LogModuleManager: Shutting down and abandoning module Settings (23)
[2017.02.01-19.21.44:089][816]LogModuleManager: Shutting down and abandoning module OculusRift (22)
[2017.02.01-19.21.44:089][816]LogModuleManager: Shutting down and abandoning module ExampleDeviceProfileSelector (21)
[2017.02.01-19.21.44:089][816]LogModuleManager: Shutting down and abandoning module OnlineBlueprintSupport (20)
[2017.02.01-19.21.44:089][816]LogModuleManager: Shutting down and abandoning module OnlineSubsystem (18)
[2017.02.01-19.21.44:089][816]LogOnline:Display: Unloading online subsystem: NULL
[2017.02.01-19.21.44:089][816]LogModuleManager: Shutting down and abandoning module SSL (17)
[2017.02.01-19.21.44:090][816]LogModuleManager: Shutting down and abandoning module HTTP (16)
[2017.02.01-19.21.44:090][816]LogModuleManager: Shutting down and abandoning module XMPP (15)
[2017.02.01-19.21.44:090][816]LogModuleManager: Shutting down and abandoning module TextureCompressor (14)
[2017.02.01-19.21.44:090][816]LogModuleManager: Shutting down and abandoning module ShaderCore (13)
[2017.02.01-19.21.44:090][816]LogModuleManager: Shutting down and abandoning module Landscape (12)
[2017.02.01-19.21.44:090][816]LogModuleManager: Shutting down and abandoning module SlateRHIRenderer (11)
[2017.02.01-19.21.44:091][816]LogModuleManager: Shutting down and abandoning module OpenGLDrv (10)
[2017.02.01-19.21.44:091][816]LogModuleManager: Shutting down and abandoning module D3D11RHI (9)
[2017.02.01-19.21.44:091][816]LogModuleManager: Shutting down and abandoning module AnimGraphRuntime (8)
[2017.02.01-19.21.44:091][816]LogModuleManager: Shutting down and abandoning module Renderer (7)
[2017.02.01-19.21.44:091][816]LogModuleManager: Shutting down and abandoning module Engine (6)
[2017.02.01-19.21.44:092][816]LogModuleManager: Shutting down and abandoning module CoreUObject (5)
[2017.02.01-19.21.44:092][816]LogModuleManager: Shutting down and abandoning module NetworkFile (4)
[2017.02.01-19.21.44:092][816]LogModuleManager: Shutting down and abandoning module StreamingFile (3)
[2017.02.01-19.21.44:092][816]LogModuleManager: Shutting down and abandoning module SandboxFile (2)
[2017.02.01-19.21.44:092][816]LogModuleManager: Shutting down and abandoning module PakFile (1)
[2017.02.01-19.21.44:094][816]LogExit: Exiting.
[2017.02.01-19.21.44:095][816]Log file closed, 02/01/17 20:21:44
