Log file open, 02/03/17 17:11:39
LogInit:Display: Running engine for game: PGV
LogPlatformFile: Not using cached read wrapper
LogInit:Display: RandInit(1757518137) SRandInit(1757518137).
LogTaskGraph: Started task graph with 5 named threads and 8 total threads with 1 sets of task threads.
LogStats: Stats thread started at 0.076775
LogPluginManager: Loaded Plugin Paper2D, From E:/Programas/Epic Games/4.14/Engine/Plugins/2D/Paper2D/Paper2D.uplugin
LogPluginManager: Loaded Plugin LightPropagationVolume, From E:/Programas/Epic Games/4.14/Engine/Plugins/Blendables/LightPropagationVolume/LightPropagationVolume.uplugin
LogPluginManager: Loaded Plugin BlankPlugin, From E:/Programas/Epic Games/4.14/Engine/Plugins/Developer/BlankPlugin/BlankPlugin.uplugin
LogPluginManager: Loaded Plugin CodeLiteSourceCodeAccess, From E:/Programas/Epic Games/4.14/Engine/Plugins/Developer/CodeLiteSourceCodeAccess/CodeLiteSourceCodeAccess.uplugin
LogPluginManager: Loaded Plugin GitSourceControl, From E:/Programas/Epic Games/4.14/Engine/Plugins/Developer/GitSourceControl/GitSourceControl.uplugin
LogPluginManager: Loaded Plugin KDevelopSourceCodeAccess, From E:/Programas/Epic Games/4.14/Engine/Plugins/Developer/KDevelopSourceCodeAccess/KDevelopSourceCodeAccess.uplugin
LogPluginManager: Loaded Plugin NullSourceCodeAccess, From E:/Programas/Epic Games/4.14/Engine/Plugins/Developer/NullSourceCodeAccess/NullSourceCodeAccess.uplugin
LogPluginManager: Loaded Plugin OneSkyLocalizationService, From E:/Programas/Epic Games/4.14/Engine/Plugins/Developer/OneSkyLocalizationService/OneSkyLocalizationService.uplugin
LogPluginManager: Loaded Plugin PerforceSourceControl, From E:/Programas/Epic Games/4.14/Engine/Plugins/Developer/PerforceSourceControl/PerforceSourceControl.uplugin
LogPluginManager: Loaded Plugin SubversionSourceControl, From E:/Programas/Epic Games/4.14/Engine/Plugins/Developer/SubversionSourceControl/SubversionSourceControl.uplugin
LogPluginManager: Loaded Plugin UObjectPlugin, From E:/Programas/Epic Games/4.14/Engine/Plugins/Developer/UObjectPlugin/UObjectPlugin.uplugin
LogPluginManager: Loaded Plugin VisualStudioSourceCodeAccess, From E:/Programas/Epic Games/4.14/Engine/Plugins/Developer/VisualStudioSourceCodeAccess/VisualStudioSourceCodeAccess.uplugin
LogPluginManager: Loaded Plugin XCodeSourceCodeAccess, From E:/Programas/Epic Games/4.14/Engine/Plugins/Developer/XCodeSourceCodeAccess/XCodeSourceCodeAccess.uplugin
LogPluginManager: Loaded Plugin AudioCapture, From E:/Programas/Epic Games/4.14/Engine/Plugins/Editor/AudioCapture/AudioCapture.uplugin
LogPluginManager: Loaded Plugin EpicSurvey, From E:/Programas/Epic Games/4.14/Engine/Plugins/Editor/EpicSurvey/EpicSurvey.uplugin
LogPluginManager: Loaded Plugin MacGraphicsSwitching, From E:/Programas/Epic Games/4.14/Engine/Plugins/Editor/MacGraphicsSwitching/MacGraphicsSwitching.uplugin
LogPluginManager: Loaded Plugin MobileLauncherProfileWizard, From E:/Programas/Epic Games/4.14/Engine/Plugins/Editor/MobileLauncherProfileWizard/MobileLauncherProfileWizard.uplugin
LogPluginManager: Loaded Plugin PluginBrowser, From E:/Programas/Epic Games/4.14/Engine/Plugins/Editor/PluginBrowser/PluginBrowser.uplugin
LogPluginManager: Loaded Plugin SpeedTreeImporter, From E:/Programas/Epic Games/4.14/Engine/Plugins/Editor/SpeedTreeImporter/SpeedTreeImporter.uplugin
LogPluginManager: Loaded Plugin SuperSearchEditor, From E:/Programas/Epic Games/4.14/Engine/Plugins/Editor/SuperSearchEditor/SuperSearchEditor.uplugin
LogPluginManager: Loaded Plugin AlembicImporter, From E:/Programas/Epic Games/4.14/Engine/Plugins/Experimental/AlembicImporter/AlembicImporter.uplugin
LogPluginManager: Loaded Plugin BlueprintStats, From E:/Programas/Epic Games/4.14/Engine/Plugins/Experimental/BlueprintStats/BlueprintStats.uplugin
LogPluginManager: Loaded Plugin CharacterAI, From E:/Programas/Epic Games/4.14/Engine/Plugins/Experimental/CharacterAI/CharacterAI.uplugin
LogPluginManager: Loaded Plugin CodeEditor, From E:/Programas/Epic Games/4.14/Engine/Plugins/Experimental/CodeEditor/CodeEditor.uplugin
LogPluginManager: Loaded Plugin CodeView, From E:/Programas/Epic Games/4.14/Engine/Plugins/Experimental/CodeView/CodeView.uplugin
LogPluginManager: Loaded Plugin HTML5Networking, From E:/Programas/Epic Games/4.14/Engine/Plugins/Experimental/HTML5Networking/HTML5Networking.uplugin
LogPluginManager: Loaded Plugin OSVR, From E:/Programas/Epic Games/4.14/Engine/Plugins/Experimental/OSVR/OSVR.uplugin
LogPluginManager: Loaded Plugin Phya, From E:/Programas/Epic Games/4.14/Engine/Plugins/Experimental/Phya/Phya.uplugin
LogPluginManager: Loaded Plugin SignificanceManager, From E:/Programas/Epic Games/4.14/Engine/Plugins/Experimental/SignificanceManager/SignificanceManager.uplugin
LogPluginManager: Loaded Plugin SimpleHMD, From E:/Programas/Epic Games/4.14/Engine/Plugins/Experimental/SimpleHMD/SimpleHMD.uplugin
LogPluginManager: Loaded Plugin StereoPanorama, From E:/Programas/Epic Games/4.14/Engine/Plugins/Experimental/StereoPanorama/StereoPanorama.uplugin
LogPluginManager: Loaded Plugin StructBox, From E:/Programas/Epic Games/4.14/Engine/Plugins/Experimental/StructBox/StructBox.uplugin
LogPluginManager: Loaded Plugin AndroidMedia, From E:/Programas/Epic Games/4.14/Engine/Plugins/Media/AndroidMedia/AndroidMedia.uplugin
LogPluginManager: Loaded Plugin AvfMedia, From E:/Programas/Epic Games/4.14/Engine/Plugins/Media/AvfMedia/AvfMedia.uplugin
LogPluginManager: Loaded Plugin MediaPlayerEditor, From E:/Programas/Epic Games/4.14/Engine/Plugins/Media/MediaPlayerEditor/MediaPlayerEditor.uplugin
LogPluginManager: Loaded Plugin WmfMedia, From E:/Programas/Epic Games/4.14/Engine/Plugins/Media/WmfMedia/WmfMedia.uplugin
LogPluginManager: Loaded Plugin MessagingDebugger, From E:/Programas/Epic Games/4.14/Engine/Plugins/Messaging/MessagingDebugger/MessagingDebugger.uplugin
LogPluginManager: Loaded Plugin TcpMessaging, From E:/Programas/Epic Games/4.14/Engine/Plugins/Messaging/TcpMessaging/TcpMessaging.uplugin
LogPluginManager: Loaded Plugin UdpMessaging, From E:/Programas/Epic Games/4.14/Engine/Plugins/Messaging/UdpMessaging/UdpMessaging.uplugin
LogPluginManager: Loaded Plugin LevelSequenceEditor, From E:/Programas/Epic Games/4.14/Engine/Plugins/MovieScene/LevelSequenceEditor/LevelSequenceEditor.uplugin
LogPluginManager: Loaded Plugin MatineeToLevelSequence, From E:/Programas/Epic Games/4.14/Engine/Plugins/MovieScene/MatineeToLevelSequence/MatineeToLevelSequence.uplugin
LogPluginManager: Loaded Plugin NetcodeUnitTest, From E:/Programas/Epic Games/4.14/Engine/Plugins/NetcodeUnitTest/NetcodeUnitTest/NetcodeUnitTest.uplugin
LogPluginManager: Loaded Plugin NUTUnrealEngine4, From E:/Programas/Epic Games/4.14/Engine/Plugins/NetcodeUnitTest/NUTUnrealEngine4/NUTUnrealEngine4.uplugin
LogPluginManager: Loaded Plugin OnlineSubsystemGameCircle, From E:/Programas/Epic Games/4.14/Engine/Plugins/Online/Android/OnlineSubsystemGameCircle/OnlineSubsystemGameCircle.uplugin
LogPluginManager: Loaded Plugin OnlineSubsystemGooglePlay, From E:/Programas/Epic Games/4.14/Engine/Plugins/Online/Android/OnlineSubsystemGooglePlay/OnlineSubsystemGooglePlay.uplugin
LogPluginManager: Loaded Plugin OnlineSubsystemIOS, From E:/Programas/Epic Games/4.14/Engine/Plugins/Online/IOS/OnlineSubsystemIOS/OnlineSubsystemIOS.uplugin
LogPluginManager: Loaded Plugin OnlineFramework, From E:/Programas/Epic Games/4.14/Engine/Plugins/Online/OnlineFramework/OnlineFramework.uplugin
LogPluginManager: Loaded Plugin OnlineSubsystem, From E:/Programas/Epic Games/4.14/Engine/Plugins/Online/OnlineSubsystem/OnlineSubsystem.uplugin
LogPluginManager: Loaded Plugin OnlineSubsystemAmazon, From E:/Programas/Epic Games/4.14/Engine/Plugins/Online/OnlineSubsystemAmazon/OnlineSubsystemAmazon.uplugin
LogPluginManager: Loaded Plugin OnlineSubsystemFacebook, From E:/Programas/Epic Games/4.14/Engine/Plugins/Online/OnlineSubsystemFacebook/OnlineSubsystemFacebook.uplugin
LogPluginManager: Loaded Plugin OnlineSubsystemNull, From E:/Programas/Epic Games/4.14/Engine/Plugins/Online/OnlineSubsystemNull/OnlineSubsystemNull.uplugin
LogPluginManager: Loaded Plugin OnlineSubsystemOculus, From E:/Programas/Epic Games/4.14/Engine/Plugins/Online/OnlineSubsystemOculus/OnlineSubsystemOculus.uplugin
LogPluginManager: Loaded Plugin OnlineSubsystemSteam, From E:/Programas/Epic Games/4.14/Engine/Plugins/Online/OnlineSubsystemSteam/OnlineSubsystemSteam.uplugin
LogPluginManager: Loaded Plugin OnlineSubsystemUtils, From E:/Programas/Epic Games/4.14/Engine/Plugins/Online/OnlineSubsystemUtils/OnlineSubsystemUtils.uplugin
LogPluginManager: Loaded Plugin IOSTapJoy, From E:/Programas/Epic Games/4.14/Engine/Plugins/Runtime/Advertising/IOSTapJoy/IOSTapJoy.uplugin
LogPluginManager: Loaded Plugin AnalyticsBlueprintLibrary, From E:/Programas/Epic Games/4.14/Engine/Plugins/Runtime/Analytics/AnalyticsBlueprintLibrary/AnalyticsBlueprintLibrary.uplugin
LogPluginManager: Loaded Plugin AnalyticsMulticast, From E:/Programas/Epic Games/4.14/Engine/Plugins/Runtime/Analytics/AnalyticsMulticast/AnalyticsMulticast.uplugin
LogPluginManager: Loaded Plugin Apsalar, From E:/Programas/Epic Games/4.14/Engine/Plugins/Runtime/Analytics/Apsalar/Apsalar.uplugin
LogPluginManager: Loaded Plugin FileLogging, From E:/Programas/Epic Games/4.14/Engine/Plugins/Runtime/Analytics/FileLogging/FileLogging.uplugin
LogPluginManager: Loaded Plugin Flurry, From E:/Programas/Epic Games/4.14/Engine/Plugins/Runtime/Analytics/Flurry/Flurry.uplugin
LogPluginManager: Loaded Plugin AndroidDeviceProfileSelector, From E:/Programas/Epic Games/4.14/Engine/Plugins/Runtime/AndroidDeviceProfileSelector/AndroidDeviceProfileSelector.uplugin
LogPluginManager: Loaded Plugin AndroidMoviePlayer, From E:/Programas/Epic Games/4.14/Engine/Plugins/Runtime/AndroidMoviePlayer/AndroidMoviePlayer.uplugin
LogPluginManager: Loaded Plugin AppleMoviePlayer, From E:/Programas/Epic Games/4.14/Engine/Plugins/Runtime/AppleMoviePlayer/AppleMoviePlayer.uplugin
LogPluginManager: Loaded Plugin ArchVisCharacter, From E:/Programas/Epic Games/4.14/Engine/Plugins/Runtime/ArchVisCharacter/ArchVisCharacter.uplugin
LogPluginManager: Loaded Plugin CableComponent, From E:/Programas/Epic Games/4.14/Engine/Plugins/Runtime/CableComponent/CableComponent.uplugin
LogPluginManager: Loaded Plugin CustomMeshComponent, From E:/Programas/Epic Games/4.14/Engine/Plugins/Runtime/CustomMeshComponent/CustomMeshComponent.uplugin
LogPluginManager: Loaded Plugin ExampleDeviceProfileSelector, From E:/Programas/Epic Games/4.14/Engine/Plugins/Runtime/ExampleDeviceProfileSelector/ExampleDeviceProfileSelector.uplugin
LogPluginManager: Loaded Plugin GearVR, From E:/Programas/Epic Games/4.14/Engine/Plugins/Runtime/GearVR/GearVR.uplugin
LogPluginManager: Loaded Plugin GoogleVRController, From E:/Programas/Epic Games/4.14/Engine/Plugins/Runtime/GoogleVR/GoogleVRController/GoogleVRController.uplugin
LogPluginManager: Loaded Plugin GoogleVRHMD, From E:/Programas/Epic Games/4.14/Engine/Plugins/Runtime/GoogleVR/GoogleVRHMD/GoogleVRHMD.uplugin
LogPluginManager: Loaded Plugin IOSDeviceProfileSelector, From E:/Programas/Epic Games/4.14/Engine/Plugins/Runtime/IOSDeviceProfileSelector/IOSDeviceProfileSelector.uplugin
LogPluginManager: Loaded Plugin LeapMotion, From E:/Programas/Epic Games/4.14/Engine/Plugins/Runtime/LeapMotion/LeapMotion.uplugin
LogPluginManager: Loaded Plugin LinuxDeviceProfileSelector, From E:/Programas/Epic Games/4.14/Engine/Plugins/Runtime/LinuxDeviceProfileSelector/LinuxDeviceProfileSelector.uplugin
LogPluginManager: Loaded Plugin MIDIDevice, From E:/Programas/Epic Games/4.14/Engine/Plugins/Runtime/MIDIDevice/MIDIDevice.uplugin
LogPluginManager: Loaded Plugin MobilePatchingUtils, From E:/Programas/Epic Games/4.14/Engine/Plugins/Runtime/MobilePatchingUtils/MobilePatchingUtils.uplugin
LogPluginManager: Loaded Plugin Ansel, From E:/Programas/Epic Games/4.14/Engine/Plugins/Runtime/Nvidia/Ansel/Ansel.uplugin
LogPluginManager: Loaded Plugin OculusAudio, From E:/Programas/Epic Games/4.14/Engine/Plugins/Runtime/OculusAudio/OculusAudio.uplugin
LogPluginManager: Loaded Plugin OculusInput, From E:/Programas/Epic Games/4.14/Engine/Plugins/Runtime/OculusInput/OculusInput.uplugin
LogPluginManager: Loaded Plugin OculusLibrary, From E:/Programas/Epic Games/4.14/Engine/Plugins/Runtime/OculusLibrary/OculusLibrary.uplugin
LogPluginManager: Loaded Plugin OculusRift, From E:/Programas/Epic Games/4.14/Engine/Plugins/Runtime/OculusRift/OculusRift.uplugin
LogPluginManager: Loaded Plugin Oodle, From E:/Programas/Epic Games/4.14/Engine/Plugins/Runtime/PacketHandlers/CompressionComponents/Oodle/Oodle.uplugin
LogPluginManager: Loaded Plugin ProceduralMeshComponent, From E:/Programas/Epic Games/4.14/Engine/Plugins/Runtime/ProceduralMeshComponent/ProceduralMeshComponent.uplugin
LogPluginManager: Loaded Plugin SoundMod, From E:/Programas/Epic Games/4.14/Engine/Plugins/Runtime/SoundMod/SoundMod.uplugin
LogPluginManager: Loaded Plugin SoundVisualizations, From E:/Programas/Epic Games/4.14/Engine/Plugins/Runtime/SoundVisualizations/SoundVisualizations.uplugin
LogPluginManager: Loaded Plugin SteamController, From E:/Programas/Epic Games/4.14/Engine/Plugins/Runtime/Steam/SteamController/SteamController.uplugin
LogPluginManager: Loaded Plugin SteamVR, From E:/Programas/Epic Games/4.14/Engine/Plugins/Runtime/Steam/SteamVR/SteamVR.uplugin
LogPluginManager: Loaded Plugin WebBrowserWidget, From E:/Programas/Epic Games/4.14/Engine/Plugins/Runtime/WebBrowserWidget/WebBrowserWidget.uplugin
LogPluginManager: Loaded Plugin WindowsDeviceProfileSelector, From E:/Programas/Epic Games/4.14/Engine/Plugins/Runtime/WindowsDeviceProfileSelector/WindowsDeviceProfileSelector.uplugin
LogPluginManager: Loaded Plugin WindowsMoviePlayer, From E:/Programas/Epic Games/4.14/Engine/Plugins/Runtime/WindowsMoviePlayer/WindowsMoviePlayer.uplugin
LogPluginManager: Loaded Plugin ScriptPlugin, From E:/Programas/Epic Games/4.14/Engine/Plugins/ScriptPlugin/ScriptPlugin.uplugin
LogPluginManager: Loaded Plugin SlateRemote, From E:/Programas/Epic Games/4.14/Engine/Plugins/Slate/SlateRemote/SlateRemote.uplugin
LogPluginManager: Loaded Plugin EditorTests, From E:/Programas/Epic Games/4.14/Engine/Plugins/Tests/EditorTests/EditorTests.uplugin
LogPluginManager: Loaded Plugin FbxAutomationTestBuilder, From E:/Programas/Epic Games/4.14/Engine/Plugins/Tests/FbxAutomationTestBuilder/FbxAutomationTestBuilder.uplugin
LogPluginManager: Loaded Plugin FunctionalTestingEditor, From E:/Programas/Epic Games/4.14/Engine/Plugins/Tests/FunctionalTestingEditor/FunctionalTestingEditor.uplugin
LogPluginManager: Loaded Plugin RuntimeTests, From E:/Programas/Epic Games/4.14/Engine/Plugins/Tests/RuntimeTests/RuntimeTests.uplugin
LogPluginManager: Loaded Plugin ScreenshotTools, From E:/Programas/Epic Games/4.14/Engine/Plugins/Tests/ScreenshotTools/ScreenshotTools.uplugin
LogInit: Using libcurl 7.47.1
LogInit:  - built for x86_64-pc-win32
LogInit:  - supports SSL with OpenSSL/1.0.2g
LogInit:  - supports HTTP deflate (compression) using libz 1.2.8
LogInit:  - other features:
LogInit:      CURL_VERSION_SSL
LogInit:      CURL_VERSION_LIBZ
LogInit:      CURL_VERSION_IPV6
LogInit:      CURL_VERSION_ASYNCHDNS
LogInit:      CURL_VERSION_LARGEFILE
LogInit:      CURL_VERSION_IDN
LogInit:  CurlRequestOptions (configurable via config and command line):
LogInit:  - bVerifyPeer = false  - Libcurl will NOT verify peer certificate
LogInit:  - bUseHttpProxy = false  - Libcurl will NOT use HTTP proxy
LogInit:  - bDontReuseConnections = false  - Libcurl will reuse connections
LogInit:  - CertBundlePath = nullptr  - Libcurl will use whatever was configured at build time.
LogInit: Build: ++UE4+Release-4.14-CL-3249277
LogInit: Engine Version: 4.14.3-3249277+++UE4+Release-4.14
LogInit: Compatible Engine Version: 4.14.0-3195953+++UE4+Release-4.14
LogInit: Net CL: 3195953
LogDevObjectVersion: Number of dev versions registered: 13
LogDevObjectVersion:   Dev-Blueprints (B0D832E4-1F89-4F0D-ACCF-7EB736FD4AA2): 7
LogDevObjectVersion:   Dev-Build (E1C64328-A22C-4D53-A36C-8E866417BD8C): 0
LogDevObjectVersion:   Dev-Core (375EC13C-06E4-48FB-B500-84F0262A717E): 1
LogDevObjectVersion:   Dev-Editor (E4B068ED-F494-42E9-A231-DA0B2E46BB41): 8
LogDevObjectVersion:   Dev-Framework (CFFC743F-43B0-4480-9391-14DF171D2073): 17
LogDevObjectVersion:   Dev-Mobile (B02B49B5-BB20-44E9-A304-32B752E40360): 0
LogDevObjectVersion:   Dev-Networking (A4E4105C-59A1-49B5-A7C5-40C4547EDFEE): 0
LogDevObjectVersion:   Dev-Online (39C831C9-5AE6-47DC-9A44-9C173E1C8E7C): 0
LogDevObjectVersion:   Dev-Physics (78F01B33-EBEA-4F98-B9B4-84EACCB95AA2): 0
LogDevObjectVersion:   Dev-Platform (6631380F-2D4D-43E0-8009-CF276956A95A): 0
LogDevObjectVersion:   Dev-Rendering (12F88B9F-8875-4AFC-A67C-D90C383ABD29): 12
LogDevObjectVersion:   Dev-Sequencer (7B5AE74C-D270-4C10-A958-57980B212A5A): 1
LogDevObjectVersion:   Dev-VR (D7296918-1DD6-4BDD-9DE2-64A83CC13884): 0
LogInit: Compiled (64-bit): Jan  6 2017 10:49:43
LogInit: Compiled with Visual C++: 19.00.23026.00
LogInit: Build Configuration: Development
LogInit: Branch Name: ++UE4+Release-4.14
LogInit: Command line:  
LogInit: Base directory: E:/Programas/Epic Games/4.14/Engine/Binaries/Win64/
LogInit: Installed Engine Build: 1
LogInit: Presizing for max 8388607 objects, including 0 objects not considered by GC, pre-allocating 0 bytes for permanent pool.
LogInit: Object subsystem initialized
[2017.02.03-16.11.40:074][  0]LogInit: Selected Device Profile: [Windows]
[2017.02.03-16.11.40:074][  0]LogInit: Applying CVar settings loaded from the selected device profile: [Windows]
[2017.02.03-16.11.40:085][  0]LogInit: Computer: DESKTOP-9KADCSO
[2017.02.03-16.11.40:085][  0]LogInit: User: Balti
[2017.02.03-16.11.40:085][  0]LogInit: CPU Page size=65536, Cores=4
[2017.02.03-16.11.40:085][  0]LogInit: High frequency timer resolution =2.531253 MHz
[2017.02.03-16.11.40:085][  0]LogMemory: Memory total: Physical=15.9GB (16GB approx)
[2017.02.03-16.11.40:085][  0]LogMemory: Platform Memory Stats for Windows
[2017.02.03-16.11.40:085][  0]LogMemory: Process Physical Memory: 264.31 MB used, 264.31 MB peak
[2017.02.03-16.11.40:085][  0]LogMemory: Process Virtual Memory: 262.74 MB used, 262.74 MB peak
[2017.02.03-16.11.40:085][  0]LogMemory: Physical Memory: 5503.17 MB used,  10757.38 MB free, 16260.54 MB total
[2017.02.03-16.11.40:085][  0]LogMemory: Virtual Memory: 676.54 MB used,  10757.38 MB free, 134217728.00 MB total
[2017.02.03-16.11.40:112][  0]LogInit: Overriding culture en with editor configuration.
[2017.02.03-16.11.40:796][  0]LogD3D11RHI: D3D11 adapters:
[2017.02.03-16.11.41:524][  0]LogD3D11RHI:    0. 'NVIDIA GeForce GTX 1060' (Feature Level 11_0)
[2017.02.03-16.11.41:524][  0]LogD3D11RHI:       3019/0/8130 MB DedicatedVideo/DedicatedSystem/SharedSystem, Outputs:1, VendorId:0x10de
[2017.02.03-16.11.41:532][  0]LogD3D11RHI:    1. 'Intel(R) HD Graphics 530' (Feature Level 11_0)
[2017.02.03-16.11.41:533][  0]LogD3D11RHI:       128/0/8130 MB DedicatedVideo/DedicatedSystem/SharedSystem, Outputs:0, VendorId:0x8086
[2017.02.03-16.11.41:534][  0]LogD3D11RHI:    2. 'Microsoft Basic Render Driver' (Feature Level 11_0)
[2017.02.03-16.11.41:534][  0]LogD3D11RHI:       0/0/8130 MB DedicatedVideo/DedicatedSystem/SharedSystem, Outputs:0, VendorId:0x1414
[2017.02.03-16.11.41:534][  0]LogD3D11RHI: Chosen D3D11 Adapter: 0
[2017.02.03-16.11.41:539][  0]LogD3D11RHI: Creating new Direct3DDevice
[2017.02.03-16.11.41:539][  0]LogD3D11RHI:     GPU DeviceId: 0x1c20 (for the marketing name, search the web for "GPU Device Id")
[2017.02.03-16.11.41:539][  0]LogWindows: EnumDisplayDevices:
[2017.02.03-16.11.41:539][  0]LogWindows:    0. 'Intel(R) HD Graphics 530' (P:1 D:1)
[2017.02.03-16.11.41:539][  0]LogWindows:    1. 'Intel(R) HD Graphics 530' (P:0 D:0)
[2017.02.03-16.11.41:540][  0]LogWindows:    2. 'Intel(R) HD Graphics 530' (P:0 D:0)
[2017.02.03-16.11.41:540][  0]LogWindows:    3. 'NVIDIA GeForce GTX 1060' (P:0 D:0)
[2017.02.03-16.11.41:540][  0]LogWindows:    4. 'NVIDIA GeForce GTX 1060' (P:0 D:0)
[2017.02.03-16.11.41:540][  0]LogWindows:    5. 'NVIDIA GeForce GTX 1060' (P:0 D:0)
[2017.02.03-16.11.41:540][  0]LogWindows:    6. 'NVIDIA GeForce GTX 1060' (P:0 D:0)
[2017.02.03-16.11.41:540][  0]LogWindows: DebugString: PrimaryIsNotTheChoosenAdapter PrimaryIsNotTheChoosenAdapter PrimaryIsNotTheChoosenAdapter FoundDriverCount:4 
[2017.02.03-16.11.41:540][  0]LogD3D11RHI:     Adapter Name: NVIDIA GeForce GTX 1060
[2017.02.03-16.11.41:540][  0]LogD3D11RHI:   Driver Version: 378.49 (internal:21.21.13.7849, unified:378.49)
[2017.02.03-16.11.41:540][  0]LogD3D11RHI:      Driver Date: 1-20-2017
[2017.02.03-16.11.41:540][  0]LogRHI: Texture pool is 1361 MB (70% of 1945 MB)
[2017.02.03-16.11.42:171][  0]LogD3D11RHI: Async texture creation enabled
[2017.02.03-16.11.42:266][  0]LogD3D11RHI: GPU Timing Frequency: 1000.000000 (Debug: 2 1)
[2017.02.03-16.11.42:267][  0]LogShaderCompilers: Guid format shader working directory is 10 characters bigger than the processId version (C:/Users/Balti/Documents/gitPGVNuevo/Intermediate/Shaders/WorkingDirectory/6060/).
[2017.02.03-16.11.42:267][  0]LogShaderCompilers: Cleaned the shader compiler working directory 'C:/Users/Balti/AppData/Local/Temp/UnrealShaderWorkingDir/6054C3C04390BD775678C1ABD9DA938C/'.
[2017.02.03-16.11.42:267][  0]LogShaderCompilers:Display: Using Local Shader Compiler.
[2017.02.03-16.11.43:347][  0]LogTemp:Display: Loaded TP AllDesktopTargetPlatform
[2017.02.03-16.11.43:396][  0]LogTemp:Display: Loaded TP MacClientTargetPlatform
[2017.02.03-16.11.43:446][  0]LogTemp:Display: Loaded TP MacNoEditorTargetPlatform
[2017.02.03-16.11.43:494][  0]LogTemp:Display: Loaded TP MacServerTargetPlatform
[2017.02.03-16.11.43:545][  0]LogTemp:Display: Loaded TP MacTargetPlatform
[2017.02.03-16.11.43:594][  0]LogTemp:Display: Loaded TP WindowsClientTargetPlatform
[2017.02.03-16.11.43:644][  0]LogTemp:Display: Loaded TP WindowsNoEditorTargetPlatform
[2017.02.03-16.11.43:694][  0]LogTemp:Display: Loaded TP WindowsServerTargetPlatform
[2017.02.03-16.11.43:730][  0]LogTemp:Display: Loaded TP WindowsTargetPlatform
[2017.02.03-16.11.43:779][  0]LogTemp:Display: Loaded TP AndroidTargetPlatform
[2017.02.03-16.11.43:825][  0]LogTemp:Display: Loaded TP Android_ASTCTargetPlatform
[2017.02.03-16.11.43:873][  0]LogTemp:Display: Loaded TP Android_ATCTargetPlatform
[2017.02.03-16.11.43:920][  0]LogTemp:Display: Loaded TP Android_DXTTargetPlatform
[2017.02.03-16.11.43:965][  0]LogTemp:Display: Loaded TP Android_ETC1TargetPlatform
[2017.02.03-16.11.44:014][  0]LogTemp:Display: Loaded TP Android_ETC2TargetPlatform
[2017.02.03-16.11.44:107][  0]LogTemp:Display: Loaded TP Android_MultiTargetPlatform
[2017.02.03-16.11.44:107][  0]LogTemp:Display: Loaded TP Android_PVRTCTargetPlatform
[2017.02.03-16.11.44:137][  0]LogTemp:Display: Loaded TP HTML5TargetPlatform
[2017.02.03-16.11.44:210][  0]LogTemp:Display: Loaded TP IOSTargetPlatform
[2017.02.03-16.11.44:243][  0]LogTemp:Display: Loaded TP TVOSTargetPlatform
[2017.02.03-16.11.44:289][  0]LogTemp:Display: Loaded TP LinuxClientTargetPlatform
[2017.02.03-16.11.44:343][  0]LogTemp:Display: Loaded TP LinuxNoEditorTargetPlatform
[2017.02.03-16.11.44:393][  0]LogTemp:Display: Loaded TP LinuxServerTargetPlatform
[2017.02.03-16.11.44:440][  0]LogTemp:Display: Loaded TP LinuxTargetPlatform
[2017.02.03-16.11.44:440][  0]LogTargetPlatformManager:Display: Building Assets For Windows
[2017.02.03-16.11.44:766][  0]LogDerivedDataCache:Display: Max Cache Size: 512 MB
[2017.02.03-16.11.44:824][  0]LogDerivedDataCache: Loaded boot cache 0.06s 50MB C:/Users/Balti/AppData/Local/UnrealEngine/4.14/DerivedDataCache/Boot.ddc.
[2017.02.03-16.11.44:824][  0]LogDerivedDataCache:Display: Loaded Boot cache: C:/Users/Balti/AppData/Local/UnrealEngine/4.14/DerivedDataCache/Boot.ddc
[2017.02.03-16.11.44:824][  0]LogDerivedDataCache: FDerivedDataBackendGraph:  Pak pak cache file C:/Users/Balti/Documents/gitPGVNuevo/DerivedDataCache/DDC.ddp not found, will not use a pak cache.
[2017.02.03-16.11.44:824][  0]LogDerivedDataCache: Unable to find inner node Pak for hierarchical cache Hierarchy.
[2017.02.03-16.11.44:824][  0]LogDerivedDataCache: FDerivedDataBackendGraph:  CompressedPak pak cache file C:/Users/Balti/Documents/gitPGVNuevo/DerivedDataCache/Compressed.ddp not found, will not use a pak cache.
[2017.02.03-16.11.44:824][  0]LogDerivedDataCache: Unable to find inner node CompressedPak for hierarchical cache Hierarchy.
[2017.02.03-16.11.44:842][  0]LogDerivedDataCache:Display: Pak cache opened for reading ../../../Engine/DerivedDataCache/Compressed.ddp.
[2017.02.03-16.11.44:854][  0]LogDerivedDataCache: Using Local data cache path C:/Users/Balti/AppData/Local/UnrealEngine/Common/DerivedDataCache: Writable
[2017.02.03-16.11.45:068][  0]LogInit: Selected Device Profile: [Windows]
[2017.02.03-16.11.45:071][  0]LogContentStreaming: Texture pool size is 0.00 MB
[2017.02.03-16.11.45:272][  0]LogMeshUtilities: Using QuadricMeshReduction for automatic static mesh reduction
[2017.02.03-16.11.45:304][  0]LogSimplygon: Simplygon DLL not present - disabling.
[2017.02.03-16.11.45:343][  0]LogMeshUtilities: Using SimplygonSwarm for distributed automatic mesh merging
[2017.02.03-16.11.45:343][  0]LogMeshUtilities: No automatic skeletal mesh reduction module available
[2017.02.03-16.11.45:343][  0]LogMeshUtilities: No automatic mesh merging module available
[2017.02.03-16.11.45:885][  0]LogNetVersion: GetLocalNetworkVersion: CL: 3195953, ProjectName: pgv, ProjectVersion: , EngineNetworkVersion: 2, GameNetworkVersion: 0, NetworkChecksum: 1597279220
[2017.02.03-16.11.45:939][  0]LogAssetRegistry: FAssetRegistry took 0.0214 seconds to start up
[2017.02.03-16.11.45:974][  0]LogPackageLocalizationCache: Processed 3 localized package path(s) for 1 prioritized culture(s) in 0.017625 seconds
[2017.02.03-16.11.45:982][  0]LogUObjectArray: 31946 objects as part of root set at end of initial load.
[2017.02.03-16.11.45:982][  0]LogUObjectAllocator: 6935848 out of 0 bytes used by permanent object pool.
[2017.02.03-16.11.45:982][  0]LogUObjectArray: CloseDisregardForGC: 0/0 objects in disregard for GC pool
[2017.02.03-16.11.46:062][  0]LogInit: WinSock: version 1.1 (2.2), MaxSocks=32767, MaxUdp=65467
[2017.02.03-16.11.46:671][  0]LogSlate: Using Freetype 2.6.0
[2017.02.03-16.11.46:672][  0]LogSlate: SlateFontCache - WITH_FREETYPE: 1, WITH_HARFBUZZ: 1
[2017.02.03-16.11.46:672][  0]LogSlate: SlateFontCache - WITH_FREETYPE: 1, WITH_HARFBUZZ: 1
[2017.02.03-16.11.47:427][  0]LogTcpMessaging: Initializing TcpMessaging bridge
[2017.02.03-16.11.47:461][  0]LogUdpMessaging: Initializing bridge on interface 0.0.0.0:0 to multicast group 230.0.0.1:6666.
[2017.02.03-16.11.47:725][  0]LogMaterial: Uniform references updated for custom material expression Custom.
[2017.02.03-16.11.48:052][  0]SourceControl: Info Source control is disabled
[2017.02.03-16.11.48:084][  0]SourceControl: Info Source control is disabled
[2017.02.03-16.11.48:122][  0]SourceControl: Info Source control is disabled
[2017.02.03-16.11.48:158][  0]SourceControl: Info Source control is disabled
[2017.02.03-16.11.49:251][  0]LogEngine: Initializing Engine...
[2017.02.03-16.11.49:252][  0]LogHMD: Failed to initialize OpenVR with code 110
[2017.02.03-16.11.49:484][  0]LogAIModule: Creating AISystem for world Untitled
[2017.02.03-16.11.49:491][  0]LogInit: XAudio2 using 'Altavoces (3- Logitech G430 Gaming Headset)' : 8 channels at 48 kHz using 16 bits per sample (channel mask 0x63f)
[2017.02.03-16.11.49:499][  0]LogInit: FAudioDevice initialized.
[2017.02.03-16.11.49:529][  0]LogDerivedDataCache: Saved boot cache 0.03s 50MB C:/Users/Balti/AppData/Local/UnrealEngine/4.14/DerivedDataCache/Boot.ddc.
[2017.02.03-16.11.49:538][  0]LogInit: Texture streaming: Enabled
[2017.02.03-16.11.49:694][  0]LogInit: Transaction tracking system initialized
[2017.02.03-16.11.49:984][  0]BlueprintLog: New page: Editor Load
[2017.02.03-16.11.50:717][  0]LocalizationService: Info Localization service is disabled
[2017.02.03-16.11.51:245][  0]LogConsoleResponse:Display: 
[2017.02.03-16.11.51:393][  0]LogCook:Display: Max memory allowance for cook 16384mb min free memory 0mb
[2017.02.03-16.11.51:393][  0]LogCook:Display: Mobile HDR setting 1
[2017.02.03-16.11.51:604][  0]LogFileCache: Scanning file cache for directory 'C:/Users/Balti/Documents/gitPGVNuevo/Content/' took 0.02s
[2017.02.03-16.11.52:143][  0]SourceControl: Info Source control is disabled
[2017.02.03-16.11.52:144][  0]Cmd: MAP LOAD FILE="C:/Users/Balti/Documents/gitPGVNuevo/Content/Menu/Menu.umap" TEMPLATE=0 SHOWPROGRESS=1 FEATURELEVEL=3
[2017.02.03-16.11.52:144][  0]LightingResults: New page: Lighting Build
[2017.02.03-16.11.52:175][  0]MapCheck: New page: Map Check
[2017.02.03-16.11.52:175][  0]LightingResults: New page: Lighting Build
[2017.02.03-16.11.52:245][  0]LogAIModule: Creating AISystem for world Menu
[2017.02.03-16.11.52:247][  0]LogEditorServer: Finished looking for orphan Actors (0.000 secs)
[2017.02.03-16.11.52:247][  0]Cmd: MAP CHECKDEP NOCLEARLOG
[2017.02.03-16.11.52:275][  0]MapCheck: Info Map check complete: 0 Error(s), 0 Warning(s), took 27.218ms to complete.
[2017.02.03-16.11.52:275][  0]LogFileHelpers: Loading map 'Menu' took 0.131
[2017.02.03-16.11.52:342][  0]LogWindowsTextInputMethodSystem:Display: IME system now deactivated.
[2017.02.03-16.11.52:414][  0]LogCollectionManager: Loaded 0 collections in 0.001543 seconds
[2017.02.03-16.11.52:482][  0]LogFileCache: Scanning file cache for directory 'C:/Users/Balti/Documents/gitPGVNuevo/Saved/Collections/' took 0.01s
[2017.02.03-16.11.52:482][  0]LogFileCache: Scanning file cache for directory 'C:/Users/Balti/Documents/gitPGVNuevo/Content/Developers/Balti/Collections/' took 0.01s
[2017.02.03-16.11.52:482][  0]LogFileCache: Scanning file cache for directory 'C:/Users/Balti/Documents/gitPGVNuevo/Content/Collections/' took 0.01s
[2017.02.03-16.11.52:482][  0]LogCollectionManager: Rebuilt the GUID cache for 0 collections in 0.000002 seconds
[2017.02.03-16.11.52:490][  0]LogContentBrowser: Native class hierarchy populated in 0.0084 seconds. Added 2190 classes and 428 folders.
[2017.02.03-16.11.52:526][  0]LogStats: UGameplayTagsManager::ConstructGameplayTagTree: Construct from data asset -  0.000 s
[2017.02.03-16.11.52:526][  0]LogStats: UGameplayTagsManager::ConstructGameplayTagTree: GameplayTagTreeChangedEvent.Broadcast -  0.000 s
[2017.02.03-16.11.52:526][  0]LogContentBrowser: Native class hierarchy updated for 'GameplayTags' in 0.0004 seconds. Added 13 classes and 0 folders.
[2017.02.03-16.11.52:573][  0]LogContentBrowser: Native class hierarchy updated for 'WidgetCarousel' in 0.0005 seconds. Added 0 classes and 0 folders.
[2017.02.03-16.11.52:608][  0]LogContentBrowser: Native class hierarchy updated for 'AddContentDialog' in 0.0005 seconds. Added 0 classes and 0 folders.
[2017.02.03-16.11.52:642][  0]LogContentBrowser: Native class hierarchy updated for 'SceneOutliner' in 0.0005 seconds. Added 1 classes and 2 folders.
[2017.02.03-16.11.52:710][  0]LogCrashTracker: Crashtracker disabled due to settings.
[2017.02.03-16.11.52:717][  0]LogUObjectGlobals:Warning: Failed to find object 'Class None.'
[2017.02.03-16.11.52:774][  0]LogContentBrowser: Native class hierarchy updated for 'HierarchicalLODOutliner' in 0.0005 seconds. Added 1 classes and 2 folders.
[2017.02.03-16.11.52:775][  0]LogLoad: (Engine Initialization) Total time: 14.13 seconds
[2017.02.03-16.11.52:775][  0]LogLoad: (Engine Initialization) Total Blueprint compile time: 0.07 seconds
[2017.02.03-16.11.52:775][  0]LogExternalProfiler: Found external profiler: VSPerf
[2017.02.03-16.11.52:775][  0]LogExternalProfiler: Using external profiler: VSPerf
[2017.02.03-16.11.52:792][  0]LogOcInput: OculusInput pre-init called
[2017.02.03-16.11.52:813][  0]LogContentStreaming: Texture pool size now 1000 MB
[2017.02.03-16.11.52:979][  0]LogRenderer: Reallocating scene render targets to support 812x496 NumSamples 1 (Frame:2).
[2017.02.03-16.11.53:100][  2]LogAssetRegistry: Asset discovery search completed in 7.1817 seconds
[2017.02.03-16.11.53:100][  2]LogCollectionManager: Rebuilt the object cache for 0 collections in 0.000001 seconds (found 0 objects)
[2017.02.03-16.11.53:100][  2]LogCollectionManager: Fixed up redirectors for 0 collections in 0.000015 seconds (updated 0 objects)
[2017.02.03-16.11.58:263][217]LogContentBrowser: Native class hierarchy updated for 'BlueprintGraph' in 0.0011 seconds. Added 111 classes and 0 folders.
[2017.02.03-16.12.09:981][595]LogMaterial: Uniform references updated for custom material expression TemporalAA SampleID.
[2017.02.03-16.12.09:981][595]LogMaterial: Uniform references updated for custom material expression Custom.
[2017.02.03-16.12.10:707][595]LogMaterial: Missing cached shader map for material M_CustomDepthBillboard, compiling. 
[2017.02.03-16.12.10:728][595]LogMaterial:Warning: Failed to compile Material /Game/KiteDemo/Environments/Trees/HillTree_02/M_CustomDepthBillboard.M_CustomDepthBillboard for platform PCD3D_SM5, Default Material will be used in game.
[2017.02.03-16.12.10:728][595]LogMaterial:Warning: 	(Node TransformPosition) input must be a vector (0.00000000: float) or a scalar (if source is Tangent)
[2017.02.03-16.12.10:728][595]LogMaterial:Warning: 	(Node TransformPosition) input must be a vector (1.00000000: float) or a scalar (if source is Tangent)
[2017.02.03-16.12.12:042][595]LogAIModule: Creating AISystem for world TopDownExampleMap
[2017.02.03-16.12.12:293][595]Cmd: MAP LOAD FILE="C:/Users/Balti/Documents/gitPGVNuevo/Content/TopDownBP/Maps/TopDownExampleMap.umap" TEMPLATE=0 SHOWPROGRESS=1 FEATURELEVEL=3
[2017.02.03-16.12.12:293][595]LightingResults: New page: Lighting Build
[2017.02.03-16.12.12:294][595]LoadErrors: New page: Loading map: TopDownExampleMap.umap
[2017.02.03-16.12.12:294][595]MapCheck: New page: Map Check
[2017.02.03-16.12.12:294][595]LightingResults: New page: Lighting Build
[2017.02.03-16.12.12:646][595]LogEditorServer: Finished looking for orphan Actors (0.000 secs)
[2017.02.03-16.12.12:738][595]Cmd: MAP CHECKDEP NOCLEARLOG
[2017.02.03-16.12.12:800][595]MapCheck: Info Map check complete: 0 Error(s), 0 Warning(s), took 61.122ms to complete.
[2017.02.03-16.12.12:800][595]LogFileHelpers: Loading map 'TopDownExampleMap' took 0.507
[2017.02.03-16.12.15:805][769]LogTemp: Repeting last play command: Selected Viewport
[2017.02.03-16.12.15:870][769]LogBlueprintUserMessages: Early PlayInEditor Detection: Level '/Game/TopDownBP/Maps/TopDownExampleMap.TopDownExampleMap:PersistentLevel' has LevelScriptBlueprint '/Game/TopDownBP/Maps/TopDownExampleMap.TopDownExampleMap:PersistentLevel.TopDownExampleMap' with GeneratedClass '/Game/TopDownBP/Maps/TopDownExampleMap.TopDownExampleMap_C' with ClassGeneratedBy '/Game/TopDownBP/Maps/TopDownExampleMap.TopDownExampleMap:PersistentLevel.TopDownExampleMap'
[2017.02.03-16.12.15:884][769]LogPlayLevel: PlayLevel: No blueprints needed recompiling
[2017.02.03-16.12.15:908][769]PIE: New page: PIE session: TopDownExampleMap (Feb 3, 2017, 6:12:15 PM)
[2017.02.03-16.12.15:908][769]LogPlayLevel: Creating play world package: /Game/TopDownBP/Maps/UEDPIE_0_TopDownExampleMap
[2017.02.03-16.12.15:995][769]LogPlayLevel: PIE: StaticDuplicateObject took: (0.086571s)
[2017.02.03-16.12.15:996][769]LogAIModule: Creating AISystem for world TopDownExampleMap
[2017.02.03-16.12.15:996][769]LogPlayLevel: PIE: World Init took: (0.000960s)
[2017.02.03-16.12.15:996][769]LogPlayLevel: PIE: Created PIE world by copying editor world from /Game/TopDownBP/Maps/TopDownExampleMap.TopDownExampleMap to /Game/TopDownBP/Maps/UEDPIE_0_TopDownExampleMap.TopDownExampleMap (0.087873s)
[2017.02.03-16.12.16:022][769]LogInit: XAudio2 using 'Altavoces (3- Logitech G430 Gaming Headset)' : 8 channels at 48 kHz using 16 bits per sample (channel mask 0x63f)
[2017.02.03-16.12.16:029][769]LogInit: FAudioDevice initialized.
[2017.02.03-16.12.16:138][769]LogLoad: Game class is 'TopDownGameMode_C'
[2017.02.03-16.12.16:178][769]LogWorld: Bringing World /Game/TopDownBP/Maps/UEDPIE_0_TopDownExampleMap.TopDownExampleMap up for play (max tick rate 60) at 2017.02.03-17.12.16
[2017.02.03-16.12.16:191][769]LogWorld: Bringing up level for play took: 0.029200
[2017.02.03-16.12.16:313][769]LogContentBrowser: Native class hierarchy updated for 'MovieSceneCapture' in 0.0005 seconds. Added 11 classes and 0 folders.
[2017.02.03-16.12.16:333][769]PIE: Info Play in editor start time for /Game/TopDownBP/Maps/UEDPIE_0_TopDownExampleMap 1.405
[2017.02.03-16.12.16:333][769]LogBlueprintUserMessages: Late PlayInEditor Detection: Level '/Game/TopDownBP/Maps/TopDownExampleMap.TopDownExampleMap:PersistentLevel' has LevelScriptBlueprint '/Game/TopDownBP/Maps/TopDownExampleMap.TopDownExampleMap:PersistentLevel.TopDownExampleMap' with GeneratedClass '/Game/TopDownBP/Maps/TopDownExampleMap.TopDownExampleMap_C' with ClassGeneratedBy '/Game/TopDownBP/Maps/TopDownExampleMap.TopDownExampleMap:PersistentLevel.TopDownExampleMap'
[2017.02.03-16.12.18:937][906]LogBlueprintUserMessages: [mapaMaker] 400
[2017.02.03-16.12.19:884][961]LogBlueprintUserMessages: [mapaMaker] 300
[2017.02.03-16.13.20:618][589]LogBlueprintUserMessages: Early EndPlayMap Detection: Level '/Game/TopDownBP/Maps/TopDownExampleMap.TopDownExampleMap:PersistentLevel' has LevelScriptBlueprint '/Game/TopDownBP/Maps/TopDownExampleMap.TopDownExampleMap:PersistentLevel.TopDownExampleMap' with GeneratedClass '/Game/TopDownBP/Maps/TopDownExampleMap.TopDownExampleMap_C' with ClassGeneratedBy '/Game/TopDownBP/Maps/TopDownExampleMap.TopDownExampleMap:PersistentLevel.TopDownExampleMap'
[2017.02.03-16.13.20:988][589]LogBlueprintUserMessages: Late EndPlayMap Detection: Level '/Game/TopDownBP/Maps/TopDownExampleMap.TopDownExampleMap:PersistentLevel' has LevelScriptBlueprint '/Game/TopDownBP/Maps/TopDownExampleMap.TopDownExampleMap:PersistentLevel.TopDownExampleMap' with GeneratedClass '/Game/TopDownBP/Maps/TopDownExampleMap.TopDownExampleMap_C' with ClassGeneratedBy '/Game/TopDownBP/Maps/TopDownExampleMap.TopDownExampleMap:PersistentLevel.TopDownExampleMap'
[2017.02.03-16.13.26:966][942]LogEditorViewport: Clicking on Actor (context menu): Landscape (Landscape)
[2017.02.03-16.13.29:119][ 52]LogEditorViewport: Clicking on Actor (LMB): Landscape (Landscape)
[2017.02.03-16.16.21:066][ 43]BlueprintLog: New page: Compile TowerBase_Blueprint
[2017.02.03-16.16.34:728][414]Cmd: OBJ SAVEPACKAGE PACKAGE="/Game/TopDownBP/Maps/TopDownExampleMap" FILE="C:/Users/Balti/Documents/gitPGVNuevo/Content/TopDownBP/Maps/TopDownExampleMap.umap" SILENT=true AUTOSAVING=false KEEPDIRTY=false
[2017.02.03-16.16.35:231][414]LogSavePackage: Save=453.51ms
[2017.02.03-16.16.35:231][414]LogSavePackage: Moving 'C:/Users/Balti/Documents/gitPGVNuevo/Saved/TopDownExampleMapA9AB2D1C4EE9AE2DF3A3A08F7D274133.tmp' to 'C:/Users/Balti/Documents/gitPGVNuevo/Content/TopDownBP/Maps/TopDownExampleMap.umap'
[2017.02.03-16.16.35:236][414]LogSavePackage:Display: Finished SavePackage C:/Users/Balti/Documents/gitPGVNuevo/Content/TopDownBP/Maps/TopDownExampleMap.umap
[2017.02.03-16.16.35:293][414]LogFileHelpers: Saving map 'TopDownExampleMap' took 0.624
[2017.02.03-16.16.35:326][414]Cmd: OBJ SAVEPACKAGE PACKAGE="/Game/Assets/Blueprints/TowerBase_Blueprint" FILE="C:/Users/Balti/Documents/gitPGVNuevo/Content/Assets/Blueprints/TowerBase_Blueprint.uasset" SILENT=true
[2017.02.03-16.16.35:370][414]LogSavePackage: Save=34.33ms
[2017.02.03-16.16.35:370][414]LogSavePackage: Moving 'C:/Users/Balti/Documents/gitPGVNuevo/Saved/TowerBase_Blueprint1ABB8F2B4C98D6DB7828C58E1BF5BC3C.tmp' to 'C:/Users/Balti/Documents/gitPGVNuevo/Content/Assets/Blueprints/TowerBase_Blueprint.uasset'
[2017.02.03-16.16.35:373][414]LogSavePackage:Display: Finished SavePackage C:/Users/Balti/Documents/gitPGVNuevo/Content/Assets/Blueprints/TowerBase_Blueprint.uasset
[2017.02.03-16.17.53:769][783]BlueprintLog: New page: Compile TowerBase_Blueprint
[2017.02.03-16.19.45:294][749]LogEditorViewport: Clicking on Actor (LMB): BP_Sky_Sphere_C (SkySphereBlueprint)
[2017.02.03-16.19.45:863][761]LogEditorViewport: Clicking on Actor (context menu): BP_Sky_Sphere_C (SkySphereBlueprint)
[2017.02.03-16.19.56:679][249]Cmd: OBJ SAVEPACKAGE PACKAGE="/Game/TopDownBP/Maps/TopDownExampleMap" FILE="C:/Users/Balti/Documents/gitPGVNuevo/Content/TopDownBP/Maps/TopDownExampleMap.umap" SILENT=true AUTOSAVING=false KEEPDIRTY=false
[2017.02.03-16.19.57:110][249]LogSavePackage: Save=405.19ms
[2017.02.03-16.19.57:110][249]LogSavePackage: Moving 'C:/Users/Balti/Documents/gitPGVNuevo/Saved/TopDownExampleMap9AD4368D4FE561A42D538698A6E382DE.tmp' to 'C:/Users/Balti/Documents/gitPGVNuevo/Content/TopDownBP/Maps/TopDownExampleMap.umap'
[2017.02.03-16.19.57:114][249]LogSavePackage:Display: Finished SavePackage C:/Users/Balti/Documents/gitPGVNuevo/Content/TopDownBP/Maps/TopDownExampleMap.umap
[2017.02.03-16.19.57:148][249]LogFileHelpers: Saving map 'TopDownExampleMap' took 0.532
[2017.02.03-16.19.57:166][249]Cmd: OBJ SAVEPACKAGE PACKAGE="/Game/Assets/Blueprints/TowerBase_Blueprint" FILE="C:/Users/Balti/Documents/gitPGVNuevo/Content/Assets/Blueprints/TowerBase_Blueprint.uasset" SILENT=true
[2017.02.03-16.19.57:203][249]LogSavePackage: Save=33.19ms
[2017.02.03-16.19.57:203][249]LogSavePackage: Moving 'C:/Users/Balti/Documents/gitPGVNuevo/Saved/TowerBase_Blueprint026A3EED49F8EE533C7082845F336598.tmp' to 'C:/Users/Balti/Documents/gitPGVNuevo/Content/Assets/Blueprints/TowerBase_Blueprint.uasset'
[2017.02.03-16.19.57:206][249]LogSavePackage:Display: Finished SavePackage C:/Users/Balti/Documents/gitPGVNuevo/Content/Assets/Blueprints/TowerBase_Blueprint.uasset
[2017.02.03-16.19.57:225][249]Cmd: OBJ SAVEPACKAGE PACKAGE="/Game/Assets/Blueprints/MenuTower_Blueprint" FILE="C:/Users/Balti/Documents/gitPGVNuevo/Content/Assets/Blueprints/MenuTower_Blueprint.uasset" SILENT=true
[2017.02.03-16.19.57:259][249]LogSavePackage: Save=25.44ms
[2017.02.03-16.19.57:259][249]LogSavePackage: Moving 'C:/Users/Balti/Documents/gitPGVNuevo/Saved/MenuTower_BlueprintB096C87A4C460DCBF2747983A901973F.tmp' to 'C:/Users/Balti/Documents/gitPGVNuevo/Content/Assets/Blueprints/MenuTower_Blueprint.uasset'
[2017.02.03-16.19.57:262][249]LogSavePackage:Display: Finished SavePackage C:/Users/Balti/Documents/gitPGVNuevo/Content/Assets/Blueprints/MenuTower_Blueprint.uasset
[2017.02.03-16.20.48:794][821]BlueprintLog: New page: Compile TowerBase_Blueprint
[2017.02.03-16.20.51:904][991]Cmd: OBJ SAVEPACKAGE PACKAGE="/Game/TopDownBP/Maps/TopDownExampleMap" FILE="C:/Users/Balti/Documents/gitPGVNuevo/Content/TopDownBP/Maps/TopDownExampleMap.umap" SILENT=true AUTOSAVING=false KEEPDIRTY=false
[2017.02.03-16.20.52:347][991]LogSavePackage: Save=418.55ms
[2017.02.03-16.20.52:347][991]LogSavePackage: Moving 'C:/Users/Balti/Documents/gitPGVNuevo/Saved/TopDownExampleMap97CC5A6844F80686B6FBE298B761BCC2.tmp' to 'C:/Users/Balti/Documents/gitPGVNuevo/Content/TopDownBP/Maps/TopDownExampleMap.umap'
[2017.02.03-16.20.52:351][991]LogSavePackage:Display: Finished SavePackage C:/Users/Balti/Documents/gitPGVNuevo/Content/TopDownBP/Maps/TopDownExampleMap.umap
[2017.02.03-16.20.52:386][991]LogFileHelpers: Saving map 'TopDownExampleMap' took 0.542
[2017.02.03-16.20.52:410][991]Cmd: OBJ SAVEPACKAGE PACKAGE="/Game/Assets/Blueprints/TowerBase_Blueprint" FILE="C:/Users/Balti/Documents/gitPGVNuevo/Content/Assets/Blueprints/TowerBase_Blueprint.uasset" SILENT=true
[2017.02.03-16.20.52:452][991]LogSavePackage: Save=37.81ms
[2017.02.03-16.20.52:452][991]LogSavePackage: Moving 'C:/Users/Balti/Documents/gitPGVNuevo/Saved/TowerBase_Blueprint41927D8E4C6504C1C366F0B085D40F9E.tmp' to 'C:/Users/Balti/Documents/gitPGVNuevo/Content/Assets/Blueprints/TowerBase_Blueprint.uasset'
[2017.02.03-16.20.52:455][991]LogSavePackage:Display: Finished SavePackage C:/Users/Balti/Documents/gitPGVNuevo/Content/Assets/Blueprints/TowerBase_Blueprint.uasset
[2017.02.03-16.21.15:996][400]Cmd: OBJ SAVEPACKAGE PACKAGE="/Game/Assets/Blueprints/TowerBase_Blueprint" FILE="C:/Users/Balti/Documents/gitPGVNuevo/Content/Assets/Blueprints/TowerBase_Blueprint.uasset" SILENT=true
[2017.02.03-16.21.16:029][400]LogSavePackage: Save=29.01ms
[2017.02.03-16.21.16:029][400]LogSavePackage: Moving 'C:/Users/Balti/Documents/gitPGVNuevo/Saved/TowerBase_BlueprintF4FFE8244EC41D073FBF51B7A85574D6.tmp' to 'C:/Users/Balti/Documents/gitPGVNuevo/Content/Assets/Blueprints/TowerBase_Blueprint.uasset'
[2017.02.03-16.21.16:032][400]LogSavePackage:Display: Finished SavePackage C:/Users/Balti/Documents/gitPGVNuevo/Content/Assets/Blueprints/TowerBase_Blueprint.uasset
[2017.02.03-16.23.09:981][932]BlueprintLog: New page: Compile TowerBase_Blueprint
[2017.02.03-16.23.12:604][ 70]Cmd: OBJ SAVEPACKAGE PACKAGE="/Game/TopDownBP/Maps/TopDownExampleMap" FILE="C:/Users/Balti/Documents/gitPGVNuevo/Content/TopDownBP/Maps/TopDownExampleMap.umap" SILENT=true AUTOSAVING=false KEEPDIRTY=false
[2017.02.03-16.23.13:067][ 70]LogSavePackage: Save=424.05ms
[2017.02.03-16.23.13:067][ 70]LogSavePackage: Moving 'C:/Users/Balti/Documents/gitPGVNuevo/Saved/TopDownExampleMap6D339B5746BA654649C3BAB5039EC370.tmp' to 'C:/Users/Balti/Documents/gitPGVNuevo/Content/TopDownBP/Maps/TopDownExampleMap.umap'
[2017.02.03-16.23.13:072][ 70]LogSavePackage:Display: Finished SavePackage C:/Users/Balti/Documents/gitPGVNuevo/Content/TopDownBP/Maps/TopDownExampleMap.umap
[2017.02.03-16.23.13:108][ 70]LogFileHelpers: Saving map 'TopDownExampleMap' took 0.566
[2017.02.03-16.23.13:123][ 70]Cmd: OBJ SAVEPACKAGE PACKAGE="/Game/Assets/Blueprints/TowerBase_Blueprint" FILE="C:/Users/Balti/Documents/gitPGVNuevo/Content/Assets/Blueprints/TowerBase_Blueprint.uasset" SILENT=true
[2017.02.03-16.23.13:167][ 70]LogSavePackage: Save=36.16ms
[2017.02.03-16.23.13:168][ 70]LogSavePackage: Moving 'C:/Users/Balti/Documents/gitPGVNuevo/Saved/TowerBase_BlueprintC7258E0341ADA85C531FA58D1BA7F7DA.tmp' to 'C:/Users/Balti/Documents/gitPGVNuevo/Content/Assets/Blueprints/TowerBase_Blueprint.uasset'
[2017.02.03-16.23.13:171][ 70]LogSavePackage:Display: Finished SavePackage C:/Users/Balti/Documents/gitPGVNuevo/Content/Assets/Blueprints/TowerBase_Blueprint.uasset
[2017.02.03-16.23.56:295][168]LogRenderer: Reallocating scene render targets to support 812x516 NumSamples 1 (Frame:16804).
[2017.02.03-16.23.56:438][173]LogRenderer: Reallocating scene render targets to support 812x520 NumSamples 1 (Frame:16811).
[2017.02.03-16.23.56:539][175]LogRenderer: Reallocating scene render targets to support 812x524 NumSamples 1 (Frame:16815).
[2017.02.03-16.25.28:121][465]Cmd: OBJ SAVEPACKAGE PACKAGE="/Game/Assets/Blueprints/TowerBase_Blueprint" FILE="C:/Users/Balti/Documents/gitPGVNuevo/Content/Assets/Blueprints/TowerBase_Blueprint.uasset" SILENT=true
[2017.02.03-16.25.28:161][465]LogSavePackage: Save=35.61ms
[2017.02.03-16.25.28:161][465]LogSavePackage: Moving 'C:/Users/Balti/Documents/gitPGVNuevo/Saved/TowerBase_Blueprint47BA80E740B3D0835AA11EBA9E4D9CE5.tmp' to 'C:/Users/Balti/Documents/gitPGVNuevo/Content/Assets/Blueprints/TowerBase_Blueprint.uasset'
[2017.02.03-16.25.28:163][465]LogSavePackage:Display: Finished SavePackage C:/Users/Balti/Documents/gitPGVNuevo/Content/Assets/Blueprints/TowerBase_Blueprint.uasset
[2017.02.03-16.25.30:647][602]Cmd: OBJ SAVEPACKAGE PACKAGE="/Game/Assets/Blueprints/MapaMakerActor" FILE="C:/Users/Balti/Documents/gitPGVNuevo/Content/Assets/Blueprints/MapaMakerActor.uasset" SILENT=true
[2017.02.03-16.25.30:680][602]LogSavePackage: Save=21.98ms
[2017.02.03-16.25.30:680][602]LogSavePackage: Moving 'C:/Users/Balti/Documents/gitPGVNuevo/Saved/MapaMakerActorD2CD12A14559A92724A14DA53670E8ED.tmp' to 'C:/Users/Balti/Documents/gitPGVNuevo/Content/Assets/Blueprints/MapaMakerActor.uasset'
[2017.02.03-16.25.30:681][602]LogSavePackage:Display: Finished SavePackage C:/Users/Balti/Documents/gitPGVNuevo/Content/Assets/Blueprints/MapaMakerActor.uasset
[2017.02.03-16.25.32:125][655]LogActorComponent: UnregisterComponent: (/Engine/Transient.EditorFloorComp) Not registered. Aborting.
[2017.02.03-16.25.33:345][723]Cmd: OBJ SAVEPACKAGE PACKAGE="/Game/Assets/Blueprints/Tower" FILE="C:/Users/Balti/Documents/gitPGVNuevo/Content/Assets/Blueprints/Tower.uasset" SILENT=true
[2017.02.03-16.25.33:409][723]LogSavePackage: Save=56.71ms
[2017.02.03-16.25.33:409][723]LogSavePackage: Moving 'C:/Users/Balti/Documents/gitPGVNuevo/Saved/Tower85FC670641CAFA21E10D88975726904E.tmp' to 'C:/Users/Balti/Documents/gitPGVNuevo/Content/Assets/Blueprints/Tower.uasset'
[2017.02.03-16.25.33:410][723]LogSavePackage:Display: Finished SavePackage C:/Users/Balti/Documents/gitPGVNuevo/Content/Assets/Blueprints/Tower.uasset
[2017.02.03-16.25.34:543][791]LogActorComponent: UnregisterComponent: (/Engine/Transient.EditorFloorComp) Not registered. Aborting.
[2017.02.03-16.25.35:756][834]Cmd: OBJ SAVEPACKAGE PACKAGE="/Game/Assets/Blueprints/EnemyBlueprint" FILE="C:/Users/Balti/Documents/gitPGVNuevo/Content/Assets/Blueprints/EnemyBlueprint.uasset" SILENT=true
[2017.02.03-16.25.35:825][834]LogSavePackage: Save=54.91ms
[2017.02.03-16.25.35:825][834]LogSavePackage: Moving 'C:/Users/Balti/Documents/gitPGVNuevo/Saved/EnemyBlueprintD1BC01DA458BD016AA410C9A1ACA0290.tmp' to 'C:/Users/Balti/Documents/gitPGVNuevo/Content/Assets/Blueprints/EnemyBlueprint.uasset'
[2017.02.03-16.25.35:826][834]LogSavePackage:Display: Finished SavePackage C:/Users/Balti/Documents/gitPGVNuevo/Content/Assets/Blueprints/EnemyBlueprint.uasset
[2017.02.03-16.25.36:574][879]LogActorComponent: UnregisterComponent: (/Engine/Transient.EditorFloorComp) Not registered. Aborting.
[2017.02.03-16.25.38:281][967]LogWindowsTextInputMethodSystem:Display: IME system now deactivated.
[2017.02.03-16.25.38:491][968]Cmd: QUIT_EDITOR
[2017.02.03-16.25.39:080][968]LogExit: Preparing to exit.
[2017.02.03-16.25.39:933][968]LogExit: Editor shut down
[2017.02.03-16.25.39:933][968]LogExit: Transaction tracking system shut down
[2017.02.03-16.25.40:063][968]LogObj: Freed 0b from 0 cluster array pools.
[2017.02.03-16.25.40:063][968]LogExit: Object subsystem successfully closed.
[2017.02.03-16.25.40:082][968]LogD3D11RHI: Shutdown
[2017.02.03-16.25.40:083][968]LogD3D11RHI: CleanupD3DDevice
[2017.02.03-16.25.40:221][968]LogD3D11RHI: ~FD3D11DynamicRHI
[2017.02.03-16.25.40:265][968]LogHttp:Display: Http module shutting down, but needs to wait on 1 outstanding Http requests:
[2017.02.03-16.25.40:265][968]LogHttp:Display: 	verb=[POST] url=[https://datarouter.ol.epicgames.com/datarouter/api/v1/public/data?SessionID=%7B3649C96C-441D-3015-1615-2899C187D702%7D&AppID=UEEditor.Rocket.Release&AppVersion=4.14.3-3249277%2B%2B%2BUE4%2BRelease-4.14&UserID=a5a2fd0c40363b4f4710acafe8a82a78%7Cad142a8b0dab4a20a1723ec3618fad55%7C7e41f592-b022-493a-9c84-a1ee58d3a858&AppEnvironment=datacollector-binary&UploadType=eteventstream] status=Processing
[2017.02.03-16.25.40:277][968]LogModuleManager: Shutting down and abandoning module MovieSceneCapture (244)
[2017.02.03-16.25.40:277][968]LogModuleManager: Shutting down and abandoning module BlueprintGraph (243)
[2017.02.03-16.25.40:277][968]LogModuleManager: Shutting down and abandoning module BlueprintProfiler (242)
[2017.02.03-16.25.40:288][968]LogModuleManager: Shutting down and abandoning module HierarchicalLODOutliner (241)
[2017.02.03-16.25.40:288][968]LogModuleManager: Shutting down and abandoning module CrashTracker (240)
[2017.02.03-16.25.40:288][968]LogModuleManager: Shutting down and abandoning module SceneOutliner (239)
[2017.02.03-16.25.40:288][968]LogModuleManager: Shutting down and abandoning module WidgetCarousel (238)
[2017.02.03-16.25.40:288][968]LogModuleManager: Shutting down and abandoning module AddContentDialog (237)
[2017.02.03-16.25.40:288][968]LogDirectoryWatcher: A directory notification for 'E:/Programas/Epic Games/4.14/FeaturePacks/' was aborted.
[2017.02.03-16.25.40:289][968]LogModuleManager: Shutting down and abandoning module GameplayTags (236)
[2017.02.03-16.25.40:289][968]LogModuleManager: Shutting down and abandoning module EditorWidgets (235)
[2017.02.03-16.25.40:289][968]LogModuleManager: Shutting down and abandoning module CollectionManager (234)
[2017.02.03-16.25.40:289][968]LogDirectoryWatcher: A directory notification for 'C:/Users/Balti/Documents/gitPGVNuevo/Content/Collections/' was aborted.
[2017.02.03-16.25.40:289][968]LogDirectoryWatcher: A directory notification for 'C:/Users/Balti/Documents/gitPGVNuevo/Content/Developers/Balti/Collections/' was aborted.
[2017.02.03-16.25.40:289][968]LogDirectoryWatcher: A directory notification for 'C:/Users/Balti/Documents/gitPGVNuevo/Saved/Collections/' was aborted.
[2017.02.03-16.25.40:290][968]LogModuleManager: Shutting down and abandoning module StatsViewer (233)
[2017.02.03-16.25.40:290][968]LogModuleManager: Shutting down and abandoning module FoliageEdit (232)
[2017.02.03-16.25.40:290][968]LogModuleManager: Shutting down and abandoning module LandscapeEditor (231)
[2017.02.03-16.25.40:290][968]LogModuleManager: Shutting down and abandoning module SceneDepthPickerMode (230)
[2017.02.03-16.25.40:290][968]LogModuleManager: Shutting down and abandoning module ActorPickerMode (229)
[2017.02.03-16.25.40:290][968]LogModuleManager: Shutting down and abandoning module GeometryMode (228)
[2017.02.03-16.25.40:290][968]LogModuleManager: Shutting down and abandoning module TextureAlignMode (227)
[2017.02.03-16.25.40:290][968]LogModuleManager: Shutting down and abandoning module BspMode (226)
[2017.02.03-16.25.40:290][968]LogModuleManager: Shutting down and abandoning module HardwareSurvey (225)
[2017.02.03-16.25.40:290][968]LogModuleManager: Shutting down and abandoning module SequenceRecorderSections (224)
[2017.02.03-16.25.40:290][968]LogModuleManager: Shutting down and abandoning module AutomationWorker (223)
[2017.02.03-16.25.40:290][968]LogModuleManager: Shutting down and abandoning module MatineeToLevelSequence (222)
[2017.02.03-16.25.40:290][968]LogModuleManager: Shutting down and abandoning module PlacementMode (221)
[2017.02.03-16.25.40:290][968]LogModuleManager: Shutting down and abandoning module LevelSequenceEditor (220)
[2017.02.03-16.25.40:290][968]LogModuleManager: Shutting down and abandoning module WmfMediaFactory (219)
[2017.02.03-16.25.40:290][968]LogModuleManager: Shutting down and abandoning module WmfMediaEditor (218)
[2017.02.03-16.25.40:290][968]LogModuleManager: Shutting down and abandoning module AvfMediaFactory (217)
[2017.02.03-16.25.40:290][968]LogModuleManager: Shutting down and abandoning module AvfMediaEditor (216)
[2017.02.03-16.25.40:290][968]LogModuleManager: Shutting down and abandoning module Media (215)
[2017.02.03-16.25.40:290][968]LogModuleManager: Shutting down and abandoning module AndroidMediaFactory (214)
[2017.02.03-16.25.40:290][968]LogModuleManager: Shutting down and abandoning module AndroidMediaEditor (213)
[2017.02.03-16.25.40:290][968]LogModuleManager: Shutting down and abandoning module CharacterAI (212)
[2017.02.03-16.25.40:290][968]LogModuleManager: Shutting down and abandoning module SequenceRecorder (211)
[2017.02.03-16.25.40:290][968]LogModuleManager: Shutting down and abandoning module AudioCapture (210)
[2017.02.03-16.25.40:290][968]LogModuleManager: Shutting down and abandoning module SmartSnapping (209)
[2017.02.03-16.25.40:290][968]LogModuleManager: Shutting down and abandoning module SessionServices (208)
[2017.02.03-16.25.40:290][968]LogModuleManager: Shutting down and abandoning module ViewportSnapping (207)
[2017.02.03-16.25.40:290][968]LogModuleManager: Shutting down and abandoning module ViewportInteraction (206)
[2017.02.03-16.25.40:290][968]LogModuleManager: Shutting down and abandoning module LogVisualizer (205)
[2017.02.03-16.25.40:290][968]LogModuleManager: Shutting down and abandoning module GameProjectGeneration (204)
[2017.02.03-16.25.40:290][968]LogModuleManager: Shutting down and abandoning module IntroTutorials (203)
[2017.02.03-16.25.40:290][968]LogModuleManager: Shutting down and abandoning module EditorLiveStreaming (202)
[2017.02.03-16.25.40:290][968]LogModuleManager: Shutting down and abandoning module IOSPlatformEditor (201)
[2017.02.03-16.25.40:290][968]LogModuleManager: Shutting down and abandoning module HTML5PlatformEditor (200)
[2017.02.03-16.25.40:290][968]LogModuleManager: Shutting down and abandoning module AndroidDeviceDetection (199)
[2017.02.03-16.25.40:379][968]LogModuleManager: Shutting down and abandoning module AndroidPlatformEditor (198)
[2017.02.03-16.25.40:379][968]LogModuleManager: Shutting down and abandoning module IOSRuntimeSettings (197)
[2017.02.03-16.25.40:379][968]LogModuleManager: Shutting down and abandoning module AndroidRuntimeSettings (196)
[2017.02.03-16.25.40:379][968]LogModuleManager: Shutting down and abandoning module InputBindingEditor (195)
[2017.02.03-16.25.40:379][968]LogModuleManager: Shutting down and abandoning module NiagaraEditor (194)
[2017.02.03-16.25.40:379][968]LogModuleManager: Shutting down and abandoning module MergeActors (193)
[2017.02.03-16.25.40:379][968]LogModuleManager: Shutting down and abandoning module SizeMap (192)
[2017.02.03-16.25.40:379][968]LogModuleManager: Shutting down and abandoning module TreeMap (191)
[2017.02.03-16.25.40:379][968]LogModuleManager: Shutting down and abandoning module ReferenceViewer (190)
[2017.02.03-16.25.40:379][968]LogModuleManager: Shutting down and abandoning module LocalizationService (189)
[2017.02.03-16.25.40:379][968]LogModuleManager: Shutting down and abandoning module LocalizationDashboard (188)
[2017.02.03-16.25.40:379][968]LogModuleManager: Shutting down and abandoning module HardwareTargeting (187)
[2017.02.03-16.25.40:379][968]LogModuleManager: Shutting down and abandoning module DeviceProfileEditor (186)
[2017.02.03-16.25.40:379][968]LogModuleManager: Shutting down and abandoning module UndoHistory (185)
[2017.02.03-16.25.40:379][968]LogModuleManager: Shutting down and abandoning module UserFeedback (184)
[2017.02.03-16.25.40:379][968]LogModuleManager: Shutting down and abandoning module XmlParser (183)
[2017.02.03-16.25.40:379][968]LogModuleManager: Shutting down and abandoning module Blutility (182)
[2017.02.03-16.25.40:379][968]LogModuleManager: Shutting down and abandoning module ProjectTargetPlatformEditor (181)
[2017.02.03-16.25.40:379][968]LogModuleManager: Shutting down and abandoning module ProjectSettingsViewer (180)
[2017.02.03-16.25.40:379][968]LogModuleManager: Shutting down and abandoning module EditorSettingsViewer (179)
[2017.02.03-16.25.40:380][968]LogModuleManager: Shutting down and abandoning module SettingsEditor (178)
[2017.02.03-16.25.40:380][968]LogModuleManager: Shutting down and abandoning module ProjectLauncher (177)
[2017.02.03-16.25.40:380][968]LogModuleManager: Shutting down and abandoning module SessionFrontend (176)
[2017.02.03-16.25.40:380][968]LogModuleManager: Shutting down and abandoning module ProfilerClient (175)
[2017.02.03-16.25.40:380][968]LogModuleManager: Shutting down and abandoning module TargetDeviceServices (174)
[2017.02.03-16.25.40:380][968]LogModuleManager: Shutting down and abandoning module DeviceManager (173)
[2017.02.03-16.25.40:433][968]LogModuleManager: Shutting down and abandoning module AutomationController (172)
[2017.02.03-16.25.40:433][968]LogModuleManager: Shutting down and abandoning module AutomationWindow (171)
[2017.02.03-16.25.40:433][968]LogModuleManager: Shutting down and abandoning module Layers (170)
[2017.02.03-16.25.40:433][968]LogModuleManager: Shutting down and abandoning module ComponentVisualizers (169)
[2017.02.03-16.25.40:433][968]LogModuleManager: Shutting down and abandoning module DetailCustomizations (168)
[2017.02.03-16.25.40:433][968]LogModuleManager: Shutting down and abandoning module PackagesDialog (167)
[2017.02.03-16.25.40:433][968]LogModuleManager: Shutting down and abandoning module AnimGraph (166)
[2017.02.03-16.25.40:433][968]LogModuleManager: Shutting down and abandoning module Persona (165)
[2017.02.03-16.25.40:433][968]LogModuleManager: Shutting down and abandoning module Kismet (164)
[2017.02.03-16.25.40:440][968]LogModuleManager: Shutting down and abandoning module GraphEditor (163)
[2017.02.03-16.25.40:440][968]LogModuleManager: Shutting down and abandoning module ClassViewer (162)
[2017.02.03-16.25.40:441][968]LogModuleManager: Shutting down and abandoning module Toolbox (161)
[2017.02.03-16.25.40:441][968]LogModuleManager: Shutting down and abandoning module ModuleUI (160)
[2017.02.03-16.25.40:441][968]LogModuleManager: Shutting down and abandoning module MovieSceneTools (159)
[2017.02.03-16.25.40:441][968]LogModuleManager: Shutting down and abandoning module OutputLog (158)
[2017.02.03-16.25.40:441][968]LogModuleManager: Shutting down and abandoning module GammaUI (157)
[2017.02.03-16.25.40:441][968]LogModuleManager: Shutting down and abandoning module Documentation (156)
[2017.02.03-16.25.40:441][968]LogModuleManager: Shutting down and abandoning module Niagara (155)
[2017.02.03-16.25.40:441][968]LogModuleManager: Shutting down and abandoning module StreamingPauseRendering (154)
[2017.02.03-16.25.40:441][968]LogModuleManager: Shutting down and abandoning module AnalyticsET (153)
[2017.02.03-16.25.40:441][968]LogModuleManager: Shutting down and abandoning module PortalServices (152)
[2017.02.03-16.25.40:441][968]LogModuleManager: Shutting down and abandoning module PortalRpc (151)
[2017.02.03-16.25.40:441][968]LogModuleManager: Shutting down and abandoning module MessagingRpc (150)
[2017.02.03-16.25.40:441][968]LogModuleManager: Shutting down and abandoning module GameplayDebugger (149)
[2017.02.03-16.25.40:441][968]LogModuleManager: Shutting down and abandoning module AITestSuite (148)
[2017.02.03-16.25.40:441][968]LogModuleManager: Shutting down and abandoning module AIModule (147)
[2017.02.03-16.25.40:441][968]LogModuleManager: Shutting down and abandoning module ProfilerService (146)
[2017.02.03-16.25.40:455][968]LogModuleManager: Shutting down and abandoning module TaskGraph (145)
[2017.02.03-16.25.40:455][968]LogModuleManager: Shutting down and abandoning module SlateRemote (144)
[2017.02.03-16.25.40:456][968]LogModuleManager: Shutting down and abandoning module SteamVRController (143)
[2017.02.03-16.25.40:456][968]LogModuleManager: Shutting down and abandoning module SteamVR (142)
[2017.02.03-16.25.40:456][968]LogModuleManager: Shutting down and abandoning module ProceduralMeshComponentEditor (141)
[2017.02.03-16.25.40:456][968]LogModuleManager: Shutting down and abandoning module ProceduralMeshComponent (140)
[2017.02.03-16.25.40:456][968]LogModuleManager: Shutting down and abandoning module OculusLibrary (139)
[2017.02.03-16.25.40:456][968]LogModuleManager: Shutting down and abandoning module OculusInput (138)
[2017.02.03-16.25.40:456][968]LogModuleManager: Shutting down and abandoning module MobilePatchingUtils (137)
[2017.02.03-16.25.40:456][968]LogModuleManager: Shutting down and abandoning module CustomMeshComponent (136)
[2017.02.03-16.25.40:456][968]LogModuleManager: Shutting down and abandoning module CableComponent (135)
[2017.02.03-16.25.40:456][968]LogModuleManager: Shutting down and abandoning module ArchVisCharacter (134)
[2017.02.03-16.25.40:456][968]LogModuleManager: Shutting down and abandoning module MediaPlayerEditor (132)
[2017.02.03-16.25.40:456][968]LogModuleManager: Shutting down and abandoning module HTML5Networking (131)
[2017.02.03-16.25.40:456][968]LogModuleManager: Shutting down and abandoning module GeometryCacheEd (130)
[2017.02.03-16.25.40:456][968]LogModuleManager: Shutting down and abandoning module GeometryCache (129)
[2017.02.03-16.25.40:456][968]LogModuleManager: Shutting down and abandoning module AlembicLibrary (128)
[2017.02.03-16.25.40:456][968]LogModuleManager: Shutting down and abandoning module AlembicImporter (127)
[2017.02.03-16.25.40:456][968]LogModuleManager: Shutting down and abandoning module SuperSearch (126)
[2017.02.03-16.25.40:456][968]LogModuleManager: Shutting down and abandoning module SuperSearchEditor (125)
[2017.02.03-16.25.40:456][968]LogModuleManager: Shutting down and abandoning module SpeedTreeImporter (124)
[2017.02.03-16.25.40:456][968]LogModuleManager: Shutting down and abandoning module PluginBrowser (123)
[2017.02.03-16.25.40:456][968]LogModuleManager: Shutting down and abandoning module MobileLauncherProfileWizard (122)
[2017.02.03-16.25.40:456][968]LogModuleManager: Shutting down and abandoning module EpicSurvey (121)
[2017.02.03-16.25.40:456][968]LogModuleManager: Shutting down and abandoning module DesktopPlatform (120)
[2017.02.03-16.25.40:456][968]LogModuleManager: Shutting down and abandoning module VisualStudioSourceCodeAccess (119)
[2017.02.03-16.25.40:456][968]LogModuleManager: Shutting down and abandoning module UObjectPlugin (118)
[2017.02.03-16.25.40:456][968]LogModuleManager: Shutting down and abandoning module SubversionSourceControl (117)
[2017.02.03-16.25.40:456][968]LogModuleManager: Shutting down and abandoning module PerforceSourceControl (116)
[2017.02.03-16.25.40:456][968]LogModuleManager: Shutting down and abandoning module SourceControl (115)
[2017.02.03-16.25.40:456][968]LogModuleManager: Shutting down and abandoning module GitSourceControl (114)
[2017.02.03-16.25.40:456][968]LogModuleManager: Shutting down and abandoning module LightPropagationVolumeEditor (113)
[2017.02.03-16.25.40:456][968]LogModuleManager: Shutting down and abandoning module PaperTiledImporter (112)
[2017.02.03-16.25.40:456][968]LogModuleManager: Shutting down and abandoning module PaperSpriteSheetImporter (111)
[2017.02.03-16.25.40:456][968]LogModuleManager: Shutting down and abandoning module MeshPaint (110)
[2017.02.03-16.25.40:456][968]LogModuleManager: Shutting down and abandoning module PixelInspectorModule (109)
[2017.02.03-16.25.40:456][968]LogModuleManager: Shutting down and abandoning module HotReload (108)
[2017.02.03-16.25.40:457][968]LogModuleManager: Shutting down and abandoning module MainFrame (107)
[2017.02.03-16.25.40:457][968]LogModuleManager: Shutting down and abandoning module LevelEditor (106)
[2017.02.03-16.25.40:457][968]LogModuleManager: Shutting down and abandoning module ContentBrowser (105)
[2017.02.03-16.25.40:458][968]LogModuleManager: Shutting down and abandoning module Paper2DEditor (104)
[2017.02.03-16.25.40:458][968]LogModuleManager: Shutting down and abandoning module UdpMessaging (103)
[2017.02.03-16.25.40:560][968]LogModuleManager: Shutting down and abandoning module TcpMessaging (102)
[2017.02.03-16.25.40:660][968]LogModuleManager: Shutting down and abandoning module LightPropagationVolumeRuntime (101)
[2017.02.03-16.25.40:660][968]LogModuleManager: Shutting down and abandoning module Paper2D (100)
[2017.02.03-16.25.40:660][968]LogModuleManager: Shutting down and abandoning module WindowsMoviePlayer (99)
[2017.02.03-16.25.40:660][968]LogModuleManager: Shutting down and abandoning module WmfMedia (98)
[2017.02.03-16.25.40:660][968]LogModuleManager: Shutting down and abandoning module MediaAssets (97)
[2017.02.03-16.25.40:660][968]LogModuleManager: Shutting down and abandoning module GameLiveStreaming (96)
[2017.02.03-16.25.40:660][968]LogModuleManager: Shutting down and abandoning module GameplayTagsEditor (95)
[2017.02.03-16.25.40:660][968]LogModuleManager: Shutting down and abandoning module VREditor (94)
[2017.02.03-16.25.40:660][968]LogModuleManager: Shutting down and abandoning module GameplayTasksEditor (93)
[2017.02.03-16.25.40:660][968]LogModuleManager: Shutting down and abandoning module BehaviorTreeEditor (92)
[2017.02.03-16.25.40:660][968]LogModuleManager: Shutting down and abandoning module FunctionalTesting (91)
[2017.02.03-16.25.40:660][968]LogModuleManager: Shutting down and abandoning module CollisionAnalyzer (90)
[2017.02.03-16.25.40:660][968]LogModuleManager: Shutting down and abandoning module Sequencer (89)
[2017.02.03-16.25.40:660][968]LogModuleManager: Shutting down and abandoning module WorkspaceMenuStructure (88)
[2017.02.03-16.25.40:660][968]LogModuleManager: Shutting down and abandoning module MessageLog (87)
[2017.02.03-16.25.40:660][968]LogModuleManager: Shutting down and abandoning module AssetTools (86)
[2017.02.03-16.25.40:660][968]LogModuleManager: Shutting down and abandoning module UMGEditor (85)
[2017.02.03-16.25.40:660][968]LogModuleManager: Shutting down and abandoning module UMG (84)
[2017.02.03-16.25.40:660][968]LogModuleManager: Shutting down and abandoning module SlateReflector (83)
[2017.02.03-16.25.40:660][968]LogModuleManager: Shutting down and abandoning module Slate (82)
[2017.02.03-16.25.40:660][968]LogModuleManager: Shutting down and abandoning module EditorStyle (81)
[2017.02.03-16.25.40:662][968]LogModuleManager: Shutting down and abandoning module SourceCodeAccess (80)
[2017.02.03-16.25.40:662][968]LogModuleManager: Shutting down and abandoning module HeadMountedDisplay (79)
[2017.02.03-16.25.40:662][968]LogModuleManager: Shutting down and abandoning module XAudio2 (78)
[2017.02.03-16.25.40:662][968]LogModuleManager: Shutting down and abandoning module Networking (76)
[2017.02.03-16.25.40:662][968]LogModuleManager: Shutting down and abandoning module Core (75)
[2017.02.03-16.25.40:662][968]LogModuleManager: Shutting down and abandoning module DirectoryWatcher (74)
[2017.02.03-16.25.40:662][968]LogDirectoryWatcher: A directory notification for '../../../Engine/Content/' was aborted.
[2017.02.03-16.25.40:662][968]LogDirectoryWatcher: A directory notification for 'C:/Users/Balti/Documents/gitPGVNuevo/Content/' was aborted.
[2017.02.03-16.25.40:662][968]LogDirectoryWatcher: A directory notification for '../../../Engine/Plugins/2D/Paper2D/Content/' was aborted.
[2017.02.03-16.25.40:663][968]LogModuleManager: Shutting down and abandoning module AssetRegistry (73)
[2017.02.03-16.25.40:790][968]LogModuleManager: Shutting down and abandoning module KismetCompiler (72)
[2017.02.03-16.25.40:790][968]LogModuleManager: Shutting down and abandoning module PhysXFormats (71)
[2017.02.03-16.25.40:790][968]LogModuleManager: Shutting down and abandoning module SimplygonSwarm (70)
[2017.02.03-16.25.40:790][968]LogModuleManager: Shutting down and abandoning module SimplygonMeshReduction (69)
[2017.02.03-16.25.40:790][968]LogModuleManager: Shutting down and abandoning module QuadricMeshReduction (68)
[2017.02.03-16.25.40:790][968]LogModuleManager: Shutting down and abandoning module PropertyEditor (67)
[2017.02.03-16.25.40:790][968]LogModuleManager: Shutting down and abandoning module MeshUtilities (66)
[2017.02.03-16.25.40:790][968]LogModuleManager: Shutting down and abandoning module DerivedDataCache (65)
[2017.02.03-16.25.40:890][968]LogDerivedDataCache: Shutdown
[2017.02.03-16.25.40:890][968]LogModuleManager: Shutting down and abandoning module VulkanShaderFormat (64)
[2017.02.03-16.25.40:890][968]LogModuleManager: Shutting down and abandoning module ShaderFormatOpenGL (63)
[2017.02.03-16.25.40:890][968]LogModuleManager: Shutting down and abandoning module ShaderFormatD3D (62)
[2017.02.03-16.25.40:890][968]LogModuleManager: Shutting down and abandoning module MetalShaderFormat (61)
[2017.02.03-16.25.40:890][968]LogModuleManager: Shutting down and abandoning module TextureFormatUncompressed (60)
[2017.02.03-16.25.40:890][968]LogModuleManager: Shutting down and abandoning module TextureFormatPVR (59)
[2017.02.03-16.25.40:890][968]LogModuleManager: Shutting down and abandoning module TextureFormatDXT (58)
[2017.02.03-16.25.40:890][968]LogModuleManager: Shutting down and abandoning module TextureFormatIntelISPCTexComp (57)
[2017.02.03-16.25.40:890][968]LogModuleManager: Shutting down and abandoning module ImageWrapper (56)
[2017.02.03-16.25.40:890][968]LogModuleManager: Shutting down and abandoning module TextureFormatASTC (55)
[2017.02.03-16.25.40:890][968]LogModuleManager: Shutting down and abandoning module TextureFormatAndroid (54)
[2017.02.03-16.25.40:890][968]LogModuleManager: Shutting down and abandoning module AudioFormatOpus (53)
[2017.02.03-16.25.40:890][968]LogModuleManager: Shutting down and abandoning module AudioFormatOgg (52)
[2017.02.03-16.25.40:890][968]LogModuleManager: Shutting down and abandoning module AudioFormatADPCM (51)
[2017.02.03-16.25.40:890][968]LogModuleManager: Shutting down and abandoning module LinuxTargetPlatform (50)
[2017.02.03-16.25.40:890][968]LogModuleManager: Shutting down and abandoning module LinuxServerTargetPlatform (49)
[2017.02.03-16.25.40:890][968]LogModuleManager: Shutting down and abandoning module LinuxNoEditorTargetPlatform (48)
[2017.02.03-16.25.40:890][968]LogModuleManager: Shutting down and abandoning module LinuxClientTargetPlatform (47)
[2017.02.03-16.25.40:890][968]LogModuleManager: Shutting down and abandoning module TVOSTargetPlatform (46)
[2017.02.03-16.25.40:890][968]LogModuleManager: Shutting down and abandoning module Messaging (45)
[2017.02.03-16.25.40:890][968]LogModuleManager: Shutting down and abandoning module IOSTargetPlatform (44)
[2017.02.03-16.25.40:890][968]LogModuleManager: Shutting down and abandoning module HTML5TargetPlatform (43)
[2017.02.03-16.25.40:890][968]LogModuleManager: Shutting down and abandoning module Android_PVRTCTargetPlatform (42)
[2017.02.03-16.25.40:890][968]LogModuleManager: Shutting down and abandoning module Android_MultiTargetPlatform (41)
[2017.02.03-16.25.40:890][968]LogModuleManager: Shutting down and abandoning module Android_ETC2TargetPlatform (40)
[2017.02.03-16.25.40:891][968]LogModuleManager: Shutting down and abandoning module Android_ETC1TargetPlatform (39)
[2017.02.03-16.25.40:891][968]LogModuleManager: Shutting down and abandoning module Android_DXTTargetPlatform (38)
[2017.02.03-16.25.40:891][968]LogModuleManager: Shutting down and abandoning module Android_ATCTargetPlatform (37)
[2017.02.03-16.25.40:891][968]LogModuleManager: Shutting down and abandoning module Android_ASTCTargetPlatform (36)
[2017.02.03-16.25.40:891][968]LogModuleManager: Shutting down and abandoning module AndroidTargetPlatform (35)
[2017.02.03-16.25.40:891][968]LogModuleManager: Shutting down and abandoning module WindowsTargetPlatform (34)
[2017.02.03-16.25.40:891][968]LogModuleManager: Shutting down and abandoning module WindowsServerTargetPlatform (33)
[2017.02.03-16.25.40:891][968]LogModuleManager: Shutting down and abandoning module WindowsNoEditorTargetPlatform (32)
[2017.02.03-16.25.40:891][968]LogModuleManager: Shutting down and abandoning module WindowsClientTargetPlatform (31)
[2017.02.03-16.25.40:891][968]LogModuleManager: Shutting down and abandoning module MacTargetPlatform (30)
[2017.02.03-16.25.40:891][968]LogModuleManager: Shutting down and abandoning module MacServerTargetPlatform (29)
[2017.02.03-16.25.40:891][968]LogModuleManager: Shutting down and abandoning module MacNoEditorTargetPlatform (28)
[2017.02.03-16.25.40:891][968]LogModuleManager: Shutting down and abandoning module MacClientTargetPlatform (27)
[2017.02.03-16.25.40:891][968]LogModuleManager: Shutting down and abandoning module AllDesktopTargetPlatform (26)
[2017.02.03-16.25.40:891][968]LogModuleManager: Shutting down and abandoning module TargetPlatform (25)
[2017.02.03-16.25.40:891][968]LogModuleManager: Shutting down and abandoning module InputCore (24)
[2017.02.03-16.25.40:891][968]LogModuleManager: Shutting down and abandoning module Settings (23)
[2017.02.03-16.25.40:891][968]LogModuleManager: Shutting down and abandoning module OculusRift (22)
[2017.02.03-16.25.40:891][968]LogModuleManager: Shutting down and abandoning module ExampleDeviceProfileSelector (21)
[2017.02.03-16.25.40:891][968]LogModuleManager: Shutting down and abandoning module OnlineBlueprintSupport (20)
[2017.02.03-16.25.40:891][968]LogModuleManager: Shutting down and abandoning module OnlineSubsystem (18)
[2017.02.03-16.25.40:891][968]LogOnline:Display: Unloading online subsystem: NULL
[2017.02.03-16.25.40:891][968]LogModuleManager: Shutting down and abandoning module SSL (17)
[2017.02.03-16.25.40:892][968]LogModuleManager: Shutting down and abandoning module HTTP (16)
[2017.02.03-16.25.40:892][968]LogModuleManager: Shutting down and abandoning module XMPP (15)
[2017.02.03-16.25.40:892][968]LogModuleManager: Shutting down and abandoning module TextureCompressor (14)
[2017.02.03-16.25.40:892][968]LogModuleManager: Shutting down and abandoning module ShaderCore (13)
[2017.02.03-16.25.40:893][968]LogModuleManager: Shutting down and abandoning module Landscape (12)
[2017.02.03-16.25.40:893][968]LogModuleManager: Shutting down and abandoning module SlateRHIRenderer (11)
[2017.02.03-16.25.40:894][968]LogModuleManager: Shutting down and abandoning module OpenGLDrv (10)
[2017.02.03-16.25.40:894][968]LogModuleManager: Shutting down and abandoning module D3D11RHI (9)
[2017.02.03-16.25.40:894][968]LogModuleManager: Shutting down and abandoning module AnimGraphRuntime (8)
[2017.02.03-16.25.40:894][968]LogModuleManager: Shutting down and abandoning module Renderer (7)
[2017.02.03-16.25.40:894][968]LogModuleManager: Shutting down and abandoning module Engine (6)
[2017.02.03-16.25.40:894][968]LogModuleManager: Shutting down and abandoning module CoreUObject (5)
[2017.02.03-16.25.40:894][968]LogModuleManager: Shutting down and abandoning module NetworkFile (4)
[2017.02.03-16.25.40:894][968]LogModuleManager: Shutting down and abandoning module StreamingFile (3)
[2017.02.03-16.25.40:894][968]LogModuleManager: Shutting down and abandoning module SandboxFile (2)
[2017.02.03-16.25.40:894][968]LogModuleManager: Shutting down and abandoning module PakFile (1)
[2017.02.03-16.25.40:896][968]LogExit: Exiting.
[2017.02.03-16.25.40:898][968]Log file closed, 02/03/17 17:25:40
